{"total": {"lines":{"total":4869,"covered":2360,"skipped":0,"pct":48.46},"statements":{"total":5227,"covered":2408,"skipped":0,"pct":46.06},"functions":{"total":422,"covered":241,"skipped":0,"pct":57.1},"branches":{"total":4132,"covered":1296,"skipped":0,"pct":31.36},"branchesTrue":{"total":0,"covered":0,"skipped":0,"pct":100}}
,"C:\\Users\\jgoldberger\\Desktop\\KASA\\app\\api\\admin\\invite-requests\\route.ts": {"lines":{"total":68,"covered":27,"skipped":0,"pct":39.7},"functions":{"total":6,"covered":4,"skipped":0,"pct":66.66},"statements":{"total":73,"covered":27,"skipped":0,"pct":36.98},"branches":{"total":57,"covered":28,"skipped":0,"pct":49.12}}
,"C:\\Users\\jgoldberger\\Desktop\\KASA\\app\\api\\audit-log\\route.ts": {"lines":{"total":87,"covered":36,"skipped":0,"pct":41.37},"functions":{"total":5,"covered":3,"skipped":0,"pct":60},"statements":{"total":91,"covered":37,"skipped":0,"pct":40.65},"branches":{"total":102,"covered":40,"skipped":0,"pct":39.21}}
,"C:\\Users\\jgoldberger\\Desktop\\KASA\\app\\api\\auth\\[...nextauth]\\route.ts": {"lines":{"total":1,"covered":0,"skipped":0,"pct":0},"functions":{"total":0,"covered":0,"skipped":0,"pct":100},"statements":{"total":1,"covered":0,"skipped":0,"pct":0},"branches":{"total":0,"covered":0,"skipped":0,"pct":100}}
,"C:\\Users\\jgoldberger\\Desktop\\KASA\\app\\api\\auth\\invite\\route.ts": {"lines":{"total":126,"covered":60,"skipped":0,"pct":47.61},"functions":{"total":8,"covered":6,"skipped":0,"pct":75},"statements":{"total":141,"covered":62,"skipped":0,"pct":43.97},"branches":{"total":100,"covered":32,"skipped":0,"pct":32}}
,"C:\\Users\\jgoldberger\\Desktop\\KASA\\app\\api\\auth\\precheck-2fa\\route.ts": {"lines":{"total":15,"covered":12,"skipped":0,"pct":80},"functions":{"total":1,"covered":1,"skipped":0,"pct":100},"statements":{"total":15,"covered":12,"skipped":0,"pct":80},"branches":{"total":10,"covered":6,"skipped":0,"pct":60}}
,"C:\\Users\\jgoldberger\\Desktop\\KASA\\app\\api\\auth\\request-invite\\route.ts": {"lines":{"total":35,"covered":22,"skipped":0,"pct":62.85},"functions":{"total":2,"covered":1,"skipped":0,"pct":50},"statements":{"total":37,"covered":22,"skipped":0,"pct":59.45},"branches":{"total":34,"covered":19,"skipped":0,"pct":55.88}}
,"C:\\Users\\jgoldberger\\Desktop\\KASA\\app\\api\\auth\\reset-password\\route.ts": {"lines":{"total":48,"covered":12,"skipped":0,"pct":25},"functions":{"total":4,"covered":1,"skipped":0,"pct":25},"statements":{"total":53,"covered":13,"skipped":0,"pct":24.52},"branches":{"total":31,"covered":3,"skipped":0,"pct":9.67}}
,"C:\\Users\\jgoldberger\\Desktop\\KASA\\app\\api\\auth\\signup\\route.ts": {"lines":{"total":34,"covered":29,"skipped":0,"pct":85.29},"functions":{"total":2,"covered":2,"skipped":0,"pct":100},"statements":{"total":36,"covered":30,"skipped":0,"pct":83.33},"branches":{"total":20,"covered":15,"skipped":0,"pct":75}}
,"C:\\Users\\jgoldberger\\Desktop\\KASA\\app\\api\\calculations\\route.ts": {"lines":{"total":43,"covered":34,"skipped":0,"pct":79.06},"functions":{"total":6,"covered":4,"skipped":0,"pct":66.66},"statements":{"total":47,"covered":34,"skipped":0,"pct":72.34},"branches":{"total":24,"covered":13,"skipped":0,"pct":54.16}}
,"C:\\Users\\jgoldberger\\Desktop\\KASA\\app\\api\\cycle-config\\route.ts": {"lines":{"total":63,"covered":39,"skipped":0,"pct":61.9},"functions":{"total":4,"covered":3,"skipped":0,"pct":75},"statements":{"total":67,"covered":39,"skipped":0,"pct":58.2},"branches":{"total":90,"covered":39,"skipped":0,"pct":43.33}}
,"C:\\Users\\jgoldberger\\Desktop\\KASA\\app\\api\\dashboard-stats\\route.ts": {"lines":{"total":37,"covered":24,"skipped":0,"pct":64.86},"functions":{"total":1,"covered":1,"skipped":0,"pct":100},"statements":{"total":38,"covered":24,"skipped":0,"pct":63.15},"branches":{"total":29,"covered":9,"skipped":0,"pct":31.03}}
,"C:\\Users\\jgoldberger\\Desktop\\KASA\\app\\api\\dues-recommendation\\route.ts": {"lines":{"total":38,"covered":21,"skipped":0,"pct":55.26},"functions":{"total":1,"covered":1,"skipped":0,"pct":100},"statements":{"total":39,"covered":21,"skipped":0,"pct":53.84},"branches":{"total":27,"covered":5,"skipped":0,"pct":18.51}}
,"C:\\Users\\jgoldberger\\Desktop\\KASA\\app\\api\\email-config\\route.ts": {"lines":{"total":52,"covered":37,"skipped":0,"pct":71.15},"functions":{"total":5,"covered":4,"skipped":0,"pct":80},"statements":{"total":57,"covered":37,"skipped":0,"pct":64.91},"branches":{"total":31,"covered":12,"skipped":0,"pct":38.7}}
,"C:\\Users\\jgoldberger\\Desktop\\KASA\\app\\api\\email-config\\test\\route.ts": {"lines":{"total":20,"covered":15,"skipped":0,"pct":75},"functions":{"total":1,"covered":1,"skipped":0,"pct":100},"statements":{"total":22,"covered":15,"skipped":0,"pct":68.18},"branches":{"total":12,"covered":5,"skipped":0,"pct":41.66}}
,"C:\\Users\\jgoldberger\\Desktop\\KASA\\app\\api\\events\\route.ts": {"lines":{"total":27,"covered":23,"skipped":0,"pct":85.18},"functions":{"total":9,"covered":8,"skipped":0,"pct":88.88},"statements":{"total":28,"covered":23,"skipped":0,"pct":82.14},"branches":{"total":25,"covered":13,"skipped":0,"pct":52}}
,"C:\\Users\\jgoldberger\\Desktop\\KASA\\app\\api\\families\\route.ts": {"lines":{"total":88,"covered":52,"skipped":0,"pct":59.09},"functions":{"total":8,"covered":6,"skipped":0,"pct":75},"statements":{"total":94,"covered":54,"skipped":0,"pct":57.44},"branches":{"total":104,"covered":38,"skipped":0,"pct":36.53}}
,"C:\\Users\\jgoldberger\\Desktop\\KASA\\app\\api\\families\\[id]\\route.ts": {"lines":{"total":71,"covered":33,"skipped":0,"pct":46.47},"functions":{"total":14,"covered":8,"skipped":0,"pct":57.14},"statements":{"total":75,"covered":34,"skipped":0,"pct":45.33},"branches":{"total":40,"covered":10,"skipped":0,"pct":25}}
,"C:\\Users\\jgoldberger\\Desktop\\KASA\\app\\api\\families\\[id]\\charge-saved-card\\route.ts": {"lines":{"total":112,"covered":27,"skipped":0,"pct":24.1},"functions":{"total":6,"covered":2,"skipped":0,"pct":33.33},"statements":{"total":117,"covered":27,"skipped":0,"pct":23.07},"branches":{"total":80,"covered":11,"skipped":0,"pct":13.75}}
,"C:\\Users\\jgoldberger\\Desktop\\KASA\\app\\api\\families\\[id]\\lifecycle-events\\route.ts": {"lines":{"total":59,"covered":37,"skipped":0,"pct":62.71},"functions":{"total":7,"covered":4,"skipped":0,"pct":57.14},"statements":{"total":63,"covered":37,"skipped":0,"pct":58.73},"branches":{"total":39,"covered":18,"skipped":0,"pct":46.15}}
,"C:\\Users\\jgoldberger\\Desktop\\KASA\\app\\api\\families\\[id]\\members\\route.ts": {"lines":{"total":79,"covered":46,"skipped":0,"pct":58.22},"functions":{"total":6,"covered":4,"skipped":0,"pct":66.66},"statements":{"total":83,"covered":46,"skipped":0,"pct":55.42},"branches":{"total":94,"covered":62,"skipped":0,"pct":65.95}}
,"C:\\Users\\jgoldberger\\Desktop\\KASA\\app\\api\\families\\[id]\\members\\[memberId]\\route.ts": {"lines":{"total":118,"covered":63,"skipped":0,"pct":53.38},"functions":{"total":4,"covered":3,"skipped":0,"pct":75},"statements":{"total":123,"covered":63,"skipped":0,"pct":51.21},"branches":{"total":136,"covered":48,"skipped":0,"pct":35.29}}
,"C:\\Users\\jgoldberger\\Desktop\\KASA\\app\\api\\families\\[id]\\members\\[memberId]\\convert-to-family\\route.ts": {"lines":{"total":52,"covered":19,"skipped":0,"pct":36.53},"functions":{"total":2,"covered":1,"skipped":0,"pct":50},"statements":{"total":55,"covered":19,"skipped":0,"pct":34.54},"branches":{"total":100,"covered":22,"skipped":0,"pct":22}}
,"C:\\Users\\jgoldberger\\Desktop\\KASA\\app\\api\\families\\[id]\\payments\\route.ts": {"lines":{"total":38,"covered":24,"skipped":0,"pct":63.15},"functions":{"total":4,"covered":3,"skipped":0,"pct":75},"statements":{"total":44,"covered":25,"skipped":0,"pct":56.81},"branches":{"total":34,"covered":10,"skipped":0,"pct":29.41}}
,"C:\\Users\\jgoldberger\\Desktop\\KASA\\app\\api\\families\\[id]\\saved-payment-methods\\route.ts": {"lines":{"total":113,"covered":45,"skipped":0,"pct":39.82},"functions":{"total":7,"covered":4,"skipped":0,"pct":57.14},"statements":{"total":119,"covered":45,"skipped":0,"pct":37.81},"branches":{"total":85,"covered":24,"skipped":0,"pct":28.23}}
,"C:\\Users\\jgoldberger\\Desktop\\KASA\\app\\api\\families\\[id]\\sub-families\\route.ts": {"lines":{"total":27,"covered":15,"skipped":0,"pct":55.55},"functions":{"total":4,"covered":2,"skipped":0,"pct":50},"statements":{"total":28,"covered":15,"skipped":0,"pct":53.57},"branches":{"total":14,"covered":5,"skipped":0,"pct":35.71}}
,"C:\\Users\\jgoldberger\\Desktop\\KASA\\app\\api\\families\\[id]\\withdrawals\\route.ts": {"lines":{"total":26,"covered":21,"skipped":0,"pct":80.76},"functions":{"total":4,"covered":3,"skipped":0,"pct":75},"statements":{"total":28,"covered":21,"skipped":0,"pct":75},"branches":{"total":14,"covered":6,"skipped":0,"pct":42.85}}
,"C:\\Users\\jgoldberger\\Desktop\\KASA\\app\\api\\families\\[id]\\withdrawals\\[withdrawalId]\\route.ts": {"lines":{"total":31,"covered":23,"skipped":0,"pct":74.19},"functions":{"total":2,"covered":2,"skipped":0,"pct":100},"statements":{"total":35,"covered":24,"skipped":0,"pct":68.57},"branches":{"total":22,"covered":13,"skipped":0,"pct":59.09}}
,"C:\\Users\\jgoldberger\\Desktop\\KASA\\app\\api\\families\\balances\\route.ts": {"lines":{"total":38,"covered":35,"skipped":0,"pct":92.1},"functions":{"total":4,"covered":4,"skipped":0,"pct":100},"statements":{"total":41,"covered":37,"skipped":0,"pct":90.24},"branches":{"total":20,"covered":12,"skipped":0,"pct":60}}
,"C:\\Users\\jgoldberger\\Desktop\\KASA\\app\\api\\families\\bulk\\route.ts": {"lines":{"total":31,"covered":3,"skipped":0,"pct":9.67},"functions":{"total":2,"covered":0,"skipped":0,"pct":0},"statements":{"total":33,"covered":3,"skipped":0,"pct":9.09},"branches":{"total":22,"covered":0,"skipped":0,"pct":0}}
,"C:\\Users\\jgoldberger\\Desktop\\KASA\\app\\api\\family-members\\all\\route.ts": {"lines":{"total":41,"covered":26,"skipped":0,"pct":63.41},"functions":{"total":2,"covered":2,"skipped":0,"pct":100},"statements":{"total":44,"covered":27,"skipped":0,"pct":61.36},"branches":{"total":28,"covered":7,"skipped":0,"pct":25}}
,"C:\\Users\\jgoldberger\\Desktop\\KASA\\app\\api\\import\\route.ts": {"lines":{"total":404,"covered":113,"skipped":0,"pct":27.97},"functions":{"total":28,"covered":14,"skipped":0,"pct":50},"statements":{"total":437,"covered":119,"skipped":0,"pct":27.23},"branches":{"total":384,"covered":97,"skipped":0,"pct":25.26}}
,"C:\\Users\\jgoldberger\\Desktop\\KASA\\app\\api\\jobs\\cycle-rollover\\route.ts": {"lines":{"total":47,"covered":31,"skipped":0,"pct":65.95},"functions":{"total":8,"covered":3,"skipped":0,"pct":37.5},"statements":{"total":53,"covered":32,"skipped":0,"pct":60.37},"branches":{"total":18,"covered":5,"skipped":0,"pct":27.77}}
,"C:\\Users\\jgoldberger\\Desktop\\KASA\\app\\api\\jobs\\generate-monthly-statements\\route.ts": {"lines":{"total":30,"covered":21,"skipped":0,"pct":70},"functions":{"total":3,"covered":1,"skipped":0,"pct":33.33},"statements":{"total":33,"covered":22,"skipped":0,"pct":66.66},"branches":{"total":20,"covered":7,"skipped":0,"pct":35}}
,"C:\\Users\\jgoldberger\\Desktop\\KASA\\app\\api\\jobs\\process-recurring-payments\\route.ts": {"lines":{"total":35,"covered":26,"skipped":0,"pct":74.28},"functions":{"total":4,"covered":2,"skipped":0,"pct":50},"statements":{"total":38,"covered":27,"skipped":0,"pct":71.05},"branches":{"total":18,"covered":7,"skipped":0,"pct":38.88}}
,"C:\\Users\\jgoldberger\\Desktop\\KASA\\app\\api\\jobs\\send-monthly-statements\\route.ts": {"lines":{"total":37,"covered":23,"skipped":0,"pct":62.16},"functions":{"total":4,"covered":1,"skipped":0,"pct":25},"statements":{"total":41,"covered":24,"skipped":0,"pct":58.53},"branches":{"total":22,"covered":7,"skipped":0,"pct":31.81}}
,"C:\\Users\\jgoldberger\\Desktop\\KASA\\app\\api\\jobs\\wedding-converter\\route.ts": {"lines":{"total":40,"covered":25,"skipped":0,"pct":62.5},"functions":{"total":5,"covered":4,"skipped":0,"pct":80},"statements":{"total":43,"covered":26,"skipped":0,"pct":60.46},"branches":{"total":18,"covered":5,"skipped":0,"pct":27.77}}
,"C:\\Users\\jgoldberger\\Desktop\\KASA\\app\\api\\lifecycle-event-types\\route.ts": {"lines":{"total":39,"covered":29,"skipped":0,"pct":74.35},"functions":{"total":5,"covered":3,"skipped":0,"pct":60},"statements":{"total":43,"covered":29,"skipped":0,"pct":67.44},"branches":{"total":23,"covered":11,"skipped":0,"pct":47.82}}
,"C:\\Users\\jgoldberger\\Desktop\\KASA\\app\\api\\lifecycle-event-types\\[id]\\route.ts": {"lines":{"total":64,"covered":40,"skipped":0,"pct":62.5},"functions":{"total":5,"covered":4,"skipped":0,"pct":80},"statements":{"total":72,"covered":40,"skipped":0,"pct":55.55},"branches":{"total":46,"covered":17,"skipped":0,"pct":36.95}}
,"C:\\Users\\jgoldberger\\Desktop\\KASA\\app\\api\\members\\[memberId]\\balance\\route.ts": {"lines":{"total":28,"covered":18,"skipped":0,"pct":64.28},"functions":{"total":1,"covered":1,"skipped":0,"pct":100},"statements":{"total":29,"covered":18,"skipped":0,"pct":62.06},"branches":{"total":20,"covered":6,"skipped":0,"pct":30}}
,"C:\\Users\\jgoldberger\\Desktop\\KASA\\app\\api\\members\\[memberId]\\payments\\route.ts": {"lines":{"total":28,"covered":19,"skipped":0,"pct":67.85},"functions":{"total":3,"covered":2,"skipped":0,"pct":66.66},"statements":{"total":29,"covered":19,"skipped":0,"pct":65.51},"branches":{"total":18,"covered":6,"skipped":0,"pct":33.33}}
,"C:\\Users\\jgoldberger\\Desktop\\KASA\\app\\api\\members\\[memberId]\\statements\\route.ts": {"lines":{"total":71,"covered":34,"skipped":0,"pct":47.88},"functions":{"total":11,"covered":4,"skipped":0,"pct":36.36},"statements":{"total":76,"covered":34,"skipped":0,"pct":44.73},"branches":{"total":46,"covered":12,"skipped":0,"pct":26.08}}
,"C:\\Users\\jgoldberger\\Desktop\\KASA\\app\\api\\notifications\\route.ts": {"lines":{"total":45,"covered":29,"skipped":0,"pct":64.44},"functions":{"total":8,"covered":4,"skipped":0,"pct":50},"statements":{"total":49,"covered":29,"skipped":0,"pct":59.18},"branches":{"total":28,"covered":8,"skipped":0,"pct":28.57}}
,"C:\\Users\\jgoldberger\\Desktop\\KASA\\app\\api\\org-members\\route.ts": {"lines":{"total":66,"covered":18,"skipped":0,"pct":27.27},"functions":{"total":8,"covered":5,"skipped":0,"pct":62.5},"statements":{"total":68,"covered":19,"skipped":0,"pct":27.94},"branches":{"total":60,"covered":11,"skipped":0,"pct":18.33}}
,"C:\\Users\\jgoldberger\\Desktop\\KASA\\app\\api\\organizations\\route.ts": {"lines":{"total":74,"covered":52,"skipped":0,"pct":70.27},"functions":{"total":9,"covered":7,"skipped":0,"pct":77.77},"statements":{"total":81,"covered":52,"skipped":0,"pct":64.19},"branches":{"total":42,"covered":21,"skipped":0,"pct":50}}
,"C:\\Users\\jgoldberger\\Desktop\\KASA\\app\\api\\organizations\\automation\\route.ts": {"lines":{"total":74,"covered":42,"skipped":0,"pct":56.75},"functions":{"total":3,"covered":3,"skipped":0,"pct":100},"statements":{"total":77,"covered":42,"skipped":0,"pct":54.54},"branches":{"total":93,"covered":37,"skipped":0,"pct":39.78}}
,"C:\\Users\\jgoldberger\\Desktop\\KASA\\app\\api\\organizations\\branding\\route.ts": {"lines":{"total":49,"covered":36,"skipped":0,"pct":73.46},"functions":{"total":3,"covered":3,"skipped":0,"pct":100},"statements":{"total":52,"covered":36,"skipped":0,"pct":69.23},"branches":{"total":49,"covered":28,"skipped":0,"pct":57.14}}
,"C:\\Users\\jgoldberger\\Desktop\\KASA\\app\\api\\organizations\\branding\\logo\\route.ts": {"lines":{"total":16,"covered":9,"skipped":0,"pct":56.25},"functions":{"total":1,"covered":1,"skipped":0,"pct":100},"statements":{"total":16,"covered":9,"skipped":0,"pct":56.25},"branches":{"total":8,"covered":4,"skipped":0,"pct":50}}
,"C:\\Users\\jgoldberger\\Desktop\\KASA\\app\\api\\organizations\\current\\route.ts": {"lines":{"total":22,"covered":19,"skipped":0,"pct":86.36},"functions":{"total":2,"covered":2,"skipped":0,"pct":100},"statements":{"total":26,"covered":20,"skipped":0,"pct":76.92},"branches":{"total":26,"covered":13,"skipped":0,"pct":50}}
,"C:\\Users\\jgoldberger\\Desktop\\KASA\\app\\api\\organizations\\letterhead\\route.ts": {"lines":{"total":34,"covered":26,"skipped":0,"pct":76.47},"functions":{"total":3,"covered":3,"skipped":0,"pct":100},"statements":{"total":37,"covered":27,"skipped":0,"pct":72.97},"branches":{"total":20,"covered":9,"skipped":0,"pct":45}}
,"C:\\Users\\jgoldberger\\Desktop\\KASA\\app\\api\\payment-plans\\route.ts": {"lines":{"total":56,"covered":44,"skipped":0,"pct":78.57},"functions":{"total":7,"covered":5,"skipped":0,"pct":71.42},"statements":{"total":63,"covered":46,"skipped":0,"pct":73.01},"branches":{"total":41,"covered":22,"skipped":0,"pct":53.65}}
,"C:\\Users\\jgoldberger\\Desktop\\KASA\\app\\api\\payment-plans\\[id]\\route.ts": {"lines":{"total":67,"covered":40,"skipped":0,"pct":59.7},"functions":{"total":5,"covered":3,"skipped":0,"pct":60},"statements":{"total":73,"covered":40,"skipped":0,"pct":54.79},"branches":{"total":49,"covered":21,"skipped":0,"pct":42.85}}
,"C:\\Users\\jgoldberger\\Desktop\\KASA\\app\\api\\payments\\route.ts": {"lines":{"total":38,"covered":19,"skipped":0,"pct":50},"functions":{"total":3,"covered":2,"skipped":0,"pct":66.66},"statements":{"total":41,"covered":19,"skipped":0,"pct":46.34},"branches":{"total":34,"covered":11,"skipped":0,"pct":32.35}}
,"C:\\Users\\jgoldberger\\Desktop\\KASA\\app\\api\\recurring-payments\\process\\route.ts": {"lines":{"total":113,"covered":26,"skipped":0,"pct":23},"functions":{"total":9,"covered":3,"skipped":0,"pct":33.33},"statements":{"total":120,"covered":28,"skipped":0,"pct":23.33},"branches":{"total":80,"covered":6,"skipped":0,"pct":7.5}}
,"C:\\Users\\jgoldberger\\Desktop\\KASA\\app\\api\\reports\\meta\\route.ts": {"lines":{"total":5,"covered":4,"skipped":0,"pct":80},"functions":{"total":1,"covered":1,"skipped":0,"pct":100},"statements":{"total":5,"covered":4,"skipped":0,"pct":80},"branches":{"total":2,"covered":1,"skipped":0,"pct":50}}
,"C:\\Users\\jgoldberger\\Desktop\\KASA\\app\\api\\reports\\pl\\route.ts": {"lines":{"total":52,"covered":16,"skipped":0,"pct":30.76},"functions":{"total":10,"covered":1,"skipped":0,"pct":10},"statements":{"total":57,"covered":16,"skipped":0,"pct":28.07},"branches":{"total":42,"covered":6,"skipped":0,"pct":14.28}}
,"C:\\Users\\jgoldberger\\Desktop\\KASA\\app\\api\\reports\\run\\route.ts": {"lines":{"total":14,"covered":11,"skipped":0,"pct":78.57},"functions":{"total":1,"covered":1,"skipped":0,"pct":100},"statements":{"total":14,"covered":11,"skipped":0,"pct":78.57},"branches":{"total":12,"covered":7,"skipped":0,"pct":58.33}}
,"C:\\Users\\jgoldberger\\Desktop\\KASA\\app\\api\\reports\\saved\\route.ts": {"lines":{"total":29,"covered":9,"skipped":0,"pct":31.03},"functions":{"total":5,"covered":3,"skipped":0,"pct":60},"statements":{"total":29,"covered":9,"skipped":0,"pct":31.03},"branches":{"total":30,"covered":5,"skipped":0,"pct":16.66}}
,"C:\\Users\\jgoldberger\\Desktop\\KASA\\app\\api\\reports\\saved\\[id]\\route.ts": {"lines":{"total":43,"covered":22,"skipped":0,"pct":51.16},"functions":{"total":2,"covered":2,"skipped":0,"pct":100},"statements":{"total":48,"covered":23,"skipped":0,"pct":47.91},"branches":{"total":42,"covered":13,"skipped":0,"pct":30.95}}
,"C:\\Users\\jgoldberger\\Desktop\\KASA\\app\\api\\search\\route.ts": {"lines":{"total":42,"covered":24,"skipped":0,"pct":57.14},"functions":{"total":11,"covered":3,"skipped":0,"pct":27.27},"statements":{"total":44,"covered":25,"skipped":0,"pct":56.81},"branches":{"total":40,"covered":8,"skipped":0,"pct":20}}
,"C:\\Users\\jgoldberger\\Desktop\\KASA\\app\\api\\send-file-email\\route.ts": {"lines":{"total":44,"covered":36,"skipped":0,"pct":81.81},"functions":{"total":3,"covered":3,"skipped":0,"pct":100},"statements":{"total":48,"covered":37,"skipped":0,"pct":77.08},"branches":{"total":38,"covered":19,"skipped":0,"pct":50}}
,"C:\\Users\\jgoldberger\\Desktop\\KASA\\app\\api\\statements\\route.ts": {"lines":{"total":58,"covered":33,"skipped":0,"pct":56.89},"functions":{"total":5,"covered":3,"skipped":0,"pct":60},"statements":{"total":60,"covered":33,"skipped":0,"pct":55},"branches":{"total":42,"covered":11,"skipped":0,"pct":26.19}}
,"C:\\Users\\jgoldberger\\Desktop\\KASA\\app\\api\\statements\\[id]\\route.ts": {"lines":{"total":19,"covered":14,"skipped":0,"pct":73.68},"functions":{"total":1,"covered":1,"skipped":0,"pct":100},"statements":{"total":20,"covered":14,"skipped":0,"pct":70},"branches":{"total":12,"covered":5,"skipped":0,"pct":41.66}}
,"C:\\Users\\jgoldberger\\Desktop\\KASA\\app\\api\\statements\\auto-generate\\route.ts": {"lines":{"total":39,"covered":8,"skipped":0,"pct":20.51},"functions":{"total":2,"covered":2,"skipped":0,"pct":100},"statements":{"total":42,"covered":10,"skipped":0,"pct":23.8},"branches":{"total":32,"covered":3,"skipped":0,"pct":9.37}}
,"C:\\Users\\jgoldberger\\Desktop\\KASA\\app\\api\\statements\\generate-monthly\\route.ts": {"lines":{"total":62,"covered":42,"skipped":0,"pct":67.74},"functions":{"total":4,"covered":2,"skipped":0,"pct":50},"statements":{"total":65,"covered":42,"skipped":0,"pct":64.61},"branches":{"total":57,"covered":22,"skipped":0,"pct":38.59}}
,"C:\\Users\\jgoldberger\\Desktop\\KASA\\app\\api\\statements\\generate-pdf\\route.ts": {"lines":{"total":33,"covered":28,"skipped":0,"pct":84.84},"functions":{"total":2,"covered":1,"skipped":0,"pct":50},"statements":{"total":36,"covered":28,"skipped":0,"pct":77.77},"branches":{"total":27,"covered":16,"skipped":0,"pct":59.25}}
,"C:\\Users\\jgoldberger\\Desktop\\KASA\\app\\api\\statements\\send-emails\\route.ts": {"lines":{"total":36,"covered":14,"skipped":0,"pct":38.88},"functions":{"total":4,"covered":2,"skipped":0,"pct":50},"statements":{"total":39,"covered":14,"skipped":0,"pct":35.89},"branches":{"total":18,"covered":4,"skipped":0,"pct":22.22}}
,"C:\\Users\\jgoldberger\\Desktop\\KASA\\app\\api\\statements\\send-emails\\status\\route.ts": {"lines":{"total":21,"covered":10,"skipped":0,"pct":47.61},"functions":{"total":3,"covered":1,"skipped":0,"pct":33.33},"statements":{"total":23,"covered":10,"skipped":0,"pct":43.47},"branches":{"total":29,"covered":6,"skipped":0,"pct":20.68}}
,"C:\\Users\\jgoldberger\\Desktop\\KASA\\app\\api\\statements\\send-emails\\worker\\route.ts": {"lines":{"total":108,"covered":27,"skipped":0,"pct":25},"functions":{"total":11,"covered":1,"skipped":0,"pct":9.09},"statements":{"total":116,"covered":27,"skipped":0,"pct":23.27},"branches":{"total":96,"covered":11,"skipped":0,"pct":11.45}}
,"C:\\Users\\jgoldberger\\Desktop\\KASA\\app\\api\\statements\\send-monthly-emails\\route.ts": {"lines":{"total":35,"covered":9,"skipped":0,"pct":25.71},"functions":{"total":3,"covered":1,"skipped":0,"pct":33.33},"statements":{"total":37,"covered":10,"skipped":0,"pct":27.02},"branches":{"total":22,"covered":2,"skipped":0,"pct":9.09}}
,"C:\\Users\\jgoldberger\\Desktop\\KASA\\app\\api\\statements\\send-single-email\\route.ts": {"lines":{"total":30,"covered":13,"skipped":0,"pct":43.33},"functions":{"total":3,"covered":2,"skipped":0,"pct":66.66},"statements":{"total":33,"covered":13,"skipped":0,"pct":39.39},"branches":{"total":20,"covered":4,"skipped":0,"pct":20}}
,"C:\\Users\\jgoldberger\\Desktop\\KASA\\app\\api\\stripe\\confirm-payment\\route.ts": {"lines":{"total":120,"covered":20,"skipped":0,"pct":16.66},"functions":{"total":2,"covered":1,"skipped":0,"pct":50},"statements":{"total":124,"covered":20,"skipped":0,"pct":16.12},"branches":{"total":135,"covered":18,"skipped":0,"pct":13.33}}
,"C:\\Users\\jgoldberger\\Desktop\\KASA\\app\\api\\stripe\\create-payment-intent\\route.ts": {"lines":{"total":49,"covered":37,"skipped":0,"pct":75.51},"functions":{"total":3,"covered":1,"skipped":0,"pct":33.33},"statements":{"total":52,"covered":37,"skipped":0,"pct":71.15},"branches":{"total":44,"covered":29,"skipped":0,"pct":65.9}}
,"C:\\Users\\jgoldberger\\Desktop\\KASA\\app\\api\\stripe\\webhook\\route.ts": {"lines":{"total":179,"covered":19,"skipped":0,"pct":10.61},"functions":{"total":12,"covered":1,"skipped":0,"pct":8.33},"statements":{"total":205,"covered":19,"skipped":0,"pct":9.26},"branches":{"total":211,"covered":6,"skipped":0,"pct":2.84}}
,"C:\\Users\\jgoldberger\\Desktop\\KASA\\app\\api\\tasks\\route.ts": {"lines":{"total":71,"covered":33,"skipped":0,"pct":46.47},"functions":{"total":5,"covered":4,"skipped":0,"pct":80},"statements":{"total":74,"covered":33,"skipped":0,"pct":44.59},"branches":{"total":67,"covered":28,"skipped":0,"pct":41.79}}
,"C:\\Users\\jgoldberger\\Desktop\\KASA\\app\\api\\tasks\\[id]\\route.ts": {"lines":{"total":42,"covered":30,"skipped":0,"pct":71.42},"functions":{"total":3,"covered":3,"skipped":0,"pct":100},"statements":{"total":45,"covered":32,"skipped":0,"pct":71.11},"branches":{"total":42,"covered":22,"skipped":0,"pct":52.38}}
,"C:\\Users\\jgoldberger\\Desktop\\KASA\\app\\api\\tasks\\send-due-date-emails\\route.ts": {"lines":{"total":52,"covered":36,"skipped":0,"pct":69.23},"functions":{"total":3,"covered":2,"skipped":0,"pct":66.66},"statements":{"total":55,"covered":36,"skipped":0,"pct":65.45},"branches":{"total":43,"covered":20,"skipped":0,"pct":46.51}}
,"C:\\Users\\jgoldberger\\Desktop\\KASA\\app\\api\\tax-receipts\\route.ts": {"lines":{"total":36,"covered":33,"skipped":0,"pct":91.66},"functions":{"total":5,"covered":4,"skipped":0,"pct":80},"statements":{"total":39,"covered":34,"skipped":0,"pct":87.17},"branches":{"total":30,"covered":21,"skipped":0,"pct":70}}
,"C:\\Users\\jgoldberger\\Desktop\\KASA\\app\\api\\tax-receipts\\[familyId]\\pdf\\route.ts": {"lines":{"total":33,"covered":28,"skipped":0,"pct":84.84},"functions":{"total":5,"covered":5,"skipped":0,"pct":100},"statements":{"total":37,"covered":30,"skipped":0,"pct":81.08},"branches":{"total":36,"covered":23,"skipped":0,"pct":63.88}}
,"C:\\Users\\jgoldberger\\Desktop\\KASA\\app\\api\\tax-receipts\\email\\route.ts": {"lines":{"total":53,"covered":42,"skipped":0,"pct":79.24},"functions":{"total":7,"covered":5,"skipped":0,"pct":71.42},"statements":{"total":58,"covered":44,"skipped":0,"pct":75.86},"branches":{"total":40,"covered":26,"skipped":0,"pct":65}}
,"C:\\Users\\jgoldberger\\Desktop\\KASA\\app\\api\\tax-receipts\\email\\worker\\route.ts": {"lines":{"total":110,"covered":27,"skipped":0,"pct":24.54},"functions":{"total":11,"covered":1,"skipped":0,"pct":9.09},"statements":{"total":118,"covered":27,"skipped":0,"pct":22.88},"branches":{"total":98,"covered":11,"skipped":0,"pct":11.22}}
,"C:\\Users\\jgoldberger\\Desktop\\KASA\\app\\api\\tax-receipts\\zip\\route.ts": {"lines":{"total":65,"covered":12,"skipped":0,"pct":18.46},"functions":{"total":7,"covered":1,"skipped":0,"pct":14.28},"statements":{"total":69,"covered":12,"skipped":0,"pct":17.39},"branches":{"total":47,"covered":5,"skipped":0,"pct":10.63}}
,"C:\\Users\\jgoldberger\\Desktop\\KASA\\app\\api\\trash\\route.ts": {"lines":{"total":8,"covered":7,"skipped":0,"pct":87.5},"functions":{"total":1,"covered":1,"skipped":0,"pct":100},"statements":{"total":8,"covered":7,"skipped":0,"pct":87.5},"branches":{"total":4,"covered":3,"skipped":0,"pct":75}}
,"C:\\Users\\jgoldberger\\Desktop\\KASA\\app\\api\\trash\\[kind]\\[id]\\route.ts": {"lines":{"total":29,"covered":15,"skipped":0,"pct":51.72},"functions":{"total":2,"covered":2,"skipped":0,"pct":100},"statements":{"total":29,"covered":15,"skipped":0,"pct":51.72},"branches":{"total":16,"covered":4,"skipped":0,"pct":25}}
,"C:\\Users\\jgoldberger\\Desktop\\KASA\\app\\api\\trash\\[kind]\\[id]\\restore\\route.ts": {"lines":{"total":21,"covered":8,"skipped":0,"pct":38.09},"functions":{"total":1,"covered":1,"skipped":0,"pct":100},"statements":{"total":21,"covered":8,"skipped":0,"pct":38.09},"branches":{"total":12,"covered":2,"skipped":0,"pct":16.66}}
,"C:\\Users\\jgoldberger\\Desktop\\KASA\\app\\api\\trash\\purge-all\\route.ts": {"lines":{"total":8,"covered":7,"skipped":0,"pct":87.5},"functions":{"total":2,"covered":2,"skipped":0,"pct":100},"statements":{"total":9,"covered":8,"skipped":0,"pct":88.88},"branches":{"total":4,"covered":2,"skipped":0,"pct":50}}
,"C:\\Users\\jgoldberger\\Desktop\\KASA\\app\\api\\user\\route.ts": {"lines":{"total":20,"covered":17,"skipped":0,"pct":85},"functions":{"total":2,"covered":2,"skipped":0,"pct":100},"statements":{"total":23,"covered":18,"skipped":0,"pct":78.26},"branches":{"total":20,"covered":11,"skipped":0,"pct":55}}
,"C:\\Users\\jgoldberger\\Desktop\\KASA\\app\\api\\user\\2fa\\route.ts": {"lines":{"total":57,"covered":2,"skipped":0,"pct":3.5},"functions":{"total":1,"covered":0,"skipped":0,"pct":0},"statements":{"total":59,"covered":2,"skipped":0,"pct":3.38},"branches":{"total":32,"covered":0,"skipped":0,"pct":0}}
,"C:\\Users\\jgoldberger\\Desktop\\KASA\\app\\api\\user\\2fa\\setup\\route.ts": {"lines":{"total":62,"covered":31,"skipped":0,"pct":50},"functions":{"total":3,"covered":3,"skipped":0,"pct":100},"statements":{"total":65,"covered":33,"skipped":0,"pct":50.76},"branches":{"total":44,"covered":11,"skipped":0,"pct":25}}
,"C:\\Users\\jgoldberger\\Desktop\\KASA\\app\\api\\user\\password\\route.ts": {"lines":{"total":18,"covered":5,"skipped":0,"pct":27.77},"functions":{"total":1,"covered":1,"skipped":0,"pct":100},"statements":{"total":18,"covered":5,"skipped":0,"pct":27.77},"branches":{"total":10,"covered":2,"skipped":0,"pct":20}}
,"C:\\Users\\jgoldberger\\Desktop\\KASA\\app\\api\\user\\preferences\\route.ts": {"lines":{"total":71,"covered":32,"skipped":0,"pct":45.07},"functions":{"total":6,"covered":3,"skipped":0,"pct":50},"statements":{"total":79,"covered":32,"skipped":0,"pct":40.5},"branches":{"total":49,"covered":13,"skipped":0,"pct":26.53}}
}
