TN:
SF:app\api\admin\invite-requests\route.ts
FN:20,GET
FN:40,(anonymous_1)
FN:44,(anonymous_2)
FN:54,(anonymous_3)
FN:87,PATCH
FN:103,(anonymous_5)
FNF:6
FNH:4
FNDA:2,GET
FNDA:2,(anonymous_1)
FNDA:0,(anonymous_2)
FNDA:3,(anonymous_3)
FNDA:2,PATCH
FNDA:0,(anonymous_5)
DA:13,1
DA:21,2
DA:22,2
DA:24,2
DA:25,2
DA:29,2
DA:30,0
DA:33,2
DA:34,2
DA:35,2
DA:36,2
DA:37,0
DA:40,2
DA:41,2
DA:45,0
DA:51,2
DA:53,2
DA:54,3
DA:71,0
DA:72,0
DA:88,2
DA:89,2
DA:91,2
DA:92,2
DA:94,2
DA:95,2
DA:99,2
DA:100,0
DA:103,2
DA:104,2
DA:105,0
DA:107,2
DA:108,2
DA:110,0
DA:111,0
DA:112,0
DA:115,0
DA:116,0
DA:117,0
DA:119,0
DA:121,2
DA:122,0
DA:123,0
DA:124,0
DA:125,0
DA:127,0
DA:128,0
DA:129,0
DA:130,0
DA:133,0
DA:134,0
DA:138,0
DA:139,0
DA:141,0
DA:142,0
DA:143,0
DA:144,0
DA:145,0
DA:146,0
DA:147,0
DA:149,0
DA:153,0
DA:154,0
DA:155,0
DA:177,0
DA:180,0
DA:189,0
DA:190,0
LF:68
LH:27
BRDA:22,0,0,0
BRDA:22,0,1,2
BRDA:29,1,0,0
BRDA:29,1,1,2
BRDA:36,2,0,0
BRDA:36,2,1,2
BRDA:36,3,0,2
BRDA:36,3,1,0
BRDA:46,4,0,0
BRDA:46,4,1,0
BRDA:51,5,0,2
BRDA:51,5,1,2
BRDA:60,6,0,3
BRDA:60,6,1,2
BRDA:61,7,0,1
BRDA:61,7,1,2
BRDA:62,8,0,3
BRDA:62,8,1,2
BRDA:63,9,0,3
BRDA:63,9,1,2
BRDA:64,10,0,3
BRDA:64,10,1,3
BRDA:66,11,0,3
BRDA:66,11,1,3
BRDA:73,12,0,0
BRDA:73,12,1,0
BRDA:89,13,0,0
BRDA:89,13,1,2
BRDA:92,14,0,0
BRDA:92,14,1,2
BRDA:99,15,0,0
BRDA:99,15,1,2
BRDA:104,16,0,0
BRDA:104,16,1,2
BRDA:104,17,0,2
BRDA:104,17,1,2
BRDA:104,17,2,2
BRDA:107,18,0,2
BRDA:107,18,1,0
BRDA:107,19,0,2
BRDA:107,19,1,0
BRDA:111,20,0,0
BRDA:111,20,1,0
BRDA:117,21,0,0
BRDA:117,21,1,0
BRDA:119,22,0,0
BRDA:119,22,1,0
BRDA:121,23,0,0
BRDA:121,23,1,2
BRDA:123,24,0,0
BRDA:123,24,1,0
BRDA:133,25,0,0
BRDA:133,25,1,0
BRDA:154,26,0,0
BRDA:154,26,1,0
BRDA:191,27,0,0
BRDA:191,27,1,0
BRF:57
BRH:28
end_of_record
TN:
SF:app\api\audit-log\route.ts
FN:48,encodeCursor
FN:57,csvField
FN:62,decodeCursor
FN:74,GET
FN:235,(anonymous_4)
FNF:5
FNH:3
FNDA:1,encodeCursor
FNDA:0,csvField
FNDA:0,decodeCursor
FNDA:2,GET
FNDA:5,(anonymous_4)
DA:38,1
DA:40,1
DA:41,1
DA:49,1
DA:58,0
DA:59,0
DA:63,0
DA:64,0
DA:65,0
DA:66,0
DA:67,0
DA:68,0
DA:70,0
DA:75,2
DA:76,2
DA:77,2
DA:79,2
DA:85,2
DA:86,0
DA:89,2
DA:91,2
DA:92,2
DA:93,2
DA:98,2
DA:99,2
DA:100,2
DA:101,2
DA:102,2
DA:103,2
DA:104,2
DA:106,2
DA:109,2
DA:110,0
DA:111,0
DA:113,0
DA:115,2
DA:116,0
DA:117,0
DA:119,0
DA:123,0
DA:124,0
DA:126,0
DA:131,2
DA:132,0
DA:133,0
DA:135,0
DA:142,2
DA:143,0
DA:144,0
DA:149,0
DA:150,0
DA:151,0
DA:152,0
DA:153,0
DA:154,0
DA:156,0
DA:158,0
DA:159,0
DA:161,0
DA:162,0
DA:168,2
DA:169,0
DA:170,0
DA:175,0
DA:185,0
DA:186,0
DA:187,0
DA:200,0
DA:201,0
DA:202,0
DA:215,2
DA:216,0
DA:217,0
DA:218,0
DA:220,0
DA:221,0
DA:228,2
DA:233,2
DA:234,2
DA:235,5
DA:247,2
DA:248,2
DA:249,1
DA:250,1
DA:256,2
DA:258,0
DA:259,0
LF:87
LH:36
BRDA:58,0,0,0
BRDA:58,0,1,0
BRDA:66,1,0,0
BRDA:66,1,1,0
BRDA:66,2,0,0
BRDA:66,2,1,0
BRDA:67,3,0,0
BRDA:67,3,1,0
BRDA:77,4,0,0
BRDA:77,4,1,2
BRDA:85,5,0,0
BRDA:85,5,1,2
BRDA:92,6,0,2
BRDA:92,6,1,0
BRDA:95,7,0,2
BRDA:95,7,1,0
BRDA:98,8,0,2
BRDA:98,8,1,2
BRDA:99,9,0,2
BRDA:99,9,1,2
BRDA:100,10,0,2
BRDA:100,10,1,2
BRDA:101,11,0,2
BRDA:101,11,1,2
BRDA:102,12,0,2
BRDA:102,12,1,2
BRDA:103,13,0,2
BRDA:103,13,1,2
BRDA:104,14,0,2
BRDA:104,14,1,2
BRDA:109,15,0,0
BRDA:109,15,1,2
BRDA:110,16,0,0
BRDA:110,16,1,0
BRDA:110,17,0,0
BRDA:110,17,1,0
BRDA:115,18,0,0
BRDA:115,18,1,2
BRDA:116,19,0,0
BRDA:116,19,1,0
BRDA:123,20,0,0
BRDA:123,20,1,0
BRDA:131,21,0,0
BRDA:131,21,1,2
BRDA:132,22,0,0
BRDA:132,22,1,0
BRDA:132,23,0,0
BRDA:132,23,1,0
BRDA:142,24,0,0
BRDA:142,24,1,2
BRDA:142,25,0,2
BRDA:142,25,1,2
BRDA:143,26,0,0
BRDA:143,26,1,0
BRDA:143,27,0,0
BRDA:143,27,1,0
BRDA:153,28,0,0
BRDA:153,28,1,0
BRDA:158,29,0,0
BRDA:158,29,1,0
BRDA:168,30,0,0
BRDA:168,30,1,2
BRDA:189,31,0,0
BRDA:189,31,1,0
BRDA:190,32,0,0
BRDA:190,32,1,0
BRDA:191,33,0,0
BRDA:191,33,1,0
BRDA:192,34,0,0
BRDA:192,34,1,0
BRDA:193,35,0,0
BRDA:193,35,1,0
BRDA:194,36,0,0
BRDA:194,36,1,0
BRDA:195,37,0,0
BRDA:195,37,1,0
BRDA:196,38,0,0
BRDA:196,38,1,0
BRDA:215,39,0,0
BRDA:215,39,1,2
BRDA:217,40,0,0
BRDA:217,40,1,0
BRDA:234,41,0,1
BRDA:234,41,1,1
BRDA:237,42,0,5
BRDA:237,42,1,0
BRDA:238,43,0,5
BRDA:238,43,1,0
BRDA:239,44,0,5
BRDA:239,44,1,0
BRDA:240,45,0,5
BRDA:240,45,1,0
BRDA:241,46,0,5
BRDA:241,46,1,1
BRDA:242,47,0,5
BRDA:242,47,1,5
BRDA:243,48,0,5
BRDA:243,48,1,5
BRDA:248,49,0,1
BRDA:248,49,1,1
BRDA:262,50,0,0
BRDA:262,50,1,0
BRF:102
BRH:40
end_of_record
TN:
SF:app\api\auth\[...nextauth]\route.ts
FNF:0
FNH:0
DA:3,0
LF:1
LH:0
BRF:0
BRH:0
end_of_record
TN:
SF:app\api\auth\invite\route.ts
FN:29,POST
FN:45,(anonymous_1)
FN:52,(anonymous_2)
FN:160,GET
FN:208,PUT
FN:221,(anonymous_5)
FN:230,(anonymous_6)
FN:345,DELETE
FNF:8
FNH:6
FNDA:2,POST
FNDA:0,(anonymous_1)
FNDA:2,(anonymous_2)
FNDA:2,GET
FNDA:2,PUT
FNDA:0,(anonymous_5)
FNDA:1,(anonymous_6)
FNDA:2,DELETE
DA:18,1
DA:19,1
DA:30,2
DA:31,2
DA:32,2
DA:34,2
DA:35,2
DA:37,2
DA:41,2
DA:42,0
DA:45,2
DA:46,2
DA:47,0
DA:49,2
DA:50,2
DA:51,1
DA:52,2
DA:56,1
DA:57,1
DA:58,0
DA:61,1
DA:64,1
DA:65,1
DA:66,0
DA:70,0
DA:71,0
DA:76,1
DA:82,1
DA:83,1
DA:85,1
DA:94,1
DA:103,1
DA:107,2
DA:111,1
DA:112,2
DA:114,2
DA:118,2
DA:119,0
DA:140,1
DA:150,0
DA:151,0
DA:161,2
DA:162,2
DA:163,2
DA:165,0
DA:169,0
DA:170,0
DA:173,0
DA:174,0
DA:181,0
DA:182,0
DA:183,0
DA:185,0
DA:187,0
DA:194,0
DA:195,0
DA:209,2
DA:210,2
DA:211,2
DA:213,2
DA:214,2
DA:215,0
DA:221,2
DA:222,2
DA:223,0
DA:225,2
DA:226,2
DA:227,1
DA:230,1
DA:235,1
DA:237,1
DA:238,1
DA:239,1
DA:240,0
DA:241,0
DA:243,0
DA:246,0
DA:250,0
DA:251,0
DA:252,0
DA:253,0
DA:258,0
DA:265,0
DA:266,0
DA:267,0
DA:269,0
DA:270,0
DA:271,0
DA:276,0
DA:277,0
DA:278,0
DA:279,0
DA:284,0
DA:285,0
DA:286,0
DA:291,0
DA:296,0
DA:300,0
DA:301,0
DA:305,0
DA:312,0
DA:314,0
DA:323,0
DA:330,0
DA:336,0
DA:337,0
DA:346,2
DA:347,2
DA:348,2
DA:350,2
DA:351,2
DA:353,2
DA:359,2
DA:360,0
DA:363,2
DA:364,2
DA:365,2
DA:368,0
DA:373,0
DA:377,0
DA:378,0
DA:380,0
DA:382,0
DA:392,0
DA:394,0
DA:395,0
LF:126
LH:60
BRDA:32,0,0,0
BRDA:32,0,1,2
BRDA:35,1,0,0
BRDA:35,1,1,2
BRDA:41,2,0,0
BRDA:41,2,1,2
BRDA:46,3,0,0
BRDA:46,3,1,2
BRDA:46,4,0,2
BRDA:46,4,1,2
BRDA:46,4,2,2
BRDA:50,5,0,1
BRDA:50,5,1,1
BRDA:57,6,0,0
BRDA:57,6,1,1
BRDA:57,7,0,1
BRDA:57,7,1,0
BRDA:65,8,0,0
BRDA:65,8,1,1
BRDA:70,9,0,0
BRDA:70,9,1,0
BRDA:103,10,0,1
BRDA:103,10,1,1
BRDA:111,11,0,1
BRDA:111,11,1,0
BRDA:112,12,0,2
BRDA:112,12,1,0
BRDA:112,12,2,0
BRDA:118,13,0,0
BRDA:118,13,1,2
BRDA:151,14,0,0
BRDA:151,14,1,0
BRDA:163,15,0,2
BRDA:163,15,1,0
BRDA:169,16,0,0
BRDA:169,16,1,0
BRDA:181,17,0,0
BRDA:181,17,1,0
BRDA:182,18,0,0
BRDA:182,18,1,0
BRDA:183,19,0,0
BRDA:183,19,1,0
BRDA:190,20,0,0
BRDA:190,20,1,0
BRDA:195,21,0,0
BRDA:195,21,1,0
BRDA:211,22,0,0
BRDA:211,22,1,2
BRDA:214,23,0,0
BRDA:214,23,1,2
BRDA:222,24,0,0
BRDA:222,24,1,2
BRDA:222,25,0,2
BRDA:222,25,1,2
BRDA:222,25,2,2
BRDA:226,26,0,1
BRDA:226,26,1,1
BRDA:239,27,0,1
BRDA:239,27,1,0
BRDA:240,28,0,0
BRDA:240,28,1,0
BRDA:241,29,0,0
BRDA:241,29,1,0
BRDA:246,30,0,0
BRDA:246,30,1,0
BRDA:251,31,0,0
BRDA:251,31,1,0
BRDA:252,32,0,0
BRDA:252,32,1,0
BRDA:265,33,0,0
BRDA:265,33,1,0
BRDA:266,34,0,0
BRDA:266,34,1,0
BRDA:266,35,0,0
BRDA:266,35,1,0
BRDA:266,35,2,0
BRDA:270,36,0,0
BRDA:270,36,1,0
BRDA:272,37,0,0
BRDA:272,37,1,0
BRDA:278,38,0,0
BRDA:278,38,1,0
BRDA:300,39,0,0
BRDA:300,39,1,0
BRDA:337,40,0,0
BRDA:337,40,1,0
BRDA:348,41,0,0
BRDA:348,41,1,2
BRDA:351,42,0,0
BRDA:351,42,1,2
BRDA:359,43,0,0
BRDA:359,43,1,2
BRDA:364,44,0,2
BRDA:364,44,1,0
BRDA:364,45,0,2
BRDA:364,45,1,0
BRDA:377,46,0,0
BRDA:377,46,1,0
BRDA:395,47,0,0
BRDA:395,47,1,0
BRF:100
BRH:32
end_of_record
TN:
SF:app\api\auth\precheck-2fa\route.ts
FN:38,(anonymous_0)
FNF:1
FNH:1
FNDA:2,(anonymous_0)
DA:24,1
DA:32,1
DA:34,1
DA:39,2
DA:43,2
DA:44,0
DA:46,2
DA:52,2
DA:53,0
DA:56,2
DA:62,2
DA:63,2
DA:65,2
DA:66,2
DA:69,0
LF:15
LH:12
BRDA:43,0,0,0
BRDA:43,0,1,2
BRDA:52,1,0,0
BRDA:52,1,1,2
BRDA:62,2,0,2
BRDA:62,2,1,0
BRDA:65,3,0,2
BRDA:65,3,1,0
BRDA:65,4,0,2
BRDA:65,4,1,2
BRF:10
BRH:6
end_of_record
TN:
SF:app\api\auth\request-invite\route.ts
FN:18,POST
FN:28,(anonymous_1)
FNF:2
FNH:1
FNDA:2,POST
FNDA:0,(anonymous_1)
DA:7,1
DA:19,2
DA:20,2
DA:21,2
DA:23,2
DA:24,2
DA:25,0
DA:28,2
DA:29,2
DA:30,0
DA:33,2
DA:34,2
DA:35,2
DA:37,2
DA:38,0
DA:40,2
DA:41,0
DA:46,2
DA:47,2
DA:49,0
DA:52,2
DA:56,2
DA:57,2
DA:58,0
DA:64,2
DA:68,2
DA:69,0
DA:70,0
DA:71,0
DA:72,0
DA:74,0
DA:77,2
DA:79,2
DA:81,0
DA:82,0
LF:35
LH:22
BRDA:21,0,0,0
BRDA:21,0,1,2
BRDA:24,1,0,0
BRDA:24,1,1,2
BRDA:29,2,0,0
BRDA:29,2,1,2
BRDA:29,3,0,2
BRDA:29,3,1,2
BRDA:29,3,2,2
BRDA:33,4,0,2
BRDA:33,4,1,0
BRDA:34,5,0,2
BRDA:34,5,1,0
BRDA:35,6,0,2
BRDA:35,6,1,0
BRDA:37,7,0,0
BRDA:37,7,1,2
BRDA:37,8,0,2
BRDA:37,8,1,2
BRDA:37,8,2,2
BRDA:40,9,0,0
BRDA:40,9,1,2
BRDA:40,10,0,2
BRDA:40,10,1,2
BRDA:47,11,0,0
BRDA:47,11,1,2
BRDA:57,12,0,0
BRDA:57,12,1,2
BRDA:68,13,0,0
BRDA:68,13,1,2
BRDA:69,14,0,0
BRDA:69,14,1,0
BRDA:83,15,0,0
BRDA:83,15,1,0
BRF:34
BRH:19
end_of_record
TN:
SF:app\api\auth\reset-password\route.ts
FN:27,hashToken
FN:39,(anonymous_1)
FN:121,(anonymous_2)
FN:179,(anonymous_3)
FNF:4
FNH:1
FNDA:0,hashToken
FNDA:2,(anonymous_1)
FNDA:0,(anonymous_2)
FNDA:0,(anonymous_3)
DA:12,1
DA:14,1
DA:28,0
DA:35,1
DA:40,2
DA:41,2
DA:42,0
DA:45,2
DA:51,2
DA:53,2
DA:54,2
DA:56,0
DA:58,0
DA:59,0
DA:62,0
DA:68,0
DA:77,0
DA:83,2
DA:84,0
DA:85,0
DA:86,0
DA:102,0
DA:104,0
DA:107,0
DA:110,0
DA:117,1
DA:122,0
DA:123,0
DA:124,0
DA:129,0
DA:131,0
DA:133,0
DA:134,0
DA:135,0
DA:137,0
DA:143,0
DA:144,0
DA:149,0
DA:150,0
DA:154,0
DA:159,0
DA:167,0
DA:175,1
DA:180,0
DA:182,0
DA:194,0
DA:195,0
DA:197,0
LF:48
LH:12
BRDA:41,0,0,0
BRDA:41,0,1,2
BRDA:51,1,0,0
BRDA:51,1,1,2
BRDA:54,2,0,2
BRDA:54,2,1,0
BRDA:77,3,0,0
BRDA:77,3,1,0
BRDA:83,4,0,0
BRDA:83,4,1,0
BRDA:102,5,0,0
BRDA:102,5,1,0
BRDA:123,6,0,0
BRDA:123,6,1,0
BRDA:131,7,0,0
BRDA:131,7,1,0
BRDA:133,8,0,0
BRDA:133,8,1,0
BRDA:134,9,0,0
BRDA:134,9,1,0
BRDA:135,10,0,0
BRDA:135,10,1,0
BRDA:149,11,0,0
BRDA:149,11,1,0
BRDA:182,12,0,0
BRDA:182,12,1,0
BRDA:194,13,0,0
BRDA:194,13,1,0
BRDA:194,14,0,0
BRDA:194,14,1,0
BRDA:194,14,2,0
BRF:31
BRH:3
end_of_record
TN:
SF:app\api\auth\signup\route.ts
FN:25,(anonymous_0)
FN:59,(anonymous_1)
FNF:2
FNH:2
FNDA:2,(anonymous_0)
FNDA:2,(anonymous_1)
DA:11,1
DA:13,1
DA:21,1
DA:26,2
DA:35,2
DA:40,1
DA:42,1
DA:50,1
DA:55,1
DA:60,2
DA:61,2
DA:62,0
DA:65,2
DA:69,2
DA:70,1
DA:71,1
DA:72,0
DA:75,1
DA:76,1
DA:77,0
DA:80,1
DA:81,1
DA:82,0
DA:88,1
DA:89,1
DA:91,1
DA:92,1
DA:94,0
DA:97,1
DA:98,1
DA:99,1
DA:100,1
DA:102,1
DA:111,1
LF:34
LH:29
BRDA:35,0,0,1
BRDA:35,0,1,1
BRDA:36,1,0,2
BRDA:36,1,1,1
BRDA:36,1,2,1
BRDA:36,1,3,1
BRDA:61,2,0,0
BRDA:61,2,1,2
BRDA:69,3,0,1
BRDA:69,3,1,1
BRDA:70,4,0,0
BRDA:70,4,1,1
BRDA:71,5,0,0
BRDA:71,5,1,1
BRDA:71,6,0,1
BRDA:71,6,1,1
BRDA:76,7,0,0
BRDA:76,7,1,1
BRDA:81,8,0,0
BRDA:81,8,1,1
BRF:20
BRH:15
end_of_record
TN:
SF:app\api\calculations\route.ts
FN:12,GET
FN:46,(anonymous_1)
FN:51,(anonymous_2)
FN:74,POST
FN:93,(anonymous_4)
FN:97,(anonymous_5)
FNF:6
FNH:4
FNDA:2,GET
FNDA:1,(anonymous_1)
FNDA:0,(anonymous_2)
FNDA:2,POST
FNDA:0,(anonymous_4)
FNDA:1,(anonymous_5)
DA:13,2
DA:14,2
DA:15,2
DA:17,2
DA:23,2
DA:24,0
DA:27,2
DA:28,2
DA:29,2
DA:31,2
DA:32,1
DA:33,1
DA:34,0
DA:36,1
DA:37,1
DA:38,1
DA:40,0
DA:42,1
DA:46,1
DA:48,1
DA:52,0
DA:57,1
DA:59,0
DA:60,0
DA:75,2
DA:76,2
DA:77,2
DA:79,2
DA:80,2
DA:82,2
DA:88,2
DA:89,0
DA:92,2
DA:93,2
DA:94,2
DA:95,2
DA:96,1
DA:97,1
DA:101,1
DA:103,1
DA:110,1
DA:112,0
DA:113,0
LF:43
LH:34
BRDA:15,0,0,0
BRDA:15,0,1,2
BRDA:23,1,0,0
BRDA:23,1,1,2
BRDA:31,2,0,1
BRDA:31,2,1,1
BRDA:33,3,0,0
BRDA:33,3,1,1
BRDA:33,4,0,1
BRDA:33,4,1,1
BRDA:38,5,0,0
BRDA:38,5,1,1
BRDA:61,6,0,0
BRDA:61,6,1,0
BRDA:77,7,0,0
BRDA:77,7,1,2
BRDA:80,8,0,0
BRDA:80,8,1,2
BRDA:88,9,0,0
BRDA:88,9,1,2
BRDA:95,10,0,1
BRDA:95,10,1,1
BRDA:114,11,0,0
BRDA:114,11,1,0
BRF:24
BRH:13
end_of_record
TN:
SF:app\api\cycle-config\route.ts
FN:11,normalizeCalendar
FN:16,GET
FN:73,POST
FN:92,(anonymous_3)
FNF:4
FNH:3
FNDA:4,normalizeCalendar
FNDA:2,GET
FNDA:2,POST
FNDA:0,(anonymous_3)
DA:12,4
DA:17,2
DA:18,2
DA:19,2
DA:21,2
DA:27,2
DA:28,0
DA:31,2
DA:32,2
DA:34,2
DA:35,0
DA:45,0
DA:46,0
DA:49,2
DA:61,2
DA:62,2
DA:64,0
DA:65,0
DA:74,2
DA:75,2
DA:76,2
DA:78,2
DA:79,2
DA:81,2
DA:87,2
DA:88,0
DA:91,2
DA:92,2
DA:93,2
DA:94,1
DA:104,1
DA:106,1
DA:110,1
DA:116,2
DA:117,0
DA:122,1
DA:123,0
DA:128,1
DA:129,0
DA:138,1
DA:139,0
DA:140,0
DA:146,1
DA:147,0
DA:148,0
DA:149,0
DA:155,1
DA:156,0
DA:157,0
DA:158,0
DA:166,1
DA:168,1
DA:181,2
DA:183,1
DA:188,1
DA:190,1
DA:207,1
DA:225,0
DA:228,0
DA:234,0
DA:251,0
DA:265,0
DA:266,0
LF:63
LH:39
BRDA:12,0,0,0
BRDA:12,0,1,4
BRDA:19,1,0,0
BRDA:19,1,1,2
BRDA:27,2,0,0
BRDA:27,2,1,2
BRDA:34,3,0,0
BRDA:34,3,1,2
BRDA:54,4,0,2
BRDA:54,4,1,0
BRDA:56,5,0,2
BRDA:56,5,1,0
BRDA:66,6,0,0
BRDA:66,6,1,0
BRDA:76,7,0,0
BRDA:76,7,1,2
BRDA:79,8,0,0
BRDA:79,8,1,2
BRDA:87,9,0,0
BRDA:87,9,1,2
BRDA:93,10,0,1
BRDA:93,10,1,1
BRDA:93,11,0,2
BRDA:93,11,1,2
BRDA:93,11,2,2
BRDA:110,12,0,1
BRDA:110,12,1,0
BRDA:116,13,0,0
BRDA:116,13,1,2
BRDA:116,14,0,2
BRDA:116,14,1,1
BRDA:122,15,0,0
BRDA:122,15,1,1
BRDA:122,16,0,1
BRDA:122,16,1,1
BRDA:128,17,0,0
BRDA:128,17,1,1
BRDA:128,18,0,1
BRDA:128,18,1,1
BRDA:138,19,0,0
BRDA:138,19,1,1
BRDA:139,20,0,0
BRDA:139,20,1,0
BRDA:139,21,0,0
BRDA:139,21,1,0
BRDA:146,22,0,0
BRDA:146,22,1,1
BRDA:146,23,0,1
BRDA:146,23,1,0
BRDA:148,24,0,0
BRDA:148,24,1,0
BRDA:148,25,0,0
BRDA:148,25,1,0
BRDA:148,25,2,0
BRDA:155,26,0,0
BRDA:155,26,1,1
BRDA:155,27,0,1
BRDA:155,27,1,0
BRDA:157,28,0,0
BRDA:157,28,1,0
BRDA:157,29,0,0
BRDA:157,29,1,0
BRDA:157,29,2,0
BRDA:172,30,0,0
BRDA:172,30,1,1
BRDA:172,31,0,1
BRDA:172,31,1,0
BRDA:175,32,0,0
BRDA:175,32,1,1
BRDA:175,33,0,2
BRDA:175,33,1,0
BRDA:178,34,0,1
BRDA:178,34,1,0
BRDA:181,35,0,1
BRDA:181,35,1,0
BRDA:185,36,0,1
BRDA:185,36,1,1
BRDA:185,36,2,0
BRDA:212,37,0,1
BRDA:212,37,1,0
BRDA:216,38,0,1
BRDA:216,38,1,0
BRDA:230,39,0,0
BRDA:230,39,1,0
BRDA:256,40,0,0
BRDA:256,40,1,0
BRDA:258,41,0,0
BRDA:258,41,1,0
BRDA:267,42,0,0
BRDA:267,42,1,0
BRF:90
BRH:39
end_of_record
TN:
SF:app\api\dashboard-stats\route.ts
FN:22,GET
FNF:1
FNH:1
FNDA:2,GET
DA:23,2
DA:24,2
DA:25,2
DA:27,2
DA:33,2
DA:34,0
DA:37,2
DA:39,2
DA:41,2
DA:42,2
DA:43,2
DA:44,2
DA:45,0
DA:46,0
DA:47,0
DA:49,0
DA:53,2
DA:62,2
DA:64,2
DA:65,2
DA:66,2
DA:67,2
DA:68,2
DA:69,2
DA:70,2
DA:71,2
DA:73,0
DA:74,0
DA:75,0
DA:76,0
DA:77,0
DA:79,0
DA:84,2
DA:92,2
DA:93,2
DA:95,0
DA:96,0
LF:37
LH:24
BRDA:25,0,0,0
BRDA:25,0,1,2
BRDA:33,1,0,0
BRDA:33,1,1,2
BRDA:44,2,0,0
BRDA:44,2,1,2
BRDA:46,3,0,0
BRDA:46,3,1,0
BRDA:46,4,0,0
BRDA:46,4,1,0
BRDA:46,4,2,0
BRDA:67,5,0,2
BRDA:67,5,1,0
BRDA:68,6,0,2
BRDA:68,6,1,0
BRDA:69,7,0,2
BRDA:69,7,1,0
BRDA:70,8,0,2
BRDA:70,8,1,0
BRDA:71,9,0,2
BRDA:71,9,1,0
BRDA:75,10,0,0
BRDA:75,10,1,0
BRDA:76,11,0,0
BRDA:76,11,1,0
BRDA:77,12,0,0
BRDA:77,12,1,0
BRDA:87,13,0,2
BRDA:87,13,1,0
BRF:29
BRH:9
end_of_record
TN:
SF:app\api\dues-recommendation\route.ts
FN:20,GET
FNF:1
FNH:1
FNDA:2,GET
DA:9,1
DA:21,2
DA:22,2
DA:23,2
DA:25,2
DA:31,2
DA:32,0
DA:35,2
DA:36,2
DA:38,2
DA:39,2
DA:40,2
DA:41,2
DA:42,0
DA:43,0
DA:44,0
DA:49,0
DA:52,2
DA:53,2
DA:54,2
DA:55,0
DA:56,0
DA:57,0
DA:62,0
DA:65,2
DA:66,2
DA:67,2
DA:68,2
DA:69,0
DA:70,0
DA:71,0
DA:72,0
DA:73,0
DA:78,0
DA:81,2
DA:87,2
DA:89,0
DA:90,0
LF:38
LH:21
BRDA:23,0,0,0
BRDA:23,0,1,2
BRDA:31,1,0,0
BRDA:31,1,1,2
BRDA:41,2,0,0
BRDA:41,2,1,2
BRDA:43,3,0,0
BRDA:43,3,1,0
BRDA:43,4,0,0
BRDA:43,4,1,0
BRDA:43,4,2,0
BRDA:54,5,0,0
BRDA:54,5,1,2
BRDA:56,6,0,0
BRDA:56,6,1,0
BRDA:56,7,0,0
BRDA:56,7,1,0
BRDA:56,7,2,0
BRDA:68,8,0,0
BRDA:68,8,1,2
BRDA:72,9,0,0
BRDA:72,9,1,0
BRDA:72,10,0,0
BRDA:72,10,1,0
BRDA:72,10,2,0
BRDA:93,11,0,0
BRDA:93,11,1,0
BRF:27
BRH:5
end_of_record
TN:
SF:app\api\email-config\route.ts
FN:18,GET
FN:63,POST
FN:82,(anonymous_2)
FN:86,(anonymous_3)
FN:182,PUT
FNF:5
FNH:4
FNDA:2,GET
FNDA:4,POST
FNDA:0,(anonymous_2)
FNDA:3,(anonymous_3)
FNDA:2,PUT
DA:19,2
DA:20,2
DA:21,2
DA:23,2
DA:29,2
DA:30,0
DA:33,2
DA:34,2
DA:36,2
DA:37,0
DA:39,0
DA:40,0
DA:44,2
DA:50,2
DA:51,2
DA:53,0
DA:54,0
DA:64,4
DA:65,4
DA:66,4
DA:68,4
DA:69,4
DA:71,4
DA:77,4
DA:78,0
DA:81,4
DA:82,4
DA:83,4
DA:84,4
DA:85,3
DA:86,3
DA:90,1
DA:93,1
DA:95,1
DA:100,1
DA:103,1
DA:109,1
DA:110,1
DA:113,1
DA:119,1
DA:130,1
DA:137,0
DA:138,0
DA:145,0
DA:148,0
DA:155,0
DA:166,0
DA:173,0
DA:174,0
DA:183,2
DA:184,2
DA:186,2
LF:52
LH:37
BRDA:21,0,0,0
BRDA:21,0,1,2
BRDA:29,1,0,0
BRDA:29,1,1,2
BRDA:36,2,0,0
BRDA:36,2,1,2
BRDA:55,3,0,0
BRDA:55,3,1,0
BRDA:66,4,0,0
BRDA:66,4,1,4
BRDA:69,5,0,0
BRDA:69,5,1,4
BRDA:77,6,0,0
BRDA:77,6,1,4
BRDA:84,7,0,3
BRDA:84,7,1,1
BRDA:95,8,0,1
BRDA:95,8,1,0
BRDA:101,9,0,1
BRDA:101,9,1,0
BRDA:101,9,2,0
BRDA:109,10,0,1
BRDA:109,10,1,0
BRDA:137,11,0,0
BRDA:137,11,1,0
BRDA:151,12,0,0
BRDA:151,12,1,0
BRDA:175,13,0,0
BRDA:175,13,1,0
BRDA:184,14,0,0
BRDA:184,14,1,2
BRF:31
BRH:12
end_of_record
TN:
SF:app\api\email-config\test\route.ts
FN:12,POST
FNF:1
FNH:1
FNDA:2,POST
DA:13,2
DA:14,2
DA:15,2
DA:17,2
DA:18,2
DA:20,2
DA:24,2
DA:25,0
DA:28,2
DA:31,2
DA:33,2
DA:34,0
DA:40,2
DA:41,2
DA:42,0
DA:49,2
DA:58,2
DA:81,2
DA:86,0
DA:87,0
LF:20
LH:15
BRDA:15,0,0,0
BRDA:15,0,1,2
BRDA:18,1,0,0
BRDA:18,1,1,2
BRDA:24,2,0,0
BRDA:24,2,1,2
BRDA:33,3,0,0
BRDA:33,3,1,2
BRDA:41,4,0,0
BRDA:41,4,1,2
BRDA:88,5,0,0
BRDA:88,5,1,0
BRF:12
BRH:5
end_of_record
TN:
SF:app\api\events\route.ts
FN:15,GET
FN:36,(anonymous_1)
FN:44,(anonymous_2)
FN:50,(anonymous_3)
FN:58,(anonymous_4)
FN:68,(anonymous_5)
FN:72,(anonymous_6)
FN:82,(anonymous_7)
FN:85,(anonymous_8)
FNF:9
FNH:8
FNDA:2,GET
FNDA:2,(anonymous_1)
FNDA:0,(anonymous_2)
FNDA:2,(anonymous_3)
FNDA:2,(anonymous_4)
FNDA:2,(anonymous_5)
FNDA:2,(anonymous_6)
FNDA:2,(anonymous_7)
FNDA:2,(anonymous_8)
DA:16,2
DA:17,2
DA:18,2
DA:20,2
DA:26,2
DA:27,0
DA:30,2
DA:35,2
DA:38,2
DA:45,0
DA:52,2
DA:57,2
DA:58,2
DA:65,2
DA:68,2
DA:72,2
DA:74,2
DA:81,2
DA:82,2
DA:85,2
DA:86,2
DA:88,2
DA:90,2
DA:91,2
DA:104,2
DA:106,0
DA:107,0
LF:27
LH:23
BRDA:18,0,0,0
BRDA:18,0,1,2
BRDA:26,1,0,0
BRDA:26,1,1,2
BRDA:46,2,0,0
BRDA:46,2,1,0
BRDA:58,3,0,2
BRDA:58,3,1,0
BRDA:58,4,0,2
BRDA:58,4,1,0
BRDA:68,5,0,2
BRDA:68,5,1,0
BRDA:86,6,0,2
BRDA:86,6,1,0
BRDA:88,7,0,2
BRDA:88,7,1,2
BRDA:88,7,2,0
BRDA:90,8,0,2
BRDA:90,8,1,0
BRDA:96,9,0,2
BRDA:96,9,1,1
BRDA:100,10,0,2
BRDA:100,10,1,2
BRDA:108,11,0,0
BRDA:108,11,1,0
BRF:25
BRH:13
end_of_record
TN:
SF:app\api\families\route.ts
FN:19,GET
FN:67,(anonymous_1)
FN:94,(anonymous_2)
FN:118,(anonymous_3)
FN:140,(anonymous_4)
FN:182,POST
FN:201,(anonymous_6)
FN:205,(anonymous_7)
FNF:8
FNH:6
FNDA:2,GET
FNDA:2,(anonymous_1)
FNDA:0,(anonymous_2)
FNDA:2,(anonymous_3)
FNDA:2,(anonymous_4)
FNDA:2,POST
FNDA:0,(anonymous_6)
FNDA:2,(anonymous_7)
DA:20,2
DA:21,2
DA:22,2
DA:24,2
DA:30,2
DA:31,0
DA:34,2
DA:36,2
DA:37,2
DA:38,2
DA:43,2
DA:44,2
DA:45,2
DA:46,2
DA:48,2
DA:50,2
DA:51,2
DA:56,0
DA:57,0
DA:58,0
DA:60,0
DA:66,2
DA:67,2
DA:68,2
DA:74,2
DA:76,2
DA:77,2
DA:78,2
DA:79,2
DA:80,0
DA:81,0
DA:82,0
DA:83,0
DA:90,0
DA:95,0
DA:102,2
DA:103,0
DA:118,2
DA:119,2
DA:130,2
DA:131,2
DA:132,1
DA:135,2
DA:140,2
DA:141,2
DA:148,2
DA:149,0
DA:150,0
DA:151,0
DA:152,0
DA:154,2
DA:159,2
DA:160,2
DA:163,2
DA:164,2
DA:166,0
DA:167,0
DA:183,2
DA:184,2
DA:185,2
DA:187,2
DA:188,2
DA:190,2
DA:196,2
DA:197,0
DA:200,2
DA:201,2
DA:202,2
DA:203,2
DA:204,2
DA:205,2
DA:209,0
DA:233,0
DA:235,0
DA:236,0
DA:237,0
DA:244,0
DA:245,0
DA:246,0
DA:247,0
DA:248,0
DA:254,0
DA:255,0
DA:261,0
DA:293,0
DA:303,0
DA:305,0
DA:306,0
LF:88
LH:52
BRDA:22,0,0,0
BRDA:22,0,1,2
BRDA:30,1,0,0
BRDA:30,1,1,2
BRDA:44,2,0,2
BRDA:44,2,1,0
BRDA:46,3,0,2
BRDA:46,3,1,0
BRDA:48,4,0,2
BRDA:48,4,1,0
BRDA:51,5,0,0
BRDA:51,5,1,2
BRDA:57,6,0,0
BRDA:57,6,1,0
BRDA:76,7,0,2
BRDA:76,7,1,0
BRDA:79,8,0,0
BRDA:79,8,1,2
BRDA:82,9,0,0
BRDA:82,9,1,0
BRDA:84,10,0,0
BRDA:84,10,1,0
BRDA:96,11,0,0
BRDA:96,11,1,0
BRDA:102,12,0,0
BRDA:102,12,1,2
BRDA:103,13,0,0
BRDA:103,13,1,0
BRDA:143,14,0,2
BRDA:143,14,1,0
BRDA:144,15,0,2
BRDA:144,15,1,0
BRDA:145,16,0,2
BRDA:145,16,1,2
BRDA:146,17,0,2
BRDA:146,17,1,1
BRDA:148,18,0,0
BRDA:148,18,1,2
BRDA:159,19,0,2
BRDA:159,19,1,0
BRDA:168,20,0,0
BRDA:168,20,1,0
BRDA:185,21,0,0
BRDA:185,21,1,2
BRDA:188,22,0,0
BRDA:188,22,1,2
BRDA:196,23,0,0
BRDA:196,23,1,2
BRDA:203,24,0,2
BRDA:203,24,1,0
BRDA:236,25,0,0
BRDA:236,25,1,0
BRDA:236,26,0,0
BRDA:236,26,1,0
BRDA:247,27,0,0
BRDA:247,27,1,0
BRDA:256,28,0,0
BRDA:256,28,1,0
BRDA:256,29,0,0
BRDA:256,29,1,0
BRDA:264,30,0,0
BRDA:264,30,1,0
BRDA:266,31,0,2
BRDA:266,31,1,0
BRDA:267,32,0,2
BRDA:267,32,1,0
BRDA:268,33,0,2
BRDA:268,33,1,0
BRDA:269,34,0,2
BRDA:269,34,1,0
BRDA:270,35,0,2
BRDA:270,35,1,0
BRDA:271,36,0,2
BRDA:271,36,1,0
BRDA:272,37,0,2
BRDA:272,37,1,0
BRDA:273,38,0,2
BRDA:273,38,1,0
BRDA:274,39,0,2
BRDA:274,39,1,0
BRDA:275,40,0,2
BRDA:275,40,1,0
BRDA:276,41,0,2
BRDA:276,41,1,0
BRDA:277,42,0,2
BRDA:277,42,1,0
BRDA:278,43,0,2
BRDA:278,43,1,0
BRDA:279,44,0,2
BRDA:279,44,1,0
BRDA:280,45,0,2
BRDA:280,45,1,0
BRDA:283,46,0,0
BRDA:283,46,1,0
BRDA:283,47,0,2
BRDA:283,47,1,0
BRDA:283,47,2,0
BRDA:287,48,0,0
BRDA:287,48,1,0
BRDA:287,49,0,2
BRDA:287,49,1,0
BRDA:287,49,2,0
BRDA:307,50,0,0
BRDA:307,50,1,0
BRF:104
BRH:38
end_of_record
TN:
SF:app\api\families\[id]\route.ts
FN:22,(anonymous_0)
FN:49,(anonymous_1)
FN:54,(anonymous_2)
FN:92,(anonymous_3)
FN:97,(anonymous_4)
FN:106,(anonymous_5)
FN:112,(anonymous_6)
FN:120,(anonymous_7)
FN:128,(anonymous_8)
FN:136,(anonymous_9)
FN:142,(anonymous_10)
FN:150,(anonymous_11)
FN:183,(anonymous_12)
FN:261,(anonymous_13)
FNF:14
FNH:8
FNDA:2,(anonymous_0)
FNDA:0,(anonymous_1)
FNDA:0,(anonymous_2)
FNDA:2,(anonymous_3)
FNDA:2,(anonymous_4)
FNDA:0,(anonymous_5)
FNDA:2,(anonymous_6)
FNDA:0,(anonymous_7)
FNDA:2,(anonymous_8)
FNDA:0,(anonymous_9)
FNDA:2,(anonymous_10)
FNDA:0,(anonymous_11)
FNDA:2,(anonymous_12)
FNDA:2,(anonymous_13)
DA:18,1
DA:23,2
DA:29,2
DA:30,0
DA:33,2
DA:34,2
DA:35,0
DA:37,2
DA:38,2
DA:40,2
DA:42,2
DA:48,2
DA:49,0
DA:51,0
DA:54,0
DA:55,0
DA:56,0
DA:57,0
DA:58,0
DA:59,0
DA:61,0
DA:62,0
DA:63,0
DA:64,0
DA:65,0
DA:66,0
DA:87,2
DA:88,2
DA:91,2
DA:94,2
DA:99,2
DA:107,0
DA:114,2
DA:121,0
DA:130,2
DA:137,0
DA:144,2
DA:151,0
DA:159,2
DA:177,1
DA:184,2
DA:190,2
DA:191,0
DA:194,2
DA:195,2
DA:196,0
DA:199,2
DA:200,2
DA:204,0
DA:205,0
DA:209,0
DA:216,0
DA:217,0
DA:218,0
DA:220,0
DA:224,0
DA:225,0
DA:229,0
DA:234,0
DA:236,0
DA:246,0
DA:256,1
DA:262,2
DA:268,2
DA:269,0
DA:272,2
DA:273,2
DA:274,0
DA:277,2
DA:278,2
DA:280,0
LF:71
LH:33
BRDA:29,0,0,0
BRDA:29,0,1,2
BRDA:34,1,0,0
BRDA:34,1,1,2
BRDA:38,2,0,0
BRDA:38,2,1,2
BRDA:48,3,0,0
BRDA:48,3,1,2
BRDA:108,4,0,0
BRDA:108,4,1,0
BRDA:122,5,0,0
BRDA:122,5,1,0
BRDA:138,6,0,0
BRDA:138,6,1,0
BRDA:152,7,0,0
BRDA:152,7,1,0
BRDA:190,8,0,0
BRDA:190,8,1,2
BRDA:195,9,0,0
BRDA:195,9,1,2
BRDA:199,10,0,2
BRDA:199,10,1,0
BRDA:204,11,0,0
BRDA:204,11,1,0
BRDA:209,12,0,0
BRDA:209,12,1,0
BRDA:216,13,0,0
BRDA:216,13,1,0
BRDA:217,14,0,0
BRDA:217,14,1,0
BRDA:224,15,0,0
BRDA:224,15,1,0
BRDA:234,16,0,0
BRDA:234,16,1,0
BRDA:268,17,0,0
BRDA:268,17,1,2
BRDA:273,18,0,0
BRDA:273,18,1,2
BRDA:278,19,0,2
BRDA:278,19,1,0
BRF:40
BRH:10
end_of_record
TN:
SF:app\api\families\[id]\charge-saved-card\route.ts
FN:23,getStripe
FN:36,validationIssues
FN:37,(anonymous_2)
FN:41,POST
FN:70,(anonymous_4)
FN:74,(anonymous_5)
FNF:6
FNH:2
FNDA:0,getStripe
FNDA:0,validationIssues
FNDA:0,(anonymous_2)
FNDA:2,POST
FNDA:0,(anonymous_4)
FNDA:3,(anonymous_5)
DA:19,1
DA:24,0
DA:25,0
DA:26,0
DA:28,0
DA:34,1
DA:37,0
DA:45,2
DA:46,2
DA:48,2
DA:49,2
DA:50,2
DA:53,2
DA:54,2
DA:55,2
DA:56,2
DA:57,0
DA:60,2
DA:64,2
DA:65,0
DA:67,2
DA:69,2
DA:70,2
DA:71,2
DA:72,2
DA:73,2
DA:74,3
DA:87,0
DA:88,0
DA:89,0
DA:91,0
DA:92,0
DA:98,0
DA:99,0
DA:100,0
DA:103,0
DA:108,0
DA:109,0
DA:118,0
DA:119,0
DA:120,0
DA:122,0
DA:127,0
DA:128,0
DA:135,0
DA:136,0
DA:137,0
DA:143,0
DA:144,2
DA:154,2
DA:155,2
DA:177,0
DA:179,0
DA:180,0
DA:181,0
DA:190,0
DA:204,0
DA:212,0
DA:217,0
DA:230,0
DA:243,0
DA:249,2
DA:250,2
DA:253,0
DA:257,0
DA:278,2
DA:279,0
DA:283,0
DA:284,0
DA:285,0
DA:286,0
DA:288,0
DA:289,0
DA:297,0
DA:301,0
DA:302,0
DA:312,0
DA:313,0
DA:317,0
DA:318,0
DA:330,0
DA:343,0
DA:352,0
DA:360,0
DA:361,0
DA:362,0
DA:363,0
DA:365,0
DA:372,0
DA:373,0
DA:374,0
DA:375,0
DA:376,0
DA:377,0
DA:379,0
DA:390,0
DA:391,0
DA:394,0
DA:395,0
DA:403,0
DA:404,0
DA:405,0
DA:416,0
DA:417,2
DA:426,0
DA:448,0
DA:458,0
DA:460,0
DA:461,0
DA:462,0
DA:472,0
DA:476,0
LF:112
LH:27
BRDA:25,0,0,0
BRDA:25,0,1,0
BRDA:46,1,0,0
BRDA:46,1,1,2
BRDA:55,2,0,0
BRDA:55,2,1,2
BRDA:56,3,0,0
BRDA:56,3,1,2
BRDA:64,4,0,0
BRDA:64,4,1,2
BRDA:72,5,0,2
BRDA:72,5,1,0
BRDA:91,6,0,0
BRDA:91,6,1,0
BRDA:99,7,0,0
BRDA:99,7,1,0
BRDA:108,8,0,0
BRDA:108,8,1,0
BRDA:108,9,0,0
BRDA:108,9,1,0
BRDA:118,10,0,0
BRDA:118,10,1,0
BRDA:119,11,0,0
BRDA:119,11,1,0
BRDA:127,12,0,0
BRDA:127,12,1,0
BRDA:143,13,0,0
BRDA:143,13,1,0
BRDA:168,14,0,2
BRDA:168,14,1,0
BRDA:179,15,0,0
BRDA:179,15,1,0
BRDA:192,16,0,0
BRDA:192,16,1,0
BRDA:212,17,0,0
BRDA:212,17,1,0
BRDA:243,18,0,0
BRDA:243,18,1,0
BRDA:262,19,0,0
BRDA:262,19,1,0
BRDA:263,20,0,2
BRDA:263,20,1,0
BRDA:270,21,0,2
BRDA:270,21,1,0
BRDA:275,22,0,2
BRDA:275,22,1,0
BRDA:278,23,0,0
BRDA:278,23,1,2
BRDA:288,24,0,0
BRDA:288,24,1,0
BRDA:297,25,0,0
BRDA:297,25,1,0
BRDA:317,26,0,0
BRDA:317,26,1,0
BRDA:361,27,0,0
BRDA:361,27,1,0
BRDA:362,28,0,0
BRDA:362,28,1,0
BRDA:372,29,0,0
BRDA:372,29,1,0
BRDA:387,30,0,0
BRDA:387,30,1,0
BRDA:387,31,0,0
BRDA:387,31,1,0
BRDA:405,32,0,0
BRDA:405,32,1,0
BRDA:416,33,0,0
BRDA:416,33,1,0
BRDA:417,34,0,0
BRDA:417,34,1,2
BRDA:434,35,0,0
BRDA:434,35,1,0
BRDA:460,36,0,0
BRDA:460,36,1,0
BRDA:465,37,0,0
BRDA:465,37,1,0
BRDA:465,38,0,0
BRDA:465,38,1,0
BRDA:479,39,0,0
BRDA:479,39,1,0
BRF:80
BRH:11
end_of_record
TN:
SF:app\api\families\[id]\lifecycle-events\route.ts
FN:15,GET
FN:39,(anonymous_1)
FN:47,(anonymous_2)
FN:66,POST
FN:89,(anonymous_4)
FN:96,(anonymous_5)
FN:165,(anonymous_6)
FNF:7
FNH:4
FNDA:2,GET
FNDA:2,(anonymous_1)
FNDA:0,(anonymous_2)
FNDA:2,POST
FNDA:0,(anonymous_4)
FNDA:3,(anonymous_5)
FNDA:0,(anonymous_6)
DA:17,2
DA:18,2
DA:19,2
DA:21,2
DA:27,2
DA:28,0
DA:31,2
DA:32,0
DA:34,2
DA:35,2
DA:36,2
DA:37,0
DA:39,2
DA:41,2
DA:48,0
DA:53,2
DA:55,0
DA:56,0
DA:68,2
DA:69,2
DA:70,2
DA:72,2
DA:73,2
DA:74,2
DA:75,0
DA:78,2
DA:84,2
DA:85,0
DA:88,2
DA:89,2
DA:90,2
DA:91,0
DA:93,2
DA:94,2
DA:95,1
DA:96,3
DA:100,1
DA:103,1
DA:104,1
DA:105,0
DA:109,1
DA:110,1
DA:111,1
DA:112,1
DA:113,1
DA:114,0
DA:116,1
DA:123,0
DA:124,0
DA:127,0
DA:128,2
DA:129,0
DA:135,0
DA:147,0
DA:165,0
DA:166,0
DA:169,0
DA:171,0
DA:172,0
LF:59
LH:37
BRDA:19,0,0,0
BRDA:19,0,1,2
BRDA:27,1,0,0
BRDA:27,1,1,2
BRDA:31,2,0,0
BRDA:31,2,1,2
BRDA:36,3,0,0
BRDA:36,3,1,2
BRDA:49,4,0,0
BRDA:49,4,1,0
BRDA:57,5,0,0
BRDA:57,5,1,0
BRDA:70,6,0,0
BRDA:70,6,1,2
BRDA:73,7,0,0
BRDA:73,7,1,2
BRDA:74,8,0,0
BRDA:74,8,1,2
BRDA:84,9,0,0
BRDA:84,9,1,2
BRDA:90,10,0,0
BRDA:90,10,1,2
BRDA:90,11,0,2
BRDA:90,11,1,2
BRDA:90,11,2,2
BRDA:94,12,0,1
BRDA:94,12,1,1
BRDA:104,13,0,0
BRDA:104,13,1,1
BRDA:111,14,0,1
BRDA:111,14,1,0
BRDA:113,15,0,0
BRDA:113,15,1,1
BRDA:128,16,0,0
BRDA:128,16,1,2
BRDA:141,17,0,0
BRDA:141,17,1,0
BRDA:173,18,0,0
BRDA:173,18,1,0
BRF:39
BRH:18
end_of_record
TN:
SF:app\api\families\[id]\members\route.ts
FN:22,GET
FN:47,(anonymous_1)
FN:59,(anonymous_2)
FN:83,POST
FN:106,(anonymous_4)
FN:110,(anonymous_5)
FNF:6
FNH:4
FNDA:2,GET
FNDA:2,(anonymous_1)
FNDA:0,(anonymous_2)
FNDA:2,POST
FNDA:0,(anonymous_4)
FNDA:3,(anonymous_5)
DA:24,2
DA:25,2
DA:26,2
DA:28,2
DA:34,2
DA:35,0
DA:38,2
DA:39,0
DA:41,2
DA:42,2
DA:43,2
DA:44,0
DA:46,2
DA:47,2
DA:49,2
DA:57,2
DA:60,0
DA:61,0
DA:62,0
DA:63,0
DA:64,0
DA:66,2
DA:68,0
DA:69,0
DA:85,2
DA:86,2
DA:87,2
DA:89,2
DA:90,2
DA:91,2
DA:92,0
DA:95,2
DA:101,2
DA:102,0
DA:105,2
DA:106,2
DA:107,2
DA:108,2
DA:109,1
DA:110,3
DA:118,1
DA:121,1
DA:122,1
DA:123,0
DA:127,1
DA:128,1
DA:129,1
DA:130,1
DA:134,1
DA:135,1
DA:136,1
DA:139,1
DA:170,1
DA:190,1
DA:195,2
DA:196,1
DA:200,1
DA:201,0
DA:202,0
DA:208,0
DA:209,0
DA:210,0
DA:211,0
DA:212,0
DA:213,0
DA:218,0
DA:222,1
DA:223,0
DA:224,0
DA:230,0
DA:231,0
DA:232,0
DA:241,0
DA:242,0
DA:243,0
DA:248,0
DA:253,1
DA:255,0
DA:256,0
LF:79
LH:46
BRDA:26,0,0,0
BRDA:26,0,1,2
BRDA:34,1,0,0
BRDA:34,1,1,2
BRDA:38,2,0,0
BRDA:38,2,1,2
BRDA:43,3,0,0
BRDA:43,3,1,2
BRDA:57,4,0,2
BRDA:57,4,1,0
BRDA:70,5,0,0
BRDA:70,5,1,0
BRDA:87,6,0,0
BRDA:87,6,1,2
BRDA:90,7,0,0
BRDA:90,7,1,2
BRDA:91,8,0,0
BRDA:91,8,1,2
BRDA:101,9,0,0
BRDA:101,9,1,2
BRDA:108,10,0,1
BRDA:108,10,1,1
BRDA:122,11,0,0
BRDA:122,11,1,1
BRDA:128,12,0,1
BRDA:128,12,1,0
BRDA:128,13,0,1
BRDA:128,13,1,1
BRDA:135,14,0,1
BRDA:135,14,1,0
BRDA:135,15,0,1
BRDA:135,15,1,1
BRDA:142,16,0,1
BRDA:142,16,1,1
BRDA:144,17,0,2
BRDA:144,17,1,1
BRDA:146,18,0,2
BRDA:146,18,1,0
BRDA:147,19,0,2
BRDA:147,19,1,0
BRDA:148,20,0,2
BRDA:148,20,1,1
BRDA:149,21,0,2
BRDA:149,21,1,1
BRDA:150,22,0,2
BRDA:150,22,1,1
BRDA:151,23,0,2
BRDA:151,23,1,1
BRDA:152,24,0,2
BRDA:152,24,1,1
BRDA:153,25,0,2
BRDA:153,25,1,1
BRDA:154,26,0,2
BRDA:154,26,1,1
BRDA:155,27,0,2
BRDA:155,27,1,1
BRDA:156,28,0,2
BRDA:156,28,1,1
BRDA:157,29,0,2
BRDA:157,29,1,1
BRDA:158,30,0,2
BRDA:158,30,1,1
BRDA:159,31,0,2
BRDA:159,31,1,1
BRDA:160,32,0,2
BRDA:160,32,1,0
BRDA:180,33,0,1
BRDA:180,33,1,0
BRDA:190,34,0,1
BRDA:190,34,1,0
BRDA:190,34,2,0
BRDA:190,34,3,0
BRDA:195,35,0,1
BRDA:195,35,1,1
BRDA:195,36,0,2
BRDA:195,36,1,1
BRDA:195,36,2,1
BRDA:200,37,0,0
BRDA:200,37,1,1
BRDA:200,38,0,1
BRDA:200,38,1,0
BRDA:208,39,0,0
BRDA:208,39,1,0
BRDA:210,40,0,0
BRDA:210,40,1,0
BRDA:222,41,0,0
BRDA:222,41,1,1
BRDA:222,42,0,1
BRDA:222,42,1,1
BRDA:222,42,2,1
BRDA:230,43,0,0
BRDA:230,43,1,0
BRDA:257,44,0,0
BRDA:257,44,1,0
BRF:94
BRH:62
end_of_record
TN:
SF:app\api\families\[id]\members\[memberId]\route.ts
FN:25,PUT
FN:57,(anonymous_1)
FN:61,(anonymous_2)
FN:265,DELETE
FNF:4
FNH:3
FNDA:2,PUT
FNDA:0,(anonymous_1)
FNDA:3,(anonymous_2)
FNDA:2,DELETE
DA:27,2
DA:28,2
DA:29,2
DA:31,2
DA:32,2
DA:34,2
DA:35,0
DA:41,2
DA:47,2
DA:48,0
DA:52,2
DA:53,2
DA:54,0
DA:57,2
DA:58,2
DA:59,2
DA:60,1
DA:61,3
DA:69,1
DA:72,1
DA:73,1
DA:74,1
DA:75,1
DA:77,0
DA:83,1
DA:84,1
DA:85,1
DA:86,1
DA:88,0
DA:93,1
DA:99,1
DA:100,1
DA:102,1
DA:103,1
DA:105,1
DA:106,1
DA:110,1
DA:111,0
DA:113,1
DA:114,0
DA:117,1
DA:118,0
DA:120,1
DA:121,0
DA:123,1
DA:124,0
DA:126,1
DA:127,0
DA:129,1
DA:130,0
DA:132,1
DA:133,0
DA:135,1
DA:136,0
DA:138,1
DA:139,0
DA:142,1
DA:143,0
DA:145,1
DA:146,0
DA:148,1
DA:149,0
DA:151,1
DA:152,0
DA:156,1
DA:162,1
DA:163,1
DA:174,0
DA:180,2
DA:181,0
DA:185,0
DA:186,0
DA:187,0
DA:193,0
DA:194,0
DA:195,0
DA:196,0
DA:197,0
DA:198,0
DA:203,0
DA:207,0
DA:208,0
DA:209,0
DA:215,0
DA:216,0
DA:217,0
DA:226,0
DA:227,0
DA:228,0
DA:233,0
DA:240,0
DA:242,0
DA:243,0
DA:244,0
DA:247,0
DA:248,0
DA:249,0
DA:250,0
DA:251,0
DA:254,0
DA:267,2
DA:268,2
DA:269,2
DA:271,2
DA:272,2
DA:273,2
DA:275,2
DA:276,0
DA:282,2
DA:288,2
DA:289,0
DA:295,2
DA:300,2
DA:301,1
DA:304,1
DA:309,1
DA:311,0
DA:312,0
LF:118
LH:63
BRDA:29,0,0,0
BRDA:29,0,1,2
BRDA:32,1,0,0
BRDA:32,1,1,2
BRDA:34,2,0,0
BRDA:34,2,1,2
BRDA:34,3,0,2
BRDA:34,3,1,2
BRDA:47,4,0,0
BRDA:47,4,1,2
BRDA:53,5,0,0
BRDA:53,5,1,2
BRDA:53,6,0,2
BRDA:53,6,1,2
BRDA:59,7,0,1
BRDA:59,7,1,1
BRDA:73,8,0,1
BRDA:73,8,1,0
BRDA:73,9,0,1
BRDA:73,9,1,0
BRDA:84,10,0,1
BRDA:84,10,1,0
BRDA:84,11,0,1
BRDA:84,11,1,1
BRDA:99,12,0,1
BRDA:99,12,1,0
BRDA:99,13,0,1
BRDA:99,13,1,1
BRDA:102,14,0,1
BRDA:102,14,1,0
BRDA:102,15,0,1
BRDA:102,15,1,1
BRDA:102,15,2,0
BRDA:105,16,0,1
BRDA:105,16,1,0
BRDA:110,17,0,0
BRDA:110,17,1,1
BRDA:113,18,0,0
BRDA:113,18,1,1
BRDA:117,19,0,0
BRDA:117,19,1,1
BRDA:118,20,0,0
BRDA:118,20,1,0
BRDA:120,21,0,0
BRDA:120,21,1,1
BRDA:121,22,0,0
BRDA:121,22,1,0
BRDA:123,23,0,0
BRDA:123,23,1,1
BRDA:124,24,0,0
BRDA:124,24,1,0
BRDA:126,25,0,0
BRDA:126,25,1,1
BRDA:127,26,0,0
BRDA:127,26,1,0
BRDA:129,27,0,0
BRDA:129,27,1,1
BRDA:130,28,0,0
BRDA:130,28,1,0
BRDA:132,29,0,0
BRDA:132,29,1,1
BRDA:133,30,0,0
BRDA:133,30,1,0
BRDA:135,31,0,0
BRDA:135,31,1,1
BRDA:136,32,0,0
BRDA:136,32,1,0
BRDA:138,33,0,0
BRDA:138,33,1,1
BRDA:139,34,0,0
BRDA:139,34,1,0
BRDA:142,35,0,0
BRDA:142,35,1,1
BRDA:143,36,0,0
BRDA:143,36,1,0
BRDA:145,37,0,0
BRDA:145,37,1,1
BRDA:146,38,0,0
BRDA:146,38,1,0
BRDA:148,39,0,0
BRDA:148,39,1,1
BRDA:149,40,0,0
BRDA:149,40,1,0
BRDA:151,41,0,0
BRDA:151,41,1,1
BRDA:152,42,0,0
BRDA:152,42,1,0
BRDA:162,43,0,1
BRDA:162,43,1,0
BRDA:174,44,0,0
BRDA:174,44,1,0
BRDA:174,44,2,0
BRDA:174,44,3,0
BRDA:174,44,4,0
BRDA:180,45,0,0
BRDA:180,45,1,2
BRDA:180,46,0,2
BRDA:180,46,1,0
BRDA:180,46,2,0
BRDA:185,47,0,0
BRDA:185,47,1,0
BRDA:185,48,0,0
BRDA:185,48,1,0
BRDA:193,49,0,0
BRDA:193,49,1,0
BRDA:195,50,0,0
BRDA:195,50,1,0
BRDA:207,51,0,0
BRDA:207,51,1,0
BRDA:207,52,0,0
BRDA:207,52,1,0
BRDA:207,52,2,0
BRDA:215,53,0,0
BRDA:215,53,1,0
BRDA:247,54,0,0
BRDA:247,54,1,0
BRDA:248,55,0,0
BRDA:248,55,1,0
BRDA:250,56,0,0
BRDA:250,56,1,0
BRDA:257,57,0,0
BRDA:257,57,1,0
BRDA:269,58,0,0
BRDA:269,58,1,2
BRDA:272,59,0,0
BRDA:272,59,1,2
BRDA:275,60,0,0
BRDA:275,60,1,2
BRDA:275,61,0,2
BRDA:275,61,1,2
BRDA:288,62,0,0
BRDA:288,62,1,2
BRDA:300,63,0,1
BRDA:300,63,1,1
BRDA:313,64,0,0
BRDA:313,64,1,0
BRF:136
BRH:48
end_of_record
TN:
SF:app\api\families\[id]\members\[memberId]\convert-to-family\route.ts
FN:16,POST
FN:39,(anonymous_1)
FNF:2
FNH:1
FNDA:2,POST
FNDA:0,(anonymous_1)
DA:18,2
DA:19,2
DA:20,2
DA:22,2
DA:23,2
DA:24,2
DA:25,0
DA:28,2
DA:34,2
DA:35,0
DA:38,2
DA:39,2
DA:40,2
DA:41,0
DA:43,2
DA:45,2
DA:46,2
DA:53,0
DA:58,0
DA:59,0
DA:64,0
DA:65,0
DA:72,0
DA:73,0
DA:74,0
DA:81,0
DA:85,2
DA:86,2
DA:87,0
DA:97,0
DA:100,0
DA:101,0
DA:102,0
DA:103,0
DA:104,0
DA:110,0
DA:111,0
DA:112,0
DA:115,0
DA:120,0
DA:121,2
DA:128,2
DA:133,2
DA:173,0
DA:174,0
DA:185,0
DA:186,0
DA:187,0
DA:189,0
DA:203,0
DA:209,0
DA:210,0
LF:52
LH:19
BRDA:20,0,0,0
BRDA:20,0,1,2
BRDA:23,1,0,0
BRDA:23,1,1,2
BRDA:24,2,0,0
BRDA:24,2,1,2
BRDA:24,3,0,2
BRDA:24,3,1,2
BRDA:34,4,0,0
BRDA:34,4,1,2
BRDA:40,5,0,0
BRDA:40,5,1,2
BRDA:40,6,0,2
BRDA:40,6,1,2
BRDA:40,6,2,2
BRDA:45,7,0,2
BRDA:45,7,1,0
BRDA:58,8,0,0
BRDA:58,8,1,0
BRDA:64,9,0,0
BRDA:64,9,1,0
BRDA:73,10,0,0
BRDA:73,10,1,0
BRDA:81,11,0,0
BRDA:81,11,1,0
BRDA:86,12,0,0
BRDA:86,12,1,2
BRDA:102,13,0,0
BRDA:102,13,1,0
BRDA:110,14,0,0
BRDA:110,14,1,0
BRDA:112,15,0,0
BRDA:112,15,1,0
BRDA:120,16,0,0
BRDA:120,16,1,0
BRDA:120,17,0,0
BRDA:120,17,1,0
BRDA:121,18,0,0
BRDA:121,18,1,0
BRDA:121,19,0,2
BRDA:121,19,1,0
BRDA:122,20,0,0
BRDA:122,20,1,0
BRDA:128,21,0,0
BRDA:128,21,1,0
BRDA:129,22,0,0
BRDA:129,22,1,0
BRDA:130,23,0,0
BRDA:130,23,1,0
BRDA:137,24,0,2
BRDA:137,24,1,0
BRDA:138,25,0,2
BRDA:138,25,1,0
BRDA:138,25,2,0
BRDA:139,26,0,2
BRDA:139,26,1,0
BRDA:140,27,0,2
BRDA:140,27,1,0
BRDA:141,28,0,2
BRDA:141,28,1,0
BRDA:142,29,0,2
BRDA:142,29,1,0
BRDA:143,30,0,2
BRDA:143,30,1,0
BRDA:145,31,0,0
BRDA:145,31,1,0
BRDA:147,32,0,0
BRDA:147,32,1,0
BRDA:150,33,0,0
BRDA:150,33,1,0
BRDA:151,34,0,0
BRDA:151,34,1,0
BRDA:152,35,0,0
BRDA:152,35,1,0
BRDA:153,36,0,0
BRDA:153,36,1,0
BRDA:155,37,0,0
BRDA:155,37,1,0
BRDA:156,38,0,0
BRDA:156,38,1,0
BRDA:157,39,0,0
BRDA:157,39,1,0
BRDA:158,40,0,0
BRDA:158,40,1,0
BRDA:160,41,0,0
BRDA:160,41,1,0
BRDA:164,42,0,2
BRDA:164,42,1,0
BRDA:165,43,0,2
BRDA:165,43,1,0
BRDA:173,44,0,0
BRDA:173,44,1,0
BRDA:173,45,0,0
BRDA:173,45,1,0
BRDA:178,46,0,0
BRDA:178,46,1,0
BRDA:180,47,0,0
BRDA:180,47,1,0
BRDA:211,48,0,0
BRDA:211,48,1,0
BRF:100
BRH:22
end_of_record
TN:
SF:app\api\families\[id]\payments\route.ts
FN:18,(anonymous_0)
FN:35,(anonymous_1)
FN:44,(anonymous_2)
FN:89,(anonymous_3)
FNF:4
FNH:3
FNDA:2,(anonymous_0)
FNDA:2,(anonymous_1)
FNDA:0,(anonymous_2)
FNDA:1,(anonymous_3)
DA:13,1
DA:19,2
DA:25,2
DA:26,0
DA:29,2
DA:30,2
DA:31,0
DA:33,2
DA:34,2
DA:35,2
DA:37,2
DA:45,0
DA:50,2
DA:54,1
DA:83,1
DA:90,1
DA:96,1
DA:97,0
DA:100,1
DA:101,1
DA:102,0
DA:108,1
DA:112,1
DA:117,1
DA:118,1
DA:123,1
DA:126,0
DA:128,1
DA:131,0
DA:132,1
DA:133,0
DA:141,0
DA:151,1
DA:152,0
DA:153,0
DA:155,0
DA:157,0
DA:173,0
LF:38
LH:24
BRDA:25,0,0,0
BRDA:25,0,1,2
BRDA:30,1,0,0
BRDA:30,1,1,2
BRDA:34,2,0,0
BRDA:34,2,1,2
BRDA:46,3,0,0
BRDA:46,3,1,0
BRDA:96,4,0,0
BRDA:96,4,1,1
BRDA:101,5,0,0
BRDA:101,5,1,1
BRDA:112,6,0,0
BRDA:112,6,1,1
BRDA:117,7,0,1
BRDA:117,7,1,0
BRDA:123,8,0,1
BRDA:123,8,1,0
BRDA:126,9,0,0
BRDA:126,9,1,0
BRDA:132,10,0,0
BRDA:132,10,1,1
BRDA:147,11,0,0
BRDA:147,11,1,0
BRDA:151,12,0,0
BRDA:151,12,1,1
BRDA:152,13,0,0
BRDA:152,13,1,0
BRDA:152,14,0,0
BRDA:152,14,1,0
BRDA:153,15,0,0
BRDA:153,15,1,0
BRDA:153,16,0,0
BRDA:153,16,1,0
BRF:34
BRH:10
end_of_record
TN:
SF:app\api\families\[id]\saved-payment-methods\route.ts
FN:19,publicSavedPaymentMethod
FN:26,getStripe
FN:38,GET
FN:64,(anonymous_3)
FN:88,POST
FN:109,(anonymous_5)
FN:271,DELETE
FNF:7
FNH:4
FNDA:0,publicSavedPaymentMethod
FNDA:0,getStripe
FNDA:2,GET
FNDA:2,(anonymous_3)
FNDA:2,POST
FNDA:0,(anonymous_5)
FNDA:2,DELETE
DA:14,1
DA:20,0
DA:21,0
DA:22,0
DA:23,0
DA:27,0
DA:28,0
DA:29,0
DA:31,0
DA:40,2
DA:41,2
DA:42,2
DA:44,2
DA:50,2
DA:51,0
DA:54,2
DA:55,0
DA:57,2
DA:59,2
DA:60,2
DA:61,0
DA:64,2
DA:66,2
DA:77,2
DA:79,0
DA:80,0
DA:90,2
DA:91,2
DA:92,2
DA:94,2
DA:95,2
DA:96,2
DA:97,0
DA:100,2
DA:104,2
DA:105,0
DA:108,2
DA:109,2
DA:110,2
DA:111,0
DA:113,2
DA:115,2
DA:116,1
DA:121,1
DA:122,1
DA:126,0
DA:127,0
DA:128,0
DA:131,0
DA:145,0
DA:146,0
DA:151,0
DA:152,0
DA:153,0
DA:154,0
DA:155,0
DA:161,0
DA:164,2
DA:165,0
DA:170,0
DA:171,2
DA:172,2
DA:173,0
DA:178,0
DA:179,0
DA:184,0
DA:186,0
DA:187,0
DA:192,0
DA:193,0
DA:202,0
DA:204,0
DA:205,0
DA:212,0
DA:213,0
DA:220,0
DA:225,0
DA:227,0
DA:228,0
DA:229,0
DA:230,0
DA:234,0
DA:246,0
DA:260,0
DA:262,0
DA:263,0
DA:273,2
DA:274,2
DA:275,2
DA:277,2
DA:278,2
DA:279,2
DA:280,0
DA:283,2
DA:287,2
DA:288,0
DA:291,2
DA:292,2
DA:293,2
DA:295,2
DA:296,2
DA:301,0
DA:302,0
DA:305,0
DA:306,0
DA:307,0
DA:310,0
DA:319,0
DA:320,0
DA:323,0
DA:333,0
DA:335,0
DA:336,0
LF:113
LH:45
BRDA:20,0,0,0
BRDA:20,0,1,0
BRDA:28,1,0,0
BRDA:28,1,1,0
BRDA:42,2,0,0
BRDA:42,2,1,2
BRDA:50,3,0,0
BRDA:50,3,1,2
BRDA:54,4,0,0
BRDA:54,4,1,2
BRDA:60,5,0,0
BRDA:60,5,1,2
BRDA:81,6,0,0
BRDA:81,6,1,0
BRDA:92,7,0,0
BRDA:92,7,1,2
BRDA:95,8,0,0
BRDA:95,8,1,2
BRDA:96,9,0,0
BRDA:96,9,1,2
BRDA:104,10,0,0
BRDA:104,10,1,2
BRDA:110,11,0,0
BRDA:110,11,1,2
BRDA:110,12,0,2
BRDA:110,12,1,2
BRDA:110,12,2,2
BRDA:115,13,0,1
BRDA:115,13,1,1
BRDA:121,14,0,1
BRDA:121,14,1,0
BRDA:127,15,0,0
BRDA:127,15,1,0
BRDA:145,16,0,0
BRDA:145,16,1,0
BRDA:145,17,0,0
BRDA:145,17,1,0
BRDA:154,18,0,0
BRDA:154,18,1,0
BRDA:161,19,0,0
BRDA:161,19,1,0
BRDA:164,20,0,0
BRDA:164,20,1,2
BRDA:172,21,0,0
BRDA:172,21,1,2
BRDA:172,22,0,2
BRDA:172,22,1,0
BRDA:178,23,0,0
BRDA:178,23,1,0
BRDA:178,24,0,0
BRDA:178,24,1,0
BRDA:192,25,0,0
BRDA:192,25,1,0
BRDA:204,26,0,0
BRDA:204,26,1,0
BRDA:212,27,0,0
BRDA:212,27,1,0
BRDA:225,28,0,0
BRDA:225,28,1,0
BRDA:227,29,0,0
BRDA:227,29,1,0
BRDA:241,30,0,0
BRDA:241,30,1,0
BRDA:242,31,0,2
BRDA:242,31,1,0
BRDA:264,32,0,0
BRDA:264,32,1,0
BRDA:275,33,0,0
BRDA:275,33,1,2
BRDA:278,34,0,0
BRDA:278,34,1,2
BRDA:279,35,0,0
BRDA:279,35,1,2
BRDA:287,36,0,0
BRDA:287,36,1,2
BRDA:295,37,0,2
BRDA:295,37,1,0
BRDA:301,38,0,0
BRDA:301,38,1,0
BRDA:306,39,0,0
BRDA:306,39,1,0
BRDA:319,40,0,0
BRDA:319,40,1,0
BRDA:337,41,0,0
BRDA:337,41,1,0
BRF:85
BRH:24
end_of_record
TN:
SF:app\api\families\[id]\sub-families\route.ts
FN:12,GET
FN:38,(anonymous_1)
FN:43,(anonymous_2)
FN:53,(anonymous_3)
FNF:4
FNH:2
FNDA:2,GET
FNDA:2,(anonymous_1)
FNDA:0,(anonymous_2)
FNDA:0,(anonymous_3)
DA:9,1
DA:14,2
DA:15,2
DA:16,2
DA:18,2
DA:24,2
DA:25,0
DA:28,2
DA:29,0
DA:31,2
DA:33,2
DA:34,2
DA:35,0
DA:38,2
DA:40,2
DA:44,0
DA:50,2
DA:51,2
DA:54,0
DA:55,0
DA:56,0
DA:57,0
DA:58,0
DA:59,0
DA:62,2
DA:64,0
DA:65,0
LF:27
LH:15
BRDA:16,0,0,0
BRDA:16,0,1,2
BRDA:24,1,0,0
BRDA:24,1,1,2
BRDA:28,2,0,0
BRDA:28,2,1,2
BRDA:34,3,0,0
BRDA:34,3,1,2
BRDA:45,4,0,0
BRDA:45,4,1,0
BRDA:51,5,0,2
BRDA:51,5,1,0
BRDA:66,6,0,0
BRDA:66,6,1,0
BRF:14
BRH:5
end_of_record
TN:
SF:app\api\families\[id]\withdrawals\route.ts
FN:16,(anonymous_0)
FN:33,(anonymous_1)
FN:41,(anonymous_2)
FN:68,(anonymous_3)
FNF:4
FNH:3
FNDA:2,(anonymous_0)
FNDA:2,(anonymous_1)
FNDA:0,(anonymous_2)
FNDA:1,(anonymous_3)
DA:11,1
DA:17,2
DA:23,2
DA:24,0
DA:27,2
DA:28,2
DA:29,0
DA:31,2
DA:32,2
DA:33,2
DA:35,2
DA:42,0
DA:49,2
DA:53,1
DA:62,1
DA:69,1
DA:75,1
DA:76,0
DA:79,1
DA:80,1
DA:81,0
DA:86,1
DA:90,1
DA:92,1
DA:101,1
DA:115,1
LF:26
LH:21
BRDA:23,0,0,0
BRDA:23,0,1,2
BRDA:28,1,0,0
BRDA:28,1,1,2
BRDA:32,2,0,0
BRDA:32,2,1,2
BRDA:43,3,0,0
BRDA:43,3,1,0
BRDA:75,4,0,0
BRDA:75,4,1,1
BRDA:80,5,0,0
BRDA:80,5,1,1
BRDA:90,6,0,0
BRDA:90,6,1,1
BRF:14
BRH:6
end_of_record
TN:
SF:app\api\families\[id]\withdrawals\[withdrawalId]\route.ts
FN:25,(anonymous_0)
FN:85,(anonymous_1)
FNF:2
FNH:2
FNDA:2,(anonymous_0)
FNDA:2,(anonymous_1)
DA:9,1
DA:19,1
DA:26,2
DA:32,2
DA:33,0
DA:36,2
DA:37,2
DA:38,2
DA:39,0
DA:42,2
DA:46,2
DA:48,2
DA:49,2
DA:52,0
DA:61,0
DA:63,0
DA:73,0
DA:80,1
DA:86,2
DA:92,2
DA:93,0
DA:96,2
DA:97,2
DA:98,2
DA:99,0
DA:102,2
DA:106,2
DA:110,2
DA:119,2
DA:121,1
DA:131,1
LF:31
LH:23
BRDA:32,0,0,0
BRDA:32,0,1,2
BRDA:38,1,0,0
BRDA:38,1,1,2
BRDA:38,2,0,2
BRDA:38,2,1,2
BRDA:46,3,0,0
BRDA:46,3,1,2
BRDA:48,4,0,2
BRDA:48,4,1,0
BRDA:61,5,0,0
BRDA:61,5,1,0
BRDA:92,6,0,0
BRDA:92,6,1,2
BRDA:98,7,0,0
BRDA:98,7,1,2
BRDA:98,8,0,2
BRDA:98,8,1,2
BRDA:106,9,0,0
BRDA:106,9,1,2
BRDA:119,10,0,1
BRDA:119,10,1,1
BRF:22
BRH:13
end_of_record
TN:
SF:app\api\families\balances\route.ts
FN:35,GET
FN:56,(anonymous_1)
FN:116,(anonymous_2)
FN:125,(anonymous_3)
FNF:4
FNH:4
FNDA:2,GET
FNDA:2,(anonymous_1)
FNDA:6,(anonymous_2)
FNDA:2,(anonymous_3)
DA:33,1
DA:36,2
DA:37,2
DA:38,2
DA:40,2
DA:46,2
DA:47,0
DA:50,2
DA:52,2
DA:56,2
DA:58,2
DA:62,2
DA:63,2
DA:66,2
DA:69,2
DA:70,3
DA:84,2
DA:116,2
DA:117,6
DA:118,6
DA:119,6
DA:121,2
DA:122,2
DA:123,2
DA:125,2
DA:126,2
DA:127,2
DA:128,2
DA:129,2
DA:130,2
DA:131,2
DA:132,2
DA:133,2
DA:143,2
DA:144,2
DA:145,2
DA:147,0
DA:148,0
LF:38
LH:35
BRDA:38,0,0,0
BRDA:38,0,1,2
BRDA:46,1,0,0
BRDA:46,1,1,2
BRDA:70,2,0,3
BRDA:70,2,1,0
BRDA:118,3,0,3
BRDA:118,3,1,0
BRDA:127,4,0,2
BRDA:127,4,1,0
BRDA:128,5,0,2
BRDA:128,5,1,0
BRDA:128,6,0,2
BRDA:128,6,1,0
BRDA:129,7,0,2
BRDA:129,7,1,0
BRDA:130,8,0,2
BRDA:130,8,1,1
BRDA:131,9,0,2
BRDA:131,9,1,2
BRF:20
BRH:12
end_of_record
TN:
SF:app\api\families\bulk\route.ts
FN:46,(anonymous_0)
FN:56,(anonymous_1)
FNF:2
FNH:0
FNDA:0,(anonymous_0)
FNDA:0,(anonymous_1)
DA:25,1
DA:27,1
DA:41,1
DA:47,0
DA:51,0
DA:52,0
DA:55,0
DA:56,0
DA:57,0
DA:59,0
DA:71,0
DA:72,0
DA:73,0
DA:74,0
DA:75,0
DA:76,0
DA:78,0
DA:82,0
DA:85,0
DA:97,0
DA:100,0
DA:101,0
DA:104,0
DA:108,0
DA:109,0
DA:112,0
DA:115,0
DA:127,0
DA:131,0
DA:134,0
DA:146,0
LF:31
LH:3
BRDA:51,0,0,0
BRDA:51,0,1,0
BRDA:59,1,0,0
BRDA:59,1,1,0
BRDA:76,2,0,0
BRDA:76,2,1,0
BRDA:93,3,0,0
BRDA:93,3,1,0
BRDA:100,4,0,0
BRDA:100,4,1,0
BRDA:101,5,0,0
BRDA:101,5,1,0
BRDA:108,6,0,0
BRDA:108,6,1,0
BRDA:123,7,0,0
BRDA:123,7,1,0
BRDA:127,8,0,0
BRDA:127,8,1,0
BRDA:142,9,0,0
BRDA:142,9,1,0
BRDA:146,10,0,0
BRDA:146,10,1,0
BRF:22
BRH:0
end_of_record
TN:
SF:app\api\family-members\all\route.ts
FN:20,GET
FN:76,(anonymous_1)
FNF:2
FNH:2
FNDA:2,GET
FNDA:2,(anonymous_1)
DA:21,2
DA:22,2
DA:23,2
DA:25,2
DA:31,2
DA:32,0
DA:35,2
DA:37,2
DA:38,2
DA:39,2
DA:40,2
DA:41,2
DA:42,0
DA:43,0
DA:45,2
DA:47,2
DA:52,2
DA:55,2
DA:56,0
DA:57,0
DA:58,0
DA:59,0
DA:61,0
DA:64,0
DA:70,0
DA:71,0
DA:72,0
DA:73,0
DA:76,2
DA:78,2
DA:89,2
DA:90,2
DA:91,1
DA:92,1
DA:93,1
DA:102,2
DA:103,2
DA:104,2
DA:105,2
DA:107,0
DA:108,0
LF:41
LH:26
BRDA:23,0,0,0
BRDA:23,0,1,2
BRDA:31,1,0,0
BRDA:31,1,1,2
BRDA:41,2,0,0
BRDA:41,2,1,2
BRDA:43,3,0,0
BRDA:43,3,1,0
BRDA:43,4,0,0
BRDA:43,4,1,0
BRDA:45,5,0,0
BRDA:45,5,1,2
BRDA:55,6,0,0
BRDA:55,6,1,2
BRDA:57,7,0,0
BRDA:57,7,1,0
BRDA:58,8,0,0
BRDA:58,8,1,0
BRDA:58,9,0,0
BRDA:58,9,1,0
BRDA:71,10,0,0
BRDA:71,10,1,0
BRDA:73,11,0,0
BRDA:73,11,1,0
BRDA:92,12,0,1
BRDA:92,12,1,0
BRDA:102,13,0,0
BRDA:102,13,1,2
BRF:28
BRH:7
end_of_record
TN:
SF:app\api\import\route.ts
FN:41,parseCSV
FN:51,(anonymous_1)
FN:57,(anonymous_2)
FN:60,(anonymous_3)
FN:112,parseXlsx
FN:123,(anonymous_5)
FN:128,(anonymous_6)
FN:134,(anonymous_7)
FN:143,xlsxCellToString
FN:151,(anonymous_9)
FN:159,normalizeColumnName
FN:169,parseDate
FN:190,parseMoneyAmount
FN:201,escapeRegex
FN:206,findFamilyByNameOrEmail
FN:240,POST
FN:326,(anonymous_16)
FN:328,(anonymous_17)
FN:462,importFamilies
FN:470,(anonymous_19)
FN:476,(anonymous_20)
FN:489,(anonymous_21)
FN:587,importMembers
FN:595,(anonymous_23)
FN:667,importPayments
FN:677,(anonymous_25)
FN:798,importLifecycleEvents
FN:808,(anonymous_27)
FNF:28
FNH:14
FNDA:1,parseCSV
FNDA:6,(anonymous_1)
FNDA:2,(anonymous_2)
FNDA:2,(anonymous_3)
FNDA:0,parseXlsx
FNDA:0,(anonymous_5)
FNDA:0,(anonymous_6)
FNDA:0,(anonymous_7)
FNDA:0,xlsxCellToString
FNDA:0,(anonymous_9)
FNDA:26,normalizeColumnName
FNDA:1,parseDate
FNDA:0,parseMoneyAmount
FNDA:1,escapeRegex
FNDA:0,findFamilyByNameOrEmail
FNDA:2,POST
FNDA:3,(anonymous_16)
FNDA:3,(anonymous_17)
FNDA:1,importFamilies
FNDA:23,(anonymous_19)
FNDA:1,(anonymous_20)
FNDA:2,(anonymous_21)
FNDA:0,importMembers
FNDA:0,(anonymous_23)
FNDA:0,importPayments
FNDA:0,(anonymous_25)
FNDA:0,importLifecycleEvents
FNDA:0,(anonymous_27)
DA:15,1
DA:44,1
DA:46,1
DA:47,1
DA:48,1
DA:49,1
DA:51,1
DA:54,6
DA:55,6
DA:57,1
DA:58,2
DA:60,2
DA:61,2
DA:64,1
DA:65,64
DA:66,64
DA:67,0
DA:69,0
DA:70,0
DA:71,0
DA:73,0
DA:76,0
DA:78,0
DA:80,64
DA:81,0
DA:82,0
DA:84,64
DA:85,4
DA:86,4
DA:88,60
DA:90,0
DA:91,0
DA:92,0
DA:94,60
DA:95,1
DA:96,1
DA:98,59
DA:101,1
DA:103,1
DA:104,1
DA:105,1
DA:106,1
DA:115,0
DA:116,0
DA:117,0
DA:118,0
DA:119,0
DA:121,0
DA:122,0
DA:123,0
DA:124,0
DA:127,0
DA:128,0
DA:129,0
DA:130,0
DA:131,0
DA:132,0
DA:134,0
DA:137,0
DA:144,0
DA:145,0
DA:146,0
DA:147,0
DA:148,0
DA:149,0
DA:150,0
DA:151,0
DA:153,0
DA:155,0
DA:160,26
DA:170,1
DA:171,1
DA:172,1
DA:173,1
DA:174,1
DA:175,1
DA:176,1
DA:177,1
DA:178,1
DA:179,1
DA:182,0
DA:183,0
DA:184,0
DA:185,0
DA:186,0
DA:191,0
DA:192,0
DA:193,0
DA:194,0
DA:195,0
DA:196,0
DA:202,1
DA:207,0
DA:209,0
DA:210,0
DA:211,0
DA:216,0
DA:217,0
DA:222,0
DA:224,0
DA:225,0
DA:229,0
DA:231,0
DA:232,0
DA:234,0
DA:237,1
DA:238,1
DA:241,2
DA:242,2
DA:243,2
DA:245,2
DA:246,2
DA:248,2
DA:252,2
DA:253,0
DA:256,2
DA:258,2
DA:259,2
DA:260,2
DA:265,2
DA:266,2
DA:268,2
DA:269,1
DA:275,1
DA:276,0
DA:282,1
DA:283,1
DA:284,0
DA:287,1
DA:288,0
DA:294,1
DA:295,1
DA:296,0
DA:302,1
DA:304,2
DA:307,2
DA:311,2
DA:312,0
DA:318,1
DA:319,0
DA:326,3
DA:327,1
DA:328,1
DA:329,3
DA:336,1
DA:337,0
DA:338,0
DA:340,0
DA:341,0
DA:346,0
DA:347,0
DA:348,0
DA:353,0
DA:354,0
DA:355,0
DA:357,0
DA:362,0
DA:363,0
DA:368,0
DA:370,1
DA:371,0
DA:377,1
DA:378,1
DA:379,1
DA:381,1
DA:384,1
DA:387,2
DA:389,1
DA:390,1
DA:392,0
DA:393,0
DA:395,0
DA:405,0
DA:407,0
DA:417,0
DA:419,0
DA:429,1
DA:446,1
DA:454,0
DA:455,0
DA:470,1
DA:471,23
DA:472,23
DA:476,1
DA:477,1
DA:480,1
DA:488,1
DA:489,1
DA:490,2
DA:491,2
DA:492,2
DA:496,1
DA:497,1
DA:498,1
DA:499,1
DA:500,1
DA:501,0
DA:502,0
DA:505,1
DA:506,1
DA:507,0
DA:508,0
DA:512,1
DA:513,1
DA:514,1
DA:516,1
DA:517,0
DA:518,0
DA:519,0
DA:520,0
DA:524,0
DA:526,1
DA:527,0
DA:528,0
DA:529,0
DA:530,0
DA:531,0
DA:533,0
DA:543,1
DA:547,1
DA:548,0
DA:549,0
DA:552,1
DA:580,1
DA:582,0
DA:595,0
DA:596,0
DA:597,0
DA:600,0
DA:601,0
DA:602,0
DA:603,0
DA:604,0
DA:605,0
DA:606,0
DA:607,0
DA:614,0
DA:615,0
DA:617,0
DA:618,0
DA:619,0
DA:621,0
DA:622,0
DA:623,0
DA:624,0
DA:626,0
DA:627,0
DA:629,0
DA:630,0
DA:631,0
DA:632,0
DA:634,0
DA:635,0
DA:636,0
DA:637,0
DA:640,0
DA:641,0
DA:643,0
DA:646,0
DA:660,0
DA:662,0
DA:677,0
DA:678,0
DA:679,0
DA:682,0
DA:683,0
DA:684,0
DA:685,0
DA:686,0
DA:687,0
DA:688,0
DA:689,0
DA:692,0
DA:693,0
DA:694,0
DA:695,0
DA:699,0
DA:700,0
DA:702,0
DA:703,0
DA:704,0
DA:706,0
DA:707,0
DA:708,0
DA:709,0
DA:711,0
DA:712,0
DA:714,0
DA:715,0
DA:716,0
DA:717,0
DA:719,0
DA:720,0
DA:721,0
DA:722,0
DA:725,0
DA:726,0
DA:728,0
DA:731,0
DA:733,0
DA:734,0
DA:735,0
DA:736,0
DA:737,0
DA:740,0
DA:743,0
DA:744,0
DA:745,0
DA:746,0
DA:747,0
DA:748,0
DA:750,0
DA:755,0
DA:756,0
DA:757,0
DA:759,0
DA:762,0
DA:763,0
DA:764,0
DA:765,0
DA:766,0
DA:767,0
DA:768,0
DA:769,0
DA:771,0
DA:772,0
DA:773,0
DA:774,0
DA:778,0
DA:791,0
DA:793,0
DA:808,0
DA:809,0
DA:810,0
DA:813,0
DA:814,0
DA:815,0
DA:816,0
DA:817,0
DA:818,0
DA:819,0
DA:822,0
DA:823,0
DA:824,0
DA:825,0
DA:828,0
DA:829,0
DA:831,0
DA:832,0
DA:833,0
DA:834,0
DA:835,0
DA:837,0
DA:839,0
DA:843,0
DA:844,0
DA:847,0
DA:849,0
DA:851,0
DA:852,0
DA:853,0
DA:857,0
DA:858,0
DA:860,0
DA:861,0
DA:862,0
DA:864,0
DA:865,0
DA:866,0
DA:867,0
DA:869,0
DA:870,0
DA:872,0
DA:873,0
DA:874,0
DA:875,0
DA:877,0
DA:878,0
DA:879,0
DA:880,0
DA:883,0
DA:884,0
DA:886,0
DA:889,0
DA:891,0
DA:892,0
DA:893,0
DA:894,0
DA:895,0
DA:898,0
DA:901,0
DA:902,0
DA:903,0
DA:904,0
DA:905,0
DA:906,0
DA:908,0
DA:913,0
DA:914,0
DA:915,0
DA:917,0
DA:920,0
DA:931,0
DA:933,0
LF:404
LH:113
BRDA:44,0,0,0
BRDA:44,0,1,1
BRDA:60,1,0,2
BRDA:60,1,1,0
BRDA:66,2,0,0
BRDA:66,2,1,64
BRDA:67,3,0,0
BRDA:67,3,1,0
BRDA:69,4,0,0
BRDA:69,4,1,0
BRDA:80,5,0,0
BRDA:80,5,1,64
BRDA:80,6,0,64
BRDA:80,6,1,0
BRDA:84,7,0,4
BRDA:84,7,1,60
BRDA:88,8,0,0
BRDA:88,8,1,60
BRDA:91,9,0,0
BRDA:91,9,1,0
BRDA:94,10,0,1
BRDA:94,10,1,59
BRDA:101,11,0,1
BRDA:101,11,1,0
BRDA:101,12,0,1
BRDA:101,12,1,0
BRDA:103,13,0,0
BRDA:103,13,1,1
BRDA:115,14,0,0
BRDA:115,14,1,0
BRDA:119,15,0,0
BRDA:119,15,1,0
BRDA:129,16,0,0
BRDA:129,16,1,0
BRDA:134,17,0,0
BRDA:134,17,1,0
BRDA:144,18,0,0
BRDA:144,18,1,0
BRDA:145,19,0,0
BRDA:145,19,1,0
BRDA:146,20,0,0
BRDA:146,20,1,0
BRDA:148,21,0,0
BRDA:148,21,1,0
BRDA:148,22,0,0
BRDA:148,22,1,0
BRDA:149,23,0,0
BRDA:149,23,1,0
BRDA:150,24,0,0
BRDA:150,24,1,0
BRDA:150,25,0,0
BRDA:150,25,1,0
BRDA:151,26,0,0
BRDA:151,26,1,0
BRDA:153,27,0,0
BRDA:153,27,1,0
BRDA:153,28,0,0
BRDA:153,28,1,0
BRDA:153,29,0,0
BRDA:153,29,1,0
BRDA:170,30,0,0
BRDA:170,30,1,1
BRDA:170,31,0,1
BRDA:170,31,1,1
BRDA:173,32,0,1
BRDA:173,32,1,0
BRDA:177,33,0,1
BRDA:177,33,1,0
BRDA:177,34,0,1
BRDA:177,34,1,1
BRDA:177,34,2,1
BRDA:177,34,3,1
BRDA:179,35,0,0
BRDA:179,35,1,1
BRDA:183,36,0,0
BRDA:183,36,1,0
BRDA:185,37,0,0
BRDA:185,37,1,0
BRDA:185,38,0,0
BRDA:185,38,1,0
BRDA:192,39,0,0
BRDA:192,39,1,0
BRDA:193,40,0,0
BRDA:193,40,1,0
BRDA:195,41,0,0
BRDA:195,41,1,0
BRDA:195,42,0,0
BRDA:195,42,1,0
BRDA:207,43,0,0
BRDA:207,43,1,0
BRDA:207,44,0,0
BRDA:207,44,1,0
BRDA:216,45,0,0
BRDA:216,45,1,0
BRDA:216,46,0,0
BRDA:216,46,1,0
BRDA:222,47,0,0
BRDA:222,47,1,0
BRDA:224,48,0,0
BRDA:224,48,1,0
BRDA:229,49,0,0
BRDA:229,49,1,0
BRDA:231,50,0,0
BRDA:231,50,1,0
BRDA:243,51,0,0
BRDA:243,51,1,2
BRDA:246,52,0,0
BRDA:246,52,1,2
BRDA:252,53,0,0
BRDA:252,53,1,2
BRDA:265,54,0,2
BRDA:265,54,1,2
BRDA:266,55,0,2
BRDA:266,55,1,2
BRDA:268,56,0,1
BRDA:268,56,1,1
BRDA:275,57,0,0
BRDA:275,57,1,1
BRDA:283,58,0,0
BRDA:283,58,1,1
BRDA:287,59,0,0
BRDA:287,59,1,1
BRDA:295,60,0,0
BRDA:295,60,1,1
BRDA:302,61,0,1
BRDA:302,61,1,0
BRDA:304,62,0,2
BRDA:304,62,1,1
BRDA:307,63,0,0
BRDA:307,63,1,1
BRDA:311,64,0,0
BRDA:311,64,1,2
BRDA:318,65,0,0
BRDA:318,65,1,1
BRDA:336,66,0,0
BRDA:336,66,1,1
BRDA:337,67,0,0
BRDA:337,67,1,0
BRDA:340,68,0,0
BRDA:340,68,1,0
BRDA:347,69,0,0
BRDA:347,69,1,0
BRDA:353,70,0,0
BRDA:353,70,1,0
BRDA:354,71,0,0
BRDA:354,71,1,0
BRDA:362,72,0,0
BRDA:362,72,1,0
BRDA:370,73,0,0
BRDA:370,73,1,1
BRDA:387,74,0,1
BRDA:387,74,1,0
BRDA:387,74,2,0
BRDA:387,74,3,0
BRDA:387,74,4,0
BRDA:392,75,0,0
BRDA:392,75,1,0
BRDA:402,76,0,0
BRDA:402,76,1,0
BRDA:414,77,0,0
BRDA:414,77,1,0
BRDA:440,78,0,1
BRDA:440,78,1,1
BRDA:441,79,0,2
BRDA:441,79,1,1
BRDA:456,80,0,0
BRDA:456,80,1,0
BRDA:472,81,0,3
BRDA:472,81,1,20
BRDA:472,82,0,3
BRDA:472,82,1,0
BRDA:491,83,0,2
BRDA:491,83,1,0
BRDA:500,84,0,0
BRDA:500,84,1,1
BRDA:506,85,0,0
BRDA:506,85,1,1
BRDA:514,86,0,1
BRDA:514,86,1,1
BRDA:516,87,0,0
BRDA:516,87,1,1
BRDA:517,88,0,0
BRDA:517,88,1,0
BRDA:519,89,0,0
BRDA:519,89,1,0
BRDA:526,90,0,0
BRDA:526,90,1,1
BRDA:528,91,0,0
BRDA:528,91,1,0
BRDA:530,92,0,0
BRDA:530,92,1,0
BRDA:547,93,0,0
BRDA:547,93,1,1
BRDA:555,94,0,1
BRDA:555,94,1,1
BRDA:557,95,0,1
BRDA:557,95,1,1
BRDA:558,96,0,1
BRDA:558,96,1,1
BRDA:559,97,0,1
BRDA:559,97,1,1
BRDA:560,98,0,1
BRDA:560,98,1,1
BRDA:561,99,0,1
BRDA:561,99,1,1
BRDA:562,100,0,1
BRDA:562,100,1,1
BRDA:563,101,0,1
BRDA:563,101,1,0
BRDA:564,102,0,1
BRDA:564,102,1,1
BRDA:565,103,0,1
BRDA:565,103,1,1
BRDA:565,103,2,1
BRDA:566,104,0,1
BRDA:566,104,1,1
BRDA:566,104,2,1
BRDA:567,105,0,1
BRDA:567,105,1,1
BRDA:568,106,0,1
BRDA:568,106,1,1
BRDA:569,107,0,1
BRDA:569,107,1,1
BRDA:570,108,0,1
BRDA:570,108,1,1
BRDA:571,109,0,1
BRDA:571,109,1,1
BRDA:572,110,0,1
BRDA:572,110,1,1
BRDA:574,111,0,0
BRDA:574,111,1,1
BRDA:574,112,0,1
BRDA:574,112,1,0
BRDA:582,113,0,0
BRDA:582,113,1,0
BRDA:597,114,0,0
BRDA:597,114,1,0
BRDA:597,115,0,0
BRDA:597,115,1,0
BRDA:605,116,0,0
BRDA:605,116,1,0
BRDA:605,117,0,0
BRDA:605,117,1,0
BRDA:614,118,0,0
BRDA:614,118,1,0
BRDA:621,119,0,0
BRDA:621,119,1,0
BRDA:621,120,0,0
BRDA:621,120,1,0
BRDA:621,120,2,0
BRDA:623,121,0,0
BRDA:623,121,1,0
BRDA:629,122,0,0
BRDA:629,122,1,0
BRDA:630,123,0,0
BRDA:630,123,1,0
BRDA:635,124,0,0
BRDA:635,124,1,0
BRDA:651,125,0,0
BRDA:651,125,1,0
BRDA:652,126,0,0
BRDA:652,126,1,0
BRDA:653,127,0,0
BRDA:653,127,1,0
BRDA:654,128,0,0
BRDA:654,128,1,0
BRDA:655,129,0,0
BRDA:655,129,1,0
BRDA:656,130,0,0
BRDA:656,130,1,0
BRDA:657,131,0,0
BRDA:657,131,1,0
BRDA:662,132,0,0
BRDA:662,132,1,0
BRDA:679,133,0,0
BRDA:679,133,1,0
BRDA:679,134,0,0
BRDA:679,134,1,0
BRDA:687,135,0,0
BRDA:687,135,1,0
BRDA:693,136,0,0
BRDA:693,136,1,0
BRDA:699,137,0,0
BRDA:699,137,1,0
BRDA:706,138,0,0
BRDA:706,138,1,0
BRDA:706,139,0,0
BRDA:706,139,1,0
BRDA:706,139,2,0
BRDA:708,140,0,0
BRDA:708,140,1,0
BRDA:714,141,0,0
BRDA:714,141,1,0
BRDA:715,142,0,0
BRDA:715,142,1,0
BRDA:720,143,0,0
BRDA:720,143,1,0
BRDA:733,144,0,0
BRDA:733,144,1,0
BRDA:735,145,0,0
BRDA:735,145,1,0
BRDA:735,146,0,0
BRDA:735,146,1,0
BRDA:735,146,2,0
BRDA:745,147,0,0
BRDA:745,147,1,0
BRDA:746,148,0,0
BRDA:746,148,1,0
BRDA:755,149,0,0
BRDA:755,149,1,0
BRDA:764,150,0,0
BRDA:764,150,1,0
BRDA:767,151,0,0
BRDA:767,151,1,0
BRDA:767,152,0,0
BRDA:767,152,1,0
BRDA:772,153,0,0
BRDA:772,153,1,0
BRDA:781,154,0,0
BRDA:781,154,1,0
BRDA:785,155,0,0
BRDA:785,155,1,0
BRDA:786,156,0,0
BRDA:786,156,1,0
BRDA:787,157,0,0
BRDA:787,157,1,0
BRDA:788,158,0,0
BRDA:788,158,1,0
BRDA:793,159,0,0
BRDA:793,159,1,0
BRDA:810,160,0,0
BRDA:810,160,1,0
BRDA:810,161,0,0
BRDA:810,161,1,0
BRDA:817,162,0,0
BRDA:817,162,1,0
BRDA:823,163,0,0
BRDA:823,163,1,0
BRDA:831,164,0,0
BRDA:831,164,1,0
BRDA:833,165,0,0
BRDA:833,165,1,0
BRDA:843,166,0,0
BRDA:843,166,1,0
BRDA:849,167,0,0
BRDA:849,167,1,0
BRDA:851,168,0,0
BRDA:851,168,1,0
BRDA:851,169,0,0
BRDA:851,169,1,0
BRDA:857,170,0,0
BRDA:857,170,1,0
BRDA:864,171,0,0
BRDA:864,171,1,0
BRDA:864,172,0,0
BRDA:864,172,1,0
BRDA:864,172,2,0
BRDA:866,173,0,0
BRDA:866,173,1,0
BRDA:872,174,0,0
BRDA:872,174,1,0
BRDA:873,175,0,0
BRDA:873,175,1,0
BRDA:878,176,0,0
BRDA:878,176,1,0
BRDA:891,177,0,0
BRDA:891,177,1,0
BRDA:893,178,0,0
BRDA:893,178,1,0
BRDA:893,179,0,0
BRDA:893,179,1,0
BRDA:893,179,2,0
BRDA:903,180,0,0
BRDA:903,180,1,0
BRDA:904,181,0,0
BRDA:904,181,1,0
BRDA:913,182,0,0
BRDA:913,182,1,0
BRDA:923,183,0,0
BRDA:923,183,1,0
BRDA:928,184,0,0
BRDA:928,184,1,0
BRDA:933,185,0,0
BRDA:933,185,1,0
BRF:384
BRH:97
end_of_record
TN:
SF:app\api\jobs\cycle-rollover\route.ts
FN:16,sanitizeJobErrors
FN:19,(anonymous_1)
FN:44,POST
FN:89,(anonymous_3)
FN:109,(anonymous_4)
FN:113,(anonymous_5)
FN:116,(anonymous_6)
FN:149,(anonymous_7)
FNF:8
FNH:3
FNDA:4,sanitizeJobErrors
FNDA:0,(anonymous_1)
FNDA:4,POST
FNDA:4,(anonymous_3)
FNDA:0,(anonymous_4)
FNDA:0,(anonymous_5)
FNDA:0,(anonymous_6)
FNDA:0,(anonymous_7)
DA:14,1
DA:17,4
DA:18,4
DA:19,0
DA:45,4
DA:46,4
DA:48,4
DA:49,0
DA:52,4
DA:56,4
DA:57,0
DA:68,4
DA:69,4
DA:70,4
DA:71,4
DA:72,0
DA:79,4
DA:86,4
DA:87,4
DA:89,4
DA:99,4
DA:109,4
DA:110,4
DA:113,4
DA:115,4
DA:116,4
DA:120,4
DA:121,4
DA:122,4
DA:123,4
DA:125,4
DA:126,0
DA:127,0
DA:128,0
DA:129,0
DA:130,0
DA:132,0
DA:133,0
DA:134,0
DA:138,4
DA:149,0
DA:161,4
DA:170,0
DA:175,0
DA:176,0
DA:181,4
DA:186,1
LF:47
LH:31
BRDA:18,0,0,4
BRDA:18,0,1,0
BRDA:21,1,0,0
BRDA:21,1,1,0
BRDA:46,2,0,0
BRDA:46,2,1,4
BRDA:48,3,0,0
BRDA:48,3,1,4
BRDA:56,4,0,0
BRDA:56,4,1,4
BRDA:71,5,0,0
BRDA:71,5,1,4
BRDA:133,6,0,0
BRDA:133,6,1,0
BRDA:173,7,0,0
BRDA:173,7,1,0
BRDA:177,8,0,0
BRDA:177,8,1,0
BRF:18
BRH:5
end_of_record
TN:
SF:app\api\jobs\generate-monthly-statements\route.ts
FN:33,POST
FN:81,(anonymous_1)
FN:102,(anonymous_2)
FNF:3
FNH:1
FNDA:4,POST
FNDA:0,(anonymous_1)
FNDA:0,(anonymous_2)
DA:12,1
DA:13,1
DA:34,4
DA:35,4
DA:37,4
DA:38,0
DA:41,4
DA:45,4
DA:46,0
DA:49,4
DA:58,4
DA:59,4
DA:60,4
DA:61,4
DA:62,4
DA:63,0
DA:70,4
DA:71,4
DA:72,4
DA:82,0
DA:87,0
DA:88,0
DA:91,4
DA:92,4
DA:94,0
DA:95,0
DA:96,0
DA:101,4
DA:102,4
DA:108,1
LF:30
LH:21
BRDA:35,0,0,0
BRDA:35,0,1,4
BRDA:37,1,0,0
BRDA:37,1,1,4
BRDA:45,2,0,0
BRDA:45,2,1,4
BRDA:60,3,0,4
BRDA:60,3,1,0
BRDA:62,4,0,0
BRDA:62,4,1,4
BRDA:87,5,0,0
BRDA:87,5,1,0
BRDA:87,6,0,0
BRDA:87,6,1,0
BRDA:91,7,0,4
BRDA:91,7,1,0
BRDA:97,8,0,0
BRDA:97,8,1,0
BRDA:101,9,0,4
BRDA:101,9,1,0
BRF:20
BRH:7
end_of_record
TN:
SF:app\api\jobs\process-recurring-payments\route.ts
FN:22,POST
FN:72,(anonymous_1)
FN:84,(anonymous_2)
FN:104,(anonymous_3)
FNF:4
FNH:2
FNDA:4,POST
FNDA:11,(anonymous_1)
FNDA:0,(anonymous_2)
FNDA:0,(anonymous_3)
DA:11,1
DA:12,1
DA:23,4
DA:24,4
DA:26,4
DA:27,0
DA:30,4
DA:34,4
DA:35,0
DA:38,4
DA:39,4
DA:40,4
DA:52,4
DA:53,4
DA:54,4
DA:55,4
DA:56,4
DA:57,0
DA:66,4
DA:67,4
DA:68,4
DA:73,11
DA:74,11
DA:75,11
DA:83,0
DA:84,0
DA:85,0
DA:91,4
DA:92,4
DA:96,0
DA:97,0
DA:98,0
DA:103,4
DA:104,4
DA:109,1
LF:35
LH:26
BRDA:24,0,0,0
BRDA:24,0,1,4
BRDA:26,1,0,0
BRDA:26,1,1,4
BRDA:34,2,0,0
BRDA:34,2,1,4
BRDA:54,3,0,4
BRDA:54,3,1,0
BRDA:56,4,0,0
BRDA:56,4,1,4
BRDA:83,5,0,0
BRDA:83,5,1,0
BRDA:91,6,0,4
BRDA:91,6,1,0
BRDA:99,7,0,0
BRDA:99,7,1,0
BRDA:103,8,0,4
BRDA:103,8,1,0
BRF:18
BRH:7
end_of_record
TN:
SF:app\api\jobs\send-monthly-statements\route.ts
FN:30,POST
FN:77,(anonymous_1)
FN:96,(anonymous_2)
FN:112,(anonymous_3)
FNF:4
FNH:1
FNDA:4,POST
FNDA:0,(anonymous_1)
FNDA:0,(anonymous_2)
FNDA:0,(anonymous_3)
DA:11,1
DA:12,1
DA:31,4
DA:32,4
DA:34,4
DA:35,0
DA:38,4
DA:42,4
DA:43,0
DA:46,4
DA:47,4
DA:48,4
DA:55,4
DA:56,4
DA:57,4
DA:58,4
DA:59,4
DA:60,0
DA:67,4
DA:68,4
DA:69,4
DA:78,0
DA:83,0
DA:85,0
DA:86,0
DA:87,0
DA:95,0
DA:96,0
DA:97,0
DA:101,4
DA:102,4
DA:104,0
DA:105,0
DA:106,0
DA:111,4
DA:112,4
DA:117,1
LF:37
LH:23
BRDA:32,0,0,0
BRDA:32,0,1,4
BRDA:34,1,0,0
BRDA:34,1,1,4
BRDA:42,2,0,0
BRDA:42,2,1,4
BRDA:57,3,0,4
BRDA:57,3,1,0
BRDA:59,4,0,0
BRDA:59,4,1,4
BRDA:83,5,0,0
BRDA:83,5,1,0
BRDA:83,6,0,0
BRDA:83,6,1,0
BRDA:95,7,0,0
BRDA:95,7,1,0
BRDA:101,8,0,4
BRDA:101,8,1,0
BRDA:107,9,0,0
BRDA:107,9,1,0
BRDA:111,10,0,4
BRDA:111,10,1,0
BRF:22
BRH:7
end_of_record
TN:
SF:app\api\jobs\wedding-converter\route.ts
FN:14,sanitizeJobErrors
FN:17,(anonymous_1)
FN:38,POST
FN:73,(anonymous_3)
FN:85,runJob
FNF:5
FNH:4
FNDA:4,sanitizeJobErrors
FNDA:0,(anonymous_1)
FNDA:4,POST
FNDA:4,(anonymous_3)
FNDA:4,runJob
DA:12,1
DA:15,4
DA:16,4
DA:17,0
DA:39,4
DA:40,4
DA:42,4
DA:43,0
DA:46,4
DA:50,4
DA:51,0
DA:59,4
DA:69,4
DA:70,4
DA:73,4
DA:76,4
DA:77,0
DA:82,4
DA:86,4
DA:93,4
DA:94,4
DA:99,4
DA:100,4
DA:101,4
DA:102,4
DA:104,4
DA:105,0
DA:106,0
DA:107,0
DA:108,0
DA:109,0
DA:111,0
DA:112,0
DA:113,0
DA:117,4
DA:130,4
DA:139,0
DA:144,0
DA:145,0
DA:153,1
LF:40
LH:25
BRDA:16,0,0,4
BRDA:16,0,1,0
BRDA:19,1,0,0
BRDA:19,1,1,0
BRDA:40,2,0,0
BRDA:40,2,1,4
BRDA:42,3,0,0
BRDA:42,3,1,4
BRDA:50,4,0,0
BRDA:50,4,1,4
BRDA:76,5,0,0
BRDA:76,5,1,4
BRDA:112,6,0,0
BRDA:112,6,1,0
BRDA:142,7,0,0
BRDA:142,7,1,0
BRDA:146,8,0,0
BRDA:146,8,1,0
BRF:18
BRH:5
end_of_record
TN:
SF:app\api\lifecycle-event-types\route.ts
FN:12,GET
FN:28,(anonymous_1)
FN:46,POST
FN:65,(anonymous_3)
FN:72,(anonymous_4)
FNF:5
FNH:3
FNDA:2,GET
FNDA:2,(anonymous_1)
FNDA:2,POST
FNDA:0,(anonymous_3)
FNDA:0,(anonymous_4)
DA:13,2
DA:14,2
DA:15,2
DA:17,2
DA:23,2
DA:24,0
DA:27,2
DA:28,2
DA:30,2
DA:33,2
DA:34,2
DA:35,2
DA:37,0
DA:38,0
DA:47,2
DA:48,2
DA:49,2
DA:51,2
DA:52,2
DA:54,2
DA:60,2
DA:61,0
DA:64,2
DA:65,2
DA:66,2
DA:67,0
DA:69,2
DA:70,2
DA:71,0
DA:72,0
DA:76,2
DA:79,2
DA:80,2
DA:81,0
DA:87,2
DA:94,2
DA:104,2
DA:106,0
DA:107,0
LF:39
LH:29
BRDA:15,0,0,0
BRDA:15,0,1,2
BRDA:23,1,0,0
BRDA:23,1,1,2
BRDA:39,2,0,0
BRDA:39,2,1,0
BRDA:49,3,0,0
BRDA:49,3,1,2
BRDA:52,4,0,0
BRDA:52,4,1,2
BRDA:60,5,0,0
BRDA:60,5,1,2
BRDA:66,6,0,0
BRDA:66,6,1,2
BRDA:66,7,0,2
BRDA:66,7,1,2
BRDA:66,7,2,2
BRDA:70,8,0,0
BRDA:70,8,1,2
BRDA:80,9,0,0
BRDA:80,9,1,2
BRDA:108,10,0,0
BRDA:108,10,1,0
BRF:23
BRH:11
end_of_record
TN:
SF:app\api\lifecycle-event-types\[id]\route.ts
FN:13,GET
FN:53,PUT
FN:76,(anonymous_2)
FN:80,(anonymous_3)
FN:127,DELETE
FNF:5
FNH:4
FNDA:2,GET
FNDA:2,PUT
FNDA:0,(anonymous_2)
FNDA:2,(anonymous_3)
FNDA:2,DELETE
DA:15,2
DA:16,2
DA:17,2
DA:18,2
DA:19,0
DA:22,2
DA:28,2
DA:29,0
DA:32,2
DA:33,2
DA:35,2
DA:36,1
DA:42,1
DA:44,0
DA:45,0
DA:55,2
DA:56,2
DA:57,2
DA:59,2
DA:60,2
DA:61,2
DA:62,0
DA:65,2
DA:71,2
DA:72,0
DA:75,2
DA:76,2
DA:77,2
DA:78,2
DA:79,2
DA:80,2
DA:84,0
DA:85,0
DA:86,0
DA:89,0
DA:90,0
DA:91,0
DA:93,0
DA:99,0
DA:100,0
DA:106,0
DA:116,0
DA:118,0
DA:119,0
DA:129,2
DA:130,2
DA:131,2
DA:133,2
DA:134,2
DA:135,2
DA:136,0
DA:139,2
DA:145,2
DA:146,0
DA:149,2
DA:151,2
DA:155,2
DA:156,1
DA:159,1
DA:164,1
DA:165,0
DA:168,1
DA:170,0
DA:171,0
LF:64
LH:40
BRDA:17,0,0,0
BRDA:17,0,1,2
BRDA:18,1,0,0
BRDA:18,1,1,2
BRDA:28,2,0,0
BRDA:28,2,1,2
BRDA:35,3,0,1
BRDA:35,3,1,1
BRDA:46,4,0,0
BRDA:46,4,1,0
BRDA:57,5,0,0
BRDA:57,5,1,2
BRDA:60,6,0,0
BRDA:60,6,1,2
BRDA:61,7,0,0
BRDA:61,7,1,2
BRDA:71,8,0,0
BRDA:71,8,1,2
BRDA:78,9,0,2
BRDA:78,9,1,0
BRDA:85,10,0,0
BRDA:85,10,1,0
BRDA:85,11,0,0
BRDA:85,11,1,0
BRDA:90,12,0,0
BRDA:90,12,1,0
BRDA:91,13,0,0
BRDA:91,13,1,0
BRDA:99,14,0,0
BRDA:99,14,1,0
BRDA:120,15,0,0
BRDA:120,15,1,0
BRDA:131,16,0,0
BRDA:131,16,1,2
BRDA:134,17,0,0
BRDA:134,17,1,2
BRDA:135,18,0,0
BRDA:135,18,1,2
BRDA:145,19,0,0
BRDA:145,19,1,2
BRDA:155,20,0,1
BRDA:155,20,1,1
BRDA:164,21,0,0
BRDA:164,21,1,1
BRDA:172,22,0,0
BRDA:172,22,1,0
BRF:46
BRH:17
end_of_record
TN:
SF:app\api\members\[memberId]\balance\route.ts
FN:10,GET
FNF:1
FNH:1
FNDA:2,GET
DA:8,1
DA:12,2
DA:13,2
DA:14,2
DA:16,2
DA:22,2
DA:23,0
DA:26,2
DA:27,0
DA:29,2
DA:31,2
DA:32,2
DA:36,2
DA:37,1
DA:40,1
DA:41,1
DA:42,1
DA:43,1
DA:44,0
DA:45,0
DA:46,0
DA:48,0
DA:49,0
DA:50,0
DA:54,1
DA:56,1
DA:58,0
DA:59,0
LF:28
LH:18
BRDA:14,0,0,0
BRDA:14,0,1,2
BRDA:22,1,0,0
BRDA:22,1,1,2
BRDA:26,2,0,0
BRDA:26,2,1,2
BRDA:36,3,0,1
BRDA:36,3,1,1
BRDA:43,4,0,0
BRDA:43,4,1,1
BRDA:45,5,0,0
BRDA:45,5,1,0
BRDA:49,6,0,0
BRDA:49,6,1,0
BRDA:49,7,0,0
BRDA:49,7,1,0
BRDA:60,8,0,0
BRDA:60,8,1,0
BRDA:60,9,0,0
BRDA:60,9,1,0
BRF:20
BRH:6
end_of_record
TN:
SF:app\api\members\[memberId]\payments\route.ts
FN:13,GET
FN:55,(anonymous_1)
FN:64,(anonymous_2)
FNF:3
FNH:2
FNDA:2,GET
FNDA:1,(anonymous_1)
FNDA:0,(anonymous_2)
DA:11,1
DA:15,2
DA:16,2
DA:17,2
DA:19,2
DA:25,2
DA:26,0
DA:29,2
DA:30,0
DA:32,2
DA:34,2
DA:35,2
DA:39,2
DA:40,1
DA:43,1
DA:44,1
DA:46,1
DA:47,1
DA:48,0
DA:49,0
DA:50,0
DA:52,0
DA:55,1
DA:57,1
DA:65,0
DA:71,1
DA:73,0
DA:74,0
LF:28
LH:19
BRDA:17,0,0,0
BRDA:17,0,1,2
BRDA:25,1,0,0
BRDA:25,1,1,2
BRDA:29,2,0,0
BRDA:29,2,1,2
BRDA:39,3,0,1
BRDA:39,3,1,1
BRDA:47,4,0,0
BRDA:47,4,1,1
BRDA:49,5,0,0
BRDA:49,5,1,0
BRDA:66,6,0,0
BRDA:66,6,1,0
BRDA:75,7,0,0
BRDA:75,7,1,0
BRDA:75,8,0,0
BRDA:75,8,1,0
BRF:18
BRH:6
end_of_record
TN:
SF:app\api\members\[memberId]\statements\route.ts
FN:17,GET
FN:46,(anonymous_1)
FN:51,(anonymous_2)
FN:75,POST
FN:98,(anonymous_4)
FN:102,(anonymous_5)
FN:124,(anonymous_6)
FN:137,(anonymous_7)
FN:139,(anonymous_8)
FN:148,(anonymous_9)
FN:187,(anonymous_10)
FNF:11
FNH:4
FNDA:2,GET
FNDA:1,(anonymous_1)
FNDA:0,(anonymous_2)
FNDA:2,POST
FNDA:0,(anonymous_4)
FNDA:2,(anonymous_5)
FNDA:0,(anonymous_6)
FNDA:0,(anonymous_7)
FNDA:0,(anonymous_8)
FNDA:0,(anonymous_9)
FNDA:0,(anonymous_10)
DA:15,1
DA:19,2
DA:20,2
DA:21,2
DA:23,2
DA:29,2
DA:30,0
DA:33,2
DA:34,0
DA:36,2
DA:38,2
DA:42,2
DA:43,1
DA:46,1
DA:48,1
DA:52,0
DA:58,1
DA:60,0
DA:61,0
DA:77,2
DA:78,2
DA:79,2
DA:81,2
DA:82,2
DA:83,2
DA:84,0
DA:87,2
DA:93,2
DA:94,0
DA:97,2
DA:98,2
DA:99,2
DA:100,2
DA:101,1
DA:102,2
DA:106,1
DA:108,1
DA:109,1
DA:111,1
DA:112,1
DA:113,1
DA:120,0
DA:121,0
DA:124,0
DA:126,0
DA:137,0
DA:139,0
DA:141,0
DA:148,0
DA:149,0
DA:150,0
DA:153,0
DA:158,0
DA:160,0
DA:166,0
DA:167,0
DA:181,0
DA:185,0
DA:188,0
DA:193,0
DA:195,0
DA:196,0
DA:211,0
DA:213,0
DA:214,0
DA:220,0
DA:221,0
DA:235,0
DA:238,0
DA:241,0
DA:242,0
LF:71
LH:34
BRDA:21,0,0,0
BRDA:21,0,1,2
BRDA:29,1,0,0
BRDA:29,1,1,2
BRDA:33,2,0,0
BRDA:33,2,1,2
BRDA:42,3,0,1
BRDA:42,3,1,1
BRDA:53,4,0,0
BRDA:53,4,1,0
BRDA:62,5,0,0
BRDA:62,5,1,0
BRDA:62,6,0,0
BRDA:62,6,1,0
BRDA:79,7,0,0
BRDA:79,7,1,2
BRDA:82,8,0,0
BRDA:82,8,1,2
BRDA:83,9,0,0
BRDA:83,9,1,2
BRDA:93,10,0,0
BRDA:93,10,1,2
BRDA:100,11,0,1
BRDA:100,11,1,1
BRDA:112,12,0,1
BRDA:112,12,1,0
BRDA:149,13,0,0
BRDA:149,13,1,0
BRDA:150,14,0,0
BRDA:150,14,1,0
BRDA:150,15,0,0
BRDA:150,15,1,0
BRDA:166,16,0,0
BRDA:166,16,1,0
BRDA:181,17,0,0
BRDA:181,17,1,0
BRDA:213,18,0,0
BRDA:213,18,1,0
BRDA:220,19,0,0
BRDA:220,19,1,0
BRDA:235,20,0,0
BRDA:235,20,1,0
BRDA:243,21,0,0
BRDA:243,21,1,0
BRDA:243,22,0,0
BRDA:243,22,1,0
BRF:46
BRH:12
end_of_record
TN:
SF:app\api\notifications\route.ts
FN:32,visibilityFilter
FN:39,isReadForUser
FN:43,(anonymous_2)
FN:46,countUnreadNotifications
FN:76,(anonymous_4)
FN:98,(anonymous_5)
FN:128,(anonymous_6)
FN:148,(anonymous_7)
FNF:8
FNH:4
FNDA:4,visibilityFilter
FNDA:0,isReadForUser
FNDA:0,(anonymous_2)
FNDA:2,countUnreadNotifications
FNDA:2,(anonymous_4)
FNDA:0,(anonymous_5)
FNDA:2,(anonymous_6)
FNDA:0,(anonymous_7)
DA:25,1
DA:27,1
DA:33,4
DA:40,0
DA:42,0
DA:43,0
DA:51,2
DA:52,2
DA:54,2
DA:60,2
DA:65,2
DA:66,0
DA:69,2
DA:72,1
DA:77,2
DA:83,2
DA:84,0
DA:87,2
DA:88,2
DA:89,2
DA:90,2
DA:91,0
DA:93,2
DA:98,2
DA:110,2
DA:115,2
DA:119,1
DA:124,1
DA:129,2
DA:135,2
DA:136,0
DA:139,2
DA:140,2
DA:141,2
DA:143,2
DA:144,2
DA:147,0
DA:148,0
DA:151,0
DA:154,0
DA:159,0
DA:164,0
DA:165,0
DA:167,0
DA:171,0
LF:45
LH:29
BRDA:40,0,0,0
BRDA:40,0,1,0
BRDA:42,1,0,0
BRDA:42,1,1,0
BRDA:65,2,0,0
BRDA:65,2,1,2
BRDA:83,3,0,0
BRDA:83,3,1,2
BRDA:90,4,0,0
BRDA:90,4,1,2
BRDA:95,5,0,2
BRDA:95,5,1,0
BRDA:102,6,0,0
BRDA:102,6,1,0
BRDA:103,7,0,0
BRDA:103,7,1,0
BRDA:107,8,0,0
BRDA:107,8,1,0
BRDA:135,9,0,0
BRDA:135,9,1,2
BRDA:143,10,0,2
BRDA:143,10,1,0
BRDA:143,11,0,2
BRDA:143,11,1,2
BRDA:147,12,0,0
BRDA:147,12,1,0
BRDA:164,13,0,0
BRDA:164,13,1,0
BRF:28
BRH:8
end_of_record
TN:
SF:app\api\org-members\route.ts
FN:14,(anonymous_0)
FN:26,(anonymous_1)
FN:35,(anonymous_2)
FN:54,(anonymous_3)
FN:62,(anonymous_4)
FN:88,(anonymous_5)
FN:178,(anonymous_6)
FN:232,(anonymous_7)
FNF:8
FNH:5
FNDA:2,(anonymous_0)
FNDA:2,(anonymous_1)
FNDA:2,(anonymous_2)
FNDA:2,(anonymous_3)
FNDA:0,(anonymous_4)
FNDA:1,(anonymous_5)
FNDA:0,(anonymous_6)
FNDA:0,(anonymous_7)
DA:10,1
DA:15,2
DA:21,2
DA:22,0
DA:25,2
DA:28,2
DA:37,2
DA:50,2
DA:52,2
DA:54,2
DA:62,0
DA:77,1
DA:83,1
DA:89,1
DA:95,1
DA:96,0
DA:99,1
DA:100,0
DA:103,1
DA:107,1
DA:109,0
DA:110,0
DA:113,0
DA:114,0
DA:117,0
DA:118,0
DA:122,0
DA:123,0
DA:127,0
DA:128,0
DA:129,0
DA:138,0
DA:139,0
DA:143,0
DA:144,0
DA:145,0
DA:146,0
DA:156,0
DA:166,0
DA:170,1
DA:173,1
DA:179,0
DA:185,0
DA:186,0
DA:189,0
DA:193,0
DA:195,0
DA:196,0
DA:199,0
DA:200,0
DA:202,0
DA:203,0
DA:207,0
DA:208,0
DA:218,0
DA:219,0
DA:221,0
DA:223,0
DA:224,0
DA:228,0
DA:232,0
DA:236,0
DA:238,0
DA:249,0
DA:254,0
DA:264,0
LF:66
LH:18
BRDA:21,0,0,0
BRDA:21,0,1,2
BRDA:50,1,0,2
BRDA:50,1,1,2
BRDA:56,2,0,2
BRDA:56,2,1,0
BRDA:57,3,0,2
BRDA:57,3,1,0
BRDA:58,4,0,2
BRDA:58,4,1,0
BRDA:66,5,0,0
BRDA:66,5,1,0
BRDA:95,6,0,0
BRDA:95,6,1,1
BRDA:99,7,0,0
BRDA:99,7,1,1
BRDA:99,8,0,1
BRDA:99,8,1,1
BRDA:107,9,0,1
BRDA:107,9,1,0
BRDA:109,10,0,0
BRDA:109,10,1,0
BRDA:109,11,0,0
BRDA:109,11,1,0
BRDA:113,12,0,0
BRDA:113,12,1,0
BRDA:117,13,0,0
BRDA:117,13,1,0
BRDA:117,14,0,0
BRDA:117,14,1,0
BRDA:122,15,0,0
BRDA:122,15,1,0
BRDA:138,16,0,0
BRDA:138,16,1,0
BRDA:138,17,0,0
BRDA:138,17,1,0
BRDA:143,18,0,0
BRDA:143,18,1,0
BRDA:185,19,0,0
BRDA:185,19,1,0
BRDA:193,20,0,0
BRDA:193,20,1,0
BRDA:195,21,0,0
BRDA:195,21,1,0
BRDA:199,22,0,0
BRDA:199,22,1,0
BRDA:199,23,0,0
BRDA:199,23,1,0
BRDA:202,24,0,0
BRDA:202,24,1,0
BRDA:207,25,0,0
BRDA:207,25,1,0
BRDA:219,26,0,0
BRDA:219,26,1,0
BRDA:223,27,0,0
BRDA:223,27,1,0
BRDA:228,28,0,0
BRDA:228,28,1,0
BRDA:228,29,0,0
BRDA:228,29,1,0
BRF:60
BRH:11
end_of_record
TN:
SF:app\api\organizations\route.ts
FN:13,GET
FN:31,(anonymous_1)
FN:47,(anonymous_2)
FN:48,(anonymous_3)
FN:70,PATCH
FN:87,(anonymous_5)
FN:127,POST
FN:144,(anonymous_7)
FN:151,(anonymous_8)
FNF:9
FNH:7
FNDA:2,GET
FNDA:2,(anonymous_1)
FNDA:4,(anonymous_2)
FNDA:4,(anonymous_3)
FNDA:2,PATCH
FNDA:0,(anonymous_5)
FNDA:2,POST
FNDA:0,(anonymous_7)
FNDA:1,(anonymous_8)
DA:14,2
DA:15,2
DA:16,2
DA:17,2
DA:19,2
DA:25,2
DA:26,0
DA:29,2
DA:31,2
DA:33,2
DA:41,2
DA:45,2
DA:47,4
DA:48,4
DA:59,2
DA:60,2
DA:62,0
DA:63,0
DA:71,2
DA:72,2
DA:73,2
DA:75,2
DA:76,2
DA:77,2
DA:79,2
DA:83,2
DA:84,0
DA:87,2
DA:88,2
DA:89,0
DA:91,2
DA:92,2
DA:93,2
DA:95,0
DA:97,0
DA:99,0
DA:103,0
DA:104,0
DA:107,0
DA:109,0
DA:110,0
DA:117,0
DA:119,0
DA:120,0
DA:128,2
DA:129,2
DA:130,2
DA:132,2
DA:133,2
DA:134,2
DA:136,2
DA:140,2
DA:141,0
DA:144,2
DA:145,2
DA:146,0
DA:148,2
DA:149,2
DA:150,1
DA:151,1
DA:155,1
DA:157,1
DA:159,1
DA:165,2
DA:166,2
DA:167,2
DA:168,0
DA:169,0
DA:172,1
DA:178,1
DA:188,1
DA:197,1
DA:203,0
DA:204,0
LF:74
LH:52
BRDA:16,0,0,0
BRDA:16,0,1,2
BRDA:25,1,0,0
BRDA:25,1,1,2
BRDA:54,2,0,2
BRDA:54,2,1,0
BRDA:63,3,0,0
BRDA:63,3,1,0
BRDA:73,4,0,0
BRDA:73,4,1,2
BRDA:76,5,0,0
BRDA:76,5,1,2
BRDA:83,6,0,0
BRDA:83,6,1,2
BRDA:88,7,0,0
BRDA:88,7,1,2
BRDA:88,8,0,2
BRDA:88,8,1,2
BRDA:88,8,2,2
BRDA:92,9,0,2
BRDA:92,9,1,0
BRDA:103,10,0,0
BRDA:103,10,1,0
BRDA:120,11,0,0
BRDA:120,11,1,0
BRDA:130,12,0,0
BRDA:130,12,1,2
BRDA:133,13,0,0
BRDA:133,13,1,2
BRDA:140,14,0,0
BRDA:140,14,1,2
BRDA:145,15,0,0
BRDA:145,15,1,2
BRDA:145,16,0,2
BRDA:145,16,1,2
BRDA:145,16,2,2
BRDA:149,17,0,1
BRDA:149,17,1,1
BRDA:159,18,0,1
BRDA:159,18,1,0
BRDA:204,19,0,0
BRDA:204,19,1,0
BRF:42
BRH:21
end_of_record
TN:
SF:app\api\organizations\automation\route.ts
FN:58,(anonymous_0)
FN:68,(anonymous_1)
FN:114,(anonymous_2)
FNF:3
FNH:3
FNDA:2,(anonymous_0)
FNDA:2,(anonymous_1)
FNDA:2,(anonymous_2)
DA:45,1
DA:47,1
DA:58,1
DA:59,2
DA:60,2
DA:61,2
DA:64,1
DA:69,2
DA:75,2
DA:76,0
DA:79,2
DA:84,2
DA:85,2
DA:109,1
DA:115,2
DA:121,2
DA:122,0
DA:125,2
DA:126,2
DA:127,2
DA:128,2
DA:129,2
DA:130,2
DA:131,2
DA:132,2
DA:133,2
DA:135,2
DA:145,1
DA:150,1
DA:151,1
DA:152,1
DA:153,0
DA:155,1
DA:156,1
DA:157,1
DA:158,1
DA:159,0
DA:162,1
DA:164,1
DA:165,1
DA:166,1
DA:167,0
DA:169,1
DA:170,1
DA:171,1
DA:172,1
DA:173,1
DA:176,0
DA:178,0
DA:179,0
DA:180,0
DA:181,0
DA:183,0
DA:184,0
DA:185,0
DA:186,0
DA:187,0
DA:190,0
DA:192,0
DA:193,0
DA:195,0
DA:196,0
DA:198,0
DA:199,0
DA:202,0
DA:204,0
DA:205,0
DA:207,0
DA:209,0
DA:210,0
DA:213,0
DA:223,0
DA:225,0
DA:244,0
LF:74
LH:42
BRDA:59,0,0,0
BRDA:59,0,1,2
BRDA:59,1,0,2
BRDA:59,1,1,2
BRDA:61,2,0,2
BRDA:61,2,1,0
BRDA:75,3,0,0
BRDA:75,3,1,2
BRDA:84,4,0,0
BRDA:84,4,1,2
BRDA:87,5,0,0
BRDA:87,5,1,2
BRDA:90,6,0,0
BRDA:90,6,1,2
BRDA:93,7,0,0
BRDA:93,7,1,2
BRDA:99,8,0,0
BRDA:99,8,1,2
BRDA:101,9,0,2
BRDA:101,9,1,0
BRDA:103,10,0,2
BRDA:103,10,1,0
BRDA:121,11,0,0
BRDA:121,11,1,2
BRDA:135,12,0,1
BRDA:135,12,1,1
BRDA:136,13,0,2
BRDA:136,13,1,1
BRDA:136,13,2,1
BRDA:136,13,3,1
BRDA:136,13,4,1
BRDA:136,13,5,1
BRDA:136,13,6,1
BRDA:136,13,7,1
BRDA:150,14,0,1
BRDA:150,14,1,0
BRDA:152,15,0,0
BRDA:152,15,1,1
BRDA:152,16,0,1
BRDA:152,16,1,1
BRDA:152,16,2,1
BRDA:156,17,0,1
BRDA:156,17,1,0
BRDA:158,18,0,0
BRDA:158,18,1,1
BRDA:164,19,0,1
BRDA:164,19,1,0
BRDA:166,20,0,0
BRDA:166,20,1,1
BRDA:166,21,0,1
BRDA:166,21,1,1
BRDA:166,21,2,1
BRDA:170,22,0,1
BRDA:170,22,1,0
BRDA:172,23,0,1
BRDA:172,23,1,0
BRDA:178,24,0,0
BRDA:178,24,1,0
BRDA:180,25,0,0
BRDA:180,25,1,0
BRDA:180,26,0,0
BRDA:180,26,1,0
BRDA:180,26,2,0
BRDA:184,27,0,0
BRDA:184,27,1,0
BRDA:186,28,0,0
BRDA:186,28,1,0
BRDA:192,29,0,0
BRDA:192,29,1,0
BRDA:195,30,0,0
BRDA:195,30,1,0
BRDA:198,31,0,0
BRDA:198,31,1,0
BRDA:200,32,0,0
BRDA:200,32,1,0
BRDA:202,33,0,0
BRDA:202,33,1,0
BRDA:207,34,0,0
BRDA:207,34,1,0
BRDA:223,35,0,0
BRDA:223,35,1,0
BRDA:246,36,0,0
BRDA:246,36,1,0
BRDA:249,37,0,0
BRDA:249,37,1,0
BRDA:252,38,0,0
BRDA:252,38,1,0
BRDA:258,39,0,0
BRDA:258,39,1,0
BRDA:260,40,0,0
BRDA:260,40,1,0
BRDA:262,41,0,0
BRDA:262,41,1,0
BRF:93
BRH:37
end_of_record
TN:
SF:app\api\organizations\branding\route.ts
FN:30,(anonymous_0)
FN:76,(anonymous_1)
FN:155,(anonymous_2)
FNF:3
FNH:3
FNDA:2,(anonymous_0)
FNDA:2,(anonymous_1)
FNDA:2,(anonymous_2)
DA:18,1
DA:20,1
DA:27,1
DA:31,2
DA:37,2
DA:38,0
DA:41,2
DA:44,2
DA:48,2
DA:51,2
DA:55,2
DA:66,2
DA:67,2
DA:71,1
DA:77,2
DA:83,2
DA:84,0
DA:87,2
DA:88,2
DA:89,2
DA:91,2
DA:92,1
DA:95,1
DA:96,0
DA:97,0
DA:98,0
DA:99,0
DA:101,0
DA:102,0
DA:103,0
DA:105,0
DA:106,0
DA:110,1
DA:111,1
DA:112,1
DA:113,0
DA:115,1
DA:118,1
DA:124,1
DA:126,1
DA:139,1
DA:151,1
DA:156,2
DA:162,2
DA:163,0
DA:166,2
DA:177,2
DA:179,2
DA:188,2
LF:49
LH:36
BRDA:37,0,0,0
BRDA:37,0,1,2
BRDA:44,1,0,0
BRDA:44,1,1,2
BRDA:48,2,0,0
BRDA:48,2,1,2
BRDA:51,3,0,0
BRDA:51,3,1,2
BRDA:52,4,0,0
BRDA:52,4,1,0
BRDA:59,5,0,2
BRDA:59,5,1,2
BRDA:61,6,0,2
BRDA:61,6,1,2
BRDA:62,7,0,2
BRDA:62,7,1,2
BRDA:83,8,0,0
BRDA:83,8,1,2
BRDA:91,9,0,1
BRDA:91,9,1,1
BRDA:91,10,0,2
BRDA:91,10,1,2
BRDA:95,11,0,0
BRDA:95,11,1,1
BRDA:97,12,0,0
BRDA:97,12,1,0
BRDA:97,13,0,0
BRDA:97,13,1,0
BRDA:102,14,0,0
BRDA:102,14,1,0
BRDA:110,15,0,1
BRDA:110,15,1,0
BRDA:112,16,0,0
BRDA:112,16,1,1
BRDA:112,17,0,1
BRDA:112,17,1,1
BRDA:112,17,2,0
BRDA:124,18,0,0
BRDA:124,18,1,1
BRDA:142,19,0,1
BRDA:142,19,1,1
BRDA:143,20,0,2
BRDA:143,20,1,1
BRDA:144,21,0,2
BRDA:144,21,1,0
BRDA:162,22,0,0
BRDA:162,22,1,2
BRDA:177,23,0,0
BRDA:177,23,1,2
BRF:49
BRH:28
end_of_record
TN:
SF:app\api\organizations\branding\logo\route.ts
FN:25,(anonymous_0)
FNF:1
FNH:1
FNDA:2,(anonymous_0)
DA:18,1
DA:20,1
DA:22,1
DA:26,2
DA:32,2
DA:33,0
DA:36,2
DA:40,2
DA:41,2
DA:42,2
DA:45,0
DA:46,0
DA:47,0
DA:50,0
DA:51,0
DA:53,0
LF:16
LH:9
BRDA:32,0,0,0
BRDA:32,0,1,2
BRDA:40,1,0,2
BRDA:40,1,1,2
BRDA:41,2,0,2
BRDA:41,2,1,0
BRDA:46,3,0,0
BRDA:46,3,1,0
BRF:8
BRH:4
end_of_record
TN:
SF:app\api\organizations\current\route.ts
FN:26,(anonymous_0)
FN:89,(anonymous_1)
FNF:2
FNH:2
FNDA:2,(anonymous_0)
FNDA:2,(anonymous_1)
DA:21,1
DA:23,1
DA:27,2
DA:33,2
DA:34,0
DA:37,2
DA:46,2
DA:48,2
DA:63,1
DA:84,1
DA:90,2
DA:96,2
DA:97,0
DA:100,2
DA:101,2
DA:102,2
DA:104,2
DA:105,0
DA:108,2
DA:115,2
DA:117,2
DA:127,2
LF:22
LH:19
BRDA:33,0,0,0
BRDA:33,0,1,2
BRDA:46,1,0,0
BRDA:46,1,1,2
BRDA:51,2,0,2
BRDA:51,2,1,0
BRDA:52,3,0,2
BRDA:52,3,1,0
BRDA:53,4,0,2
BRDA:53,4,1,0
BRDA:54,5,0,2
BRDA:54,5,1,0
BRDA:96,6,0,0
BRDA:96,6,1,2
BRDA:101,7,0,0
BRDA:101,7,1,2
BRDA:102,8,0,2
BRDA:102,8,1,0
BRDA:104,9,0,0
BRDA:104,9,1,2
BRDA:115,10,0,0
BRDA:115,10,1,2
BRDA:129,11,0,2
BRDA:129,11,1,0
BRDA:130,12,0,2
BRDA:130,12,1,0
BRF:26
BRH:13
end_of_record
TN:
SF:app\api\organizations\letterhead\route.ts
FN:80,normalizeLetterhead
FN:94,(anonymous_1)
FN:118,(anonymous_2)
FNF:3
FNH:3
FNDA:2,normalizeLetterhead
FNDA:2,(anonymous_1)
FNDA:2,(anonymous_2)
DA:24,1
DA:29,1
DA:30,1
DA:32,1
DA:64,1
DA:81,2
DA:82,2
DA:83,2
DA:84,26
DA:85,26
DA:87,2
DA:90,1
DA:95,2
DA:101,2
DA:102,0
DA:105,2
DA:108,2
DA:109,2
DA:113,1
DA:119,2
DA:125,2
DA:126,0
DA:132,2
DA:133,2
DA:134,2
DA:135,26
DA:136,0
DA:137,0
DA:141,2
DA:142,2
DA:145,0
DA:153,0
DA:155,0
DA:165,0
LF:34
LH:26
BRDA:81,0,0,2
BRDA:81,0,1,0
BRDA:81,1,0,2
BRDA:81,1,1,2
BRDA:85,2,0,26
BRDA:85,2,1,0
BRDA:101,3,0,0
BRDA:101,3,1,2
BRDA:108,4,0,0
BRDA:108,4,1,2
BRDA:125,5,0,0
BRDA:125,5,1,2
BRDA:135,6,0,0
BRDA:135,6,1,26
BRDA:136,7,0,0
BRDA:136,7,1,0
BRDA:141,8,0,2
BRDA:141,8,1,0
BRDA:153,9,0,0
BRDA:153,9,1,0
BRF:20
BRH:9
end_of_record
TN:
SF:app\api\payment-plans\route.ts
FN:13,GET
FN:31,(anonymous_1)
FN:43,(anonymous_2)
FN:60,(anonymous_3)
FN:88,POST
FN:107,(anonymous_5)
FN:114,(anonymous_6)
FNF:7
FNH:5
FNDA:2,GET
FNDA:2,(anonymous_1)
FNDA:3,(anonymous_2)
FNDA:3,(anonymous_3)
FNDA:2,POST
FNDA:0,(anonymous_5)
FNDA:0,(anonymous_6)
DA:14,2
DA:15,2
DA:16,2
DA:18,2
DA:24,2
DA:25,0
DA:28,2
DA:31,2
DA:33,2
DA:37,2
DA:38,0
DA:39,0
DA:40,0
DA:43,3
DA:44,2
DA:45,2
DA:48,2
DA:49,2
DA:50,2
DA:51,2
DA:52,2
DA:60,2
DA:61,3
DA:62,3
DA:74,2
DA:76,2
DA:77,2
DA:79,0
DA:80,0
DA:89,2
DA:90,2
DA:91,2
DA:93,2
DA:94,2
DA:96,2
DA:102,2
DA:103,0
DA:106,2
DA:107,2
DA:108,2
DA:109,0
DA:111,2
DA:112,2
DA:113,0
DA:114,0
DA:118,2
DA:121,2
DA:122,2
DA:123,2
DA:127,2
DA:128,2
DA:131,2
DA:137,2
DA:147,2
DA:149,0
DA:150,0
LF:56
LH:44
BRDA:16,0,0,0
BRDA:16,0,1,2
BRDA:24,1,0,0
BRDA:24,1,1,2
BRDA:37,2,0,0
BRDA:37,2,1,2
BRDA:49,3,0,2
BRDA:49,3,1,0
BRDA:50,4,0,0
BRDA:50,4,1,2
BRDA:50,5,0,2
BRDA:50,5,1,2
BRDA:51,6,0,2
BRDA:51,6,1,0
BRDA:61,7,0,3
BRDA:61,7,1,1
BRDA:63,8,0,3
BRDA:63,8,1,0
BRDA:81,9,0,0
BRDA:81,9,1,0
BRDA:91,10,0,0
BRDA:91,10,1,2
BRDA:94,11,0,0
BRDA:94,11,1,2
BRDA:102,12,0,0
BRDA:102,12,1,2
BRDA:108,13,0,0
BRDA:108,13,1,2
BRDA:108,14,0,2
BRDA:108,14,1,2
BRDA:108,14,2,2
BRDA:112,15,0,0
BRDA:112,15,1,2
BRDA:122,16,0,2
BRDA:122,16,1,0
BRDA:127,17,0,2
BRDA:127,17,1,0
BRDA:128,18,0,2
BRDA:128,18,1,0
BRDA:151,19,0,0
BRDA:151,19,1,0
BRF:41
BRH:22
end_of_record
TN:
SF:app\api\payment-plans\[id]\route.ts
FN:13,GET
FN:53,PUT
FN:76,(anonymous_2)
FN:83,(anonymous_3)
FN:128,DELETE
FNF:5
FNH:3
FNDA:2,GET
FNDA:2,PUT
FNDA:0,(anonymous_2)
FNDA:0,(anonymous_3)
FNDA:2,DELETE
DA:15,2
DA:16,2
DA:17,2
DA:18,2
DA:19,0
DA:22,2
DA:28,2
DA:29,0
DA:32,2
DA:33,2
DA:35,2
DA:36,0
DA:42,2
DA:44,0
DA:45,0
DA:55,2
DA:56,2
DA:57,2
DA:59,2
DA:60,2
DA:61,2
DA:62,0
DA:65,2
DA:71,2
DA:72,0
DA:75,2
DA:76,2
DA:77,2
DA:78,0
DA:80,2
DA:81,2
DA:82,0
DA:83,0
DA:87,2
DA:88,2
DA:89,2
DA:92,0
DA:94,0
DA:100,0
DA:101,0
DA:107,0
DA:117,0
DA:119,0
DA:120,0
DA:130,2
DA:131,2
DA:132,2
DA:134,2
DA:135,2
DA:136,2
DA:137,0
DA:140,2
DA:146,2
DA:147,0
DA:150,2
DA:153,2
DA:157,2
DA:158,0
DA:167,2
DA:177,2
DA:178,2
DA:188,0
DA:193,0
DA:194,0
DA:197,0
DA:199,0
DA:200,0
LF:67
LH:40
BRDA:17,0,0,0
BRDA:17,0,1,2
BRDA:18,1,0,0
BRDA:18,1,1,2
BRDA:28,2,0,0
BRDA:28,2,1,2
BRDA:35,3,0,0
BRDA:35,3,1,2
BRDA:46,4,0,0
BRDA:46,4,1,0
BRDA:57,5,0,0
BRDA:57,5,1,2
BRDA:60,6,0,0
BRDA:60,6,1,2
BRDA:61,7,0,0
BRDA:61,7,1,2
BRDA:71,8,0,0
BRDA:71,8,1,2
BRDA:77,9,0,0
BRDA:77,9,1,2
BRDA:77,10,0,2
BRDA:77,10,1,2
BRDA:77,10,2,2
BRDA:81,11,0,0
BRDA:81,11,1,2
BRDA:88,12,0,2
BRDA:88,12,1,0
BRDA:100,13,0,0
BRDA:100,13,1,0
BRDA:121,14,0,0
BRDA:121,14,1,0
BRDA:132,15,0,0
BRDA:132,15,1,2
BRDA:135,16,0,0
BRDA:135,16,1,2
BRDA:136,17,0,0
BRDA:136,17,1,2
BRDA:146,18,0,0
BRDA:146,18,1,2
BRDA:157,19,0,0
BRDA:157,19,1,2
BRDA:177,20,0,2
BRDA:177,20,1,0
BRDA:177,21,0,2
BRDA:177,21,1,0
BRDA:193,22,0,0
BRDA:193,22,1,0
BRDA:201,23,0,0
BRDA:201,23,1,0
BRF:49
BRH:21
end_of_record
TN:
SF:app\api\payments\route.ts
FN:37,(anonymous_0)
FN:85,(anonymous_1)
FN:117,(anonymous_2)
FNF:3
FNH:2
FNDA:2,(anonymous_0)
FNDA:2,(anonymous_1)
FNDA:0,(anonymous_2)
DA:15,1
DA:17,1
DA:32,1
DA:38,2
DA:44,2
DA:45,0
DA:48,2
DA:49,2
DA:50,0
DA:53,0
DA:57,2
DA:58,0
DA:62,0
DA:63,0
DA:65,2
DA:66,2
DA:68,2
DA:69,0
DA:70,0
DA:71,0
DA:73,0
DA:74,0
DA:82,2
DA:83,2
DA:85,2
DA:86,2
DA:97,2
DA:99,2
DA:100,0
DA:101,0
DA:102,0
DA:103,0
DA:104,0
DA:105,0
DA:106,0
DA:113,2
DA:118,0
DA:129,2
LF:38
LH:19
BRDA:44,0,0,0
BRDA:44,0,1,2
BRDA:49,1,0,0
BRDA:49,1,1,2
BRDA:57,2,0,0
BRDA:57,2,1,2
BRDA:62,3,0,0
BRDA:62,3,1,0
BRDA:65,4,0,0
BRDA:65,4,1,2
BRDA:66,5,0,0
BRDA:66,5,1,2
BRDA:68,6,0,0
BRDA:68,6,1,2
BRDA:70,7,0,0
BRDA:70,7,1,0
BRDA:73,8,0,0
BRDA:73,8,1,0
BRDA:82,9,0,2
BRDA:82,9,1,2
BRDA:83,10,0,0
BRDA:83,10,1,2
BRDA:99,11,0,0
BRDA:99,11,1,2
BRDA:102,12,0,0
BRDA:102,12,1,0
BRDA:105,13,0,0
BRDA:105,13,1,0
BRDA:107,14,0,0
BRDA:107,14,1,0
BRDA:119,15,0,0
BRDA:119,15,1,0
BRDA:129,16,0,0
BRDA:129,16,1,2
BRF:34
BRH:11
end_of_record
TN:
SF:app\api\recurring-payments\process\route.ts
FN:22,getStripe
FN:35,POST
FN:191,(anonymous_2)
FN:202,(anonymous_3)
FN:286,(anonymous_4)
FN:383,(anonymous_5)
FN:397,GET
FN:431,(anonymous_7)
FN:453,(anonymous_8)
FNF:9
FNH:3
FNDA:0,getStripe
FNDA:2,POST
FNDA:0,(anonymous_2)
FNDA:0,(anonymous_3)
FNDA:0,(anonymous_4)
FNDA:0,(anonymous_5)
FNDA:2,GET
FNDA:2,(anonymous_7)
FNDA:0,(anonymous_8)
DA:18,1
DA:23,0
DA:24,0
DA:25,0
DA:27,0
DA:36,2
DA:37,2
DA:38,2
DA:40,2
DA:41,2
DA:43,0
DA:47,0
DA:48,0
DA:51,0
DA:53,0
DA:54,0
DA:59,0
DA:62,0
DA:64,2
DA:65,2
DA:66,2
DA:68,2
DA:69,2
DA:70,0
DA:75,0
DA:77,0
DA:87,0
DA:89,0
DA:92,0
DA:93,0
DA:95,0
DA:96,0
DA:102,0
DA:103,0
DA:106,0
DA:113,0
DA:114,0
DA:120,0
DA:121,0
DA:128,0
DA:129,0
DA:130,0
DA:139,0
DA:141,0
DA:147,0
DA:148,0
DA:157,0
DA:159,0
DA:160,0
DA:188,0
DA:192,0
DA:194,0
DA:196,0
DA:197,0
DA:199,0
DA:203,0
DA:209,0
DA:218,0
DA:219,0
DA:233,0
DA:241,0
DA:242,0
DA:243,0
DA:244,0
DA:245,0
DA:270,0
DA:271,0
DA:283,0
DA:287,0
DA:309,0
DA:317,0
DA:318,0
DA:323,0
DA:331,0
DA:340,0
DA:341,0
DA:342,0
DA:349,0
DA:350,0
DA:360,0
DA:364,0
DA:365,0
DA:368,0
DA:369,0
DA:378,0
DA:384,0
DA:388,0
DA:389,0
DA:398,2
DA:399,2
DA:400,2
DA:402,2
DA:408,2
DA:409,0
DA:412,2
DA:414,2
DA:415,2
DA:416,2
DA:418,2
DA:419,2
DA:420,0
DA:421,0
DA:423,0
DA:424,0
DA:425,0
DA:427,0
DA:429,2
DA:431,2
DA:436,2
DA:454,0
DA:462,2
DA:464,0
DA:465,0
LF:113
LH:26
BRDA:24,0,0,0
[...]
BRDA:565,86,0,0
BRDA:565,86,1,0
BRDA:565,87,0,0
BRDA:565,87,1,0
BRDA:582,88,0,0
BRDA:582,88,1,0
BRDA:589,89,0,0
BRDA:589,89,1,0
BRDA:589,89,2,0
BRDA:590,90,0,0
BRDA:590,90,1,0
BRDA:590,90,2,0
BRDA:591,91,0,0
BRDA:591,91,1,0
BRDA:591,92,0,0
BRDA:591,92,1,0
BRDA:603,93,0,0
BRDA:603,93,1,0
BRDA:609,94,0,0
BRDA:609,94,1,0
BRDA:611,95,0,0
BRDA:611,95,1,0
BRDA:612,96,0,0
BRDA:612,96,1,0
BRDA:612,97,0,0
BRDA:612,97,1,0
BRDA:618,98,0,0
BRDA:618,98,1,0
BRDA:621,99,0,0
BRDA:621,99,1,0
BRDA:630,100,0,0
BRDA:630,100,1,0
BRF:211
BRH:6
end_of_record
TN:
SF:app\api\tasks\route.ts
FN:21,assertRelatedScoped
FN:69,(anonymous_1)
FN:135,(anonymous_2)
FN:153,(anonymous_3)
FN:176,(anonymous_4)
FNF:5
FNH:4
FNDA:1,assertRelatedScoped
FNDA:2,(anonymous_1)
FNDA:2,(anonymous_2)
FNDA:0,(anonymous_3)
FNDA:1,(anonymous_4)
DA:10,1
DA:12,1
DA:13,1
DA:29,1
DA:30,0
DA:31,0
DA:33,0
DA:37,0
DA:39,1
DA:40,0
DA:41,0
DA:43,0
DA:47,0
DA:49,1
DA:50,0
DA:51,0
DA:53,0
DA:57,0
DA:59,1
DA:65,1
DA:70,2
DA:76,2
DA:77,0
DA:80,2
DA:81,2
DA:82,2
DA:83,2
DA:84,2
DA:85,2
DA:87,2
DA:88,2
DA:89,0
DA:90,0
DA:92,0
DA:94,2
DA:95,0
DA:96,0
DA:98,0
DA:100,2
DA:101,0
DA:104,0
DA:105,0
DA:107,0
DA:109,2
DA:110,0
DA:113,0
DA:114,0
DA:116,0
DA:119,2
DA:120,0
DA:121,0
DA:122,0
DA:123,0
DA:124,0
DA:125,0
DA:126,0
DA:128,0
DA:135,2
DA:137,2
DA:154,0
DA:160,2
DA:171,1
DA:177,1
DA:183,1
DA:184,0
DA:187,1
DA:192,1
DA:193,0
DA:196,1
DA:210,1
DA:220,1
LF:71
LH:33
BRDA:29,0,0,0
BRDA:29,0,1,1
BRDA:30,1,0,0
BRDA:30,1,1,0
BRDA:37,2,0,0
BRDA:37,2,1,0
BRDA:39,3,0,0
BRDA:39,3,1,1
BRDA:40,4,0,0
BRDA:40,4,1,0
BRDA:47,5,0,0
BRDA:47,5,1,0
BRDA:49,6,0,0
BRDA:49,6,1,1
BRDA:50,7,0,0
BRDA:50,7,1,0
BRDA:57,8,0,0
BRDA:57,8,1,0
BRDA:76,9,0,0
BRDA:76,9,1,2
BRDA:88,10,0,0
BRDA:88,10,1,2
BRDA:89,11,0,0
BRDA:89,11,1,0
BRDA:94,12,0,0
BRDA:94,12,1,2
BRDA:95,13,0,0
BRDA:95,13,1,0
BRDA:100,14,0,0
BRDA:100,14,1,2
BRDA:104,15,0,0
BRDA:104,15,1,0
BRDA:109,16,0,0
BRDA:109,16,1,2
BRDA:113,17,0,0
BRDA:113,17,1,0
BRDA:119,18,0,0
BRDA:119,18,1,2
BRDA:119,19,0,2
BRDA:119,19,1,2
BRDA:119,19,2,2
BRDA:122,20,0,0
BRDA:122,20,1,0
BRDA:124,21,0,0
BRDA:124,21,1,0
BRDA:155,22,0,0
BRDA:155,22,1,0
BRDA:183,23,0,0
BRDA:183,23,1,1
BRDA:188,24,0,1
BRDA:188,24,1,1
BRDA:189,25,0,1
BRDA:189,25,1,1
BRDA:190,26,0,1
BRDA:190,26,1,1
BRDA:192,27,0,0
BRDA:192,27,1,1
BRDA:202,28,0,1
BRDA:202,28,1,0
BRDA:203,29,0,1
BRDA:203,29,1,0
BRDA:204,30,0,1
BRDA:204,30,1,1
BRDA:205,31,0,1
BRDA:205,31,1,1
BRDA:206,32,0,1
BRDA:206,32,1,1
BRF:67
BRH:28
end_of_record
TN:
SF:app\api\tasks\[id]\route.ts
FN:18,(anonymous_0)
FN:66,(anonymous_1)
FN:148,(anonymous_2)
FNF:3
FNH:3
FNDA:2,(anonymous_0)
FNDA:2,(anonymous_1)
FNDA:2,(anonymous_2)
DA:10,1
DA:13,1
DA:19,2
DA:25,2
DA:26,0
DA:29,2
DA:30,2
DA:31,0
DA:33,2
DA:50,2
DA:51,1
DA:60,1
DA:67,2
DA:73,2
DA:74,0
DA:77,2
DA:78,2
DA:79,0
DA:82,2
DA:83,0
DA:89,2
DA:94,0
DA:99,0
DA:100,0
DA:104,2
DA:108,2
DA:109,0
DA:111,2
DA:112,0
DA:115,2
DA:137,2
DA:138,1
DA:143,1
DA:149,2
DA:155,2
DA:156,0
DA:159,2
DA:160,2
DA:161,0
DA:163,2
DA:164,2
DA:165,2
LF:42
LH:30
BRDA:25,0,0,0
BRDA:25,0,1,2
BRDA:30,1,0,0
BRDA:30,1,1,2
BRDA:50,2,0,1
BRDA:50,2,1,1
BRDA:73,3,0,0
BRDA:73,3,1,2
BRDA:78,4,0,0
BRDA:78,4,1,2
BRDA:82,5,0,0
BRDA:82,5,1,2
BRDA:89,6,0,0
BRDA:89,6,1,2
BRDA:90,7,0,2
BRDA:90,7,1,2
BRDA:90,7,2,2
BRDA:95,8,0,0
BRDA:95,8,1,0
BRDA:96,9,0,0
BRDA:96,9,1,0
BRDA:97,10,0,0
BRDA:97,10,1,0
BRDA:99,11,0,0
BRDA:99,11,1,0
BRDA:108,12,0,0
BRDA:108,12,1,2
BRDA:108,13,0,2
BRDA:108,13,1,0
BRDA:111,14,0,0
BRDA:111,14,1,2
BRDA:111,15,0,2
BRDA:111,15,1,2
BRDA:111,15,2,2
BRDA:137,16,0,1
BRDA:137,16,1,1
BRDA:155,17,0,0
BRDA:155,17,1,2
BRDA:160,18,0,0
BRDA:160,18,1,2
BRDA:164,19,0,0
BRDA:164,19,1,2
BRF:42
BRH:22
end_of_record
TN:
SF:app\api\tasks\send-due-date-emails\route.ts
FN:18,POST
FN:47,(anonymous_1)
FN:165,(anonymous_2)
FNF:3
FNH:2
FNDA:2,POST
FNDA:2,(anonymous_1)
FNDA:0,(anonymous_2)
DA:15,1
DA:19,2
DA:20,2
DA:21,2
DA:23,2
DA:24,2
DA:26,2
DA:30,2
DA:31,0
DA:34,2
DA:36,2
DA:37,2
DA:38,0
DA:44,2
DA:45,2
DA:47,2
DA:49,2
DA:71,2
DA:73,2
DA:74,1
DA:81,1
DA:82,1
DA:83,0
DA:89,1
DA:97,1
DA:103,1
DA:104,1
DA:105,1
DA:115,1
DA:117,1
DA:118,1
DA:119,0
DA:123,0
DA:124,0
DA:125,0
DA:128,1
DA:129,1
DA:130,0
DA:132,1
DA:133,0
DA:134,0
DA:137,1
DA:139,1
DA:159,1
DA:160,1
DA:162,0
DA:166,0
DA:167,0
DA:168,0
DA:174,1
DA:181,0
DA:182,0
LF:52
LH:36
BRDA:21,0,0,0
BRDA:21,0,1,2
BRDA:24,1,0,0
BRDA:24,1,1,2
BRDA:30,2,0,0
BRDA:30,2,1,2
BRDA:37,3,0,0
BRDA:37,3,1,2
BRDA:73,4,0,1
BRDA:73,4,1,1
BRDA:82,5,0,0
BRDA:82,5,1,1
BRDA:115,6,0,0
BRDA:115,6,1,1
BRDA:117,7,0,1
BRDA:117,7,1,0
BRDA:118,8,0,0
BRDA:118,8,1,1
BRDA:118,9,0,1
BRDA:118,9,1,1
BRDA:129,10,0,0
BRDA:129,10,1,1
BRDA:129,11,0,1
BRDA:129,11,1,0
BRDA:129,11,2,0
BRDA:132,12,0,0
BRDA:132,12,1,1
BRDA:132,13,0,1
BRDA:132,13,1,0
BRDA:137,14,0,1
BRDA:137,14,1,0
BRDA:148,15,0,0
BRDA:148,15,1,1
BRDA:151,16,0,0
BRDA:151,16,1,1
BRDA:152,17,0,0
BRDA:152,17,1,1
BRDA:169,18,0,0
BRDA:169,18,1,0
BRDA:183,19,0,0
BRDA:183,19,1,0
BRDA:183,20,0,0
BRDA:183,20,1,0
BRF:43
BRH:20
end_of_record
TN:
SF:app\api\tax-receipts\route.ts
FN:41,(anonymous_0)
FN:59,(anonymous_1)
FN:106,(anonymous_2)
FN:124,(anonymous_3)
FN:125,(anonymous_4)
FNF:5
FNH:4
FNDA:2,(anonymous_0)
FNDA:2,(anonymous_1)
FNDA:2,(anonymous_2)
FNDA:2,(anonymous_3)
FNDA:0,(anonymous_4)
DA:30,1
DA:32,1
DA:36,1
DA:42,2
DA:48,2
DA:49,0
DA:52,2
DA:53,2
DA:58,2
DA:59,2
DA:61,2
DA:69,2
DA:70,0
DA:73,2
DA:77,2
DA:78,2
DA:79,2
DA:80,2
DA:81,2
DA:82,2
DA:83,2
DA:84,2
DA:86,2
DA:87,2
DA:95,2
DA:96,2
DA:99,2
DA:100,2
DA:101,2
DA:105,2
DA:107,2
DA:108,2
DA:109,2
DA:124,2
DA:125,0
DA:127,2
LF:36
LH:33
BRDA:48,0,0,0
BRDA:48,0,1,2
BRDA:69,1,0,0
BRDA:69,1,1,2
BRDA:79,2,0,0
BRDA:79,2,1,2
BRDA:82,3,0,2
BRDA:82,3,1,0
BRDA:89,4,0,2
BRDA:89,4,1,0
BRDA:91,5,0,2
BRDA:91,5,1,2
BRDA:101,6,0,2
BRDA:101,6,1,0
BRDA:108,7,0,0
BRDA:108,7,1,2
BRDA:108,8,0,2
BRDA:108,8,1,2
BRDA:111,9,0,2
BRDA:111,9,1,0
BRDA:113,10,0,2
BRDA:113,10,1,2
BRDA:114,11,0,2
BRDA:114,11,1,2
BRDA:115,12,0,2
BRDA:115,12,1,2
BRDA:116,13,0,2
BRDA:116,13,1,2
BRDA:118,14,0,2
BRDA:118,14,1,0
BRF:30
BRH:21
end_of_record
TN:
SF:app\api\tax-receipts\[familyId]\pdf\route.ts
FN:28,GET
FN:68,(anonymous_1)
FN:86,(anonymous_2)
FN:92,(anonymous_3)
FN:94,(anonymous_4)
FNF:5
FNH:5
FNDA:2,GET
FNDA:1,(anonymous_1)
FNDA:1,(anonymous_2)
FNDA:1,(anonymous_3)
FNDA:1,(anonymous_4)
DA:26,1
DA:32,2
DA:33,2
DA:34,2
DA:36,2
DA:42,2
DA:43,0
DA:46,2
DA:48,2
DA:49,2
DA:50,0
DA:53,2
DA:54,2
DA:55,2
DA:56,1
DA:58,1
DA:60,1
DA:61,1
DA:63,1
DA:70,1
DA:79,1
DA:80,1
DA:85,1
DA:86,1
DA:92,1
DA:94,1
DA:95,1
DA:96,0
DA:102,1
DA:120,1
DA:121,2
DA:129,0
DA:130,0
LF:33
LH:28
BRDA:34,0,0,0
BRDA:34,0,1,2
BRDA:42,1,0,0
BRDA:42,1,1,2
BRDA:49,2,0,0
BRDA:49,2,1,2
BRDA:55,3,0,1
BRDA:55,3,1,1
BRDA:79,4,0,0
BRDA:79,4,1,1
BRDA:80,5,0,0
BRDA:80,5,1,1
BRDA:88,6,0,1
BRDA:88,6,1,0
BRDA:90,7,0,1
BRDA:90,7,1,1
BRDA:95,8,0,0
BRDA:95,8,1,1
BRDA:104,9,0,1
BRDA:104,9,1,0
BRDA:107,10,0,2
BRDA:107,10,1,0
BRDA:110,11,0,2
BRDA:110,11,1,0
BRDA:111,12,0,2
BRDA:111,12,1,1
BRDA:112,13,0,2
BRDA:112,13,1,1
BRDA:113,14,0,2
BRDA:113,14,1,1
BRDA:114,15,0,2
BRDA:114,15,1,1
BRDA:120,16,0,1
BRDA:120,16,1,0
BRDA:133,17,0,0
BRDA:133,17,1,0
BRF:36
BRH:23
end_of_record
TN:
SF:app\api\tax-receipts\email\route.ts
FN:33,POST
FN:51,(anonymous_1)
FN:70,(anonymous_2)
FN:132,(anonymous_3)
FN:146,(anonymous_4)
FN:147,(anonymous_5)
FN:185,(anonymous_6)
FNF:7
FNH:5
FNDA:2,POST
FNDA:0,(anonymous_1)
FNDA:0,(anonymous_2)
FNDA:1,(anonymous_3)
FNDA:1,(anonymous_4)
FNDA:1,(anonymous_5)
FNDA:1,(anonymous_6)
DA:31,1
DA:34,2
DA:35,2
DA:36,2
DA:38,2
DA:39,2
DA:41,2
DA:45,2
DA:46,0
DA:49,2
DA:51,2
DA:52,2
DA:53,0
DA:55,2
DA:56,2
DA:57,2
DA:58,0
DA:60,2
DA:61,0
DA:67,2
DA:71,0
DA:74,2
DA:78,2
DA:79,1
DA:90,1
DA:94,1
DA:95,0
DA:101,1
DA:108,1
DA:132,1
DA:135,1
DA:144,1
DA:145,1
DA:146,1
DA:147,1
DA:148,1
DA:149,0
DA:151,1
DA:154,1
DA:155,1
DA:156,1
DA:160,1
DA:161,1
DA:165,1
DA:166,0
DA:178,1
DA:185,1
DA:189,1
DA:196,1
DA:197,0
DA:203,1
DA:212,0
DA:213,0
LF:53
LH:42
BRDA:36,0,0,0
BRDA:36,0,1,2
BRDA:39,1,0,0
BRDA:39,1,1,2
BRDA:45,2,0,0
BRDA:45,2,1,2
BRDA:52,3,0,0
BRDA:52,3,1,2
BRDA:52,4,0,2
BRDA:52,4,1,2
BRDA:52,4,2,2
BRDA:57,5,0,0
BRDA:57,5,1,2
BRDA:57,6,0,2
BRDA:57,6,1,2
BRDA:57,6,2,2
BRDA:60,7,0,0
BRDA:60,7,1,2
BRDA:60,8,0,2
BRDA:60,8,1,2
BRDA:78,9,0,1
BRDA:78,9,1,1
BRDA:94,10,0,0
BRDA:94,10,1,1
BRDA:144,11,0,1
BRDA:144,11,1,0
BRDA:144,12,0,1
BRDA:144,12,1,1
BRDA:146,13,0,1
BRDA:146,13,1,1
BRDA:148,14,0,0
BRDA:148,14,1,1
BRDA:161,15,0,1
BRDA:161,15,1,0
BRDA:165,16,0,0
BRDA:165,16,1,1
BRDA:196,17,0,0
BRDA:196,17,1,1
BRDA:216,18,0,0
BRDA:216,18,1,0
BRF:40
BRH:26
end_of_record
TN:
SF:app\api\tax-receipts\email\worker\route.ts
FN:37,POST
FN:60,(anonymous_1)
FN:189,(anonymous_2)
FN:193,(anonymous_3)
FN:217,(anonymous_4)
FN:230,(anonymous_5)
FN:273,(anonymous_6)
FN:288,(anonymous_7)
FN:290,(anonymous_8)
FN:298,(anonymous_9)
FN:305,(anonymous_10)
FNF:11
FNH:1
FNDA:2,POST
FNDA:0,(anonymous_1)
FNDA:0,(anonymous_2)
FNDA:0,(anonymous_3)
FNDA:0,(anonymous_4)
FNDA:0,(anonymous_5)
FNDA:0,(anonymous_6)
FNDA:0,(anonymous_7)
FNDA:0,(anonymous_8)
FNDA:0,(anonymous_9)
FNDA:0,(anonymous_10)
DA:31,1
DA:35,1
DA:38,2
DA:39,2
DA:40,2
DA:42,2
DA:46,2
DA:47,0
DA:50,2
DA:52,2
DA:53,2
DA:54,2
DA:55,2
DA:56,2
DA:57,2
DA:60,2
DA:61,2
DA:62,2
DA:63,2
DA:66,0
DA:67,0
DA:68,0
DA:69,0
DA:70,0
DA:71,0
DA:72,0
DA:77,0
DA:80,0
DA:81,0
DA:82,0
DA:83,0
DA:85,0
DA:86,0
DA:88,0
DA:89,0
DA:92,0
DA:93,0
DA:94,0
DA:95,0
DA:98,0
DA:102,0
DA:103,0
DA:104,0
DA:105,0
DA:106,0
DA:107,0
DA:110,0
DA:111,0
DA:112,0
DA:113,0
DA:114,0
DA:115,0
DA:116,0
DA:119,0
DA:128,0
DA:139,0
DA:140,0
DA:142,0
DA:143,2
DA:144,2
DA:146,2
DA:152,2
DA:153,2
DA:154,2
DA:158,2
DA:160,2
DA:161,2
DA:162,0
DA:169,0
DA:170,0
DA:172,0
DA:173,0
DA:174,0
DA:181,0
DA:184,0
DA:185,0
DA:186,0
DA:192,0
DA:193,0
DA:198,0
DA:204,0
DA:220,0
DA:225,0
DA:227,0
DA:230,0
DA:235,0
DA:236,0
DA:237,0
DA:238,0
DA:240,0
DA:241,0
DA:242,0
DA:245,0
DA:258,0
DA:262,0
DA:263,0
DA:264,0
DA:265,0
DA:272,0
DA:273,0
DA:274,0
DA:275,0
DA:289,0
DA:290,0
DA:291,0
DA:299,0
DA:305,0
DA:308,0
DA:317,0
DA:318,0
LF:110
LH:27
BRDA:40,0,0,0
BRDA:40,0,1,2
BRDA:46,1,0,0
BRDA:46,1,1,2
BRDA:54,2,0,2
BRDA:54,2,1,0
BRDA:56,3,0,0
BRDA:56,3,1,2
BRDA:61,4,0,2
BRDA:61,4,1,0
BRDA:62,5,0,2
BRDA:62,5,1,0
BRDA:62,6,0,2
BRDA:62,6,1,0
BRDA:66,7,0,0
BRDA:66,7,1,0
BRDA:70,8,0,0
BRDA:70,8,1,0
BRDA:71,9,0,0
BRDA:71,9,1,0
BRDA:71,10,0,0
BRDA:71,10,1,0
BRDA:81,11,0,0
BRDA:81,11,1,0
BRDA:82,12,0,0
BRDA:82,12,1,0
BRDA:85,13,0,0
BRDA:85,13,1,0
BRDA:85,14,0,0
BRDA:85,14,1,0
BRDA:88,15,0,0
BRDA:88,15,1,0
BRDA:88,16,0,0
BRDA:88,16,1,0
BRDA:92,17,0,0
BRDA:92,17,1,0
BRDA:94,18,0,0
BRDA:94,18,1,0
BRDA:102,19,0,0
BRDA:102,19,1,0
BRDA:111,20,0,0
BRDA:111,20,1,0
BRDA:139,21,0,0
BRDA:139,21,1,0
BRDA:142,22,0,0
BRDA:142,22,1,0
BRDA:169,23,0,0
BRDA:169,23,1,0
BRDA:173,24,0,0
BRDA:173,24,1,0
BRDA:177,25,0,0
BRDA:177,25,1,0
BRDA:185,26,0,0
BRDA:185,26,1,0
BRDA:192,27,0,0
BRDA:192,27,1,0
BRDA:192,28,0,0
BRDA:192,28,1,0
BRDA:195,29,0,0
BRDA:195,29,1,0
BRDA:200,30,0,0
BRDA:200,30,1,0
BRDA:202,31,0,0
BRDA:202,31,1,0
BRDA:212,32,0,0
BRDA:212,32,1,0
BRDA:232,33,0,0
BRDA:232,33,1,0
BRDA:237,34,0,0
BRDA:237,34,1,0
BRDA:240,35,0,0
BRDA:240,35,1,0
BRDA:253,36,0,0
BRDA:253,36,1,0
BRDA:254,37,0,2
BRDA:254,37,1,0
BRDA:258,38,0,0
BRDA:258,38,1,0
BRDA:263,39,0,0
BRDA:263,39,1,0
BRDA:264,40,0,0
BRDA:264,40,1,0
BRDA:279,41,0,0
BRDA:279,41,1,0
BRDA:280,42,0,0
BRDA:280,42,1,0
BRDA:289,43,0,0
BRDA:289,43,1,0
BRDA:309,44,0,0
BRDA:309,44,1,0
BRDA:310,45,0,2
BRDA:310,45,1,0
BRDA:311,46,0,2
BRDA:311,46,1,0
BRDA:312,47,0,2
BRDA:312,47,1,0
BRDA:321,48,0,0
BRDA:321,48,1,0
BRF:98
BRH:11
end_of_record
TN:
SF:app\api\tax-receipts\zip\route.ts
FN:34,GET
FN:68,(anonymous_1)
FN:121,(anonymous_2)
FN:122,(anonymous_3)
FN:138,entryProvider
FN:172,(anonymous_5)
FN:177,(anonymous_6)
FNF:7
FNH:1
FNDA:2,GET
FNDA:0,(anonymous_1)
FNDA:0,(anonymous_2)
FNDA:0,(anonymous_3)
FNDA:0,entryProvider
FNDA:0,(anonymous_5)
FNDA:0,(anonymous_6)
DA:31,1
DA:32,1
DA:35,2
DA:36,2
DA:37,2
DA:39,2
DA:45,2
DA:46,0
DA:49,2
DA:51,2
DA:52,2
DA:53,2
DA:54,2
DA:60,0
DA:62,0
DA:63,0
DA:64,0
DA:67,0
DA:68,0
DA:70,0
DA:78,0
DA:79,0
DA:85,0
DA:89,0
DA:93,0
DA:94,0
DA:95,0
DA:96,0
DA:97,0
DA:98,0
DA:99,0
DA:101,0
DA:102,0
DA:110,0
DA:111,0
DA:114,0
DA:115,0
DA:116,0
DA:120,0
DA:121,0
DA:122,0
DA:124,0
DA:125,0
DA:131,0
DA:139,0
DA:140,0
DA:141,0
DA:142,0
DA:159,0
DA:160,0
DA:161,0
DA:162,0
DA:163,0
DA:164,0
DA:166,0
DA:167,0
DA:171,0
DA:178,0
DA:179,0
DA:180,0
DA:182,0
DA:184,0
DA:189,0
DA:197,0
DA:198,0
LF:65
LH:12
BRDA:37,0,0,0
BRDA:37,0,1,2
BRDA:45,1,0,0
BRDA:45,1,1,2
BRDA:53,2,0,2
BRDA:53,2,1,0
BRDA:53,3,0,2
BRDA:53,3,1,2
BRDA:53,3,2,0
BRDA:63,4,0,0
BRDA:63,4,1,0
BRDA:78,5,0,0
BRDA:78,5,1,0
BRDA:94,6,0,0
BRDA:94,6,1,0
BRDA:97,7,0,0
BRDA:97,7,1,0
BRDA:104,8,0,0
BRDA:104,8,1,0
BRDA:106,9,0,0
BRDA:106,9,1,0
BRDA:116,10,0,0
BRDA:116,10,1,0
BRDA:122,11,0,0
BRDA:122,11,1,0
BRDA:124,12,0,0
BRDA:124,12,1,0
BRDA:141,13,0,0
BRDA:141,13,1,0
BRDA:144,14,0,0
BRDA:144,14,1,0
BRDA:147,15,0,0
BRDA:147,15,1,0
BRDA:150,16,0,0
BRDA:150,16,1,0
BRDA:151,17,0,0
BRDA:151,17,1,0
BRDA:152,18,0,0
BRDA:152,18,1,0
BRDA:153,19,0,0
BRDA:153,19,1,0
BRDA:154,20,0,0
BRDA:154,20,1,0
BRDA:159,21,0,0
BRDA:159,21,1,0
BRDA:201,22,0,0
BRDA:201,22,1,0
BRF:47
BRH:5
end_of_record
TN:
SF:app\api\trash\route.ts
FN:25,(anonymous_0)
FNF:1
FNH:1
FNDA:2,(anonymous_0)
DA:14,1
DA:16,1
DA:20,1
DA:26,2
DA:32,2
DA:33,0
DA:36,2
DA:39,2
LF:8
LH:7
BRDA:32,0,0,0
BRDA:32,0,1,2
BRDA:37,1,0,2
BRDA:37,1,1,2
BRF:4
BRH:3
end_of_record
TN:
SF:app\api\trash\[kind]\[id]\route.ts
FN:19,(anonymous_0)
FN:54,(anonymous_1)
FNF:2
FNH:2
FNDA:2,(anonymous_0)
FNDA:2,(anonymous_1)
DA:12,1
DA:14,1
DA:20,2
DA:26,2
DA:27,0
DA:30,2
DA:31,2
DA:33,2
DA:34,2
DA:36,0
DA:37,0
DA:40,0
DA:41,0
DA:42,0
DA:45,0
DA:49,1
DA:55,2
DA:61,2
DA:62,0
DA:65,2
DA:66,2
DA:68,2
DA:69,2
DA:71,0
DA:72,0
DA:75,0
DA:76,0
DA:77,0
DA:80,0
LF:29
LH:15
BRDA:26,0,0,0
BRDA:26,0,1,2
BRDA:33,1,0,2
BRDA:33,1,1,0
BRDA:36,2,0,0
BRDA:36,2,1,0
BRDA:41,3,0,0
BRDA:41,3,1,0
BRDA:61,4,0,0
BRDA:61,4,1,2
BRDA:68,5,0,2
BRDA:68,5,1,0
BRDA:71,6,0,0
BRDA:71,6,1,0
BRDA:76,7,0,0
BRDA:76,7,1,0
BRF:16
BRH:4
end_of_record
TN:
SF:app\api\trash\[kind]\[id]\restore\route.ts
FN:19,(anonymous_0)
FNF:1
FNH:1
FNDA:2,(anonymous_0)
DA:12,1
DA:14,1
DA:20,2
DA:26,2
DA:27,0
DA:30,2
DA:31,2
DA:33,2
DA:34,2
DA:36,0
DA:37,0
DA:41,0
DA:42,0
DA:46,0
DA:47,0
DA:54,0
DA:55,0
DA:57,0
DA:59,0
DA:60,0
DA:63,0
LF:21
LH:8
BRDA:26,0,0,0
BRDA:26,0,1,2
BRDA:33,1,0,2
BRDA:33,1,1,0
BRDA:36,2,0,0
BRDA:36,2,1,0
BRDA:46,3,0,0
BRDA:46,3,1,0
BRDA:54,4,0,0
BRDA:54,4,1,0
BRDA:59,5,0,0
BRDA:59,5,1,0
BRF:12
BRH:2
end_of_record
TN:
SF:app\api\trash\purge-all\route.ts
FN:17,(anonymous_0)
FN:29,(anonymous_1)
FNF:2
FNH:2
FNDA:2,(anonymous_0)
FNDA:20,(anonymous_1)
DA:11,1
DA:13,1
DA:18,2
DA:24,2
DA:25,0
DA:28,2
DA:29,20
DA:30,2
LF:8
LH:7
BRDA:24,0,0,0
BRDA:24,0,1,2
BRDA:32,1,0,0
BRDA:32,1,1,2
BRF:4
BRH:2
end_of_record
TN:
SF:app\api\user\route.ts
FN:22,(anonymous_0)
FN:59,(anonymous_1)
FNF:2
FNH:2
FNDA:2,(anonymous_0)
FNDA:2,(anonymous_1)
DA:17,1
DA:19,1
DA:23,2
DA:29,2
DA:30,0
DA:33,2
DA:42,2
DA:43,2
DA:55,1
DA:60,2
DA:66,2
DA:67,0
DA:70,2
DA:71,2
DA:73,2
DA:74,0
DA:77,2
DA:84,2
DA:86,2
DA:95,2
LF:20
LH:17
BRDA:29,0,0,0
BRDA:29,0,1,2
BRDA:42,1,0,0
BRDA:42,1,1,2
BRDA:45,2,0,2
BRDA:45,2,1,0
BRDA:46,3,0,2
BRDA:46,3,1,0
BRDA:47,4,0,2
BRDA:47,4,1,2
BRDA:49,5,0,2
BRDA:49,5,1,0
BRDA:66,6,0,0
BRDA:66,6,1,2
BRDA:71,7,0,2
BRDA:71,7,1,0
BRDA:73,8,0,0
BRDA:73,8,1,2
BRDA:84,9,0,0
BRDA:84,9,1,2
BRF:20
BRH:11
end_of_record
TN:
SF:app\api\user\2fa\route.ts
FN:44,(anonymous_0)
FNF:1
FNH:0
FNDA:0,(anonymous_0)
DA:23,1
DA:40,1
DA:45,0
DA:51,0
DA:52,0
DA:55,0
DA:58,0
DA:60,0
DA:61,0
DA:62,0
DA:68,0
DA:69,0
DA:71,0
DA:77,0
DA:78,0
DA:79,0
DA:80,0
DA:91,0
DA:93,0
DA:94,0
DA:101,0
DA:104,0
DA:105,0
DA:107,0
DA:115,0
DA:119,0
DA:120,0
DA:122,0
DA:123,0
DA:124,0
DA:132,0
DA:145,0
DA:146,0
DA:147,0
DA:148,0
DA:149,0
DA:150,0
DA:151,0
DA:152,0
DA:163,0
DA:166,0
DA:169,0
DA:170,0
DA:172,0
DA:174,0
DA:176,0
DA:180,0
DA:181,0
DA:185,0
DA:186,0
DA:194,0
DA:197,0
DA:198,0
DA:199,0
DA:200,0
DA:202,0
DA:210,0
LF:57
LH:2
BRDA:51,0,0,0
BRDA:51,0,1,0
BRDA:58,1,0,0
BRDA:58,1,1,0
BRDA:60,2,0,0
BRDA:60,2,1,0
BRDA:61,3,0,0
BRDA:61,3,1,0
BRDA:79,4,0,0
BRDA:79,4,1,0
BRDA:93,5,0,0
BRDA:93,5,1,0
BRDA:119,6,0,0
BRDA:119,6,1,0
BRDA:123,7,0,0
BRDA:123,7,1,0
BRDA:147,8,0,0
BRDA:147,8,1,0
BRDA:147,9,0,0
BRDA:147,9,1,0
BRDA:151,10,0,0
BRDA:151,10,1,0
BRDA:169,11,0,0
BRDA:169,11,1,0
BRDA:169,12,0,0
BRDA:169,12,1,0
BRDA:174,13,0,0
BRDA:174,13,1,0
BRDA:180,14,0,0
BRDA:180,14,1,0
BRDA:185,15,0,0
BRDA:185,15,1,0
BRF:32
BRH:0
end_of_record
TN:
SF:app\api\user\2fa\setup\route.ts
FN:48,(anonymous_0)
FN:176,(anonymous_1)
FN:199,(anonymous_2)
FNF:3
FNH:3
FNDA:1,(anonymous_0)
FNDA:10,(anonymous_1)
FNDA:1,(anonymous_2)
DA:31,1
DA:44,1
DA:52,1
DA:58,1
DA:59,0
DA:62,1
DA:65,1
DA:70,1
DA:71,0
DA:73,1
DA:74,1
DA:75,0
DA:83,0
DA:89,1
DA:90,0
DA:91,0
DA:92,0
DA:114,0
DA:115,0
DA:116,0
DA:117,0
DA:118,0
DA:119,0
DA:120,0
DA:121,0
DA:132,0
DA:135,0
DA:138,0
DA:139,0
DA:146,0
DA:148,0
DA:150,0
DA:154,0
DA:155,0
DA:157,0
DA:161,0
DA:162,0
DA:170,0
DA:174,1
DA:175,1
DA:176,10
DA:182,1
DA:183,1
DA:184,1
DA:185,1
DA:187,0
DA:188,0
DA:189,0
DA:192,1
DA:196,1
DA:198,1
DA:199,1
DA:200,1
DA:201,1
DA:204,1
DA:208,1
DA:211,1
DA:216,1
DA:217,1
DA:219,1
DA:227,1
DA:233,1
LF:62
LH:31
BRDA:58,0,0,0
BRDA:58,0,1,1
BRDA:65,1,0,0
BRDA:65,1,1,1
BRDA:70,2,0,0
BRDA:70,2,1,1
BRDA:74,3,0,0
BRDA:74,3,1,1
BRDA:77,4,0,0
BRDA:77,4,1,0
BRDA:89,5,0,0
BRDA:89,5,1,1
BRDA:91,6,0,0
BRDA:91,6,1,0
BRDA:116,7,0,0
BRDA:116,7,1,0
BRDA:116,8,0,0
BRDA:116,8,1,0
BRDA:120,9,0,0
BRDA:120,9,1,0
BRDA:138,10,0,0
BRDA:138,10,1,0
BRDA:138,11,0,0
BRDA:138,11,1,0
BRDA:148,12,0,0
BRDA:148,12,1,0
BRDA:154,13,0,0
BRDA:154,13,1,0
BRDA:161,14,0,0
BRDA:161,14,1,0
BRDA:184,15,0,1
BRDA:184,15,1,0
BRDA:188,16,0,0
BRDA:188,16,1,0
BRDA:188,17,0,0
BRDA:188,17,1,0
BRDA:192,18,0,1
BRDA:192,18,1,0
BRDA:198,19,0,1
BRDA:198,19,1,1
BRDA:200,20,0,1
BRDA:200,20,1,0
BRDA:204,21,0,1
BRDA:204,21,1,0
BRF:44
BRH:11
end_of_record
TN:
SF:app\api\user\password\route.ts
FN:24,(anonymous_0)
FNF:1
FNH:1
FNDA:1,(anonymous_0)
DA:20,1
DA:25,1
DA:31,1
DA:32,0
DA:35,1
DA:36,1
DA:42,0
DA:43,0
DA:44,0
DA:47,0
DA:48,0
DA:49,0
DA:56,0
DA:59,0
DA:60,0
DA:61,0
DA:63,0
DA:71,0
LF:18
LH:5
BRDA:31,0,0,0
BRDA:31,0,1,1
BRDA:35,1,0,1
BRDA:35,1,1,0
BRDA:43,2,0,0
BRDA:43,2,1,0
BRDA:43,3,0,0
BRDA:43,3,1,0
BRDA:48,4,0,0
BRDA:48,4,1,0
BRF:10
BRH:2
end_of_record
TN:
SF:app\api\user\preferences\route.ts
FN:31,(anonymous_0)
FN:37,(anonymous_1)
FN:47,(anonymous_2)
FN:61,normalize
FN:109,(anonymous_4)
FN:132,(anonymous_5)
FNF:6
FNH:3
FNDA:0,(anonymous_0)
FNDA:0,(anonymous_1)
FNDA:0,(anonymous_2)
FNDA:2,normalize
FNDA:2,(anonymous_4)
FNDA:2,(anonymous_5)
DA:23,1
DA:25,1
DA:26,1
DA:27,1
DA:29,1
DA:31,0
DA:35,1
DA:37,0
DA:41,1
DA:45,1
DA:47,0
DA:51,1
DA:62,2
DA:68,2
DA:69,2
DA:70,2
DA:71,0
DA:72,0
DA:73,0
DA:74,0
DA:75,0
DA:76,0
DA:77,0
DA:79,0
DA:84,2
DA:85,2
DA:86,2
DA:87,0
DA:88,0
DA:89,0
DA:90,0
DA:91,0
DA:92,0
DA:93,0
DA:94,0
DA:95,0
DA:96,0
DA:97,0
DA:99,0
DA:103,2
DA:106,1
DA:110,2
DA:116,2
DA:117,0
DA:120,2
DA:121,2
DA:122,2
DA:123,2
DA:124,2
DA:128,1
DA:133,2
DA:139,2
DA:140,0
DA:143,2
DA:148,2
DA:149,0
DA:150,0
DA:152,0
DA:153,0
DA:154,0
DA:155,0
DA:157,0
DA:160,0
DA:161,0
DA:162,0
DA:163,0
DA:165,0
DA:169,2
DA:170,2
DA:173,0
DA:181,0
LF:71
LH:32
BRDA:62,0,0,2
BRDA:62,0,1,0
BRDA:62,1,0,2
BRDA:62,1,1,2
BRDA:70,2,0,0
BRDA:70,2,1,2
BRDA:70,3,0,2
BRDA:70,3,1,0
BRDA:70,3,2,0
BRDA:72,4,0,0
BRDA:72,4,1,0
BRDA:73,5,0,0
BRDA:73,5,1,0
BRDA:73,6,0,0
BRDA:73,6,1,0
BRDA:73,6,2,0
BRDA:76,7,0,0
BRDA:76,7,1,0
BRDA:86,8,0,0
BRDA:86,8,1,2
BRDA:86,9,0,2
BRDA:86,9,1,0
BRDA:86,9,2,0
BRDA:88,10,0,0
BRDA:88,10,1,0
BRDA:89,11,0,0
BRDA:89,11,1,0
BRDA:93,12,0,0
BRDA:93,12,1,0
BRDA:93,13,0,0
BRDA:93,13,1,0
BRDA:94,14,0,0
BRDA:94,14,1,0
BRDA:97,15,0,0
BRDA:97,15,1,0
BRDA:116,16,0,0
BRDA:116,16,1,2
BRDA:139,17,0,0
BRDA:139,17,1,2
BRDA:148,18,0,0
BRDA:148,18,1,2
BRDA:148,19,0,2
BRDA:148,19,1,2
BRDA:152,20,0,0
BRDA:152,20,1,0
BRDA:160,21,0,0
BRDA:160,21,1,0
BRDA:169,22,0,2
BRDA:169,22,1,0
BRF:49
BRH:13
end_of_record
