TN:
SF:lib\route-logic\audit-log.ts
FN:24,encodeCursor
FN:28,csvField
FN:33,decodeCursor
FN:49,(anonymous_3)
FN:189,(anonymous_4)
FNF:5
FNH:5
FNDA:1,encodeCursor
FNDA:10,csvField
FNDA:4,decodeCursor
FNDA:25,(anonymous_3)
FNDA:5,(anonymous_4)
DA:14,4
DA:16,4
DA:17,4
DA:25,1
DA:29,10
DA:30,10
DA:34,4
DA:35,4
DA:36,4
DA:37,4
DA:38,2
DA:39,1
DA:41,2
DA:45,4
DA:50,25
DA:56,25
DA:57,1
DA:60,24
DA:61,24
DA:62,25
DA:67,25
DA:68,25
DA:69,25
DA:70,25
DA:71,25
DA:72,25
DA:73,25
DA:75,25
DA:78,25
DA:79,7
DA:80,2
DA:82,5
DA:84,22
DA:85,6
DA:86,1
DA:88,5
DA:92,5
DA:93,2
DA:95,3
DA:97,19
DA:98,2
DA:99,1
DA:101,1
DA:104,18
DA:105,6
DA:106,2
DA:111,4
DA:112,4
DA:113,4
DA:114,4
DA:115,4
DA:116,1
DA:118,3
DA:119,3
DA:120,3
DA:122,3
DA:123,3
DA:126,15
DA:127,3
DA:128,3
DA:133,3
DA:143,3
DA:144,3
DA:145,2
DA:158,3
DA:159,3
DA:160,3
DA:170,12
DA:171,4
DA:172,4
DA:173,3
DA:175,1
DA:176,1
DA:182,9
DA:187,8
DA:188,8
DA:189,25
DA:201,25
DA:202,25
DA:203,1
DA:204,1
DA:210,8
LF:82
LH:82
BRDA:29,0,0,10
BRDA:29,0,1,0
BRDA:37,1,0,0
BRDA:37,1,1,4
BRDA:37,2,0,4
BRDA:37,2,1,2
BRDA:38,3,0,1
BRDA:38,3,1,1
BRDA:56,4,0,1
BRDA:56,4,1,24
BRDA:61,5,0,24
BRDA:61,5,1,17
BRDA:64,6,0,24
BRDA:64,6,1,0
BRDA:67,7,0,25
BRDA:67,7,1,17
BRDA:68,8,0,25
BRDA:68,8,1,18
BRDA:69,9,0,25
BRDA:69,9,1,22
BRDA:70,10,0,25
BRDA:70,10,1,18
BRDA:71,11,0,25
BRDA:71,11,1,20
BRDA:72,12,0,25
BRDA:72,12,1,20
BRDA:73,13,0,25
BRDA:73,13,1,21
BRDA:78,14,0,7
BRDA:78,14,1,18
BRDA:79,15,0,2
BRDA:79,15,1,5
BRDA:79,16,0,7
BRDA:79,16,1,7
BRDA:84,17,0,6
BRDA:84,17,1,16
BRDA:85,18,0,1
BRDA:85,18,1,5
BRDA:92,19,0,2
BRDA:92,19,1,3
BRDA:97,20,0,2
BRDA:97,20,1,17
BRDA:98,21,0,1
BRDA:98,21,1,1
BRDA:98,22,0,2
BRDA:98,22,1,2
BRDA:104,23,0,6
BRDA:104,23,1,12
BRDA:104,24,0,18
BRDA:104,24,1,12
BRDA:105,25,0,2
BRDA:105,25,1,4
BRDA:105,26,0,6
BRDA:105,26,1,6
BRDA:115,27,0,1
BRDA:115,27,1,3
BRDA:119,28,0,3
BRDA:119,28,1,0
BRDA:126,29,0,3
BRDA:126,29,1,12
BRDA:147,30,0,2
BRDA:147,30,1,0
BRDA:148,31,0,2
BRDA:148,31,1,0
BRDA:149,32,0,2
BRDA:149,32,1,0
BRDA:150,33,0,2
BRDA:150,33,1,0
BRDA:151,34,0,2
BRDA:151,34,1,0
BRDA:152,35,0,2
BRDA:152,35,1,0
BRDA:153,36,0,2
BRDA:153,36,1,0
BRDA:154,37,0,2
BRDA:154,37,1,0
BRDA:170,38,0,4
BRDA:170,38,1,8
BRDA:172,39,0,3
BRDA:172,39,1,1
BRDA:188,40,0,1
BRDA:188,40,1,7
BRDA:191,41,0,5
BRDA:191,41,1,0
BRDA:192,42,0,5
BRDA:192,42,1,0
BRDA:193,43,0,5
BRDA:193,43,1,0
BRDA:194,44,0,5
BRDA:194,44,1,0
BRDA:195,45,0,5
BRDA:195,45,1,3
BRDA:196,46,0,5
BRDA:196,46,1,2
BRDA:197,47,0,5
BRDA:197,47,1,3
BRDA:202,48,0,1
BRDA:202,48,1,24
BRF:98
BRH:82
end_of_record
TN:
SF:lib\route-logic\calculations.ts
FN:13,(anonymous_0)
FN:45,(anonymous_1)
FN:50,(anonymous_2)
FN:72,(anonymous_3)
FNF:4
FNH:4
FNDA:12,(anonymous_0)
FNDA:7,(anonymous_1)
FNDA:2,(anonymous_2)
FNDA:6,(anonymous_3)
DA:9,5
DA:14,12
DA:20,12
DA:21,1
DA:24,11
DA:25,11
DA:27,11
DA:28,5
DA:29,5
DA:30,1
DA:32,4
DA:33,4
DA:37,4
DA:39,2
DA:41,3
DA:45,6
DA:47,7
DA:51,2
DA:56,6
DA:67,5
DA:73,6
DA:79,6
DA:80,2
DA:83,4
DA:85,4
DA:92,3
LF:26
LH:26
BRDA:20,0,0,1
BRDA:20,0,1,11
BRDA:27,1,0,5
BRDA:27,1,1,6
BRDA:29,2,0,1
BRDA:29,2,1,4
BRDA:29,3,0,5
BRDA:29,3,1,4
BRDA:37,4,0,2
BRDA:37,4,1,2
BRDA:79,5,0,2
BRDA:79,5,1,4
BRF:12
BRH:12
end_of_record
TN:
SF:lib\route-logic\cycle-config.ts
FN:8,normalizeCalendar
FN:19,(anonymous_1)
FN:71,(anonymous_2)
FN:82,(anonymous_3)
FNF:4
FNH:3
FNDA:17,normalizeCalendar
FNDA:7,(anonymous_1)
FNDA:13,(anonymous_2)
FNDA:0,(anonymous_3)
DA:9,17
DA:12,6
DA:15,6
DA:20,7
DA:26,7
DA:27,3
DA:30,4
DA:32,4
DA:33,1
DA:48,3
DA:67,6
DA:72,13
DA:78,13
DA:79,1
DA:82,12
DA:83,12
DA:84,2
DA:94,10
DA:96,10
DA:100,10
DA:106,13
DA:107,1
DA:112,9
DA:113,1
DA:118,8
DA:119,1
DA:128,7
DA:129,4
DA:130,1
DA:136,6
DA:137,3
DA:138,3
DA:139,1
DA:145,5
DA:146,2
DA:147,2
DA:148,1
DA:156,4
DA:158,4
DA:171,13
DA:173,3
DA:181,3
DA:186,3
DA:203,3
DA:224,1
DA:227,1
DA:234,1
DA:251,1
LF:48
LH:48
BRDA:9,0,0,5
BRDA:9,0,1,12
BRDA:26,1,0,3
BRDA:26,1,1,4
BRDA:32,2,0,1
BRDA:32,2,1,3
BRDA:54,3,0,3
BRDA:54,3,1,0
BRDA:56,4,0,3
BRDA:56,4,1,0
BRDA:78,5,0,1
BRDA:78,5,1,12
BRDA:83,6,0,2
BRDA:83,6,1,10
BRDA:83,7,0,12
BRDA:83,7,1,12
BRDA:83,7,2,12
BRDA:100,8,0,4
BRDA:100,8,1,6
BRDA:106,9,0,1
BRDA:106,9,1,12
BRDA:106,10,0,13
BRDA:106,10,1,9
BRDA:112,11,0,1
BRDA:112,11,1,8
BRDA:112,12,0,9
BRDA:112,12,1,9
BRDA:118,13,0,1
BRDA:118,13,1,7
BRDA:118,14,0,8
BRDA:118,14,1,8
BRDA:128,15,0,4
BRDA:128,15,1,3
BRDA:129,16,0,1
BRDA:129,16,1,3
BRDA:129,17,0,4
BRDA:129,17,1,3
BRDA:136,18,0,3
BRDA:136,18,1,3
BRDA:136,19,0,6
BRDA:136,19,1,3
BRDA:138,20,0,1
BRDA:138,20,1,2
BRDA:138,21,0,3
BRDA:138,21,1,3
BRDA:138,21,2,3
BRDA:145,22,0,2
BRDA:145,22,1,3
BRDA:145,23,0,5
BRDA:145,23,1,2
BRDA:147,24,0,1
BRDA:147,24,1,1
BRDA:147,25,0,2
BRDA:147,25,1,2
BRDA:147,25,2,2
BRDA:162,26,0,1
BRDA:162,26,1,3
BRDA:162,27,0,4
BRDA:162,27,1,1
BRDA:165,28,0,1
BRDA:165,28,1,3
BRDA:165,29,0,13
BRDA:165,29,1,1
BRDA:168,30,0,4
BRDA:168,30,1,0
BRDA:171,31,0,3
BRDA:171,31,1,10
BRDA:177,32,0,3
BRDA:177,32,1,3
BRDA:177,32,2,0
BRDA:209,33,0,3
BRDA:209,33,1,0
BRDA:213,34,0,3
BRDA:213,34,1,0
BRDA:229,35,0,1
BRDA:229,35,1,1
BRDA:258,36,0,1
BRDA:258,36,1,0
BRDA:260,37,0,1
BRDA:260,37,1,0
BRF:80
BRH:72
end_of_record
TN:
SF:lib\route-logic\dashboard-stats.ts
FN:24,(anonymous_0)
FNF:1
FNH:1
FNDA:11,(anonymous_0)
DA:21,5
DA:25,11
DA:31,11
DA:32,1
DA:35,10
DA:37,10
DA:38,10
DA:39,10
DA:40,11
DA:41,5
DA:42,5
DA:43,1
DA:45,4
DA:49,9
DA:58,9
DA:60,9
DA:61,9
DA:62,9
DA:63,9
DA:64,8
DA:65,5
DA:66,5
DA:67,5
DA:69,3
DA:70,3
DA:71,2
DA:72,3
DA:73,3
DA:75,1
DA:80,9
LF:30
LH:30
BRDA:31,0,0,1
BRDA:31,0,1,10
BRDA:40,1,0,5
BRDA:40,1,1,6
BRDA:42,2,0,1
BRDA:42,2,1,4
BRDA:42,3,0,5
BRDA:42,3,1,4
BRDA:42,3,2,4
BRDA:63,4,0,8
BRDA:63,4,1,1
BRDA:64,5,0,5
BRDA:64,5,1,3
BRDA:65,6,0,5
BRDA:65,6,1,0
BRDA:66,7,0,5
BRDA:66,7,1,0
BRDA:67,8,0,5
BRDA:67,8,1,0
BRDA:71,9,0,2
BRDA:71,9,1,0
BRDA:72,10,0,3
BRDA:72,10,1,0
BRDA:73,11,0,3
BRDA:73,11,1,0
BRDA:84,12,0,8
BRDA:84,12,1,1
BRF:27
BRH:21
end_of_record
TN:
SF:lib\route-logic\dues-recommendation.ts
FN:22,(anonymous_0)
FNF:1
FNH:1
FNDA:15,(anonymous_0)
DA:7,3
DA:18,3
DA:23,15
DA:29,15
DA:30,1
DA:33,14
DA:35,14
DA:36,14
DA:37,14
DA:38,14
DA:39,5
DA:40,5
DA:41,3
DA:46,2
DA:49,11
DA:50,11
DA:51,11
DA:52,5
DA:53,5
DA:54,3
DA:59,2
DA:62,8
DA:63,8
DA:64,15
DA:65,15
DA:66,4
DA:67,4
DA:68,4
DA:69,4
DA:70,2
DA:75,2
DA:78,6
DA:84,6
LF:33
LH:33
BRDA:29,0,0,1
BRDA:29,0,1,14
BRDA:38,1,0,5
BRDA:38,1,1,9
BRDA:40,2,0,3
BRDA:40,2,1,2
BRDA:40,3,0,5
BRDA:40,3,1,5
BRDA:40,3,2,4
BRDA:51,4,0,5
BRDA:51,4,1,6
BRDA:53,5,0,3
BRDA:53,5,1,2
BRDA:53,6,0,5
BRDA:53,6,1,5
BRDA:53,6,2,3
BRDA:65,7,0,4
BRDA:65,7,1,11
BRDA:69,8,0,2
BRDA:69,8,1,2
BRDA:69,9,0,4
BRDA:69,9,1,4
BRDA:69,9,2,2
BRF:23
BRH:23
end_of_record
TN:
SF:lib\route-logic\email-config.ts
FN:19,(anonymous_0)
FN:56,(anonymous_1)
FNF:2
FNH:2
FNDA:6,(anonymous_0)
FNDA:11,(anonymous_1)
DA:15,4
DA:20,6
DA:26,6
DA:27,1
DA:30,5
DA:32,4
DA:33,1
DA:39,3
DA:51,4
DA:57,11
DA:63,11
DA:64,1
DA:67,10
DA:69,10
DA:71,10
DA:72,6
DA:75,6
DA:80,6
DA:81,5
DA:84,6
DA:90,6
DA:100,6
DA:109,4
DA:110,2
DA:113,2
DA:115,2
DA:123,2
DA:133,2
DA:145,4
DA:148,4
LF:30
LH:30
BRDA:26,0,0,1
BRDA:26,0,1,5
BRDA:32,1,0,1
BRDA:32,1,1,3
BRDA:63,2,0,1
BRDA:63,2,1,10
BRDA:71,3,0,6
BRDA:71,3,1,4
BRDA:73,4,0,6
BRDA:73,4,1,0
BRDA:73,4,2,0
BRDA:80,5,0,5
BRDA:80,5,1,1
BRDA:109,6,0,2
BRDA:109,6,1,2
BRDA:118,7,0,2
BRDA:118,7,1,0
BRF:17
BRH:14
end_of_record
TN:
SF:lib\route-logic\events.ts
FN:17,(anonymous_0)
FN:32,(anonymous_1)
FN:40,(anonymous_2)
FN:46,(anonymous_3)
FN:54,(anonymous_4)
FN:64,(anonymous_5)
FN:68,(anonymous_6)
FN:78,(anonymous_7)
FN:81,(anonymous_8)
FNF:9
FNH:9
FNDA:7,(anonymous_0)
FNDA:5,(anonymous_1)
FNDA:2,(anonymous_2)
FNDA:5,(anonymous_3)
FNDA:6,(anonymous_4)
FNDA:14,(anonymous_5)
FNDA:5,(anonymous_6)
FNDA:5,(anonymous_7)
FNDA:14,(anonymous_8)
DA:13,5
DA:18,7
DA:24,7
DA:25,2
DA:31,5
DA:34,5
DA:41,2
DA:48,5
DA:53,5
DA:54,6
DA:61,5
DA:64,14
DA:68,5
DA:70,5
DA:77,5
DA:78,5
DA:81,5
DA:82,14
DA:84,14
DA:86,14
DA:87,14
DA:100,5
LF:22
LH:22
BRDA:24,0,0,2
BRDA:24,0,1,5
BRDA:42,1,0,1
BRDA:42,1,1,1
BRDA:54,2,0,6
BRDA:54,2,1,0
BRDA:54,3,0,6
BRDA:54,3,1,0
BRDA:64,4,0,14
BRDA:64,4,1,0
BRDA:82,5,0,14
BRDA:82,5,1,0
BRDA:84,6,0,14
BRDA:84,6,1,14
BRDA:84,6,2,0
BRDA:86,7,0,14
BRDA:86,7,1,0
BRDA:92,8,0,14
BRDA:92,8,1,2
BRDA:96,9,0,14
BRDA:96,9,1,9
BRF:21
BRH:15
end_of_record
TN:
SF:lib\route-logic\families.ts
FN:20,(anonymous_0)
FN:62,(anonymous_1)
FN:89,(anonymous_2)
FN:113,(anonymous_3)
FN:135,(anonymous_4)
FN:175,(anonymous_5)
FNF:6
FNH:6
FNDA:19,(anonymous_0)
FNDA:13,(anonymous_1)
FNDA:1,(anonymous_2)
FNDA:13,(anonymous_3)
FNDA:13,(anonymous_4)
FNDA:9,(anonymous_5)
DA:17,8
DA:21,19
DA:27,19
DA:28,3
DA:31,16
DA:32,16
DA:33,16
DA:38,16
DA:39,16
DA:40,10
DA:41,10
DA:43,16
DA:45,19
DA:46,19
DA:51,4
DA:52,4
DA:53,3
DA:55,1
DA:61,13
DA:62,13
DA:63,13
DA:69,13
DA:71,13
DA:72,9
DA:73,9
DA:74,9
DA:75,2
DA:76,2
DA:77,2
DA:78,2
DA:85,4
DA:90,1
DA:97,13
DA:98,2
DA:113,13
DA:114,11
DA:125,11
DA:126,11
DA:127,10
DA:130,11
DA:135,11
DA:136,13
DA:143,13
DA:144,4
DA:145,4
DA:146,4
DA:147,4
DA:149,13
DA:154,11
DA:155,19
DA:170,8
DA:176,9
DA:182,9
DA:183,2
DA:209,7
DA:211,7
DA:212,7
DA:213,1
DA:220,6
DA:221,6
DA:222,6
DA:223,4
DA:224,1
DA:230,2
DA:231,2
DA:242,3
DA:274,3
DA:284,3
LF:68
LH:68
BRDA:27,0,0,3
BRDA:27,0,1,16
BRDA:39,1,0,10
BRDA:39,1,1,6
BRDA:41,2,0,10
BRDA:41,2,1,0
BRDA:43,3,0,10
BRDA:43,3,1,6
BRDA:46,4,0,4
BRDA:46,4,1,15
BRDA:52,5,0,3
BRDA:52,5,1,1
BRDA:71,6,0,9
BRDA:71,6,1,4
BRDA:74,7,0,2
BRDA:74,7,1,7
BRDA:77,8,0,2
BRDA:77,8,1,0
BRDA:79,9,0,2
BRDA:79,9,1,0
BRDA:91,10,0,1
BRDA:91,10,1,0
BRDA:97,11,0,2
BRDA:97,11,1,11
BRDA:98,12,0,1
BRDA:98,12,1,1
BRDA:138,13,0,13
BRDA:138,13,1,0
BRDA:139,14,0,13
BRDA:139,14,1,1
BRDA:140,15,0,13
BRDA:140,15,1,13
BRDA:141,16,0,13
BRDA:141,16,1,3
BRDA:143,17,0,4
BRDA:143,17,1,9
BRDA:154,18,0,8
BRDA:154,18,1,3
BRDA:182,19,0,2
BRDA:182,19,1,7
BRDA:212,20,0,1
BRDA:212,20,1,6
BRDA:212,21,0,7
BRDA:212,21,1,6
BRDA:223,22,0,1
BRDA:223,22,1,3
BRDA:235,23,0,2
BRDA:235,23,1,2
BRDA:236,24,0,2
BRDA:236,24,1,0
BRDA:245,25,0,3
BRDA:245,25,1,3
BRDA:247,26,0,9
BRDA:247,26,1,1
BRDA:248,27,0,9
BRDA:248,27,1,3
BRDA:249,28,0,9
BRDA:249,28,1,3
BRDA:250,29,0,9
BRDA:250,29,1,3
BRDA:251,30,0,9
BRDA:251,30,1,3
BRDA:252,31,0,9
BRDA:252,31,1,3
BRDA:253,32,0,9
BRDA:253,32,1,3
BRDA:254,33,0,9
BRDA:254,33,1,3
BRDA:255,34,0,9
BRDA:255,34,1,3
BRDA:256,35,0,9
BRDA:256,35,1,3
BRDA:257,36,0,9
BRDA:257,36,1,3
BRDA:258,37,0,9
BRDA:258,37,1,3
BRDA:259,38,0,9
BRDA:259,38,1,3
BRDA:260,39,0,9
BRDA:260,39,1,3
BRDA:261,40,0,9
BRDA:261,40,1,3
BRDA:264,41,0,0
BRDA:264,41,1,3
BRDA:264,42,0,9
BRDA:264,42,1,0
BRDA:264,42,2,0
BRDA:268,43,0,0
BRDA:268,43,1,3
BRDA:268,44,0,9
BRDA:268,44,1,0
BRDA:268,44,2,0
BRF:92
BRH:80
end_of_record
TN:
SF:lib\route-logic\import.ts
FN:38,parseCSV
FN:48,(anonymous_1)
FN:54,(anonymous_2)
FN:57,(anonymous_3)
FN:109,parseXlsx
FN:120,(anonymous_5)
FN:125,(anonymous_6)
FN:131,(anonymous_7)
FN:140,xlsxCellToString
FN:148,(anonymous_9)
FN:157,normalizeColumnName
FN:167,parseDate
FN:188,parseMoneyAmount
FN:199,escapeRegex
FN:204,findFamilyByNameOrEmail
FN:242,(anonymous_15)
FN:310,(anonymous_16)
FN:312,(anonymous_17)
FN:426,importFamilies
FN:434,(anonymous_19)
FN:440,(anonymous_20)
FN:453,(anonymous_21)
FN:551,importMembers
FN:559,(anonymous_23)
FN:631,importPayments
FN:641,(anonymous_25)
FN:762,importLifecycleEvents
FN:772,(anonymous_27)
FNF:28
FNH:28
FNDA:95,parseCSV
FNDA:40707,(anonymous_1)
FNDA:20196,(anonymous_2)
FNDA:20197,(anonymous_3)
FNDA:5,parseXlsx
FNDA:74,(anonymous_5)
FNDA:10,(anonymous_6)
FNDA:5,(anonymous_7)
FNDA:163,xlsxCellToString
FNDA:4,(anonymous_9)
FNDA:1297,normalizeColumnName
FNDA:109,parseDate
FNDA:50,parseMoneyAmount
FNDA:59,escapeRegex
FNDA:40,findFamilyByNameOrEmail
FNDA:105,(anonymous_15)
FNDA:399,(anonymous_16)
FNDA:399,(anonymous_17)
FNDA:21,importFamilies
FNDA:422,(anonymous_19)
FNDA:21,(anonymous_20)
FNDA:30,(anonymous_21)
FNDA:15,importMembers
FNDA:119,(anonymous_23)
FNDA:26,importPayments
FNDA:225,(anonymous_25)
FNDA:22,importLifecycleEvents
FNDA:128,(anonymous_27)
DA:12,13
DA:41,95
DA:43,95
DA:44,95
DA:45,95
DA:46,95
DA:48,95
DA:51,40707
DA:52,40707
DA:54,95
DA:55,20196
DA:57,20197
DA:58,20196
DA:61,95
DA:62,396315
DA:63,396315
DA:64,80
DA:66,14
DA:67,4
DA:68,4
DA:70,10
DA:73,66
DA:75,80
DA:77,396235
DA:78,10
DA:79,10
DA:81,396225
DA:82,20511
DA:83,20511
DA:85,375714
DA:87,5
DA:88,5
DA:89,5
DA:91,375709
DA:92,20104
DA:93,20104
DA:95,355605
DA:98,95
DA:100,95
DA:101,94
DA:102,94
DA:103,94
DA:112,5
DA:113,0
DA:114,0
DA:115,5
DA:116,5
DA:118,5
DA:119,5
DA:120,5
DA:121,74
DA:124,5
DA:125,5
DA:126,10
DA:127,5
DA:128,5
DA:129,74
DA:131,5
DA:134,5
DA:141,163
DA:142,129
DA:143,127
DA:144,9
DA:145,9
DA:146,4
DA:147,2
DA:148,4
DA:153,118
DA:158,1297
DA:168,109
DA:169,82
DA:170,82
DA:171,82
DA:172,75
DA:173,75
DA:174,75
DA:175,75
DA:176,75
DA:177,75
DA:180,7
DA:181,7
DA:182,2
DA:183,2
DA:184,1
DA:189,50
DA:190,50
DA:191,48
DA:192,43
DA:193,43
DA:194,43
DA:200,59
DA:205,40
DA:207,40
DA:208,40
DA:209,40
DA:214,40
DA:215,1
DA:220,1
DA:222,39
DA:223,38
DA:227,38
DA:229,10
DA:230,1
DA:232,9
DA:235,13
DA:236,13
DA:238,13
DA:243,105
DA:247,105
DA:248,3
DA:251,102
DA:252,102
DA:253,102
DA:258,102
DA:259,105
DA:261,105
DA:262,3
DA:265,99
DA:266,1
DA:272,98
DA:273,98
DA:274,1
DA:277,97
DA:278,1
DA:281,96
DA:282,96
DA:283,3
DA:289,93
DA:291,105
DA:294,105
DA:298,105
DA:299,1
DA:305,92
DA:306,1
DA:310,399
DA:311,91
DA:312,91
DA:313,399
DA:320,91
DA:321,11
DA:322,1
DA:324,10
DA:325,1
DA:330,9
DA:331,9
DA:332,1
DA:334,8
DA:335,6
DA:336,1
DA:338,5
DA:343,5
DA:344,2
DA:346,3
DA:348,80
DA:349,1
DA:352,84
DA:353,84
DA:354,84
DA:356,84
DA:359,84
DA:361,105
DA:363,21
DA:364,21
DA:366,15
DA:367,15
DA:369,26
DA:379,26
DA:381,22
DA:391,22
DA:397,84
DA:414,84
DA:434,21
DA:435,422
DA:436,422
DA:440,21
DA:441,21
DA:444,21
DA:452,21
DA:453,21
DA:454,30
DA:455,30
DA:456,30
DA:460,21
DA:461,23
DA:462,23
DA:463,23
DA:464,23
DA:465,1
DA:466,1
DA:469,22
DA:470,22
DA:471,2
DA:472,2
DA:476,20
DA:477,20
DA:478,20
DA:480,23
DA:481,5
DA:482,1
DA:483,4
DA:484,3
DA:488,1
DA:490,15
DA:491,4
DA:492,4
DA:493,2
DA:494,2
DA:495,1
DA:497,1
DA:507,20
DA:511,20
DA:512,2
DA:513,2
DA:516,18
DA:544,17
DA:546,1
DA:559,15
DA:560,119
DA:561,119
DA:564,15
DA:565,15
DA:566,15
DA:567,15
DA:568,15
DA:569,15
DA:570,1
DA:571,1
DA:578,14
DA:579,3
DA:581,11
DA:582,11
DA:583,11
DA:585,11
DA:586,8
DA:587,8
DA:588,5
DA:590,3
DA:591,3
DA:593,3
DA:594,2
DA:595,1
DA:596,1
DA:598,1
DA:599,1
DA:600,1
DA:601,1
DA:604,1
DA:605,1
DA:607,5
DA:610,8
DA:624,7
DA:626,1
DA:641,26
DA:642,225
DA:643,225
DA:646,26
DA:647,30
DA:648,30
DA:649,30
DA:650,30
DA:651,30
DA:652,1
DA:653,1
DA:656,29
DA:657,29
DA:658,1
DA:659,1
DA:663,28
DA:664,1
DA:666,27
DA:667,27
DA:668,27
DA:670,27
DA:671,21
DA:672,21
DA:673,18
DA:675,3
DA:676,3
DA:678,6
DA:679,5
DA:680,1
DA:681,1
DA:683,4
DA:684,4
DA:685,2
DA:686,2
DA:689,1
DA:690,1
DA:692,20
DA:695,21
DA:697,21
DA:698,1
DA:699,1
DA:700,1
DA:701,1
DA:704,20
DA:707,20
DA:708,20
DA:709,20
DA:710,8
DA:711,2
DA:712,2
DA:714,6
DA:719,6
DA:720,4
DA:721,4
DA:723,2
DA:726,14
DA:727,14
DA:728,14
DA:729,5
DA:730,5
DA:731,5
DA:732,2
DA:733,2
DA:735,3
DA:736,3
DA:737,2
DA:738,2
DA:742,10
DA:755,9
DA:757,1
DA:772,22
DA:773,128
DA:774,128
DA:777,22
DA:778,22
DA:779,22
DA:780,22
DA:781,22
DA:782,1
DA:783,1
DA:786,21
DA:787,21
DA:788,1
DA:789,1
DA:792,20
DA:793,20
DA:795,20
DA:796,14
DA:797,14
DA:798,2
DA:799,2
DA:801,12
DA:803,6
DA:807,6
DA:808,2
DA:811,2
DA:813,4
DA:815,16
DA:816,1
DA:817,1
DA:821,15
DA:822,1
DA:824,14
DA:825,14
DA:826,14
DA:828,14
DA:829,11
DA:830,11
DA:831,8
DA:833,3
DA:834,3
DA:836,3
DA:837,2
DA:838,1
DA:839,1
DA:841,1
DA:842,1
DA:843,1
DA:844,1
DA:847,1
DA:848,1
DA:850,8
DA:853,9
DA:855,9
DA:856,1
DA:857,1
DA:858,1
DA:859,1
DA:862,8
DA:865,8
DA:866,8
DA:867,8
DA:868,3
DA:869,1
DA:870,1
DA:872,2
DA:877,2
DA:878,1
DA:879,1
DA:881,1
DA:884,6
DA:895,5
DA:897,1
LF:395
LH:393
BRDA:41,0,0,1
BRDA:41,0,1,94
BRDA:57,1,0,20196
BRDA:57,1,1,0
BRDA:63,2,0,80
BRDA:63,2,1,396235
BRDA:64,3,0,14
BRDA:64,3,1,66
BRDA:66,4,0,4
BRDA:66,4,1,10
BRDA:77,5,0,10
BRDA:77,5,1,396225
BRDA:77,6,0,396235
BRDA:77,6,1,10
BRDA:81,7,0,20511
BRDA:81,7,1,375714
BRDA:85,8,0,5
BRDA:85,8,1,375709
BRDA:88,9,0,3
BRDA:88,9,1,2
BRDA:91,10,0,20104
BRDA:91,10,1,355605
BRDA:98,11,0,87
BRDA:98,11,1,8
BRDA:98,12,0,95
BRDA:98,12,1,10
BRDA:100,13,0,1
BRDA:100,13,1,94
BRDA:112,14,0,5
BRDA:112,14,1,0
BRDA:116,15,0,0
BRDA:116,15,1,5
BRDA:126,16,0,5
BRDA:126,16,1,5
BRDA:131,17,0,5
BRDA:131,17,1,0
BRDA:141,18,0,34
BRDA:141,18,1,129
BRDA:142,19,0,2
BRDA:142,19,1,127
BRDA:143,20,0,9
BRDA:143,20,1,118
BRDA:145,21,0,5
BRDA:145,21,1,4
BRDA:145,22,0,5
BRDA:145,22,1,0
BRDA:146,23,0,2
BRDA:146,23,1,2
BRDA:147,24,0,2
BRDA:147,24,1,0
BRDA:147,25,0,2
BRDA:147,25,1,2
BRDA:148,26,0,4
BRDA:148,26,1,0
BRDA:168,27,0,27
BRDA:168,27,1,82
BRDA:168,28,0,109
BRDA:168,28,1,82
BRDA:171,29,0,75
BRDA:171,29,1,7
BRDA:175,30,0,75
BRDA:175,30,1,0
BRDA:175,31,0,75
BRDA:175,31,1,75
BRDA:175,31,2,75
BRDA:175,31,3,75
BRDA:177,32,0,0
BRDA:177,32,1,75
BRDA:181,33,0,5
BRDA:181,33,1,2
BRDA:183,34,0,1
BRDA:183,34,1,1
BRDA:183,35,0,2
BRDA:183,35,1,1
BRDA:190,36,0,2
BRDA:190,36,1,48
BRDA:191,37,0,5
BRDA:191,37,1,43
BRDA:193,38,0,0
BRDA:193,38,1,43
BRDA:193,39,0,43
BRDA:193,39,1,43
BRDA:205,40,0,0
BRDA:205,40,1,40
BRDA:205,41,0,40
BRDA:205,41,1,1
BRDA:214,42,0,1
BRDA:214,42,1,39
BRDA:214,43,0,40
BRDA:214,43,1,39
BRDA:220,44,0,1
BRDA:220,44,1,0
BRDA:222,45,0,38
BRDA:222,45,1,1
BRDA:227,46,0,29
BRDA:227,46,1,9
BRDA:229,47,0,1
BRDA:229,47,1,9
BRDA:247,48,0,3
BRDA:247,48,1,102
BRDA:258,49,0,102
BRDA:258,49,1,91
BRDA:259,50,0,105
BRDA:259,50,1,95
BRDA:261,51,0,3
BRDA:261,51,1,102
BRDA:265,52,0,1
BRDA:265,52,1,98
BRDA:273,53,0,1
BRDA:273,53,1,97
BRDA:277,54,0,1
BRDA:277,54,1,96
BRDA:282,55,0,3
BRDA:282,55,1,93
BRDA:289,56,0,93
BRDA:289,56,1,0
BRDA:291,57,0,105
BRDA:291,57,1,88
BRDA:294,58,0,5
BRDA:294,58,1,88
BRDA:298,59,0,1
BRDA:298,59,1,104
BRDA:305,60,0,1
BRDA:305,60,1,91
BRDA:320,61,0,11
BRDA:320,61,1,80
BRDA:321,62,0,1
BRDA:321,62,1,10
BRDA:324,63,0,1
BRDA:324,63,1,9
BRDA:331,64,0,1
BRDA:331,64,1,8
BRDA:334,65,0,6
BRDA:334,65,1,2
BRDA:335,66,0,1
BRDA:335,66,1,5
BRDA:343,67,0,2
BRDA:343,67,1,3
BRDA:348,68,0,1
BRDA:348,68,1,79
BRDA:361,69,0,21
BRDA:361,69,1,15
BRDA:361,69,2,26
BRDA:361,69,3,22
BRDA:361,69,4,0
BRDA:366,70,0,15
BRDA:366,70,1,12
BRDA:376,71,0,26
BRDA:376,71,1,25
BRDA:388,72,0,22
BRDA:388,72,1,21
BRDA:408,73,0,84
BRDA:408,73,1,79
BRDA:409,74,0,105
BRDA:409,74,1,81
BRDA:436,75,0,113
BRDA:436,75,1,309
BRDA:436,76,0,113
BRDA:436,76,1,50
BRDA:455,77,0,30
BRDA:455,77,1,0
BRDA:464,78,0,1
BRDA:464,78,1,22
BRDA:470,79,0,2
BRDA:470,79,1,20
BRDA:478,80,0,20
BRDA:478,80,1,13
BRDA:480,81,0,5
BRDA:480,81,1,15
BRDA:481,82,0,1
BRDA:481,82,1,4
BRDA:483,83,0,3
BRDA:483,83,1,1
BRDA:490,84,0,4
BRDA:490,84,1,11
BRDA:492,85,0,2
BRDA:492,85,1,2
BRDA:494,86,0,1
BRDA:494,86,1,1
BRDA:511,87,0,2
BRDA:511,87,1,18
BRDA:519,88,0,18
BRDA:519,88,1,18
BRDA:521,89,0,23
BRDA:521,89,1,18
BRDA:522,90,0,23
BRDA:522,90,1,18
BRDA:523,91,0,23
BRDA:523,91,1,18
BRDA:524,92,0,23
BRDA:524,92,1,18
BRDA:525,93,0,23
BRDA:525,93,1,18
BRDA:526,94,0,23
BRDA:526,94,1,18
BRDA:527,95,0,23
BRDA:527,95,1,11
BRDA:528,96,0,23
BRDA:528,96,1,18
BRDA:529,97,0,23
BRDA:529,97,1,18
BRDA:529,97,2,18
BRDA:530,98,0,23
BRDA:530,98,1,18
BRDA:530,98,2,18
BRDA:531,99,0,23
BRDA:531,99,1,18
BRDA:532,100,0,23
BRDA:532,100,1,18
BRDA:533,101,0,23
BRDA:533,101,1,18
BRDA:534,102,0,23
BRDA:534,102,1,18
BRDA:535,103,0,23
BRDA:535,103,1,18
BRDA:536,104,0,23
BRDA:536,104,1,17
BRDA:538,105,0,3
BRDA:538,105,1,15
BRDA:538,106,0,23
BRDA:538,106,1,6
BRDA:546,107,0,1
BRDA:546,107,1,0
BRDA:561,108,0,52
BRDA:561,108,1,67
BRDA:561,109,0,52
BRDA:561,109,1,2
BRDA:569,110,0,1
BRDA:569,110,1,14
BRDA:569,111,0,15
BRDA:569,111,1,14
BRDA:578,112,0,3
BRDA:578,112,1,11
BRDA:585,113,0,8
BRDA:585,113,1,3
BRDA:585,114,0,11
BRDA:585,114,1,9
BRDA:585,114,2,2
BRDA:587,115,0,5
BRDA:587,115,1,3
BRDA:593,116,0,2
BRDA:593,116,1,1
BRDA:594,117,0,1
BRDA:594,117,1,1
BRDA:599,118,0,1
BRDA:599,118,1,0
BRDA:615,119,0,8
BRDA:615,119,1,8
BRDA:616,120,0,15
BRDA:616,120,1,8
BRDA:617,121,0,15
BRDA:617,121,1,2
BRDA:618,122,0,15
BRDA:618,122,1,3
BRDA:619,123,0,15
BRDA:619,123,1,8
BRDA:620,124,0,15
BRDA:620,124,1,8
BRDA:621,125,0,15
BRDA:621,125,1,8
BRDA:626,126,0,1
BRDA:626,126,1,0
BRDA:643,127,0,109
BRDA:643,127,1,116
BRDA:643,128,0,109
BRDA:643,128,1,1
BRDA:651,129,0,1
BRDA:651,129,1,29
BRDA:657,130,0,1
BRDA:657,130,1,28
BRDA:663,131,0,1
BRDA:663,131,1,27
BRDA:670,132,0,21
BRDA:670,132,1,6
BRDA:670,133,0,27
BRDA:670,133,1,22
BRDA:670,133,2,1
BRDA:672,134,0,18
BRDA:672,134,1,3
BRDA:678,135,0,5
BRDA:678,135,1,1
BRDA:679,136,0,1
BRDA:679,136,1,4
BRDA:684,137,0,2
BRDA:684,137,1,2
BRDA:697,138,0,1
BRDA:697,138,1,20
BRDA:699,139,0,1
BRDA:699,139,1,0
BRDA:699,140,0,1
BRDA:699,140,1,1
BRDA:699,140,2,0
BRDA:709,141,0,8
BRDA:709,141,1,12
BRDA:710,142,0,2
BRDA:710,142,1,6
BRDA:719,143,0,4
BRDA:719,143,1,2
BRDA:728,144,0,5
BRDA:728,144,1,9
BRDA:731,145,0,2
BRDA:731,145,1,3
BRDA:731,146,0,5
BRDA:731,146,1,3
BRDA:736,147,0,2
BRDA:736,147,1,1
BRDA:745,148,0,10
BRDA:745,148,1,7
BRDA:749,149,0,30
BRDA:749,149,1,5
BRDA:750,150,0,30
BRDA:750,150,1,6
BRDA:751,151,0,30
BRDA:751,151,1,10
BRDA:752,152,0,1
BRDA:752,152,1,9
BRDA:757,153,0,1
BRDA:757,153,1,0
BRDA:774,154,0,73
BRDA:774,154,1,55
BRDA:774,155,0,73
BRDA:774,155,1,0
BRDA:781,156,0,1
BRDA:781,156,1,21
BRDA:787,157,0,1
BRDA:787,157,1,20
BRDA:795,158,0,14
BRDA:795,158,1,6
BRDA:797,159,0,2
BRDA:797,159,1,12
BRDA:807,160,0,2
BRDA:807,160,1,4
BRDA:813,161,0,4
BRDA:813,161,1,0
BRDA:815,162,0,1
BRDA:815,162,1,15
BRDA:815,163,0,16
BRDA:815,163,1,16
BRDA:821,164,0,1
BRDA:821,164,1,14
BRDA:828,165,0,11
BRDA:828,165,1,3
BRDA:828,166,0,14
BRDA:828,166,1,12
BRDA:828,166,2,1
BRDA:830,167,0,8
BRDA:830,167,1,3
BRDA:836,168,0,2
BRDA:836,168,1,1
BRDA:837,169,0,1
BRDA:837,169,1,1
BRDA:842,170,0,1
BRDA:842,170,1,0
BRDA:855,171,0,1
BRDA:855,171,1,8
BRDA:857,172,0,1
BRDA:857,172,1,0
BRDA:857,173,0,1
BRDA:857,173,1,1
BRDA:857,173,2,0
BRDA:867,174,0,3
BRDA:867,174,1,5
BRDA:868,175,0,1
BRDA:868,175,1,2
BRDA:877,176,0,1
BRDA:877,176,1,1
BRDA:887,177,0,6
BRDA:887,177,1,4
BRDA:892,178,0,22
BRDA:892,178,1,6
BRDA:897,179,0,1
BRDA:897,179,1,0
BRF:372
BRH:345
end_of_record
TN:
SF:lib\route-logic\lifecycle-event-types.ts
FN:15,(anonymous_0)
FN:26,(anonymous_1)
FN:41,(anonymous_2)
FNF:3
FNH:3
FNDA:6,(anonymous_0)
FNDA:4,(anonymous_1)
FNDA:6,(anonymous_2)
DA:8,4
DA:11,4
DA:16,6
DA:22,6
DA:23,2
DA:26,4
DA:28,4
DA:31,3
DA:36,4
DA:42,6
DA:48,6
DA:49,2
DA:52,4
DA:55,4
DA:59,4
DA:60,1
DA:63,3
DA:70,3
DA:80,3
LF:19
LH:19
BRDA:22,0,0,2
BRDA:22,0,1,4
BRDA:48,1,0,2
BRDA:48,1,1,4
BRDA:59,2,0,1
BRDA:59,2,1,3
BRF:6
BRH:6
end_of_record
TN:
SF:lib\route-logic\notifications.ts
FN:32,visibilityFilter
FN:39,isReadForUser
FN:43,(anonymous_2)
FN:46,countUnreadNotifications
FN:76,(anonymous_4)
FN:98,(anonymous_5)
FN:128,(anonymous_6)
FN:148,(anonymous_7)
FNF:8
FNH:7
FNDA:13,visibilityFilter
FNDA:9,isReadForUser
FNDA:0,(anonymous_2)
FNDA:5,countUnreadNotifications
FNDA:6,(anonymous_4)
FNDA:9,(anonymous_5)
FNDA:10,(anonymous_6)
FNDA:1,(anonymous_7)
DA:25,4
DA:27,4
DA:33,13
DA:40,9
DA:42,1
DA:43,9
DA:51,5
DA:52,5
DA:54,5
DA:60,5
DA:65,5
DA:66,1
DA:69,5
DA:72,4
DA:77,6
DA:83,6
DA:84,1
DA:87,5
DA:88,5
DA:89,5
DA:90,5
DA:91,1
DA:93,5
DA:98,9
DA:110,5
DA:115,5
DA:119,4
DA:124,4
DA:129,10
DA:135,10
DA:136,2
DA:139,8
DA:140,8
DA:141,8
DA:143,8
DA:144,2
DA:147,6
DA:148,1
DA:151,6
DA:154,6
DA:159,6
DA:164,6
DA:165,1
DA:167,6
DA:171,6
LF:45
LH:45
BRDA:40,0,0,8
BRDA:40,0,1,1
BRDA:42,1,0,1
BRDA:42,1,1,0
BRDA:65,2,0,1
BRDA:65,2,1,4
BRDA:83,3,0,1
BRDA:83,3,1,5
BRDA:90,4,0,1
BRDA:90,4,1,4
BRDA:95,5,0,5
BRDA:95,5,1,3
BRDA:102,6,0,9
BRDA:102,6,1,0
BRDA:103,7,0,9
BRDA:103,7,1,3
BRDA:107,8,0,9
BRDA:107,8,1,5
BRDA:135,9,0,2
BRDA:135,9,1,8
BRDA:143,10,0,2
BRDA:143,10,1,6
BRDA:143,11,0,8
BRDA:143,11,1,3
BRDA:147,12,0,1
BRDA:147,12,1,5
BRDA:164,13,0,1
BRDA:164,13,1,5
BRF:28
BRH:26
end_of_record
TN:
SF:lib\route-logic\org-members.ts
FN:14,(anonymous_0)
FN:26,(anonymous_1)
FN:35,(anonymous_2)
FN:54,(anonymous_3)
FN:62,(anonymous_4)
FN:88,(anonymous_5)
FN:178,(anonymous_6)
FN:232,(anonymous_7)
FNF:8
FNH:8
FNDA:6,(anonymous_0)
FNDA:5,(anonymous_1)
FNDA:5,(anonymous_2)
FNDA:11,(anonymous_3)
FNDA:9,(anonymous_4)
FNDA:12,(anonymous_5)
FNDA:8,(anonymous_6)
FNDA:1,(anonymous_7)
DA:10,4
DA:15,6
DA:21,6
DA:22,1
DA:25,5
DA:28,5
DA:37,5
DA:50,5
DA:52,6
DA:54,11
DA:62,9
DA:77,4
DA:83,4
DA:89,12
DA:95,12
DA:96,1
DA:99,11
DA:100,1
DA:103,10
DA:107,10
DA:109,10
DA:110,1
DA:113,9
DA:114,1
DA:117,8
DA:118,3
DA:122,3
DA:123,1
DA:127,7
DA:128,7
DA:129,7
DA:138,7
DA:139,2
DA:143,2
DA:144,1
DA:145,1
DA:146,1
DA:156,6
DA:166,6
DA:170,4
DA:173,4
DA:179,8
DA:185,8
DA:186,1
DA:189,7
DA:193,7
DA:195,6
DA:196,1
DA:199,5
DA:200,1
DA:202,4
DA:203,3
DA:207,3
DA:208,1
DA:218,3
DA:219,3
DA:221,8
DA:223,3
DA:224,2
DA:228,2
DA:232,2
DA:236,1
DA:238,2
DA:249,1
DA:254,1
DA:264,1
LF:66
LH:66
BRDA:21,0,0,1
BRDA:21,0,1,5
BRDA:50,1,0,5
BRDA:50,1,1,4
BRDA:56,2,0,11
BRDA:56,2,1,0
BRDA:57,3,0,11
BRDA:57,3,1,0
BRDA:58,4,0,11
BRDA:58,4,1,0
BRDA:66,5,0,9
BRDA:66,5,1,0
BRDA:95,6,0,1
BRDA:95,6,1,11
BRDA:99,7,0,1
BRDA:99,7,1,10
BRDA:99,8,0,11
BRDA:99,8,1,2
BRDA:107,9,0,0
BRDA:107,9,1,10
BRDA:109,10,0,1
BRDA:109,10,1,9
BRDA:109,11,0,10
BRDA:109,11,1,5
BRDA:113,12,0,1
BRDA:113,12,1,8
BRDA:117,13,0,3
BRDA:117,13,1,5
BRDA:117,14,0,8
BRDA:117,14,1,3
BRDA:122,15,0,1
BRDA:122,15,1,2
BRDA:138,16,0,2
BRDA:138,16,1,5
BRDA:138,17,0,7
BRDA:138,17,1,2
BRDA:143,18,0,1
BRDA:143,18,1,1
BRDA:185,19,0,1
BRDA:185,19,1,7
BRDA:193,20,0,1
BRDA:193,20,1,6
BRDA:195,21,0,1
BRDA:195,21,1,5
BRDA:199,22,0,1
BRDA:199,22,1,4
BRDA:199,23,0,5
BRDA:199,23,1,4
BRDA:202,24,0,3
BRDA:202,24,1,1
BRDA:207,25,0,1
BRDA:207,25,1,2
BRDA:219,26,0,2
BRDA:219,26,1,1
BRDA:223,27,0,2
BRDA:223,27,1,1
BRDA:228,28,0,2
BRDA:228,28,1,0
BRDA:228,29,0,2
BRDA:228,29,1,2
BRF:60
BRH:54
end_of_record
TN:
SF:lib\route-logic\organizations.ts
FN:16,(anonymous_0)
FN:27,(anonymous_1)
FN:44,(anonymous_2)
FN:45,(anonymous_3)
FN:65,(anonymous_4)
FN:107,(anonymous_5)
FNF:6
FNH:6
FNDA:6,(anonymous_0)
FNDA:4,(anonymous_1)
FNDA:9,(anonymous_2)
FNDA:9,(anonymous_3)
FNDA:5,(anonymous_4)
FNDA:6,(anonymous_5)
DA:13,4
DA:17,6
DA:23,6
DA:24,2
DA:27,4
DA:29,4
DA:37,4
DA:41,4
DA:44,9
DA:45,9
DA:61,4
DA:66,5
DA:72,5
DA:73,3
DA:76,2
DA:78,2
DA:82,2
DA:83,1
DA:86,1
DA:88,1
DA:89,1
DA:96,1
DA:103,4
DA:108,6
DA:114,6
DA:115,2
DA:118,4
DA:120,4
DA:126,6
DA:127,6
DA:128,6
DA:129,1
DA:130,1
DA:133,4
DA:139,4
DA:145,4
DA:154,4
LF:37
LH:37
BRDA:23,0,0,2
BRDA:23,0,1,4
BRDA:51,1,0,4
BRDA:51,1,1,0
BRDA:72,2,0,3
BRDA:72,2,1,2
BRDA:82,3,0,1
BRDA:82,3,1,1
BRDA:114,4,0,2
BRDA:114,4,1,4
BRDA:120,5,0,4
BRDA:120,5,1,0
BRF:12
BRH:10
end_of_record
TN:
SF:lib\route-logic\payment-plans.ts
FN:16,(anonymous_0)
FN:28,(anonymous_1)
FN:38,(anonymous_2)
FN:55,(anonymous_3)
FN:79,(anonymous_4)
FNF:5
FNH:5
FNDA:5,(anonymous_0)
FNDA:4,(anonymous_1)
FNDA:4,(anonymous_2)
FNDA:4,(anonymous_3)
FNDA:7,(anonymous_4)
DA:9,5
DA:12,5
DA:17,5
DA:23,5
DA:24,1
DA:28,4
DA:30,4
DA:34,4
DA:35,1
DA:38,4
DA:39,3
DA:40,3
DA:43,3
DA:44,4
DA:45,4
DA:46,4
DA:47,4
DA:55,3
DA:56,4
DA:57,4
DA:69,3
DA:74,5
DA:80,7
DA:86,7
DA:87,2
DA:90,5
DA:93,5
DA:94,5
DA:95,3
DA:99,3
DA:100,3
DA:103,5
DA:110,5
DA:120,5
LF:34
LH:34
BRDA:23,0,0,1
BRDA:23,0,1,4
BRDA:34,1,0,1
BRDA:34,1,1,3
BRDA:44,2,0,4
BRDA:44,2,1,0
BRDA:45,3,0,0
BRDA:45,3,1,4
BRDA:45,4,0,4
BRDA:45,4,1,4
BRDA:46,5,0,3
BRDA:46,5,1,1
BRDA:56,6,0,4
BRDA:56,6,1,1
BRDA:58,7,0,4
BRDA:58,7,1,0
BRDA:86,8,0,2
BRDA:86,8,1,5
BRDA:94,9,0,3
BRDA:94,9,1,2
BRDA:99,10,0,3
BRDA:99,10,1,0
BRDA:100,11,0,3
BRDA:100,11,1,0
BRF:24
BRH:19
end_of_record
TN:
SF:lib\route-logic\payments.ts
FN:37,(anonymous_0)
FN:85,(anonymous_1)
FN:117,(anonymous_2)
FNF:3
FNH:3
FNDA:20,(anonymous_0)
FNDA:12,(anonymous_1)
FNDA:1,(anonymous_2)
DA:15,7
DA:17,7
DA:32,7
DA:38,20
DA:44,20
DA:45,2
DA:48,18
DA:49,18
DA:50,2
DA:53,2
DA:57,18
DA:58,4
DA:62,4
DA:63,2
DA:65,16
DA:66,16
DA:68,16
DA:69,5
DA:70,5
DA:71,4
DA:73,1
DA:74,5
DA:82,12
DA:83,20
DA:85,20
DA:86,12
DA:97,20
DA:99,20
DA:100,4
DA:101,4
DA:102,4
DA:103,2
DA:104,2
DA:105,2
DA:106,2
DA:113,8
DA:118,1
DA:129,12
LF:38
LH:38
BRDA:44,0,0,2
BRDA:44,0,1,18
BRDA:49,1,0,2
BRDA:49,1,1,16
BRDA:57,2,0,4
BRDA:57,2,1,14
BRDA:62,3,0,2
BRDA:62,3,1,2
BRDA:65,4,0,2
BRDA:65,4,1,14
BRDA:66,5,0,2
BRDA:66,5,1,14
BRDA:68,6,0,5
BRDA:68,6,1,11
BRDA:70,7,0,4
BRDA:70,7,1,1
BRDA:73,8,0,1
BRDA:73,8,1,0
BRDA:82,9,0,12
BRDA:82,9,1,8
BRDA:83,10,0,4
BRDA:83,10,1,8
BRDA:99,11,0,4
BRDA:99,11,1,8
BRDA:102,12,0,2
BRDA:102,12,1,2
BRDA:105,13,0,2
BRDA:105,13,1,0
BRDA:107,14,0,2
BRDA:107,14,1,0
BRDA:119,15,0,1
BRDA:119,15,1,0
BRDA:129,16,0,4
BRDA:129,16,1,8
BRF:34
BRH:30
end_of_record
TN:
SF:lib\route-logic\search.ts
FN:36,escapeRegex
FN:46,(anonymous_1)
FN:110,(anonymous_2)
FN:112,(anonymous_3)
FN:114,(anonymous_4)
FN:116,(anonymous_5)
FN:122,(anonymous_6)
FN:132,(anonymous_7)
FN:140,(anonymous_8)
FN:155,(anonymous_9)
FN:156,(anonymous_10)
FNF:11
FNH:11
FNDA:6,escapeRegex
FNDA:8,(anonymous_1)
FNDA:1,(anonymous_2)
FNDA:1,(anonymous_3)
FNDA:1,(anonymous_4)
FNDA:1,(anonymous_5)
FNDA:2,(anonymous_6)
FNDA:4,(anonymous_7)
FNDA:1,(anonymous_8)
FNDA:1,(anonymous_9)
FNDA:1,(anonymous_10)
DA:29,3
DA:30,3
DA:32,3
DA:37,6
DA:40,3
DA:42,3
DA:48,8
DA:49,8
DA:53,8
DA:54,2
DA:57,6
DA:58,6
DA:59,6
DA:60,6
DA:62,6
DA:109,6
DA:110,1
DA:112,1
DA:113,6
DA:114,1
DA:116,1
DA:117,6
DA:120,6
DA:121,6
DA:122,2
DA:124,2
DA:129,2
DA:132,6
DA:140,6
DA:141,1
DA:142,1
DA:145,1
DA:154,6
DA:155,1
DA:157,1
DA:158,1
DA:159,1
DA:160,1
DA:161,1
DA:162,1
DA:171,6
DA:175,6
LF:42
LH:42
BRDA:48,0,0,0
BRDA:48,0,1,8
BRDA:53,1,0,2
BRDA:53,1,1,6
BRDA:91,2,0,5
BRDA:91,2,1,1
BRDA:91,3,0,6
BRDA:91,3,1,5
BRDA:121,4,0,2
BRDA:121,4,1,4
BRDA:129,5,0,2
BRDA:129,5,1,0
BRDA:136,6,0,4
BRDA:136,6,1,4
BRDA:136,6,2,0
BRDA:141,7,0,1
BRDA:141,7,1,0
BRDA:142,8,0,1
BRDA:142,8,1,0
BRDA:142,8,2,0
BRDA:149,9,0,1
BRDA:149,9,1,0
BRDA:150,10,0,1
BRDA:150,10,1,0
BRDA:155,11,0,1
BRDA:155,11,1,1
BRDA:157,12,0,1
BRDA:157,12,1,0
BRDA:158,13,0,1
BRDA:158,13,1,0
BRDA:159,14,0,0
BRDA:159,14,1,1
BRDA:160,15,0,1
BRDA:160,15,1,0
BRDA:165,16,0,1
BRDA:165,16,1,0
BRDA:166,17,0,1
BRDA:166,17,1,0
BRDA:167,18,0,1
BRDA:167,18,1,0
BRF:40
BRH:25
end_of_record
TN:
SF:lib\route-logic\send-file-email.ts
FN:25,isSafeMime
FN:28,(anonymous_1)
FN:35,(anonymous_2)
FNF:3
FNH:3
FNDA:11,isSafeMime
FNDA:31,(anonymous_1)
FNDA:17,(anonymous_2)
DA:9,8
DA:10,8
DA:12,8
DA:26,11
DA:27,11
DA:28,31
DA:31,8
DA:36,17
DA:42,17
DA:43,3
DA:46,14
DA:47,14
DA:48,14
DA:49,17
DA:50,17
DA:51,17
DA:52,17
DA:54,17
DA:55,2
DA:58,12
DA:59,1
DA:62,11
DA:63,2
DA:73,9
DA:74,2
DA:77,7
DA:79,7
DA:80,1
DA:86,6
DA:87,6
DA:88,2
DA:91,4
DA:97,4
DA:105,4
DA:106,4
DA:108,4
DA:131,4
LF:37
LH:37
BRDA:26,0,0,0
BRDA:26,0,1,11
BRDA:28,1,0,31
BRDA:28,1,1,22
BRDA:42,2,0,3
BRDA:42,2,1,14
BRDA:48,3,0,14
BRDA:48,3,1,1
BRDA:49,4,0,17
BRDA:49,4,1,9
BRDA:50,5,0,17
BRDA:50,5,1,9
BRDA:54,6,0,2
BRDA:54,6,1,15
BRDA:58,7,0,1
BRDA:58,7,1,11
BRDA:62,8,0,2
BRDA:62,8,1,9
BRDA:67,9,0,2
BRDA:67,9,1,0
BRDA:73,10,0,2
BRDA:73,10,1,7
BRDA:73,11,0,9
BRDA:73,11,1,8
BRDA:79,12,0,1
BRDA:79,12,1,6
BRDA:87,13,0,2
BRDA:87,13,1,4
BRDA:124,14,0,4
BRDA:124,14,1,0
BRDA:126,15,0,17
BRDA:126,15,1,0
BRF:32
BRH:28
end_of_record
TN:
SF:lib\route-logic\statements.ts
FN:31,(anonymous_0)
FN:64,(anonymous_1)
FN:94,(anonymous_2)
FN:118,(anonymous_3)
FN:173,(anonymous_4)
FNF:5
FNH:5
FNDA:12,(anonymous_0)
FNDA:8,(anonymous_1)
FNDA:1,(anonymous_2)
FNDA:12,(anonymous_3)
FNDA:3,(anonymous_4)
DA:17,8
DA:23,8
DA:26,8
DA:32,12
DA:38,12
DA:39,1
DA:42,11
DA:43,11
DA:44,3
DA:48,3
DA:49,2
DA:51,10
DA:52,3
DA:53,3
DA:54,2
DA:56,1
DA:57,3
DA:61,8
DA:62,12
DA:64,12
DA:65,8
DA:74,12
DA:76,12
DA:77,4
DA:78,4
DA:79,4
DA:80,1
DA:81,1
DA:82,1
DA:83,1
DA:90,4
DA:95,1
DA:102,8
DA:113,8
DA:119,12
DA:125,12
DA:126,2
DA:129,10
DA:131,10
DA:132,10
DA:134,9
DA:139,9
DA:141,9
DA:161,9
DA:162,4
DA:167,4
DA:173,5
DA:174,3
DA:176,5
DA:178,5
DA:179,5
DA:188,3
DA:190,2
DA:191,1
DA:197,1
DA:198,1
DA:203,1
DA:206,1
LF:58
LH:58
BRDA:38,0,0,1
BRDA:38,0,1,11
BRDA:43,1,0,3
BRDA:43,1,1,8
BRDA:48,2,0,1
BRDA:48,2,1,2
BRDA:51,3,0,3
BRDA:51,3,1,7
BRDA:53,4,0,2
BRDA:53,4,1,1
BRDA:56,5,0,1
BRDA:56,5,1,0
BRDA:61,6,0,8
BRDA:61,6,1,4
BRDA:62,7,0,4
BRDA:62,7,1,4
BRDA:76,8,0,4
BRDA:76,8,1,4
BRDA:79,9,0,1
BRDA:79,9,1,3
BRDA:82,10,0,1
BRDA:82,10,1,0
BRDA:84,11,0,1
BRDA:84,11,1,0
BRDA:96,12,0,1
BRDA:96,12,1,0
BRDA:102,13,0,4
BRDA:102,13,1,4
BRDA:125,14,0,2
BRDA:125,14,1,10
BRDA:132,15,0,1
BRDA:132,15,1,9
BRDA:161,16,0,4
BRDA:161,16,1,5
BRDA:167,17,0,4
BRDA:167,17,1,0
BRDA:190,18,0,1
BRDA:190,18,1,1
BRDA:197,19,0,1
BRDA:197,19,1,0
BRDA:203,20,0,1
BRDA:203,20,1,0
BRF:42
BRH:35
end_of_record
TN:
SF:lib\route-logic\tasks.ts
FN:21,assertRelatedScoped
FN:69,(anonymous_1)
FN:135,(anonymous_2)
FN:153,(anonymous_3)
FN:176,(anonymous_4)
FNF:5
FNH:5
FNDA:16,assertRelatedScoped
FNDA:22,(anonymous_1)
FNDA:15,(anonymous_2)
FNDA:1,(anonymous_3)
FNDA:9,(anonymous_4)
DA:10,9
DA:12,9
DA:13,9
DA:29,16
DA:30,5
DA:31,1
DA:33,4
DA:37,4
DA:39,14
DA:40,4
DA:41,1
DA:43,3
DA:47,3
DA:49,12
DA:50,4
DA:51,1
DA:53,3
DA:57,3
DA:59,8
DA:65,9
DA:70,22
DA:76,22
DA:77,1
DA:80,21
DA:81,21
DA:82,21
DA:83,21
DA:84,21
DA:85,21
DA:87,21
DA:88,21
DA:89,5
DA:90,3
DA:92,2
DA:94,18
DA:95,3
DA:96,1
DA:98,2
DA:100,17
DA:101,2
DA:104,2
DA:105,1
DA:107,1
DA:109,16
DA:110,3
DA:113,3
DA:114,1
DA:116,2
DA:119,15
DA:120,7
DA:121,7
DA:122,7
DA:123,2
DA:124,5
DA:125,3
DA:126,3
DA:128,2
DA:135,15
DA:137,15
DA:154,1
DA:160,15
DA:171,9
DA:177,9
DA:183,9
DA:184,2
DA:187,7
DA:192,7
DA:193,3
DA:196,4
DA:210,4
DA:220,4
LF:71
LH:71
BRDA:29,0,0,5
BRDA:29,0,1,11
BRDA:30,1,0,1
BRDA:30,1,1,4
BRDA:37,2,0,1
BRDA:37,2,1,3
BRDA:39,3,0,4
BRDA:39,3,1,10
BRDA:40,4,0,1
BRDA:40,4,1,3
BRDA:47,5,0,1
BRDA:47,5,1,2
BRDA:49,6,0,4
BRDA:49,6,1,8
BRDA:50,7,0,1
BRDA:50,7,1,3
BRDA:57,8,0,3
BRDA:57,8,1,0
BRDA:76,9,0,1
BRDA:76,9,1,21
BRDA:88,10,0,5
BRDA:88,10,1,16
BRDA:89,11,0,3
BRDA:89,11,1,2
BRDA:94,12,0,3
BRDA:94,12,1,15
BRDA:95,13,0,1
BRDA:95,13,1,2
BRDA:100,14,0,2
BRDA:100,14,1,15
BRDA:104,15,0,1
BRDA:104,15,1,1
BRDA:109,16,0,3
BRDA:109,16,1,13
BRDA:113,17,0,1
BRDA:113,17,1,2
BRDA:119,18,0,7
BRDA:119,18,1,8
BRDA:119,19,0,15
BRDA:119,19,1,13
BRDA:119,19,2,10
BRDA:122,20,0,2
BRDA:122,20,1,5
BRDA:124,21,0,3
BRDA:124,21,1,2
BRDA:155,22,0,1
BRDA:155,22,1,0
BRDA:183,23,0,2
BRDA:183,23,1,7
BRDA:188,24,0,7
BRDA:188,24,1,6
BRDA:189,25,0,9
BRDA:189,25,1,6
BRDA:190,26,0,9
BRDA:190,26,1,5
BRDA:192,27,0,3
BRDA:192,27,1,4
BRDA:202,28,0,4
BRDA:202,28,1,1
BRDA:203,29,0,9
BRDA:203,29,1,0
BRDA:204,30,0,9
BRDA:204,30,1,3
BRDA:205,31,0,9
BRDA:205,31,1,4
BRDA:206,32,0,9
BRDA:206,32,1,4
BRF:67
BRH:64
end_of_record
TN:
SF:lib\route-logic\tax-receipts.ts
FN:41,(anonymous_0)
FN:59,(anonymous_1)
FN:106,(anonymous_2)
FN:124,(anonymous_3)
FN:125,(anonymous_4)
FNF:5
FNH:5
FNDA:8,(anonymous_0)
FNDA:6,(anonymous_1)
FNDA:5,(anonymous_2)
FNDA:5,(anonymous_3)
FNDA:1,(anonymous_4)
DA:30,6
DA:32,6
DA:36,6
DA:42,8
DA:48,8
DA:49,2
DA:52,6
DA:53,6
DA:58,6
DA:59,6
DA:61,6
DA:69,6
DA:70,2
DA:73,4
DA:77,4
DA:78,6
DA:79,6
DA:80,6
DA:81,6
DA:82,6
DA:83,5
DA:84,5
DA:86,6
DA:87,6
DA:95,4
DA:96,4
DA:99,4
DA:100,9
DA:101,9
DA:105,4
DA:107,5
DA:108,5
DA:109,5
DA:124,5
DA:125,1
DA:127,4
LF:36
LH:36
BRDA:48,0,0,2
BRDA:48,0,1,6
BRDA:69,1,0,2
BRDA:69,1,1,4
BRDA:79,2,0,0
BRDA:79,2,1,6
BRDA:82,3,0,5
BRDA:82,3,1,1
BRDA:89,4,0,6
BRDA:89,4,1,0
BRDA:91,5,0,6
BRDA:91,5,1,6
BRDA:101,6,0,5
BRDA:101,6,1,4
BRDA:108,7,0,0
BRDA:108,7,1,5
BRDA:108,8,0,5
BRDA:108,8,1,5
BRDA:111,9,0,5
BRDA:111,9,1,0
BRDA:113,10,0,5
BRDA:113,10,1,5
BRDA:114,11,0,5
BRDA:114,11,1,5
BRDA:115,12,0,5
BRDA:115,12,1,5
BRDA:116,13,0,5
BRDA:116,13,1,5
BRDA:118,14,0,5
BRDA:118,14,1,1
BRF:30
BRH:26
end_of_record
TN:
SF:lib\route-logic\trash.ts
FN:25,(anonymous_0)
FNF:1
FNH:1
FNDA:6,(anonymous_0)
DA:14,5
DA:16,5
DA:20,5
DA:26,6
DA:32,6
DA:33,2
DA:36,4
DA:39,4
LF:8
LH:8
BRDA:32,0,0,2
BRDA:32,0,1,4
BRDA:37,1,0,4
BRDA:37,1,1,2
BRF:4
BRH:4
end_of_record
TN:
SF:lib\route-logic\user.ts
FN:22,(anonymous_0)
FN:59,(anonymous_1)
FNF:2
FNH:2
FNDA:6,(anonymous_0)
FNDA:6,(anonymous_1)
DA:17,4
DA:19,4
DA:23,6
DA:29,6
DA:30,2
DA:33,4
DA:42,4
DA:43,3
DA:55,4
DA:60,6
DA:66,6
DA:67,1
DA:70,5
DA:71,5
DA:73,5
DA:74,2
DA:77,3
DA:84,3
DA:86,3
DA:95,3
LF:20
LH:20
BRDA:29,0,0,2
BRDA:29,0,1,4
BRDA:42,1,0,1
BRDA:42,1,1,3
BRDA:45,2,0,3
BRDA:45,2,1,0
BRDA:46,3,0,6
BRDA:46,3,1,0
BRDA:47,4,0,6
BRDA:47,4,1,3
BRDA:49,5,0,6
BRDA:49,5,1,0
BRDA:66,6,0,1
BRDA:66,6,1,5
BRDA:71,7,0,3
BRDA:71,7,1,2
BRDA:73,8,0,2
BRDA:73,8,1,3
BRDA:84,9,0,0
BRDA:84,9,1,3
BRF:20
BRH:16
end_of_record
TN:
SF:lib\route-logic\admin\invite-requests.ts
FN:20,(anonymous_0)
FN:35,(anonymous_1)
FN:39,(anonymous_2)
FN:50,(anonymous_3)
FN:77,(anonymous_4)
FN:86,(anonymous_5)
FNF:6
FNH:5
FNDA:8,(anonymous_0)
FNDA:6,(anonymous_1)
FNDA:2,(anonymous_2)
FNDA:12,(anonymous_3)
FNDA:12,(anonymous_4)
FNDA:0,(anonymous_5)
DA:10,6
DA:17,6
DA:21,8
DA:25,8
DA:26,2
DA:29,6
DA:30,6
DA:31,6
DA:32,2
DA:35,6
DA:36,6
DA:40,2
DA:46,6
DA:48,8
DA:50,12
DA:74,6
DA:78,12
DA:82,12
DA:83,1
DA:86,11
DA:87,11
DA:88,2
DA:90,9
DA:91,3
DA:93,6
DA:94,6
DA:95,1
DA:98,5
DA:99,5
DA:101,5
DA:102,12
DA:104,12
DA:105,1
DA:106,1
DA:107,1
DA:108,1
DA:109,1
DA:110,1
DA:111,1
DA:112,1
DA:115,4
DA:116,1
DA:122,3
DA:123,3
DA:125,3
DA:126,3
DA:127,3
DA:128,3
DA:129,3
DA:130,3
DA:131,3
DA:133,3
DA:135,3
DA:136,3
DA:137,2
DA:159,1
DA:162,3
LF:57
LH:57
BRDA:25,0,0,2
BRDA:25,0,1,6
BRDA:31,1,0,2
BRDA:31,1,1,4
BRDA:31,2,0,6
BRDA:31,2,1,2
BRDA:41,3,0,2
BRDA:41,3,1,0
BRDA:46,4,0,6
BRDA:46,4,1,6
BRDA:56,5,0,12
BRDA:56,5,1,9
BRDA:57,6,0,3
BRDA:57,6,1,9
BRDA:58,7,0,12
BRDA:58,7,1,9
BRDA:59,8,0,12
BRDA:59,8,1,11
BRDA:60,9,0,12
BRDA:60,9,1,12
BRDA:62,10,0,12
BRDA:62,10,1,12
BRDA:82,11,0,1
BRDA:82,11,1,11
BRDA:87,12,0,2
BRDA:87,12,1,9
BRDA:87,13,0,11
BRDA:87,13,1,10
BRDA:87,13,2,10
BRDA:90,14,0,3
BRDA:90,14,1,6
BRDA:90,15,0,9
BRDA:90,15,1,6
BRDA:94,16,0,1
BRDA:94,16,1,5
BRDA:99,17,0,0
BRDA:99,17,1,5
BRDA:101,18,0,5
BRDA:101,18,1,5
BRDA:104,19,0,1
BRDA:104,19,1,11
BRDA:106,20,0,1
BRDA:106,20,1,0
BRDA:115,21,0,1
BRDA:115,21,1,3
BRDA:136,22,0,2
BRDA:136,22,1,1
BRF:47
BRH:44
end_of_record
TN:
SF:lib\route-logic\auth\[...nextauth].ts
FNF:0
FNH:0
DA:3,0
DA:4,0
LF:2
LH:0
BRF:0
BRH:0
end_of_record
TN:
SF:lib\route-logic\auth\invite.ts
FN:23,(anonymous_0)
FN:129,(anonymous_1)
FN:168,(anonymous_2)
FN:177,(anonymous_3)
FN:187,(anonymous_4)
FN:286,(anonymous_5)
FNF:6
FNH:6
FNDA:19,(anonymous_0)
FNDA:10,(anonymous_1)
FNDA:15,(anonymous_2)
FNDA:1,(anonymous_3)
FNDA:3,(anonymous_4)
FNDA:8,(anonymous_5)
DA:16,6
DA:18,6
DA:24,19
DA:30,19
DA:31,3
DA:34,16
DA:35,16
DA:36,2
DA:39,14
DA:40,14
DA:41,4
DA:45,4
DA:46,2
DA:50,12
DA:56,12
DA:57,12
DA:59,12
DA:68,12
DA:77,12
DA:79,19
DA:83,12
DA:84,19
DA:86,19
DA:90,19
DA:91,1
DA:112,12
DA:126,6
DA:130,10
DA:131,10
DA:133,7
DA:137,7
DA:138,1
DA:141,6
DA:148,6
DA:149,5
DA:150,3
DA:152,2
DA:154,2
DA:165,6
DA:169,15
DA:170,15
DA:171,1
DA:177,14
DA:178,14
DA:179,1
DA:181,13
DA:182,13
DA:183,2
DA:187,3
DA:191,11
DA:193,11
DA:194,11
DA:195,8
DA:196,8
DA:198,8
DA:201,8
DA:202,2
DA:203,2
DA:204,2
DA:205,1
DA:210,1
DA:212,6
DA:213,6
DA:214,1
DA:216,5
DA:217,5
DA:218,1
DA:223,4
DA:224,4
DA:225,4
DA:226,1
DA:234,3
DA:235,3
DA:236,3
DA:238,3
DA:241,4
DA:245,4
DA:246,1
DA:249,3
DA:255,3
DA:257,3
DA:265,3
DA:272,3
DA:282,6
DA:287,8
DA:293,8
DA:294,2
DA:297,6
DA:298,6
DA:299,3
DA:302,3
DA:306,3
DA:307,1
DA:309,2
DA:311,2
DA:321,2
LF:96
LH:96
BRDA:30,0,0,3
BRDA:30,0,1,16
BRDA:35,1,0,2
BRDA:35,1,1,14
BRDA:35,2,0,16
BRDA:35,2,1,2
BRDA:40,3,0,4
BRDA:40,3,1,10
BRDA:45,4,0,2
BRDA:45,4,1,2
BRDA:77,5,0,12
BRDA:77,5,1,12
BRDA:83,6,0,12
BRDA:83,6,1,0
BRDA:84,7,0,19
BRDA:84,7,1,0
BRDA:84,7,2,0
BRDA:90,8,0,1
BRDA:90,8,1,18
BRDA:131,9,0,3
BRDA:131,9,1,7
BRDA:137,10,0,1
BRDA:137,10,1,6
BRDA:148,11,0,1
BRDA:148,11,1,5
BRDA:149,12,0,2
BRDA:149,12,1,3
BRDA:150,13,0,1
BRDA:150,13,1,2
BRDA:158,14,0,2
BRDA:158,14,1,0
BRDA:170,15,0,1
BRDA:170,15,1,14
BRDA:178,16,0,1
BRDA:178,16,1,13
BRDA:178,17,0,14
BRDA:178,17,1,13
BRDA:178,17,2,13
BRDA:182,18,0,2
BRDA:182,18,1,11
BRDA:194,19,0,3
BRDA:194,19,1,8
BRDA:195,20,0,0
BRDA:195,20,1,8
BRDA:196,21,0,0
BRDA:196,21,1,8
BRDA:201,22,0,2
BRDA:201,22,1,6
BRDA:203,23,0,0
BRDA:203,23,1,2
BRDA:204,24,0,1
BRDA:204,24,1,1
BRDA:212,25,0,6
BRDA:212,25,1,0
BRDA:213,26,0,1
BRDA:213,26,1,5
BRDA:213,27,0,6
BRDA:213,27,1,6
BRDA:213,27,2,5
BRDA:217,28,0,1
BRDA:217,28,1,4
BRDA:220,29,0,1
BRDA:220,29,1,0
BRDA:225,30,0,1
BRDA:225,30,1,3
BRDA:245,31,0,1
BRDA:245,31,1,3
BRDA:293,32,0,2
BRDA:293,32,1,6
BRDA:298,33,0,3
BRDA:298,33,1,3
BRDA:298,34,0,6
BRDA:298,34,1,4
BRDA:306,35,0,1
BRDA:306,35,1,2
BRF:75
BRH:66
end_of_record
TN:
SF:lib\route-logic\auth\precheck-2fa.ts
FN:38,(anonymous_0)
FNF:1
FNH:1
FNDA:10,(anonymous_0)
DA:24,5
DA:32,5
DA:34,5
DA:39,10
DA:43,10
DA:44,2
DA:46,8
DA:52,8
DA:53,2
DA:56,6
DA:62,6
DA:63,10
DA:65,6
DA:66,2
DA:69,4
LF:15
LH:15
BRDA:43,0,0,2
BRDA:43,0,1,8
BRDA:52,1,0,2
BRDA:52,1,1,6
BRDA:62,2,0,6
BRDA:62,2,1,2
BRDA:65,3,0,2
BRDA:65,3,1,4
BRDA:65,4,0,6
BRDA:65,4,1,4
BRF:10
BRH:10
end_of_record
TN:
SF:lib\route-logic\auth\request-invite.ts
FN:19,(anonymous_0)
FN:25,(anonymous_1)
FNF:2
FNH:1
FNDA:14,(anonymous_0)
FNDA:0,(anonymous_1)
DA:5,5
DA:16,5
DA:20,14
DA:21,14
DA:22,1
DA:25,13
DA:26,13
DA:27,1
DA:30,12
DA:31,14
DA:32,14
DA:34,14
DA:35,1
DA:37,11
DA:38,1
DA:43,10
DA:49,10
DA:51,2
DA:56,8
DA:57,8
DA:58,2
DA:64,6
DA:68,6
DA:69,2
DA:70,2
DA:71,2
DA:72,2
DA:74,2
DA:77,4
DA:79,4
LF:30
LH:30
BRDA:21,0,0,1
BRDA:21,0,1,13
BRDA:26,1,0,1
BRDA:26,1,1,12
BRDA:26,2,0,13
BRDA:26,2,1,13
BRDA:26,2,2,13
BRDA:30,3,0,11
BRDA:30,3,1,1
BRDA:31,4,0,11
BRDA:31,4,1,1
BRDA:32,5,0,4
BRDA:32,5,1,8
BRDA:34,6,0,1
BRDA:34,6,1,13
BRDA:34,7,0,14
BRDA:34,7,1,11
BRDA:34,7,2,11
BRDA:37,8,0,1
BRDA:37,8,1,10
BRDA:37,9,0,11
BRDA:37,9,1,10
BRDA:49,10,0,2
BRDA:49,10,1,8
BRDA:57,11,0,2
BRDA:57,11,1,6
BRDA:68,12,0,2
BRDA:68,12,1,4
BRDA:69,13,0,2
BRDA:69,13,1,0
BRF:30
BRH:29
end_of_record
TN:
SF:lib\route-logic\auth\reset-password.ts
FN:27,hashToken
FN:39,(anonymous_1)
FN:121,(anonymous_2)
FN:179,(anonymous_3)
FNF:4
FNH:4
FNDA:14,hashToken
FNDA:7,(anonymous_1)
FNDA:8,(anonymous_2)
FNDA:3,(anonymous_3)
DA:12,5
DA:14,5
DA:28,14
DA:35,5
DA:40,7
DA:41,7
DA:42,1
DA:45,6
DA:51,6
DA:53,6
DA:54,6
DA:56,4
DA:58,4
DA:59,4
DA:62,4
DA:68,4
DA:77,4
DA:83,7
DA:84,2
DA:85,2
DA:86,2
DA:102,2
DA:104,1
DA:107,1
DA:110,4
DA:117,5
DA:122,8
DA:123,8
DA:124,1
DA:129,7
DA:131,7
DA:133,1
DA:134,6
DA:135,3
DA:137,3
DA:143,3
DA:144,3
DA:149,3
DA:150,1
DA:154,2
DA:159,2
DA:167,2
DA:175,5
DA:180,3
DA:182,3
DA:194,1
DA:195,1
DA:197,2
LF:48
LH:48
BRDA:41,0,0,1
BRDA:41,0,1,6
BRDA:51,1,0,0
BRDA:51,1,1,6
BRDA:54,2,0,2
BRDA:54,2,1,4
BRDA:77,3,0,4
BRDA:77,3,1,4
BRDA:83,4,0,2
BRDA:83,4,1,2
BRDA:102,5,0,1
BRDA:102,5,1,1
BRDA:123,6,0,1
BRDA:123,6,1,7
BRDA:131,7,0,7
BRDA:131,7,1,1
BRDA:133,8,0,1
BRDA:133,8,1,0
BRDA:134,9,0,3
BRDA:134,9,1,3
BRDA:135,10,0,0
BRDA:135,10,1,3
BRDA:149,11,0,1
BRDA:149,11,1,2
BRDA:182,12,0,3
BRDA:182,12,1,1
BRDA:194,13,0,1
BRDA:194,13,1,0
BRDA:194,14,0,1
BRDA:194,14,1,2
BRDA:194,14,2,2
BRF:31
BRH:27
end_of_record
TN:
SF:lib\route-logic\auth\signup.ts
FN:25,(anonymous_0)
FN:59,(anonymous_1)
FNF:2
FNH:2
FNDA:4,(anonymous_0)
FNDA:9,(anonymous_1)
DA:11,4
DA:13,4
DA:21,4
DA:26,4
DA:35,4
DA:40,2
DA:42,2
DA:50,4
DA:55,4
DA:60,9
DA:61,9
DA:62,2
DA:65,7
DA:69,7
DA:70,6
DA:71,6
DA:72,1
DA:75,5
DA:76,5
DA:77,1
DA:80,4
DA:81,4
DA:82,1
DA:88,3
DA:89,3
DA:91,3
DA:92,3
DA:94,1
DA:97,3
DA:98,3
DA:99,3
DA:100,3
DA:102,3
DA:111,3
LF:34
LH:34
BRDA:35,0,0,2
BRDA:35,0,1,2
BRDA:36,1,0,4
BRDA:36,1,1,3
BRDA:36,1,2,3
BRDA:36,1,3,3
BRDA:61,2,0,2
BRDA:61,2,1,7
BRDA:69,3,0,1
BRDA:69,3,1,6
BRDA:70,4,0,0
BRDA:70,4,1,6
BRDA:71,5,0,1
BRDA:71,5,1,5
BRDA:71,6,0,6
BRDA:71,6,1,3
BRDA:76,7,0,1
BRDA:76,7,1,4
BRDA:81,8,0,1
BRDA:81,8,1,3
BRF:20
BRH:19
end_of_record
TN:
SF:lib\route-logic\email-config\test.ts
FN:13,(anonymous_0)
FNF:1
FNH:1
FNDA:11,(anonymous_0)
DA:9,3
DA:14,11
DA:20,11
DA:21,2
DA:24,9
DA:26,9
DA:27,2
DA:33,7
DA:34,7
DA:35,2
DA:38,5
DA:46,5
DA:69,5
LF:13
LH:13
BRDA:20,0,0,2
BRDA:20,0,1,9
BRDA:26,1,0,2
BRDA:26,1,1,7
BRDA:34,2,0,2
BRDA:34,2,1,5
BRF:6
BRH:6
end_of_record
TN:
SF:lib\route-logic\families\[id].ts
FN:22,(anonymous_0)
FN:50,(anonymous_1)
FN:55,(anonymous_2)
FN:93,(anonymous_3)
FN:98,(anonymous_4)
FN:107,(anonymous_5)
FN:113,(anonymous_6)
FN:121,(anonymous_7)
FN:129,(anonymous_8)
FN:137,(anonymous_9)
FN:143,(anonymous_10)
FN:151,(anonymous_11)
FN:184,(anonymous_12)
FN:263,(anonymous_13)
FNF:14
FNH:14
FNDA:13,(anonymous_0)
FNDA:3,(anonymous_1)
FNDA:11,(anonymous_2)
FNDA:8,(anonymous_3)
FNDA:8,(anonymous_4)
FNDA:4,(anonymous_5)
FNDA:8,(anonymous_6)
FNDA:3,(anonymous_7)
FNDA:8,(anonymous_8)
FNDA:3,(anonymous_9)
FNDA:8,(anonymous_10)
FNDA:2,(anonymous_11)
FNDA:17,(anonymous_12)
FNDA:6,(anonymous_13)
DA:18,7
DA:23,13
DA:29,13
DA:30,2
DA:33,11
DA:38,11
DA:39,11
DA:41,11
DA:43,11
DA:49,11
DA:50,3
DA:52,3
DA:55,3
DA:56,11
DA:57,11
DA:58,11
DA:59,11
DA:60,11
DA:62,3
DA:63,3
DA:64,3
DA:65,3
DA:66,3
DA:67,3
DA:88,8
DA:89,8
DA:92,8
DA:95,8
DA:100,8
DA:108,4
DA:115,8
DA:122,3
DA:131,8
DA:138,3
DA:145,8
DA:152,2
DA:160,8
DA:178,7
DA:185,17
DA:191,17
DA:192,2
DA:195,15
DA:201,15
DA:202,4
DA:206,11
DA:207,3
DA:211,3
DA:218,8
DA:219,5
DA:220,3
DA:222,2
DA:226,2
DA:227,1
DA:231,4
DA:236,4
DA:238,4
DA:248,4
DA:258,7
DA:264,6
DA:270,6
DA:271,2
DA:274,4
DA:280,4
DA:281,4
DA:283,2
LF:65
LH:65
BRDA:29,0,0,2
BRDA:29,0,1,11
BRDA:39,1,0,0
BRDA:39,1,1,11
BRDA:49,2,0,3
BRDA:49,2,1,8
BRDA:56,3,0,0
BRDA:56,3,1,11
BRDA:109,4,0,4
BRDA:109,4,1,0
BRDA:123,5,0,3
BRDA:123,5,1,0
BRDA:139,6,0,3
BRDA:139,6,1,0
BRDA:153,7,0,2
BRDA:153,7,1,0
BRDA:191,8,0,2
BRDA:191,8,1,15
BRDA:201,9,0,4
BRDA:201,9,1,11
BRDA:206,10,0,3
BRDA:206,10,1,8
BRDA:211,11,0,3
BRDA:211,11,1,0
BRDA:218,12,0,5
BRDA:218,12,1,3
BRDA:219,13,0,3
BRDA:219,13,1,2
BRDA:226,14,0,1
BRDA:226,14,1,1
BRDA:236,15,0,0
BRDA:236,15,1,4
BRDA:270,16,0,2
BRDA:270,16,1,4
BRDA:281,17,0,2
BRDA:281,17,1,2
BRF:36
BRH:28
end_of_record
TN:
SF:lib\route-logic\families\balances.ts
FN:36,(anonymous_0)
FN:51,(anonymous_1)
FN:111,(anonymous_2)
FN:120,(anonymous_3)
FNF:4
FNH:4
FNDA:7,(anonymous_0)
FNDA:4,(anonymous_1)
FNDA:12,(anonymous_2)
FNDA:5,(anonymous_3)
DA:30,4
DA:32,4
DA:37,7
DA:43,7
DA:44,3
DA:47,4
DA:51,4
DA:53,4
DA:57,4
DA:58,4
DA:61,4
DA:64,4
DA:65,6
DA:79,4
DA:111,4
DA:112,12
DA:113,12
DA:114,12
DA:116,4
DA:117,4
DA:118,4
DA:120,4
DA:121,5
DA:122,5
DA:123,5
DA:124,5
DA:125,5
DA:126,5
DA:127,5
DA:128,5
DA:138,4
LF:31
LH:31
BRDA:43,0,0,3
BRDA:43,0,1,4
BRDA:65,1,0,6
BRDA:65,1,1,0
BRDA:113,2,0,9
BRDA:113,2,1,0
BRDA:122,3,0,5
BRDA:122,3,1,0
BRDA:123,4,0,5
BRDA:123,4,1,0
BRDA:123,5,0,5
BRDA:123,5,1,0
BRDA:124,6,0,5
BRDA:124,6,1,1
BRDA:125,7,0,5
BRDA:125,7,1,1
BRDA:126,8,0,5
BRDA:126,8,1,4
BRF:18
BRH:13
end_of_record
TN:
SF:lib\route-logic\families\bulk.ts
FN:46,(anonymous_0)
FN:56,(anonymous_1)
FNF:2
FNH:2
FNDA:14,(anonymous_0)
FNDA:12,(anonymous_1)
DA:25,6
DA:27,6
DA:41,6
DA:47,14
DA:51,14
DA:52,2
DA:55,12
DA:56,12
DA:57,12
DA:59,12
DA:71,3
DA:72,3
DA:73,3
DA:74,3
DA:75,3
DA:76,1
DA:78,2
DA:82,2
DA:85,3
DA:97,3
DA:100,9
DA:101,6
DA:104,6
DA:108,6
DA:109,2
DA:112,4
DA:115,4
DA:127,4
DA:131,3
DA:134,3
DA:146,3
LF:31
LH:31
BRDA:51,0,0,2
BRDA:51,0,1,12
BRDA:59,1,0,3
BRDA:59,1,1,9
BRDA:76,2,0,1
BRDA:76,2,1,0
BRDA:93,3,0,2
BRDA:93,3,1,1
BRDA:100,4,0,6
BRDA:100,4,1,3
BRDA:101,5,0,6
BRDA:101,5,1,0
BRDA:108,6,0,2
BRDA:108,6,1,4
BRDA:123,7,0,4
BRDA:123,7,1,0
BRDA:127,8,0,4
BRDA:127,8,1,0
BRDA:142,9,0,3
BRDA:142,9,1,0
BRDA:146,10,0,3
BRDA:146,10,1,0
BRF:22
BRH:16
end_of_record
TN:
SF:lib\route-logic\families\[id]\charge-saved-card.ts
FN:20,getStripe
FN:46,(anonymous_1)
FNF:2
FNH:2
FNDA:16,getStripe
FNDA:26,(anonymous_1)
DA:16,9
DA:21,16
DA:22,16
DA:23,1
DA:25,15
DA:31,9
DA:40,9
DA:47,26
DA:48,26
DA:49,26
DA:52,26
DA:58,26
DA:59,2
DA:62,24
DA:72,24
DA:73,24
DA:74,24
DA:76,24
DA:77,2
DA:83,22
DA:84,22
DA:85,1
DA:88,21
DA:93,21
DA:94,3
DA:100,18
DA:101,3
DA:102,0
DA:104,3
DA:109,3
DA:110,2
DA:114,16
DA:115,16
DA:116,16
DA:122,16
DA:123,26
DA:133,26
DA:134,26
DA:156,12
DA:158,12
DA:159,1
DA:160,1
DA:169,1
DA:183,11
DA:191,11
DA:196,4
DA:209,4
DA:224,7
DA:230,26
DA:231,26
DA:234,7
DA:238,7
DA:259,26
DA:260,1
DA:264,7
DA:265,7
DA:266,7
DA:267,7
DA:269,2
DA:270,1
DA:278,1
DA:282,1
DA:283,1
DA:293,1
DA:294,1
DA:298,7
DA:299,2
DA:311,2
DA:324,2
DA:333,5
DA:341,5
DA:342,5
DA:343,2
DA:344,2
DA:346,2
DA:353,2
DA:354,1
DA:355,1
DA:356,1
DA:357,1
DA:358,1
DA:360,1
DA:371,1
DA:372,1
DA:375,2
DA:376,2
DA:384,5
DA:385,5
DA:386,5
DA:397,3
DA:398,26
DA:407,5
DA:429,5
DA:437,4
DA:439,4
DA:440,4
DA:450,2
DA:453,4
LF:98
LH:97
BRDA:22,0,0,1
BRDA:22,0,1,15
BRDA:58,1,0,2
BRDA:58,1,1,24
BRDA:76,2,0,2
BRDA:76,2,1,22
BRDA:84,3,0,1
BRDA:84,3,1,21
BRDA:93,4,0,3
BRDA:93,4,1,18
BRDA:93,5,0,21
BRDA:93,5,1,20
BRDA:100,6,0,3
BRDA:100,6,1,15
BRDA:101,7,0,0
BRDA:101,7,1,3
BRDA:109,8,0,2
BRDA:109,8,1,1
BRDA:122,9,0,8
BRDA:122,9,1,8
BRDA:147,10,0,26
BRDA:147,10,1,2
BRDA:158,11,0,1
BRDA:158,11,1,11
BRDA:172,12,0,0
BRDA:172,12,1,1
BRDA:191,13,0,4
BRDA:191,13,1,7
BRDA:224,14,0,4
BRDA:224,14,1,3
BRDA:243,15,0,7
BRDA:243,15,1,6
BRDA:244,16,0,26
BRDA:244,16,1,1
BRDA:251,17,0,26
BRDA:251,17,1,7
BRDA:256,18,0,26
BRDA:256,18,1,7
BRDA:259,19,0,1
BRDA:259,19,1,25
BRDA:269,20,0,1
BRDA:269,20,1,1
BRDA:278,21,0,1
BRDA:278,21,1,0
BRDA:298,22,0,2
BRDA:298,22,1,5
BRDA:342,23,0,2
BRDA:342,23,1,3
BRDA:343,24,0,1
BRDA:343,24,1,1
BRDA:353,25,0,1
BRDA:353,25,1,1
BRDA:368,26,0,1
BRDA:368,26,1,1
BRDA:368,27,0,1
BRDA:368,27,1,0
BRDA:386,28,0,2
BRDA:386,28,1,3
BRDA:397,29,0,3
BRDA:397,29,1,0
BRDA:398,30,0,5
BRDA:398,30,1,21
BRDA:415,31,0,5
BRDA:415,31,1,4
BRDA:443,32,0,4
BRDA:443,32,1,0
BRDA:443,33,0,4
BRDA:443,33,1,0
BRDA:457,34,0,4
BRDA:457,34,1,4
BRF:70
BRH:63
end_of_record
TN:
SF:lib\route-logic\families\[id]\lifecycle-events.ts
FN:15,(anonymous_0)
FN:31,(anonymous_1)
FN:39,(anonymous_2)
FN:55,(anonymous_3)
FN:130,(anonymous_4)
FNF:5
FNH:5
FNDA:9,(anonymous_0)
FNDA:5,(anonymous_1)
FNDA:2,(anonymous_2)
FNDA:10,(anonymous_3)
FNDA:1,(anonymous_4)
DA:10,6
DA:16,9
DA:22,9
DA:23,3
DA:26,6
DA:27,6
DA:28,6
DA:29,1
DA:31,5
DA:33,5
DA:40,2
DA:45,5
DA:49,6
DA:56,10
DA:62,10
DA:63,1
DA:66,9
DA:67,9
DA:69,9
DA:70,9
DA:71,2
DA:74,7
DA:75,7
DA:76,7
DA:77,4
DA:81,4
DA:82,2
DA:84,2
DA:93,5
DA:94,5
DA:97,5
DA:98,10
DA:99,1
DA:105,4
DA:115,4
DA:130,4
DA:131,1
DA:134,4
LF:38
LH:38
BRDA:22,0,0,3
BRDA:22,0,1,6
BRDA:28,1,0,1
BRDA:28,1,1,5
BRDA:41,2,0,2
BRDA:41,2,1,0
BRDA:62,3,0,1
BRDA:62,3,1,9
BRDA:70,4,0,2
BRDA:70,4,1,7
BRDA:76,5,0,4
BRDA:76,5,1,3
BRDA:81,6,0,2
BRDA:81,6,1,2
BRDA:98,7,0,1
BRDA:98,7,1,9
BRDA:111,8,0,4
BRDA:111,8,1,4
BRF:18
BRH:17
end_of_record
TN:
SF:lib\route-logic\families\[id]\members.ts
FN:22,(anonymous_0)
FN:39,(anonymous_1)
FN:51,(anonymous_2)
FN:68,(anonymous_3)
FNF:4
FNH:4
FNDA:8,(anonymous_0)
FNDA:5,(anonymous_1)
FNDA:6,(anonymous_2)
FNDA:9,(anonymous_3)
DA:18,5
DA:23,8
DA:29,8
DA:30,2
DA:33,6
DA:34,6
DA:35,6
DA:36,1
DA:38,5
DA:39,5
DA:41,5
DA:49,5
DA:52,6
DA:53,6
DA:54,6
DA:55,6
DA:56,6
DA:58,8
DA:62,5
DA:69,9
DA:75,9
DA:76,2
DA:79,7
DA:84,7
DA:86,7
DA:87,7
DA:88,1
DA:91,6
DA:92,6
DA:93,3
DA:94,3
DA:97,6
DA:98,6
DA:99,6
DA:102,6
DA:130,6
DA:146,6
DA:151,9
DA:152,6
DA:156,6
DA:157,3
DA:158,3
DA:164,2
DA:165,2
DA:166,2
DA:167,2
DA:168,2
DA:169,2
DA:174,1
DA:178,6
DA:179,4
DA:180,4
DA:186,3
DA:187,2
DA:188,2
DA:197,2
DA:198,2
DA:199,2
DA:204,1
DA:209,6
LF:60
LH:60
BRDA:29,0,0,2
BRDA:29,0,1,6
BRDA:35,1,0,1
BRDA:35,1,1,5
BRDA:49,2,0,2
BRDA:49,2,1,3
BRDA:52,3,0,0
BRDA:52,3,1,6
BRDA:75,4,0,2
BRDA:75,4,1,7
BRDA:87,5,0,1
BRDA:87,5,1,6
BRDA:92,6,0,3
BRDA:92,6,1,3
BRDA:92,7,0,6
BRDA:92,7,1,3
BRDA:98,8,0,6
BRDA:98,8,1,0
BRDA:98,9,0,6
BRDA:98,9,1,6
BRDA:105,10,0,6
BRDA:105,10,1,6
BRDA:107,11,0,9
BRDA:107,11,1,6
BRDA:109,12,0,9
BRDA:109,12,1,0
BRDA:110,13,0,9
BRDA:110,13,1,0
BRDA:111,14,0,9
BRDA:111,14,1,6
BRDA:112,15,0,9
BRDA:112,15,1,6
BRDA:113,16,0,9
BRDA:113,16,1,6
BRDA:114,17,0,9
BRDA:114,17,1,6
BRDA:115,18,0,9
BRDA:115,18,1,6
BRDA:116,19,0,9
BRDA:116,19,1,6
BRDA:117,20,0,9
BRDA:117,20,1,6
BRDA:118,21,0,9
BRDA:118,21,1,6
BRDA:119,22,0,9
BRDA:119,22,1,6
BRDA:120,23,0,9
BRDA:120,23,1,6
BRDA:121,24,0,9
BRDA:121,24,1,6
BRDA:122,25,0,9
BRDA:122,25,1,6
BRDA:123,26,0,9
BRDA:123,26,1,0
BRDA:140,27,0,6
BRDA:140,27,1,0
BRDA:146,28,0,6
BRDA:146,28,1,4
BRDA:146,28,2,4
BRDA:146,28,3,4
BRDA:151,29,0,6
BRDA:151,29,1,3
BRDA:151,30,0,9
BRDA:151,30,1,2
BRDA:151,30,2,2
BRDA:156,31,0,3
BRDA:156,31,1,3
BRDA:156,32,0,6
BRDA:156,32,1,4
BRDA:164,33,0,2
BRDA:164,33,1,0
BRDA:166,34,0,2
BRDA:166,34,1,0
BRDA:178,35,0,4
BRDA:178,35,1,2
BRDA:178,36,0,6
BRDA:178,36,1,6
BRDA:178,36,2,6
BRDA:186,37,0,2
BRDA:186,37,1,1
BRF:80
BRH:72
end_of_record
TN:
SF:lib\route-logic\families\[id]\payments.ts
FN:18,(anonymous_0)
FN:36,(anonymous_1)
FN:45,(anonymous_2)
FN:90,(anonymous_3)
FNF:4
FNH:4
FNDA:7,(anonymous_0)
FNDA:5,(anonymous_1)
FNDA:2,(anonymous_2)
FNDA:7,(anonymous_3)
DA:13,6
DA:19,7
DA:25,7
DA:26,2
DA:29,5
DA:34,5
DA:35,5
DA:36,5
DA:38,5
DA:46,2
DA:51,5
DA:55,6
DA:84,6
DA:91,7
DA:97,7
DA:98,2
DA:101,5
DA:110,5
DA:114,5
DA:119,5
DA:120,4
DA:125,4
DA:128,3
DA:130,7
DA:133,3
DA:134,7
DA:135,1
DA:143,2
DA:153,7
DA:154,2
DA:155,2
DA:157,2
DA:159,2
DA:175,2
LF:34
LH:34
BRDA:25,0,0,2
BRDA:25,0,1,5
BRDA:35,1,0,0
BRDA:35,1,1,5
BRDA:47,2,0,2
BRDA:47,2,1,0
BRDA:97,3,0,2
BRDA:97,3,1,5
BRDA:114,4,0,0
BRDA:114,4,1,5
BRDA:119,5,0,4
BRDA:119,5,1,1
BRDA:125,6,0,2
BRDA:125,6,1,2
BRDA:128,7,0,3
BRDA:128,7,1,0
BRDA:134,8,0,1
BRDA:134,8,1,6
BRDA:149,9,0,2
BRDA:149,9,1,0
BRDA:153,10,0,2
BRDA:153,10,1,5
BRDA:154,11,0,0
BRDA:154,11,1,2
BRDA:154,12,0,2
BRDA:154,12,1,0
BRDA:155,13,0,1
BRDA:155,13,1,1
BRDA:155,14,0,2
BRDA:155,14,1,2
BRF:30
BRH:23
end_of_record
TN:
SF:lib\route-logic\families\[id]\saved-payment-methods.ts
FN:16,publicSavedPaymentMethod
FN:23,getStripe
FN:40,(anonymous_2)
FN:58,(anonymous_3)
FN:81,(anonymous_4)
FN:94,(anonymous_5)
FN:220,(anonymous_6)
FNF:7
FNH:7
FNDA:7,publicSavedPaymentMethod
FNDA:19,getStripe
FNDA:8,(anonymous_2)
FNDA:4,(anonymous_3)
FNDA:26,(anonymous_4)
FNDA:1,(anonymous_5)
FNDA:12,(anonymous_6)
DA:11,8
DA:17,7
DA:18,7
DA:19,7
DA:20,7
DA:24,19
DA:25,19
DA:26,1
DA:28,18
DA:35,8
DA:41,8
DA:47,8
DA:48,3
DA:51,5
DA:53,5
DA:54,5
DA:55,1
DA:58,4
DA:60,4
DA:71,4
DA:76,8
DA:82,26
DA:84,26
DA:90,26
DA:91,1
DA:94,25
DA:95,25
DA:96,1
DA:98,24
DA:100,24
DA:101,2
DA:103,22
DA:104,2
DA:107,20
DA:108,20
DA:109,1
DA:112,19
DA:114,19
DA:115,3
DA:120,15
DA:121,15
DA:122,15
DA:123,13
DA:124,1
DA:127,12
DA:130,26
DA:131,2
DA:136,10
DA:137,26
DA:138,26
DA:139,1
DA:144,9
DA:145,1
DA:147,8
DA:149,2
DA:150,2
DA:157,8
DA:159,8
DA:160,1
DA:163,7
DA:164,6
DA:170,7
DA:176,7
DA:177,4
DA:178,4
DA:179,4
DA:180,4
DA:183,3
DA:196,3
DA:210,3
DA:215,8
DA:221,12
DA:223,12
DA:229,12
DA:230,1
DA:233,11
DA:235,11
DA:236,5
DA:238,6
DA:239,1
DA:242,5
DA:243,5
DA:244,3
DA:247,2
DA:256,2
DA:257,1
DA:260,1
DA:270,1
LF:88
LH:88
BRDA:17,0,0,7
BRDA:17,0,1,0
BRDA:25,1,0,1
BRDA:25,1,1,18
BRDA:47,2,0,3
BRDA:47,2,1,5
BRDA:54,3,0,1
BRDA:54,3,1,4
BRDA:90,4,0,1
BRDA:90,4,1,25
BRDA:95,5,0,1
BRDA:95,5,1,24
BRDA:95,6,0,25
BRDA:95,6,1,24
BRDA:95,6,2,24
BRDA:100,7,0,2
BRDA:100,7,1,22
BRDA:103,8,0,2
BRDA:103,8,1,20
BRDA:108,9,0,1
BRDA:108,9,1,19
BRDA:114,10,0,3
BRDA:114,10,1,16
BRDA:114,11,0,19
BRDA:114,11,1,15
BRDA:123,12,0,1
BRDA:123,12,1,12
BRDA:127,13,0,12
BRDA:127,13,1,0
BRDA:130,14,0,2
BRDA:130,14,1,24
BRDA:138,15,0,1
BRDA:138,15,1,25
BRDA:138,16,0,26
BRDA:138,16,1,10
BRDA:144,17,0,1
BRDA:144,17,1,8
BRDA:144,18,0,9
BRDA:144,18,1,9
BRDA:159,19,0,1
BRDA:159,19,1,7
BRDA:163,20,0,6
BRDA:163,20,1,1
BRDA:176,21,0,4
BRDA:176,21,1,3
BRDA:177,22,0,4
BRDA:177,22,1,1
BRDA:190,23,0,3
BRDA:190,23,1,0
BRDA:191,24,0,26
BRDA:191,24,1,0
BRDA:229,25,0,1
BRDA:229,25,1,11
BRDA:235,26,0,5
BRDA:235,26,1,6
BRDA:238,27,0,1
BRDA:238,27,1,5
BRDA:243,28,0,3
BRDA:243,28,1,2
BRDA:256,29,0,1
BRDA:256,29,1,1
BRF:61
BRH:57
end_of_record
TN:
SF:lib\route-logic\families\[id]\sub-families.ts
FN:14,(anonymous_0)
FN:31,(anonymous_1)
FN:36,(anonymous_2)
FN:46,(anonymous_3)
FNF:4
FNH:4
FNDA:12,(anonymous_0)
FNDA:8,(anonymous_1)
FNDA:2,(anonymous_2)
FNDA:3,(anonymous_3)
DA:7,5
DA:10,5
DA:15,12
DA:21,12
DA:22,2
DA:25,10
DA:26,10
DA:27,10
DA:28,2
DA:31,8
DA:33,8
DA:37,2
DA:43,8
DA:44,8
DA:47,3
DA:48,3
DA:49,3
DA:50,3
DA:51,3
DA:52,3
DA:55,12
LF:21
LH:21
BRDA:21,0,0,2
BRDA:21,0,1,10
BRDA:27,1,0,2
BRDA:27,1,1,8
BRDA:38,2,0,1
BRDA:38,2,1,1
BRDA:44,3,0,6
BRDA:44,3,1,2
BRF:8
BRH:8
end_of_record
TN:
SF:lib\route-logic\families\[id]\withdrawals.ts
FN:16,(anonymous_0)
FN:34,(anonymous_1)
FN:42,(anonymous_2)
FN:69,(anonymous_3)
FNF:4
FNH:4
FNDA:9,(anonymous_0)
FNDA:5,(anonymous_1)
FNDA:2,(anonymous_2)
FNDA:6,(anonymous_3)
DA:11,7
DA:17,9
DA:23,9
DA:24,3
DA:27,6
DA:32,6
DA:33,6
DA:34,5
DA:36,5
DA:43,2
DA:50,5
DA:54,7
DA:63,7
DA:70,6
DA:76,6
DA:77,2
DA:80,4
DA:88,4
DA:92,4
DA:94,3
DA:103,3
DA:117,3
LF:22
LH:22
BRDA:23,0,0,3
BRDA:23,0,1,6
BRDA:33,1,0,1
BRDA:33,1,1,5
BRDA:44,2,0,2
BRDA:44,2,1,0
BRDA:76,3,0,2
BRDA:76,3,1,4
BRDA:92,4,0,1
BRDA:92,4,1,3
BRF:10
BRH:9
end_of_record
TN:
SF:lib\route-logic\families\[id]\members\[memberId].ts
FN:28,(anonymous_0)
FN:227,(anonymous_1)
FNF:2
FNH:2
FNDA:18,(anonymous_0)
FNDA:5,(anonymous_1)
DA:22,5
DA:29,18
DA:35,18
DA:36,2
DA:39,16
DA:40,1
DA:43,15
DA:44,15
DA:49,15
DA:52,15
DA:53,15
DA:54,9
DA:55,9
DA:57,1
DA:63,15
DA:64,15
DA:65,14
DA:66,14
DA:68,1
DA:73,15
DA:79,15
DA:80,14
DA:82,15
DA:83,13
DA:85,15
DA:86,13
DA:90,15
DA:91,2
DA:93,15
DA:94,2
DA:97,15
DA:98,1
DA:100,15
DA:101,1
DA:103,15
DA:104,2
DA:106,15
DA:107,2
DA:109,15
DA:110,1
DA:112,15
DA:113,1
DA:115,15
DA:116,2
DA:118,15
DA:119,1
DA:122,15
DA:123,2
DA:125,15
DA:126,2
DA:128,15
DA:129,1
DA:131,15
DA:132,1
DA:136,15
DA:142,14
DA:143,2
DA:151,12
DA:157,18
DA:158,10
DA:162,10
DA:163,5
DA:164,5
DA:170,4
DA:171,3
DA:172,3
DA:173,3
DA:174,3
DA:175,3
DA:180,1
DA:184,10
DA:185,5
DA:186,5
DA:192,5
DA:193,5
DA:194,5
DA:203,4
DA:204,4
DA:205,4
DA:210,1
DA:217,12
DA:222,5
DA:228,5
DA:234,5
DA:235,1
DA:238,4
DA:239,4
DA:241,4
DA:246,4
DA:247,2
DA:250,2
DA:255,2
LF:92
LH:92
BRDA:35,0,0,2
BRDA:35,0,1,16
BRDA:39,1,0,1
BRDA:39,1,1,15
BRDA:53,2,0,9
BRDA:53,2,1,6
BRDA:53,3,0,15
BRDA:53,3,1,6
BRDA:64,4,0,14
BRDA:64,4,1,1
BRDA:64,5,0,15
BRDA:64,5,1,14
BRDA:79,6,0,14
BRDA:79,6,1,1
BRDA:79,7,0,15
BRDA:79,7,1,14
BRDA:82,8,0,13
BRDA:82,8,1,2
BRDA:82,9,0,15
BRDA:82,9,1,13
BRDA:82,9,2,2
BRDA:85,10,0,13
BRDA:85,10,1,2
BRDA:90,11,0,2
BRDA:90,11,1,13
BRDA:93,12,0,2
BRDA:93,12,1,13
BRDA:97,13,0,1
BRDA:97,13,1,14
BRDA:98,14,0,1
BRDA:98,14,1,0
BRDA:100,15,0,1
BRDA:100,15,1,14
BRDA:101,16,0,1
BRDA:101,16,1,0
BRDA:103,17,0,2
BRDA:103,17,1,13
BRDA:104,18,0,2
BRDA:104,18,1,0
BRDA:106,19,0,2
BRDA:106,19,1,13
BRDA:107,20,0,2
BRDA:107,20,1,0
BRDA:109,21,0,1
BRDA:109,21,1,14
BRDA:110,22,0,1
BRDA:110,22,1,0
BRDA:112,23,0,1
BRDA:112,23,1,14
BRDA:113,24,0,1
BRDA:113,24,1,0
BRDA:115,25,0,2
BRDA:115,25,1,13
BRDA:116,26,0,2
BRDA:116,26,1,0
BRDA:118,27,0,1
BRDA:118,27,1,14
BRDA:119,28,0,1
BRDA:119,28,1,0
BRDA:122,29,0,2
BRDA:122,29,1,13
BRDA:123,30,0,2
BRDA:123,30,1,0
BRDA:125,31,0,2
BRDA:125,31,1,13
BRDA:126,32,0,2
BRDA:126,32,1,0
BRDA:128,33,0,1
BRDA:128,33,1,14
BRDA:129,34,0,1
BRDA:129,34,1,0
BRDA:131,35,0,1
BRDA:131,35,1,14
BRDA:132,36,0,1
BRDA:132,36,1,0
BRDA:142,37,0,2
BRDA:142,37,1,12
BRDA:151,38,0,12
BRDA:151,38,1,9
BRDA:151,38,2,9
BRDA:151,38,3,9
BRDA:151,38,4,9
BRDA:157,39,0,10
BRDA:157,39,1,8
BRDA:157,40,0,18
BRDA:157,40,1,4
BRDA:157,40,2,3
BRDA:162,41,0,5
BRDA:162,41,1,5
BRDA:162,42,0,10
BRDA:162,42,1,8
BRDA:170,43,0,3
BRDA:170,43,1,1
BRDA:172,44,0,3
BRDA:172,44,1,0
BRDA:184,45,0,5
BRDA:184,45,1,5
BRDA:184,46,0,10
BRDA:184,46,1,9
BRDA:184,46,2,9
BRDA:192,47,0,5
BRDA:192,47,1,0
BRDA:234,48,0,1
BRDA:234,48,1,4
BRDA:246,49,0,2
BRDA:246,49,1,2
BRF:106
BRH:92
end_of_record
TN:
SF:lib\route-logic\families\[id]\members\[memberId]\convert-to-family.ts
FN:17,(anonymous_0)
FN:30,(anonymous_1)
FNF:2
FNH:2
FNDA:21,(anonymous_0)
FNDA:1,(anonymous_1)
DA:12,7
DA:18,21
DA:24,21
DA:25,2
DA:28,19
DA:29,19
DA:30,19
DA:31,19
DA:32,2
DA:34,17
DA:36,17
DA:37,5
DA:40,12
DA:45,12
DA:46,2
DA:48,10
DA:49,2
DA:52,8
DA:53,8
DA:54,3
DA:58,5
DA:62,21
DA:63,21
DA:64,2
DA:71,3
DA:74,3
DA:75,3
DA:76,3
DA:77,2
DA:78,2
DA:84,2
DA:85,1
DA:86,1
DA:89,0
DA:94,3
DA:95,21
DA:102,21
DA:107,21
DA:147,3
DA:148,2
DA:159,3
DA:160,3
DA:161,3
DA:163,3
DA:177,3
LF:45
LH:44
BRDA:24,0,0,2
BRDA:24,0,1,19
BRDA:31,1,0,2
BRDA:31,1,1,17
BRDA:31,2,0,19
BRDA:31,2,1,18
BRDA:31,2,2,18
BRDA:36,3,0,5
BRDA:36,3,1,12
BRDA:45,4,0,2
BRDA:45,4,1,10
BRDA:48,5,0,2
BRDA:48,5,1,8
BRDA:53,6,0,3
BRDA:53,6,1,5
BRDA:58,7,0,2
BRDA:58,7,1,3
BRDA:63,8,0,2
BRDA:63,8,1,19
BRDA:76,9,0,2
BRDA:76,9,1,1
BRDA:84,10,0,1
BRDA:84,10,1,1
BRDA:86,11,0,1
BRDA:86,11,1,0
BRDA:94,12,0,3
BRDA:94,12,1,3
BRDA:94,13,0,2
BRDA:94,13,1,1
BRDA:95,14,0,2
BRDA:95,14,1,1
BRDA:95,15,0,21
BRDA:95,15,1,2
BRDA:96,16,0,2
BRDA:96,16,1,0
BRDA:102,17,0,2
BRDA:102,17,1,1
BRDA:103,18,0,2
BRDA:103,18,1,2
BRDA:104,19,0,1
BRDA:104,19,1,1
BRDA:111,20,0,21
BRDA:111,20,1,3
BRDA:112,21,0,21
BRDA:112,21,1,3
BRDA:112,21,2,3
BRDA:113,22,0,21
BRDA:113,22,1,3
BRDA:114,23,0,21
BRDA:114,23,1,3
BRDA:115,24,0,21
BRDA:115,24,1,3
BRDA:116,25,0,21
BRDA:116,25,1,3
BRDA:117,26,0,21
BRDA:117,26,1,3
BRDA:119,27,0,2
BRDA:119,27,1,1
BRDA:121,28,0,2
BRDA:121,28,1,2
BRDA:124,29,0,2
BRDA:124,29,1,1
BRDA:125,30,0,2
BRDA:125,30,1,2
BRDA:126,31,0,2
BRDA:126,31,1,2
BRDA:127,32,0,2
BRDA:127,32,1,2
BRDA:129,33,0,1
BRDA:129,33,1,0
BRDA:130,34,0,1
BRDA:130,34,1,1
BRDA:131,35,0,1
BRDA:131,35,1,1
BRDA:132,36,0,1
BRDA:132,36,1,1
BRDA:134,37,0,1
BRDA:134,37,1,1
BRDA:138,38,0,21
BRDA:138,38,1,2
BRDA:139,39,0,21
BRDA:139,39,1,2
BRDA:147,40,0,2
BRDA:147,40,1,1
BRDA:147,41,0,3
BRDA:147,41,1,1
BRDA:152,42,0,2
BRDA:152,42,1,2
BRDA:154,43,0,1
BRDA:154,43,1,1
BRF:90
BRH:87
end_of_record
TN:
SF:lib\route-logic\families\[id]\withdrawals\[withdrawalId].ts
FN:25,(anonymous_0)
FN:86,(anonymous_1)
FNF:2
FNH:2
FNDA:8,(anonymous_0)
FNDA:5,(anonymous_1)
DA:9,5
DA:19,5
DA:26,8
DA:32,8
DA:33,2
DA:36,6
DA:37,6
DA:43,6
DA:47,6
DA:49,6
DA:50,5
DA:53,1
DA:62,1
DA:64,1
DA:74,1
DA:81,5
DA:87,5
DA:93,5
DA:94,2
DA:97,3
DA:98,3
DA:104,3
DA:108,3
DA:112,3
DA:121,3
DA:123,2
DA:133,2
LF:27
LH:27
BRDA:32,0,0,2
BRDA:32,0,1,6
BRDA:47,1,0,0
BRDA:47,1,1,6
BRDA:49,2,0,5
BRDA:49,2,1,1
BRDA:62,3,0,0
BRDA:62,3,1,1
BRDA:93,4,0,2
BRDA:93,4,1,3
BRDA:108,5,0,0
BRDA:108,5,1,3
BRDA:121,6,0,1
BRDA:121,6,1,2
BRF:14
BRH:11
end_of_record
TN:
SF:lib\route-logic\family-members\all.ts
FN:22,(anonymous_0)
FN:72,(anonymous_1)
FNF:2
FNH:2
FNDA:12,(anonymous_0)
FNDA:4,(anonymous_1)
DA:18,5
DA:23,12
DA:29,12
DA:30,3
DA:33,9
DA:34,9
DA:35,9
DA:36,9
DA:37,9
DA:38,5
DA:39,5
DA:41,9
DA:43,12
DA:48,12
DA:51,12
DA:52,5
DA:53,5
DA:54,3
DA:55,2
DA:57,1
DA:60,3
DA:66,3
DA:67,3
DA:68,2
DA:69,2
DA:72,4
DA:74,4
DA:85,7
DA:86,7
DA:87,11
DA:88,11
DA:89,11
DA:98,7
DA:99,12
LF:34
LH:34
BRDA:29,0,0,3
BRDA:29,0,1,9
BRDA:37,1,0,5
BRDA:37,1,1,4
BRDA:39,2,0,5
BRDA:39,2,1,0
BRDA:39,3,0,5
BRDA:39,3,1,5
BRDA:41,4,0,5
BRDA:41,4,1,4
BRDA:51,5,0,5
BRDA:51,5,1,4
BRDA:53,6,0,3
BRDA:53,6,1,2
BRDA:54,7,0,2
BRDA:54,7,1,1
BRDA:54,8,0,3
BRDA:54,8,1,1
BRDA:67,9,0,2
BRDA:67,9,1,1
BRDA:69,10,0,2
BRDA:69,10,1,0
BRDA:88,11,0,7
BRDA:88,11,1,4
BRDA:98,12,0,3
BRDA:98,12,1,4
BRF:26
BRH:24
end_of_record
TN:
SF:lib\route-logic\jobs\cycle-rollover.ts
FN:13,sanitizeJobErrors
FN:16,(anonymous_1)
FN:44,(anonymous_2)
FN:81,(anonymous_3)
FN:101,(anonymous_4)
FN:105,(anonymous_5)
FN:108,(anonymous_6)
FN:141,(anonymous_7)
FNF:8
FNH:7
FNDA:9,sanitizeJobErrors
FNDA:0,(anonymous_1)
FNDA:15,(anonymous_2)
FNDA:9,(anonymous_3)
FNDA:3,(anonymous_4)
FNDA:3,(anonymous_5)
FNDA:3,(anonymous_6)
FNDA:1,(anonymous_7)
DA:11,6
DA:14,9
DA:15,9
DA:16,2
DA:41,6
DA:45,15
DA:49,15
DA:50,2
DA:61,13
DA:62,13
DA:63,12
DA:64,2
DA:73,10
DA:80,10
DA:81,10
DA:91,9
DA:101,9
DA:102,9
DA:105,9
DA:107,9
DA:108,9
DA:112,9
DA:113,9
DA:114,9
DA:115,9
DA:117,9
DA:118,2
DA:119,2
DA:120,2
DA:121,1
DA:122,1
DA:124,1
DA:125,1
DA:126,1
DA:130,9
DA:141,1
DA:153,9
DA:164,1
DA:169,1
DA:170,1
DA:172,10
DA:178,6
LF:42
LH:42
BRDA:15,0,0,7
BRDA:15,0,1,2
BRDA:18,1,0,0
BRDA:18,1,1,0
BRDA:49,2,0,2
BRDA:49,2,1,13
BRDA:63,3,0,2
BRDA:63,3,1,10
BRDA:125,4,0,1
BRDA:125,4,1,0
BRDA:167,5,0,1
BRDA:167,5,1,0
BRF:12
BRH:8
end_of_record
TN:
SF:lib\route-logic\jobs\generate-monthly-statements.ts
FN:33,(anonymous_0)
FN:75,(anonymous_1)
FN:93,(anonymous_2)
FNF:3
FNH:2
FNDA:12,(anonymous_0)
FNDA:1,(anonymous_1)
FNDA:0,(anonymous_2)
DA:9,5
DA:10,5
DA:30,5
DA:34,12
DA:38,12
DA:39,2
DA:42,10
DA:51,10
DA:52,10
DA:53,10
DA:54,10
DA:55,2
DA:64,8
DA:65,8
DA:66,8
DA:76,1
DA:81,1
DA:82,1
DA:85,6
DA:86,6
DA:88,2
DA:89,2
DA:90,2
DA:92,8
DA:93,8
DA:100,5
LF:26
LH:26
BRDA:38,0,0,2
BRDA:38,0,1,10
BRDA:52,1,0,10
BRDA:52,1,1,0
BRDA:54,2,0,2
BRDA:54,2,1,8
BRDA:81,3,0,0
BRDA:81,3,1,1
BRDA:81,4,0,1
BRDA:81,4,1,1
BRDA:85,5,0,6
BRDA:85,5,1,0
BRDA:92,6,0,8
BRDA:92,6,1,0
BRF:14
BRH:10
end_of_record
TN:
SF:lib\route-logic\jobs\process-recurring-payments.ts
FN:22,(anonymous_0)
FN:66,(anonymous_1)
FN:78,(anonymous_2)
FN:95,(anonymous_3)
FNF:4
FNH:2
FNDA:12,(anonymous_0)
FNDA:18,(anonymous_1)
FNDA:0,(anonymous_2)
FNDA:0,(anonymous_3)
DA:8,6
DA:9,6
DA:19,6
DA:23,12
DA:27,12
DA:28,2
DA:31,10
DA:32,10
DA:33,10
DA:45,10
DA:46,10
DA:47,10
DA:48,10
DA:49,2
DA:60,8
DA:61,8
DA:62,8
DA:67,18
DA:68,18
DA:69,18
DA:77,2
DA:78,2
DA:79,2
DA:85,5
DA:86,5
DA:90,3
DA:91,3
DA:92,3
DA:94,8
DA:95,8
DA:101,6
LF:31
LH:31
BRDA:27,0,0,2
BRDA:27,0,1,10
BRDA:46,1,0,10
BRDA:46,1,1,0
BRDA:48,2,0,2
BRDA:48,2,1,8
BRDA:77,3,0,2
BRDA:77,3,1,0
BRDA:85,4,0,5
BRDA:85,4,1,0
BRDA:94,5,0,8
BRDA:94,5,1,0
BRF:12
BRH:8
end_of_record
TN:
SF:lib\route-logic\jobs\send-monthly-statements.ts
FN:30,(anonymous_0)
FN:71,(anonymous_1)
FN:90,(anonymous_2)
FN:103,(anonymous_3)
FNF:4
FNH:2
FNDA:13,(anonymous_0)
FNDA:4,(anonymous_1)
FNDA:0,(anonymous_2)
FNDA:0,(anonymous_3)
DA:8,6
DA:9,6
DA:27,6
DA:31,13
DA:35,13
DA:36,1
DA:39,12
DA:40,12
DA:41,12
DA:48,12
DA:49,12
DA:50,12
DA:51,12
DA:52,2
DA:61,10
DA:62,10
DA:63,10
DA:72,4
DA:77,4
DA:79,4
DA:80,4
DA:81,4
DA:89,4
DA:90,3
DA:91,3
DA:95,6
DA:96,6
DA:98,4
DA:99,4
DA:100,4
DA:102,10
DA:103,10
DA:109,6
LF:33
LH:33
BRDA:35,0,0,1
BRDA:35,0,1,12
BRDA:49,1,0,12
BRDA:49,1,1,0
BRDA:51,2,0,2
BRDA:51,2,1,10
BRDA:77,3,0,0
BRDA:77,3,1,4
BRDA:77,4,0,4
BRDA:77,4,1,4
BRDA:89,5,0,3
BRDA:89,5,1,1
BRDA:95,6,0,6
BRDA:95,6,1,0
BRDA:102,7,0,10
BRDA:102,7,1,0
BRF:16
BRH:12
end_of_record
TN:
SF:lib\route-logic\jobs\wedding-converter.ts
FN:12,sanitizeJobErrors
FN:15,(anonymous_1)
FN:39,(anonymous_2)
FN:60,(anonymous_3)
FN:75,runJob
FNF:5
FNH:5
FNDA:9,sanitizeJobErrors
FNDA:2,(anonymous_1)
FNDA:15,(anonymous_2)
FNDA:10,(anonymous_3)
FNDA:10,runJob
DA:10,5
DA:13,9
DA:14,9
DA:15,2
DA:36,5
DA:40,15
DA:44,15
DA:45,2
DA:56,13
DA:57,13
DA:60,10
DA:63,13
DA:64,3
DA:71,10
DA:76,10
DA:83,10
DA:84,10
DA:89,9
DA:90,9
DA:91,9
DA:92,9
DA:94,9
DA:95,4
DA:96,4
DA:97,4
DA:98,1
DA:99,1
DA:101,3
DA:102,3
DA:103,3
DA:107,9
DA:120,9
DA:129,1
DA:134,1
DA:135,1
DA:143,5
LF:36
LH:36
BRDA:14,0,0,7
BRDA:14,0,1,2
BRDA:17,1,0,2
BRDA:17,1,1,0
BRDA:44,2,0,2
BRDA:44,2,1,13
BRDA:63,3,0,3
BRDA:63,3,1,10
BRDA:102,4,0,3
BRDA:102,4,1,0
BRDA:132,5,0,1
BRDA:132,5,1,0
BRDA:136,6,0,1
BRDA:136,6,1,1
BRF:14
BRH:11
end_of_record
TN:
SF:lib\route-logic\lifecycle-event-types\[id].ts
FN:14,(anonymous_0)
FN:45,(anonymous_1)
FN:95,(anonymous_2)
FNF:3
FNH:3
FNDA:7,(anonymous_0)
FNDA:4,(anonymous_1)
FNDA:7,(anonymous_2)
DA:9,7
DA:15,7
DA:21,7
DA:22,3
DA:25,4
DA:30,4
DA:31,2
DA:34,2
DA:39,7
DA:46,4
DA:52,4
DA:53,1
DA:56,3
DA:57,3
DA:58,0
DA:61,3
DA:62,3
DA:63,3
DA:65,3
DA:71,3
DA:72,1
DA:75,2
DA:85,2
DA:90,7
DA:96,7
DA:102,7
DA:103,1
DA:106,6
DA:110,6
DA:111,2
DA:114,4
DA:119,4
DA:120,2
DA:123,2
LF:34
LH:33
BRDA:21,0,0,3
BRDA:21,0,1,4
BRDA:30,1,0,2
BRDA:30,1,1,2
BRDA:52,2,0,1
BRDA:52,2,1,3
BRDA:57,3,0,0
BRDA:57,3,1,3
BRDA:57,4,0,3
BRDA:57,4,1,0
BRDA:62,5,0,3
BRDA:62,5,1,0
BRDA:63,6,0,2
BRDA:63,6,1,1
BRDA:71,7,0,1
BRDA:71,7,1,2
BRDA:102,8,0,1
BRDA:102,8,1,6
BRDA:110,9,0,2
BRDA:110,9,1,4
BRDA:119,10,0,2
BRDA:119,10,1,2
BRF:22
BRH:19
end_of_record
TN:
SF:lib\route-logic\members\[memberId]\balance.ts
FN:12,(anonymous_0)
FNF:1
FNH:1
FNDA:11,(anonymous_0)
DA:5,5
DA:7,5
DA:13,11
DA:19,11
DA:20,2
DA:23,9
DA:24,9
DA:28,9
DA:29,2
DA:32,7
DA:33,7
DA:34,7
DA:35,7
DA:36,5
DA:37,5
DA:38,1
DA:40,4
DA:41,4
DA:42,3
DA:46,3
DA:52,3
LF:21
LH:21
BRDA:19,0,0,2
BRDA:19,0,1,9
BRDA:28,1,0,2
BRDA:28,1,1,7
BRDA:35,2,0,5
BRDA:35,2,1,2
BRDA:37,3,0,1
BRDA:37,3,1,4
BRDA:41,4,0,3
BRDA:41,4,1,1
BRDA:41,5,0,4
BRDA:41,5,1,1
BRF:12
BRH:12
end_of_record
TN:
SF:lib\route-logic\members\[memberId]\payments.ts
FN:15,(anonymous_0)
FN:47,(anonymous_1)
FN:56,(anonymous_2)
FNF:3
FNH:3
FNDA:9,(anonymous_0)
FNDA:5,(anonymous_1)
FNDA:1,(anonymous_2)
DA:8,5
DA:10,5
DA:16,9
DA:22,9
DA:23,1
DA:26,8
DA:27,8
DA:31,8
DA:32,2
DA:35,6
DA:36,6
DA:38,6
DA:39,6
DA:40,2
DA:41,2
DA:42,1
DA:44,1
DA:47,5
DA:49,5
DA:57,1
DA:63,5
LF:21
LH:21
BRDA:22,0,0,1
BRDA:22,0,1,8
BRDA:31,1,0,2
BRDA:31,1,1,6
BRDA:39,2,0,2
BRDA:39,2,1,4
BRDA:41,3,0,1
BRDA:41,3,1,1
BRDA:58,4,0,1
BRDA:58,4,1,0
BRF:10
BRH:9
end_of_record
TN:
SF:lib\route-logic\members\[memberId]\statements.ts
FN:18,(anonymous_0)
FN:39,(anonymous_1)
FN:44,(anonymous_2)
FN:61,(anonymous_3)
FN:85,(anonymous_4)
FN:98,(anonymous_5)
FN:100,(anonymous_6)
FN:109,(anonymous_7)
FN:143,(anonymous_8)
FNF:9
FNH:8
FNDA:9,(anonymous_0)
FNDA:5,(anonymous_1)
FNDA:0,(anonymous_2)
FNDA:11,(anonymous_3)
FNDA:7,(anonymous_4)
FNDA:5,(anonymous_5)
FNDA:7,(anonymous_6)
FNDA:2,(anonymous_7)
FNDA:4,(anonymous_8)
DA:11,6
DA:13,6
DA:19,9
DA:25,9
DA:26,2
DA:29,7
DA:31,7
DA:35,7
DA:36,2
DA:39,5
DA:41,5
DA:45,0
DA:51,5
DA:55,6
DA:62,11
DA:68,11
DA:69,2
DA:72,9
DA:73,9
DA:75,9
DA:77,9
DA:78,9
DA:79,2
DA:82,7
DA:83,7
DA:85,7
DA:87,7
DA:98,7
DA:100,7
DA:102,7
DA:109,7
DA:110,2
DA:111,2
DA:114,7
DA:115,7
DA:117,7
DA:123,7
DA:124,2
DA:138,2
DA:141,5
DA:144,4
DA:149,5
DA:151,5
DA:152,5
DA:167,3
DA:169,2
DA:170,1
DA:176,1
DA:177,1
DA:191,1
DA:194,1
LF:51
LH:50
BRDA:25,0,0,2
BRDA:25,0,1,7
BRDA:35,1,0,2
BRDA:35,1,1,5
BRDA:46,2,0,0
BRDA:46,2,1,0
BRDA:68,3,0,2
BRDA:68,3,1,9
BRDA:78,4,0,2
BRDA:78,4,1,7
BRDA:110,5,0,2
BRDA:110,5,1,0
BRDA:111,6,0,2
BRDA:111,6,1,0
BRDA:111,7,0,2
BRDA:111,7,1,2
BRDA:123,8,0,2
BRDA:123,8,1,5
BRDA:138,9,0,2
BRDA:138,9,1,0
BRDA:169,10,0,1
BRDA:169,10,1,1
BRDA:176,11,0,1
BRDA:176,11,1,0
BRDA:191,12,0,1
BRDA:191,12,1,0
BRF:26
BRH:19
end_of_record
TN:
SF:lib\route-logic\organizations\automation.ts
FN:58,(anonymous_0)
FN:68,(anonymous_1)
FN:114,(anonymous_2)
FNF:3
FNH:3
FNDA:12,(anonymous_0)
FNDA:4,(anonymous_1)
FNDA:16,(anonymous_2)
DA:45,6
DA:47,6
DA:58,6
DA:59,12
DA:60,10
DA:61,10
DA:64,6
DA:69,4
DA:75,4
DA:76,1
DA:79,3
DA:84,3
DA:85,3
DA:109,6
DA:115,16
DA:121,16
DA:122,2
DA:125,14
DA:126,14
DA:127,14
DA:128,14
DA:129,14
DA:130,14
DA:131,14
DA:132,14
DA:133,14
DA:135,14
DA:145,2
DA:150,12
DA:151,7
DA:152,7
DA:153,2
DA:155,5
DA:156,5
DA:157,4
DA:158,4
DA:159,1
DA:162,4
DA:164,9
DA:165,6
DA:166,6
DA:167,1
DA:169,5
DA:170,5
DA:171,4
DA:172,4
DA:173,2
DA:176,3
DA:178,6
DA:179,4
DA:180,4
DA:181,2
DA:183,2
DA:184,2
DA:185,2
DA:186,2
DA:187,1
DA:190,1
DA:192,3
DA:193,2
DA:195,3
DA:196,2
DA:198,3
DA:199,1
DA:202,3
DA:204,1
DA:205,1
DA:207,3
DA:209,1
DA:210,1
DA:213,3
DA:223,3
DA:225,3
DA:244,3
LF:74
LH:74
BRDA:59,0,0,2
BRDA:59,0,1,10
BRDA:59,1,0,12
BRDA:59,1,1,10
BRDA:61,2,0,10
BRDA:61,2,1,0
BRDA:75,3,0,1
BRDA:75,3,1,3
BRDA:84,4,0,0
BRDA:84,4,1,3
BRDA:87,5,0,2
BRDA:87,5,1,1
BRDA:90,6,0,2
BRDA:90,6,1,1
BRDA:93,7,0,0
BRDA:93,7,1,3
BRDA:99,8,0,0
BRDA:99,8,1,3
BRDA:101,9,0,3
BRDA:101,9,1,0
BRDA:103,10,0,3
BRDA:103,10,1,0
BRDA:121,11,0,2
BRDA:121,11,1,14
BRDA:135,12,0,2
BRDA:135,12,1,12
BRDA:136,13,0,14
BRDA:136,13,1,7
BRDA:136,13,2,5
BRDA:136,13,3,2
BRDA:136,13,4,2
BRDA:136,13,5,2
BRDA:136,13,6,2
BRDA:136,13,7,2
BRDA:150,14,0,7
BRDA:150,14,1,5
BRDA:152,15,0,2
BRDA:152,15,1,5
BRDA:152,16,0,7
BRDA:152,16,1,6
BRDA:152,16,2,6
BRDA:156,17,0,4
BRDA:156,17,1,1
BRDA:158,18,0,1
BRDA:158,18,1,3
BRDA:164,19,0,6
BRDA:164,19,1,3
BRDA:166,20,0,1
BRDA:166,20,1,5
BRDA:166,21,0,6
BRDA:166,21,1,5
BRDA:166,21,2,5
BRDA:170,22,0,4
BRDA:170,22,1,1
BRDA:172,23,0,2
BRDA:172,23,1,2
BRDA:178,24,0,4
BRDA:178,24,1,2
BRDA:180,25,0,2
BRDA:180,25,1,2
BRDA:180,26,0,4
BRDA:180,26,1,4
BRDA:180,26,2,4
BRDA:184,27,0,2
BRDA:184,27,1,0
BRDA:186,28,0,1
BRDA:186,28,1,1
BRDA:192,29,0,2
BRDA:192,29,1,1
BRDA:195,30,0,2
BRDA:195,30,1,1
BRDA:198,31,0,1
BRDA:198,31,1,2
BRDA:200,32,0,1
BRDA:200,32,1,0
BRDA:202,33,0,1
BRDA:202,33,1,2
BRDA:207,34,0,1
BRDA:207,34,1,2
BRDA:223,35,0,0
BRDA:223,35,1,3
BRDA:246,36,0,2
BRDA:246,36,1,1
BRDA:249,37,0,2
BRDA:249,37,1,1
BRDA:252,38,0,1
BRDA:252,38,1,2
BRDA:258,39,0,2
BRDA:258,39,1,1
BRDA:260,40,0,3
BRDA:260,40,1,0
BRDA:262,41,0,3
BRDA:262,41,1,0
BRF:93
BRH:82
end_of_record
TN:
SF:lib\route-logic\organizations\branding.ts
FN:30,(anonymous_0)
FN:76,(anonymous_1)
FN:155,(anonymous_2)
FNF:3
FNH:3
FNDA:4,(anonymous_0)
FNDA:11,(anonymous_1)
FNDA:5,(anonymous_2)
DA:18,6
DA:20,6
DA:27,6
DA:31,4
DA:37,4
DA:38,1
DA:41,3
DA:44,3
DA:48,3
DA:51,4
DA:55,4
DA:66,4
DA:67,4
DA:71,6
DA:77,11
DA:83,11
DA:84,2
DA:87,9
DA:88,9
DA:89,9
DA:91,9
DA:92,1
DA:95,8
DA:96,5
DA:97,5
DA:98,2
DA:99,2
DA:101,3
DA:102,3
DA:103,2
DA:105,1
DA:106,1
DA:110,6
DA:111,4
DA:112,4
DA:113,1
DA:115,3
DA:118,5
DA:124,5
DA:126,5
DA:139,5
DA:151,6
DA:156,5
DA:162,5
DA:163,2
DA:166,3
DA:177,3
DA:179,3
DA:188,3
LF:49
LH:49
BRDA:37,0,0,1
BRDA:37,0,1,3
BRDA:44,1,0,0
BRDA:44,1,1,3
BRDA:48,2,0,0
BRDA:48,2,1,3
BRDA:51,3,0,1
BRDA:51,3,1,2
BRDA:52,4,0,1
BRDA:52,4,1,1
BRDA:59,5,0,4
BRDA:59,5,1,2
BRDA:61,6,0,4
BRDA:61,6,1,3
BRDA:62,7,0,4
BRDA:62,7,1,3
BRDA:83,8,0,2
BRDA:83,8,1,9
BRDA:91,9,0,1
BRDA:91,9,1,8
BRDA:91,10,0,9
BRDA:91,10,1,4
BRDA:95,11,0,5
BRDA:95,11,1,3
BRDA:97,12,0,2
BRDA:97,12,1,3
BRDA:97,13,0,5
BRDA:97,13,1,4
BRDA:102,14,0,2
BRDA:102,14,1,1
BRDA:110,15,0,4
BRDA:110,15,1,2
BRDA:112,16,0,1
BRDA:112,16,1,3
BRDA:112,17,0,4
BRDA:112,17,1,4
BRDA:112,17,2,1
BRDA:124,18,0,0
BRDA:124,18,1,5
BRDA:142,19,0,5
BRDA:142,19,1,4
BRDA:143,20,0,11
BRDA:143,20,1,4
BRDA:144,21,0,11
BRDA:144,21,1,2
BRDA:162,22,0,2
BRDA:162,22,1,3
BRDA:177,23,0,0
BRDA:177,23,1,3
BRF:49
BRH:45
end_of_record
TN:
SF:lib\route-logic\organizations\current.ts
FN:26,(anonymous_0)
FN:89,(anonymous_1)
FNF:2
FNH:2
FNDA:4,(anonymous_0)
FNDA:4,(anonymous_1)
DA:21,3
DA:23,3
DA:27,4
DA:33,4
DA:34,2
DA:37,2
DA:46,2
DA:48,2
DA:63,3
DA:84,3
DA:90,4
DA:96,4
DA:97,1
DA:100,3
DA:101,3
DA:102,3
DA:104,3
DA:105,1
DA:108,2
DA:115,2
DA:117,2
DA:127,2
LF:22
LH:22
BRDA:33,0,0,2
BRDA:33,0,1,2
BRDA:46,1,0,0
BRDA:46,1,1,2
BRDA:51,2,0,2
BRDA:51,2,1,0
BRDA:52,3,0,4
BRDA:52,3,1,0
BRDA:53,4,0,4
BRDA:53,4,1,0
BRDA:54,5,0,4
BRDA:54,5,1,0
BRDA:96,6,0,1
BRDA:96,6,1,3
BRDA:101,7,0,0
BRDA:101,7,1,3
BRDA:102,8,0,2
BRDA:102,8,1,1
BRDA:104,9,0,1
BRDA:104,9,1,2
BRDA:115,10,0,0
BRDA:115,10,1,2
BRDA:129,11,0,2
BRDA:129,11,1,0
BRDA:130,12,0,4
BRDA:130,12,1,0
BRF:26
BRH:17
end_of_record
TN:
SF:lib\route-logic\organizations\letterhead.ts
FN:80,normalizeLetterhead
FN:94,(anonymous_1)
FN:118,(anonymous_2)
FNF:3
FNH:3
FNDA:4,normalizeLetterhead
FNDA:4,(anonymous_1)
FNDA:6,(anonymous_2)
DA:24,3
DA:29,3
DA:30,3
DA:32,3
DA:64,3
DA:81,4
DA:82,4
DA:83,4
DA:84,52
DA:85,52
DA:87,4
DA:90,3
DA:95,4
DA:101,4
DA:102,1
DA:105,3
DA:108,3
DA:109,3
DA:113,3
DA:119,6
DA:125,6
DA:126,1
DA:132,5
DA:133,5
DA:134,5
DA:135,65
DA:136,5
DA:137,5
DA:141,5
DA:142,4
DA:145,1
DA:153,1
DA:155,1
DA:165,1
LF:34
LH:34
BRDA:81,0,0,4
BRDA:81,0,1,0
BRDA:81,1,0,4
BRDA:81,1,1,4
BRDA:85,2,0,52
BRDA:85,2,1,0
BRDA:101,3,0,1
BRDA:101,3,1,3
BRDA:108,4,0,0
BRDA:108,4,1,3
BRDA:125,5,0,1
BRDA:125,5,1,5
BRDA:135,6,0,5
BRDA:135,6,1,60
BRDA:136,7,0,5
BRDA:136,7,1,0
BRDA:141,8,0,4
BRDA:141,8,1,1
BRDA:153,9,0,0
BRDA:153,9,1,1
BRF:20
BRH:15
end_of_record
TN:
SF:lib\route-logic\organizations\branding\logo.ts
FN:25,(anonymous_0)
FNF:1
FNH:1
FNDA:7,(anonymous_0)
DA:18,3
DA:20,3
DA:22,3
DA:26,7
DA:32,7
DA:33,1
DA:36,6
DA:40,6
DA:41,7
DA:42,3
DA:45,3
DA:46,3
DA:47,1
DA:50,2
DA:51,2
DA:53,2
LF:16
LH:16
BRDA:32,0,0,1
BRDA:32,0,1,6
BRDA:40,1,0,6
BRDA:40,1,1,3
BRDA:41,2,0,3
BRDA:41,2,1,4
BRDA:46,3,0,1
BRDA:46,3,1,2
BRF:8
BRH:8
end_of_record
TN:
SF:lib\route-logic\payment-plans\[id].ts
FN:14,(anonymous_0)
FN:42,(anonymous_1)
FN:89,(anonymous_2)
FNF:3
FNH:3
FNDA:7,(anonymous_0)
FNDA:8,(anonymous_1)
FNDA:11,(anonymous_2)
DA:9,6
DA:15,7
DA:21,7
DA:22,3
DA:25,4
DA:27,4
DA:28,1
DA:31,3
DA:36,6
DA:43,8
DA:49,8
DA:50,1
DA:53,7
DA:54,4
DA:57,3
DA:59,3
DA:65,3
DA:66,1
DA:69,2
DA:79,2
DA:84,6
DA:90,11
DA:96,11
DA:97,1
DA:101,10
DA:105,10
DA:106,2
DA:115,8
DA:125,8
DA:126,4
DA:136,4
DA:141,4
DA:142,2
DA:145,2
LF:34
LH:34
BRDA:21,0,0,3
BRDA:21,0,1,4
BRDA:27,1,0,1
BRDA:27,1,1,3
BRDA:49,2,0,1
BRDA:49,2,1,7
BRDA:53,3,0,4
BRDA:53,3,1,3
BRDA:65,4,0,1
BRDA:65,4,1,2
BRDA:96,5,0,1
BRDA:96,5,1,10
BRDA:105,6,0,2
BRDA:105,6,1,8
BRDA:125,7,0,4
BRDA:125,7,1,4
BRDA:125,8,0,8
BRDA:125,8,1,5
BRDA:141,9,0,2
BRDA:141,9,1,2
BRF:20
BRH:20
end_of_record
TN:
SF:lib\route-logic\recurring-payments\process.ts
FN:18,getStripe
FN:35,(anonymous_1)
FN:182,(anonymous_2)
FN:193,(anonymous_3)
FN:277,(anonymous_4)
FN:377,(anonymous_5)
FN:390,(anonymous_6)
FN:418,(anonymous_7)
FN:440,(anonymous_8)
FNF:9
FNH:5
FNDA:11,getStripe
FNDA:15,(anonymous_1)
FNDA:0,(anonymous_2)
FNDA:0,(anonymous_3)
FNDA:0,(anonymous_4)
FNDA:13,(anonymous_5)
FNDA:10,(anonymous_6)
FNDA:6,(anonymous_7)
FNDA:0,(anonymous_8)
DA:14,7
DA:19,11
DA:20,11
DA:21,1
DA:23,10
DA:31,7
DA:36,15
DA:40,15
DA:41,1
DA:44,14
DA:45,14
DA:50,14
DA:53,14
DA:55,15
DA:56,15
DA:57,15
DA:59,15
DA:60,15
DA:61,16
DA:66,16
DA:68,16
DA:78,16
DA:80,13
DA:83,13
DA:84,13
DA:86,13
DA:87,1
DA:93,1
DA:94,1
DA:97,12
DA:104,12
DA:105,1
DA:111,1
DA:112,1
DA:119,11
DA:120,11
DA:121,11
DA:130,11
DA:132,0
DA:138,11
DA:139,11
DA:148,11
DA:150,11
DA:151,11
DA:179,1
DA:183,1
DA:185,9
DA:187,9
DA:188,1
DA:190,1
DA:194,1
DA:200,1
DA:209,1
DA:210,1
DA:224,8
DA:232,8
DA:233,8
DA:234,6
DA:235,6
DA:236,6
DA:261,2
DA:262,1
DA:274,1
DA:278,1
DA:300,1
DA:308,1
DA:309,1
DA:314,7
DA:322,13
DA:331,2
DA:332,2
DA:333,2
DA:340,2
DA:341,2
DA:351,2
DA:355,13
DA:356,2
DA:359,14
DA:360,2
DA:371,12
DA:378,13
DA:386,7
DA:391,10
DA:397,10
DA:398,1
DA:401,9
DA:402,9
DA:403,9
DA:405,9
DA:406,9
DA:407,6
DA:408,2
DA:410,4
DA:411,4
DA:412,1
DA:414,3
DA:416,6
DA:418,6
DA:423,6
DA:441,0
DA:449,6
LF:101
LH:99
BRDA:20,0,0,1
BRDA:20,0,1,10
BRDA:40,1,0,1
BRDA:40,1,1,14
BRDA:66,2,0,2
BRDA:66,2,1,14
BRDA:78,3,0,3
BRDA:78,3,1,13
BRDA:86,4,0,1
BRDA:86,4,1,12
BRDA:86,5,0,13
BRDA:86,5,1,12
BRDA:86,5,2,12
BRDA:86,5,3,12
BRDA:89,6,0,1
BRDA:89,6,1,1
BRDA:104,7,0,1
BRDA:104,7,1,11
BRDA:107,8,0,1
BRDA:107,8,1,0
BRDA:130,9,0,0
BRDA:130,9,1,11
BRDA:167,10,0,11
BRDA:167,10,1,0
BRDA:169,11,0,13
BRDA:169,11,1,0
BRDA:187,12,0,1
BRDA:187,12,1,8
BRDA:196,13,0,1
BRDA:196,13,1,0
BRDA:201,14,0,1
BRDA:201,14,1,0
BRDA:233,15,0,6
BRDA:233,15,1,2
BRDA:252,16,0,6
BRDA:252,16,1,6
BRDA:258,17,0,6
BRDA:258,17,1,6
BRDA:261,18,0,1
BRDA:261,18,1,1
BRDA:302,19,0,1
BRDA:302,19,1,0
BRDA:305,20,0,1
BRDA:305,20,1,0
BRDA:316,21,0,7
BRDA:316,21,1,0
BRDA:335,22,0,2
BRDA:335,22,1,0
BRDA:342,23,0,2
BRDA:342,23,1,0
BRDA:355,24,0,11
BRDA:355,24,1,2
BRDA:359,25,0,2
BRDA:359,25,1,12
BRDA:359,26,0,14
BRDA:359,26,1,8
BRDA:378,27,0,6
BRDA:378,27,1,7
BRDA:397,28,0,1
BRDA:397,28,1,9
BRDA:406,29,0,6
BRDA:406,29,1,3
BRDA:407,30,0,2
BRDA:407,30,1,4
BRDA:411,31,0,1
BRDA:411,31,1,3
BRDA:416,32,0,5
BRDA:416,32,1,1
BRDA:442,33,0,0
BRDA:442,33,1,0
BRF:70
BRH:57
end_of_record
TN:
SF:lib\route-logic\reports\meta.ts
FN:18,(anonymous_0)
FNF:1
FNH:1
FNDA:4,(anonymous_0)
DA:13,2
DA:19,4
DA:25,4
DA:26,1
DA:29,3
LF:5
LH:5
BRDA:25,0,0,1
BRDA:25,0,1,3
BRF:2
BRH:2
end_of_record
TN:
SF:lib\route-logic\reports\pl.ts
FN:18,(anonymous_0)
FN:80,(anonymous_1)
FN:94,(anonymous_2)
FN:100,(anonymous_3)
FN:113,(anonymous_4)
FN:122,(anonymous_5)
FN:123,(anonymous_6)
FN:127,(anonymous_7)
FN:138,(anonymous_8)
FN:149,(anonymous_9)
FNF:10
FNH:10
FNDA:14,(anonymous_0)
FNDA:4,(anonymous_1)
FNDA:1,(anonymous_2)
FNDA:4,(anonymous_3)
FNDA:1,(anonymous_4)
FNDA:9,(anonymous_5)
FNDA:5,(anonymous_6)
FNDA:9,(anonymous_7)
FNDA:5,(anonymous_8)
FNDA:19,(anonymous_9)
DA:11,5
DA:14,5
DA:19,14
DA:25,14
DA:26,2
DA:29,12
DA:30,12
DA:31,12
DA:32,12
DA:35,12
DA:36,12
DA:37,12
DA:38,3
DA:39,3
DA:40,1
DA:42,2
DA:43,2
DA:44,1
DA:49,1
DA:52,1
DA:53,3
DA:54,9
DA:55,6
DA:56,1
DA:61,5
DA:62,5
DA:63,5
DA:64,5
DA:65,2
DA:67,3
DA:68,3
DA:70,3
DA:71,3
DA:73,3
DA:79,4
DA:82,4
DA:95,1
DA:102,4
DA:114,1
DA:122,9
DA:123,5
DA:124,4
DA:127,9
DA:138,5
DA:149,4
DA:150,19
DA:153,4
LF:47
LH:47
BRDA:25,0,0,2
BRDA:25,0,1,12
BRDA:37,1,0,3
BRDA:37,1,1,9
BRDA:39,2,0,1
BRDA:39,2,1,2
BRDA:43,3,0,1
BRDA:43,3,1,1
[...]
DA:63,1
DA:66,42
DA:69,42
DA:70,42
DA:72,1
DA:73,1
DA:76,41
DA:77,41
DA:84,41
DA:85,41
DA:92,2
DA:94,1
DA:96,1
DA:99,39
DA:101,8
DA:102,8
DA:103,7
DA:106,3
DA:107,3
DA:108,3
DA:111,6
DA:112,6
DA:113,6
DA:116,7
DA:117,7
DA:118,7
DA:121,2
DA:122,2
DA:123,2
DA:126,3
DA:127,3
DA:128,3
DA:131,3
DA:132,3
DA:133,3
DA:136,4
DA:137,4
DA:138,4
DA:143,3
DA:146,38
DA:148,2
DA:153,2
DA:159,2
DA:168,8
DA:171,8
DA:181,8
DA:186,7
DA:198,6
DA:199,8
DA:200,8
DA:201,8
DA:204,2
DA:206,4
DA:207,4
DA:208,4
DA:210,4
DA:229,9
DA:231,9
DA:232,9
DA:234,1
DA:236,8
DA:237,9
DA:238,9
DA:239,4
DA:240,2
DA:241,2
DA:242,2
DA:244,4
DA:246,8
DA:247,8
DA:249,8
DA:253,3
DA:254,3
DA:258,3
DA:259,3
DA:260,2
DA:265,1
DA:267,2
DA:271,2
DA:276,2
DA:278,2
DA:279,2
DA:280,3
DA:282,2
DA:289,3
DA:290,3
DA:294,2
DA:296,2
DA:314,2
DA:326,2
DA:336,6
DA:337,6
DA:340,6
DA:341,6
DA:342,5
DA:347,1
DA:349,5
DA:351,5
DA:356,5
DA:358,5
DA:370,6
DA:375,1
DA:376,1
DA:377,4
DA:378,3
DA:379,3
DA:381,1
DA:393,3
DA:394,3
DA:397,3
DA:398,3
DA:399,2
DA:404,1
DA:406,2
DA:408,2
DA:413,2
DA:415,2
DA:428,4
DA:429,4
DA:432,4
DA:433,4
DA:434,3
DA:439,1
DA:441,3
DA:443,3
DA:448,3
DA:450,3
DA:459,3
DA:460,3
DA:461,3
DA:463,2
DA:468,2
DA:470,1
DA:474,1
DA:476,1
DA:477,3
DA:478,1
DA:492,1
DA:510,7
DA:511,7
DA:512,7
DA:521,6
DA:529,6
DA:531,3
DA:535,3
DA:543,3
DA:552,7
DA:553,7
DA:556,3
DA:565,3
DA:567,7
DA:568,7
DA:582,1
DA:589,2
DA:590,2
DA:591,2
DA:597,1
DA:598,1
DA:603,1
DA:605,1
DA:609,1
DA:611,1
DA:612,2
DA:613,2
DA:614,1
DA:628,1
DA:639,6
DA:640,6
LF:179
LH:179
BRDA:40,0,0,5
BRDA:40,0,1,1
BRDA:56,1,0,1
BRDA:56,1,1,43
BRDA:56,2,0,44
BRDA:56,2,1,43
BRDA:62,3,0,1
BRDA:62,3,1,42
BRDA:92,4,0,1
BRDA:92,4,1,1
BRDA:99,5,0,39
BRDA:99,5,1,3
BRDA:99,5,2,6
BRDA:99,5,3,7
BRDA:99,5,4,2
BRDA:99,5,5,3
BRDA:99,5,6,3
BRDA:99,5,7,4
BRDA:99,5,8,3
BRDA:168,6,0,8
BRDA:168,6,1,0
BRDA:171,7,0,0
BRDA:171,7,1,8
BRDA:186,8,0,1
BRDA:186,8,1,6
BRDA:198,9,0,6
BRDA:198,9,1,0
BRDA:199,10,0,8
BRDA:199,10,1,0
BRDA:200,11,0,8
BRDA:200,11,1,4
BRDA:201,12,0,2
BRDA:201,12,1,6
BRDA:229,13,0,0
BRDA:229,13,1,9
BRDA:236,14,0,8
BRDA:236,14,1,4
BRDA:236,15,0,9
BRDA:236,15,1,0
BRDA:237,16,0,9
BRDA:237,16,1,4
BRDA:238,17,0,4
BRDA:238,17,1,5
BRDA:239,18,0,2
BRDA:239,18,1,2
BRDA:241,19,0,2
BRDA:241,19,1,0
BRDA:246,20,0,8
BRDA:246,20,1,0
BRDA:253,21,0,3
BRDA:253,21,1,0
BRDA:254,22,0,0
BRDA:254,22,1,3
BRDA:254,23,0,3
BRDA:254,23,1,3
BRDA:261,24,0,2
BRDA:261,24,1,0
BRDA:263,25,0,0
BRDA:263,25,1,0
BRDA:267,26,0,0
BRDA:267,26,1,2
BRDA:276,27,0,0
BRDA:276,27,1,2
BRDA:279,28,0,2
BRDA:279,28,1,0
BRDA:282,29,0,2
BRDA:282,29,1,0
BRDA:294,30,0,0
BRDA:294,30,1,2
BRDA:300,31,0,2
BRDA:300,31,1,0
BRDA:301,32,0,3
BRDA:301,32,1,2
BRDA:302,33,0,0
BRDA:302,33,1,2
BRDA:303,34,0,0
BRDA:303,34,1,2
BRDA:306,35,0,3
BRDA:306,35,1,0
BRDA:329,36,0,2
BRDA:329,36,1,0
BRDA:329,37,0,3
BRDA:329,37,1,2
BRDA:336,38,0,6
BRDA:336,38,1,0
BRDA:337,39,0,0
BRDA:337,39,1,6
BRDA:337,40,0,6
BRDA:337,40,1,6
BRDA:343,41,0,5
BRDA:343,41,1,0
BRDA:345,42,0,0
BRDA:345,42,1,0
BRDA:349,43,0,0
BRDA:349,43,1,5
BRDA:356,44,0,0
BRDA:356,44,1,5
BRDA:358,45,0,5
BRDA:358,45,1,0
BRDA:370,46,0,1
BRDA:370,46,1,4
BRDA:375,47,0,1
BRDA:375,47,1,0
BRDA:377,48,0,3
BRDA:377,48,1,1
BRDA:378,49,0,3
BRDA:378,49,1,0
BRDA:393,50,0,3
BRDA:393,50,1,0
BRDA:394,51,0,0
BRDA:394,51,1,3
BRDA:394,52,0,3
BRDA:394,52,1,3
BRDA:400,53,0,2
BRDA:400,53,1,0
BRDA:402,54,0,0
BRDA:402,54,1,0
BRDA:406,55,0,0
BRDA:406,55,1,2
BRDA:413,56,0,0
BRDA:413,56,1,2
BRDA:418,57,0,2
BRDA:418,57,1,0
BRDA:428,58,0,4
BRDA:428,58,1,0
BRDA:429,59,0,0
BRDA:429,59,1,4
BRDA:429,60,0,4
BRDA:429,60,1,4
BRDA:435,61,0,3
BRDA:435,61,1,0
BRDA:437,62,0,0
BRDA:437,62,1,0
BRDA:441,63,0,0
BRDA:441,63,1,3
BRDA:448,64,0,0
BRDA:448,64,1,3
BRDA:450,65,0,3
BRDA:450,65,1,0
BRDA:459,66,0,3
BRDA:459,66,1,1
BRDA:460,67,0,3
BRDA:460,67,1,1
BRDA:461,68,0,1
BRDA:461,68,1,2
BRDA:461,69,0,3
BRDA:461,69,1,2
BRDA:468,70,0,1
BRDA:468,70,1,1
BRDA:474,71,0,0
BRDA:474,71,1,1
BRDA:476,72,0,1
BRDA:476,72,1,0
BRDA:476,73,0,3
BRDA:476,73,1,0
BRDA:482,74,0,1
BRDA:482,74,1,0
BRDA:483,75,0,3
BRDA:483,75,1,0
BRDA:485,76,0,3
BRDA:485,76,1,0
BRDA:494,77,0,1
BRDA:494,77,1,0
BRDA:495,78,0,3
BRDA:495,78,1,0
BRDA:510,79,0,7
BRDA:510,79,1,1
BRDA:511,80,0,7
BRDA:511,80,1,1
BRDA:512,81,0,1
BRDA:512,81,1,6
BRDA:512,82,0,7
BRDA:512,82,1,6
BRDA:529,83,0,3
BRDA:529,83,1,3
BRDA:535,84,0,0
BRDA:535,84,1,3
BRDA:543,85,0,3
BRDA:543,85,1,0
BRDA:565,86,0,3
BRDA:565,86,1,0
BRDA:565,87,0,7
BRDA:565,87,1,0
BRDA:582,88,0,0
BRDA:582,88,1,1
BRDA:589,89,0,2
BRDA:589,89,1,2
BRDA:589,89,2,1
BRDA:590,90,0,2
BRDA:590,90,1,2
BRDA:590,90,2,1
BRDA:591,91,0,1
BRDA:591,91,1,1
BRDA:591,92,0,2
BRDA:591,92,1,1
BRDA:603,93,0,0
BRDA:603,93,1,1
BRDA:609,94,0,0
BRDA:609,94,1,1
BRDA:611,95,0,1
BRDA:611,95,1,0
BRDA:612,96,0,2
BRDA:612,96,1,1
BRDA:612,97,0,2
BRDA:612,97,1,1
BRDA:618,98,0,1
BRDA:618,98,1,0
BRDA:621,99,0,2
BRDA:621,99,1,0
BRDA:630,100,0,1
BRDA:630,100,1,0
BRF:211
BRH:143
end_of_record
TN:
SF:lib\route-logic\tasks\[id].ts
FN:18,(anonymous_0)
FN:67,(anonymous_1)
FN:150,(anonymous_2)
FNF:3
FNH:3
FNDA:6,(anonymous_0)
FNDA:11,(anonymous_1)
FNDA:4,(anonymous_2)
DA:10,5
DA:13,5
DA:19,6
DA:25,6
DA:26,2
DA:29,4
DA:34,4
DA:51,4
DA:52,2
DA:61,5
DA:68,11
DA:74,11
DA:75,1
DA:78,10
DA:84,10
DA:85,3
DA:91,7
DA:96,3
DA:101,3
DA:102,2
DA:106,5
DA:110,5
DA:111,4
DA:113,5
DA:114,1
DA:117,5
DA:139,5
DA:140,4
DA:145,5
DA:151,4
DA:157,4
DA:158,1
DA:161,3
DA:166,3
DA:167,3
DA:168,3
LF:36
LH:36
BRDA:25,0,0,2
BRDA:25,0,1,4
BRDA:51,1,0,2
BRDA:51,1,1,2
BRDA:74,2,0,1
BRDA:74,2,1,10
BRDA:84,3,0,3
BRDA:84,3,1,7
BRDA:91,4,0,3
BRDA:91,4,1,4
BRDA:92,5,0,7
BRDA:92,5,1,5
BRDA:92,5,2,5
BRDA:97,6,0,3
BRDA:97,6,1,1
BRDA:98,7,0,3
BRDA:98,7,1,3
BRDA:99,8,0,3
BRDA:99,8,1,2
BRDA:101,9,0,2
BRDA:101,9,1,1
BRDA:110,10,0,4
BRDA:110,10,1,1
BRDA:110,11,0,5
BRDA:110,11,1,4
BRDA:113,12,0,1
BRDA:113,12,1,4
BRDA:113,13,0,5
BRDA:113,13,1,5
BRDA:113,13,2,1
BRDA:139,14,0,1
BRDA:139,14,1,4
BRDA:157,15,0,1
BRDA:157,15,1,3
BRDA:167,16,0,0
BRDA:167,16,1,3
BRF:36
BRH:35
end_of_record
TN:
SF:lib\route-logic\tasks\send-due-date-emails.ts
FN:19,(anonymous_0)
FN:41,(anonymous_1)
FN:158,(anonymous_2)
FNF:3
FNH:2
FNDA:13,(anonymous_0)
FNDA:9,(anonymous_1)
FNDA:0,(anonymous_2)
DA:12,6
DA:15,6
DA:20,13
DA:26,13
DA:27,2
DA:30,11
DA:31,11
DA:32,2
DA:38,9
DA:39,9
DA:41,13
DA:43,9
DA:65,9
DA:67,9
DA:68,2
DA:77,7
DA:78,7
DA:79,2
DA:82,5
DA:90,5
DA:96,5
DA:97,14
DA:98,14
DA:108,14
DA:110,12
DA:111,14
DA:112,2
DA:116,2
DA:117,2
DA:118,2
DA:121,10
DA:122,10
DA:123,7
DA:125,10
DA:126,1
DA:127,1
DA:130,10
DA:132,14
DA:152,14
DA:153,9
DA:155,1
DA:159,1
DA:160,1
DA:161,1
DA:167,5
LF:45
LH:45
BRDA:26,0,0,2
BRDA:26,0,1,11
BRDA:31,1,0,2
BRDA:31,1,1,9
BRDA:67,2,0,2
BRDA:67,2,1,7
BRDA:78,3,0,2
BRDA:78,3,1,5
BRDA:108,4,0,2
BRDA:108,4,1,12
BRDA:110,5,0,12
BRDA:110,5,1,0
BRDA:111,6,0,2
BRDA:111,6,1,12
BRDA:111,7,0,14
BRDA:111,7,1,12
BRDA:122,8,0,7
BRDA:122,8,1,3
BRDA:122,9,0,10
BRDA:122,9,1,7
BRDA:122,9,2,7
BRDA:125,10,0,1
BRDA:125,10,1,9
BRDA:125,11,0,10
BRDA:125,11,1,1
BRDA:130,12,0,10
BRDA:130,12,1,0
BRDA:141,13,0,6
BRDA:141,13,1,4
BRDA:144,14,0,7
BRDA:144,14,1,3
BRDA:145,15,0,6
BRDA:145,15,1,4
BRDA:162,16,0,1
BRDA:162,16,1,0
BRF:35
BRH:32
end_of_record
TN:
SF:lib\route-logic\tax-receipts\email.ts
FN:19,(anonymous_0)
FN:30,(anonymous_1)
FN:46,(anonymous_2)
FN:103,(anonymous_3)
FN:116,(anonymous_4)
FN:117,(anonymous_5)
FN:154,(anonymous_6)
FNF:7
FNH:7
FNDA:17,(anonymous_0)
FNDA:1,(anonymous_1)
FNDA:1,(anonymous_2)
FNDA:5,(anonymous_3)
FNDA:2,(anonymous_4)
FNDA:1,(anonymous_5)
FNDA:4,(anonymous_6)
DA:13,6
DA:15,6
DA:20,17
DA:26,17
DA:27,3
DA:30,14
DA:31,14
DA:32,1
DA:34,13
DA:35,13
DA:36,13
DA:37,2
DA:39,11
DA:40,1
DA:43,10
DA:47,1
DA:50,10
DA:54,10
DA:55,3
DA:66,7
DA:70,7
DA:71,1
DA:77,6
DA:79,6
DA:103,6
DA:105,6
DA:114,6
DA:115,2
DA:116,2
DA:117,1
DA:118,2
DA:119,1
DA:121,1
DA:124,5
DA:125,5
DA:126,5
DA:130,5
DA:131,9
DA:135,5
DA:136,1
DA:147,4
DA:154,4
DA:158,4
DA:165,4
DA:166,2
DA:172,2
LF:46
LH:46
BRDA:26,0,0,3
BRDA:26,0,1,14
BRDA:31,1,0,1
BRDA:31,1,1,13
BRDA:31,2,0,14
BRDA:31,2,1,13
BRDA:31,2,2,13
BRDA:36,3,0,2
BRDA:36,3,1,11
BRDA:36,4,0,13
BRDA:36,4,1,11
BRDA:36,4,2,11
BRDA:39,5,0,1
BRDA:39,5,1,10
BRDA:39,6,0,11
BRDA:39,6,1,4
BRDA:54,7,0,3
BRDA:54,7,1,7
BRDA:70,8,0,1
BRDA:70,8,1,6
BRDA:114,9,0,2
BRDA:114,9,1,4
BRDA:114,10,0,6
BRDA:114,10,1,2
BRDA:116,11,0,2
BRDA:116,11,1,2
BRDA:118,12,0,1
BRDA:118,12,1,1
BRDA:131,13,0,4
BRDA:131,13,1,5
BRDA:135,14,0,1
BRDA:135,14,1,4
BRDA:165,15,0,2
BRDA:165,15,1,2
BRF:34
BRH:34
end_of_record
TN:
SF:lib\route-logic\tax-receipts\zip.ts
FN:27,(anonymous_0)
FN:52,(anonymous_1)
FN:99,(anonymous_2)
FN:100,(anonymous_3)
FN:108,entryProvider
FN:142,(anonymous_5)
FN:143,(anonymous_6)
FNF:7
FNH:6
FNDA:16,(anonymous_0)
FNDA:10,(anonymous_1)
FNDA:9,(anonymous_2)
FNDA:9,(anonymous_3)
FNDA:7,entryProvider
FNDA:0,(anonymous_5)
FNDA:7,(anonymous_6)
DA:20,6
DA:21,6
DA:23,6
DA:28,16
DA:34,16
DA:35,3
DA:38,13
DA:39,13
DA:40,13
DA:41,2
DA:44,11
DA:46,11
DA:47,11
DA:48,1
DA:51,10
DA:52,10
DA:54,10
DA:62,10
DA:63,2
DA:69,8
DA:70,8
DA:71,35
DA:72,35
DA:73,34
DA:74,34
DA:75,34
DA:76,9
DA:77,9
DA:79,34
DA:80,34
DA:88,8
DA:89,8
DA:92,8
DA:93,62
DA:94,62
DA:98,8
DA:99,9
DA:100,9
DA:102,8
DA:103,1
DA:106,7
DA:109,7
DA:110,7
DA:111,7
DA:112,7
DA:129,7
DA:130,7
DA:131,7
DA:132,7
DA:133,1
DA:134,1
DA:136,7
DA:137,7
DA:141,7
DA:144,7
DA:145,7
DA:146,40
DA:148,5
DA:150,2
DA:155,7
LF:60
LH:60
BRDA:34,0,0,3
BRDA:34,0,1,13
BRDA:40,1,0,2
BRDA:40,1,1,11
BRDA:40,2,0,13
BRDA:40,2,1,11
BRDA:40,2,2,11
BRDA:47,3,0,1
BRDA:47,3,1,10
BRDA:62,4,0,2
BRDA:62,4,1,8
BRDA:72,5,0,1
BRDA:72,5,1,34
BRDA:75,6,0,9
BRDA:75,6,1,25
BRDA:82,7,0,34
BRDA:82,7,1,0
BRDA:84,8,0,35
BRDA:84,8,1,32
BRDA:94,9,0,9
BRDA:94,9,1,53
BRDA:100,10,0,9
BRDA:100,10,1,9
BRDA:102,11,0,1
BRDA:102,11,1,7
BRDA:111,12,0,0
BRDA:111,12,1,7
BRDA:114,13,0,7
BRDA:114,13,1,0
BRDA:117,14,0,7
BRDA:117,14,1,0
BRDA:120,15,0,7
BRDA:120,15,1,0
BRDA:121,16,0,7
BRDA:121,16,1,7
BRDA:122,17,0,7
BRDA:122,17,1,7
BRDA:123,18,0,7
BRDA:123,18,1,7
BRDA:124,19,0,7
BRDA:124,19,1,7
BRDA:129,20,0,7
BRDA:129,20,1,0
BRF:43
BRH:37
end_of_record
TN:
SF:lib\route-logic\tax-receipts\[familyId]\pdf.ts
FN:27,(anonymous_0)
FN:55,(anonymous_1)
FN:70,(anonymous_2)
FN:76,(anonymous_3)
FN:78,(anonymous_4)
FNF:5
FNH:5
FNDA:9,(anonymous_0)
FNDA:5,(anonymous_1)
FNDA:14,(anonymous_2)
FNDA:14,(anonymous_3)
FNDA:14,(anonymous_4)
DA:20,6
DA:22,6
DA:28,9
DA:34,9
DA:35,3
DA:38,6
DA:40,6
DA:41,6
DA:42,6
DA:43,1
DA:45,5
DA:47,5
DA:48,5
DA:50,5
DA:57,5
DA:66,5
DA:67,5
DA:69,5
DA:70,14
DA:76,14
DA:78,14
DA:79,5
DA:80,2
DA:86,3
DA:104,3
DA:105,9
LF:26
LH:26
BRDA:34,0,0,3
BRDA:34,0,1,6
BRDA:42,1,0,1
BRDA:42,1,1,5
BRDA:66,2,0,0
BRDA:66,2,1,5
BRDA:67,3,0,0
BRDA:67,3,1,5
BRDA:72,4,0,14
BRDA:72,4,1,0
BRDA:74,5,0,14
BRDA:74,5,1,13
BRDA:79,6,0,2
BRDA:79,6,1,3
BRDA:88,7,0,3
BRDA:88,7,1,0
BRDA:91,8,0,9
BRDA:91,8,1,0
BRDA:94,9,0,9
BRDA:94,9,1,0
BRDA:95,10,0,9
BRDA:95,10,1,3
BRDA:96,11,0,9
BRDA:96,11,1,3
BRDA:97,12,0,9
BRDA:97,12,1,3
BRDA:98,13,0,9
BRDA:98,13,1,3
BRDA:104,14,0,3
BRDA:104,14,1,0
BRF:30
BRH:23
end_of_record
TN:
SF:lib\route-logic\tax-receipts\email\worker.ts
FN:37,POST
FN:60,(anonymous_1)
FN:190,(anonymous_2)
FN:194,(anonymous_3)
FN:218,(anonymous_4)
FN:231,(anonymous_5)
FN:274,(anonymous_6)
FN:289,(anonymous_7)
FN:291,(anonymous_8)
FN:299,(anonymous_9)
FN:306,(anonymous_10)
FNF:11
FNH:5
FNDA:23,POST
FNDA:0,(anonymous_1)
FNDA:0,(anonymous_2)
FNDA:0,(anonymous_3)
FNDA:0,(anonymous_4)
FNDA:2,(anonymous_5)
FNDA:0,(anonymous_6)
FNDA:2,(anonymous_7)
FNDA:0,(anonymous_8)
FNDA:1,(anonymous_9)
FNDA:3,(anonymous_10)
DA:31,6
DA:35,6
DA:38,23
DA:39,23
DA:40,23
DA:42,23
DA:46,23
DA:47,1
DA:50,22
DA:52,22
DA:53,22
DA:54,22
DA:55,19
DA:56,19
DA:57,19
DA:60,22
DA:61,22
DA:62,23
DA:63,3
DA:66,19
DA:67,3
DA:68,3
DA:69,3
DA:70,3
DA:71,3
DA:72,1
DA:77,2
DA:80,18
DA:81,18
DA:82,18
DA:83,2
DA:89,15
DA:90,3
DA:93,12
DA:94,11
DA:95,11
DA:96,11
DA:99,12
DA:103,12
DA:104,1
DA:105,1
DA:106,1
DA:107,1
DA:108,1
DA:111,11
DA:112,11
DA:113,1
DA:114,1
DA:115,1
DA:116,1
DA:117,1
DA:120,10
DA:129,10
DA:140,10
DA:141,1
DA:143,9
DA:144,23
DA:145,23
DA:147,23
DA:153,23
DA:154,23
DA:155,23
DA:159,23
DA:161,23
DA:162,23
DA:163,16
DA:170,15
DA:171,13
DA:173,2
DA:174,2
DA:175,2
DA:182,15
DA:185,1
DA:186,1
DA:187,1
DA:193,1
DA:194,1
DA:199,1
DA:205,1
DA:221,1
DA:226,1
DA:228,9
DA:231,8
DA:236,8
DA:237,8
DA:238,8
DA:239,2
DA:241,8
DA:242,5
DA:243,5
DA:246,8
DA:259,8
DA:263,3
DA:264,3
DA:265,3
DA:266,1
DA:273,3
DA:274,3
DA:275,3
DA:276,3
DA:290,2
DA:291,0
DA:292,0
DA:300,1
DA:306,3
DA:309,8
DA:318,1
DA:319,1
LF:108
LH:106
BRDA:40,0,0,0
BRDA:40,0,1,23
BRDA:46,1,0,1
BRDA:46,1,1,22
BRDA:54,2,0,19
BRDA:54,2,1,3
BRDA:56,3,0,0
BRDA:56,3,1,19
BRDA:61,4,0,22
BRDA:61,4,1,0
BRDA:62,5,0,3
BRDA:62,5,1,20
BRDA:62,6,0,23
BRDA:62,6,1,19
BRDA:66,7,0,3
BRDA:66,7,1,16
BRDA:70,8,0,3
BRDA:70,8,1,1
BRDA:71,9,0,1
BRDA:71,9,1,2
BRDA:71,10,0,3
BRDA:71,10,1,2
BRDA:81,11,0,0
BRDA:81,11,1,18
BRDA:82,12,0,2
BRDA:82,12,1,16
BRDA:89,13,0,3
BRDA:89,13,1,12
BRDA:89,14,0,15
BRDA:89,14,1,12
BRDA:93,15,0,11
BRDA:93,15,1,1
BRDA:95,16,0,11
BRDA:95,16,1,11
BRDA:103,17,0,1
BRDA:103,17,1,11
BRDA:112,18,0,1
BRDA:112,18,1,10
BRDA:140,19,0,1
BRDA:140,19,1,9
BRDA:143,20,0,9
BRDA:143,20,1,0
BRDA:170,21,0,13
BRDA:170,21,1,2
BRDA:174,22,0,2
BRDA:174,22,1,0
BRDA:178,23,0,2
BRDA:178,23,1,0
BRDA:186,24,0,1
BRDA:186,24,1,0
BRDA:193,25,0,1
BRDA:193,25,1,0
BRDA:193,26,0,1
BRDA:193,26,1,0
BRDA:196,27,0,0
BRDA:196,27,1,0
BRDA:201,28,0,0
BRDA:201,28,1,1
BRDA:203,29,0,1
BRDA:203,29,1,0
BRDA:213,30,0,1
BRDA:213,30,1,0
BRDA:233,31,0,2
BRDA:233,31,1,0
BRDA:238,32,0,2
BRDA:238,32,1,6
BRDA:241,33,0,5
BRDA:241,33,1,3
BRDA:254,34,0,8
BRDA:254,34,1,2
BRDA:255,35,0,23
BRDA:255,35,1,5
BRDA:259,36,0,3
BRDA:259,36,1,5
BRDA:264,37,0,3
BRDA:264,37,1,1
BRDA:265,38,0,1
BRDA:265,38,1,2
BRDA:280,39,0,2
BRDA:280,39,1,1
BRDA:281,40,0,3
BRDA:281,40,1,3
BRDA:290,41,0,0
BRDA:290,41,1,2
BRDA:310,42,0,3
BRDA:310,42,1,5
BRDA:311,43,0,23
BRDA:311,43,1,0
BRDA:312,44,0,23
BRDA:312,44,1,0
BRDA:313,45,0,23
BRDA:313,45,1,0
BRDA:322,46,0,1
BRDA:322,46,1,1
BRF:94
BRH:74
end_of_record
TN:
SF:lib\route-logic\trash\purge-all.ts
FN:17,(anonymous_0)
FN:29,(anonymous_1)
FNF:2
FNH:2
FNDA:5,(anonymous_0)
FNDA:40,(anonymous_1)
DA:11,3
DA:13,3
DA:18,5
DA:24,5
DA:25,1
DA:28,4
DA:29,40
DA:30,4
LF:8
LH:8
BRDA:24,0,0,1
BRDA:24,0,1,4
BRDA:32,1,0,0
BRDA:32,1,1,4
BRF:4
BRH:3
end_of_record
TN:
SF:lib\route-logic\trash\[kind]\[id].ts
FN:19,(anonymous_0)
FN:55,(anonymous_1)
FNF:2
FNH:2
FNDA:10,(anonymous_0)
FNDA:7,(anonymous_1)
DA:12,5
DA:14,5
DA:20,10
DA:26,10
DA:27,2
DA:30,8
DA:31,8
DA:33,8
DA:34,4
DA:41,4
DA:42,4
DA:43,2
DA:46,2
DA:50,5
DA:56,7
DA:62,7
DA:63,2
DA:66,5
DA:67,5
DA:69,5
DA:70,2
DA:77,3
DA:78,3
DA:79,1
DA:82,2
LF:25
LH:25
BRDA:26,0,0,2
BRDA:26,0,1,8
BRDA:33,1,0,4
BRDA:33,1,1,4
BRDA:42,2,0,2
BRDA:42,2,1,2
BRDA:62,3,0,2
BRDA:62,3,1,5
BRDA:69,4,0,2
BRDA:69,4,1,3
BRDA:78,5,0,1
BRDA:78,5,1,2
BRF:12
BRH:12
end_of_record
TN:
SF:lib\route-logic\trash\[kind]\[id]\restore.ts
FN:19,(anonymous_0)
FNF:1
FNH:1
FNDA:17,(anonymous_0)
DA:12,7
DA:14,7
DA:20,17
DA:26,17
DA:27,2
DA:30,15
DA:31,15
DA:33,15
DA:34,6
DA:42,9
DA:43,9
DA:47,4
DA:48,1
DA:55,3
DA:56,1
DA:58,2
DA:60,5
DA:61,2
DA:64,3
LF:19
LH:19
BRDA:26,0,0,2
BRDA:26,0,1,15
BRDA:33,1,0,6
BRDA:33,1,1,9
BRDA:47,2,0,1
BRDA:47,2,1,3
BRDA:55,3,0,1
BRDA:55,3,1,2
BRDA:60,4,0,2
BRDA:60,4,1,3
BRF:10
BRH:10
end_of_record
TN:
SF:lib\route-logic\user\2fa.ts
FN:44,(anonymous_0)
FNF:1
FNH:1
FNDA:24,(anonymous_0)
DA:23,6
DA:40,6
DA:45,24
DA:51,24
DA:52,1
DA:55,23
DA:58,23
DA:60,23
DA:61,13
DA:62,1
DA:68,12
DA:69,12
DA:71,1
DA:77,11
DA:78,11
DA:79,11
DA:80,9
DA:91,9
DA:93,11
DA:94,2
DA:101,2
DA:104,9
DA:105,9
DA:107,9
DA:115,9
DA:119,10
DA:120,2
DA:122,8
DA:123,8
DA:124,1
DA:132,1
DA:145,7
DA:146,7
DA:147,7
DA:148,6
DA:149,6
DA:150,6
DA:151,6
DA:152,3
DA:163,3
DA:166,1
DA:169,7
DA:170,4
DA:172,4
DA:173,1
DA:175,1
DA:177,1
DA:181,1
DA:182,1
DA:187,7
DA:188,3
DA:196,3
DA:199,4
DA:200,4
DA:201,4
DA:202,4
DA:204,4
DA:212,4
LF:58
LH:58
BRDA:51,0,0,1
BRDA:51,0,1,23
BRDA:58,1,0,0
BRDA:58,1,1,23
BRDA:60,2,0,13
BRDA:60,2,1,10
BRDA:61,3,0,1
BRDA:61,3,1,12
BRDA:79,4,0,9
BRDA:79,4,1,2
BRDA:93,5,0,2
BRDA:93,5,1,9
BRDA:119,6,0,2
BRDA:119,6,1,8
BRDA:123,7,0,1
BRDA:123,7,1,7
BRDA:147,8,0,6
BRDA:147,8,1,1
BRDA:147,9,0,7
BRDA:147,9,1,6
BRDA:151,10,0,3
BRDA:151,10,1,3
BRDA:169,11,0,4
BRDA:169,11,1,3
BRDA:169,12,0,7
BRDA:169,12,1,4
BRDA:172,13,0,1
BRDA:172,13,1,3
BRDA:175,14,0,1
BRDA:175,14,1,0
BRDA:181,15,0,1
BRDA:181,15,1,0
BRDA:187,16,0,3
BRDA:187,16,1,4
BRF:34
BRH:31
end_of_record
TN:
SF:lib\route-logic\user\password.ts
FN:24,(anonymous_0)
FNF:1
FNH:1
FNDA:9,(anonymous_0)
DA:20,4
DA:25,9
DA:31,9
DA:32,2
DA:35,7
DA:36,3
DA:42,4
DA:43,4
DA:44,1
DA:47,3
DA:48,3
DA:49,1
DA:56,1
DA:59,2
DA:60,2
DA:61,2
DA:63,2
DA:71,2
LF:18
LH:18
BRDA:31,0,0,2
BRDA:31,0,1,7
BRDA:35,1,0,3
BRDA:35,1,1,4
BRDA:43,2,0,1
BRDA:43,2,1,3
BRDA:43,3,0,4
BRDA:43,3,1,4
BRDA:48,4,0,1
BRDA:48,4,1,2
BRF:10
BRH:10
end_of_record
TN:
SF:lib\route-logic\user\preferences.ts
FN:31,(anonymous_0)
FN:37,(anonymous_1)
FN:47,(anonymous_2)
FN:61,normalize
FN:109,(anonymous_4)
FN:132,(anonymous_5)
FNF:6
FNH:6
FNDA:1,(anonymous_0)
FNDA:2,(anonymous_1)
FNDA:1,(anonymous_2)
FNDA:5,normalize
FNDA:5,(anonymous_4)
FNDA:6,(anonymous_5)
DA:23,2
DA:25,2
DA:26,2
DA:27,2
DA:29,2
DA:31,1
DA:35,2
DA:37,2
DA:41,2
DA:45,2
DA:47,1
DA:51,2
DA:62,5
DA:68,5
DA:69,5
DA:70,5
DA:71,1
DA:72,1
DA:73,1
DA:74,1
DA:75,1
DA:76,2
DA:77,2
DA:79,1
DA:84,5
DA:85,5
DA:86,5
DA:87,1
DA:88,1
DA:89,1
DA:90,1
DA:91,1
DA:92,1
DA:93,2
DA:94,2
DA:95,2
DA:96,2
DA:97,2
DA:99,1
DA:103,5
DA:106,2
DA:110,5
DA:116,5
DA:117,2
DA:120,3
DA:121,3
DA:122,5
DA:123,5
DA:124,5
DA:128,2
DA:133,6
DA:139,6
DA:140,1
DA:143,5
DA:148,5
DA:149,1
DA:150,1
DA:152,1
DA:153,1
DA:154,1
DA:155,1
DA:157,1
DA:160,1
DA:161,1
DA:162,1
DA:163,1
DA:165,1
DA:169,5
DA:170,4
DA:173,1
DA:181,1
LF:71
LH:71
BRDA:62,0,0,5
BRDA:62,0,1,0
BRDA:62,1,0,5
BRDA:62,1,1,5
BRDA:70,2,0,1
BRDA:70,2,1,4
BRDA:70,3,0,5
BRDA:70,3,1,1
BRDA:70,3,2,1
BRDA:72,4,0,0
BRDA:72,4,1,1
BRDA:73,5,0,0
BRDA:73,5,1,1
BRDA:73,6,0,1
BRDA:73,6,1,1
BRDA:73,6,2,1
BRDA:76,7,0,0
BRDA:76,7,1,2
BRDA:86,8,0,1
BRDA:86,8,1,4
BRDA:86,9,0,5
BRDA:86,9,1,1
BRDA:86,9,2,1
BRDA:88,10,0,0
BRDA:88,10,1,1
BRDA:89,11,0,0
BRDA:89,11,1,1
BRDA:93,12,0,0
BRDA:93,12,1,2
BRDA:93,13,0,2
BRDA:93,13,1,2
BRDA:94,14,0,0
BRDA:94,14,1,2
BRDA:97,15,0,0
BRDA:97,15,1,2
BRDA:116,16,0,2
BRDA:116,16,1,3
BRDA:139,17,0,1
BRDA:139,17,1,5
BRDA:148,18,0,1
BRDA:148,18,1,4
BRDA:148,19,0,5
BRDA:148,19,1,4
BRDA:152,20,0,1
BRDA:152,20,1,0
BRDA:160,21,0,1
BRDA:160,21,1,0
BRDA:169,22,0,4
BRDA:169,22,1,1
BRF:49
BRH:38
end_of_record
TN:
SF:lib\route-logic\user\2fa\setup.ts
FN:48,(anonymous_0)
FN:179,(anonymous_1)
FN:202,(anonymous_2)
FNF:3
FNH:3
FNDA:26,(anonymous_0)
FNDA:170,(anonymous_1)
FNDA:17,(anonymous_2)
DA:31,5
DA:44,5
DA:52,26
DA:58,26
DA:59,1
DA:62,25
DA:65,25
DA:70,25
DA:71,1
DA:73,24
DA:74,24
DA:75,2
DA:83,2
DA:89,22
DA:90,8
DA:91,8
DA:92,3
DA:114,5
DA:115,5
DA:116,5
DA:117,4
DA:118,4
DA:119,4
DA:120,4
DA:121,2
DA:132,2
DA:135,1
DA:138,5
DA:140,3
DA:147,3
DA:148,1
DA:150,1
DA:152,1
DA:156,1
DA:157,1
DA:159,1
DA:164,5
DA:165,2
DA:173,2
DA:177,17
DA:178,17
DA:179,170
DA:185,17
DA:186,17
DA:187,17
DA:188,16
DA:190,1
DA:191,1
DA:192,1
DA:195,17
DA:199,17
DA:201,17
DA:202,17
DA:203,17
DA:204,17
DA:207,17
DA:211,17
DA:214,17
DA:219,17
DA:220,17
DA:222,17
DA:230,17
DA:236,17
LF:63
LH:63
BRDA:58,0,0,1
BRDA:58,0,1,25
BRDA:65,1,0,0
BRDA:65,1,1,25
BRDA:70,2,0,1
BRDA:70,2,1,24
BRDA:74,3,0,2
BRDA:74,3,1,22
BRDA:77,4,0,0
BRDA:77,4,1,2
BRDA:89,5,0,8
BRDA:89,5,1,14
BRDA:91,6,0,3
BRDA:91,6,1,5
BRDA:116,7,0,4
BRDA:116,7,1,1
BRDA:116,8,0,5
BRDA:116,8,1,4
BRDA:120,9,0,2
BRDA:120,9,1,2
BRDA:138,10,0,3
BRDA:138,10,1,2
BRDA:138,11,0,5
BRDA:138,11,1,3
BRDA:147,12,0,1
BRDA:147,12,1,2
BRDA:150,13,0,1
BRDA:150,13,1,0
BRDA:156,14,0,1
BRDA:156,14,1,0
BRDA:164,15,0,2
BRDA:164,15,1,3
BRDA:187,16,0,16
BRDA:187,16,1,1
BRDA:191,17,0,1
BRDA:191,17,1,0
BRDA:191,18,0,1
BRDA:191,18,1,1
BRDA:195,19,0,17
BRDA:195,19,1,0
BRDA:201,20,0,17
BRDA:201,20,1,17
BRDA:203,21,0,17
BRDA:203,21,1,0
BRDA:207,22,0,17
BRDA:207,22,1,0
BRF:46
BRH:38
end_of_record
