TN:
SF:lib\route-logic\audit-log.ts
FN:24,encodeCursor
FN:28,csvField
FN:33,decodeCursor
FN:49,(anonymous_3)
FN:189,(anonymous_4)
FNF:5
FNH:4
FNDA:0,encodeCursor
FNDA:5,csvField
FNDA:2,decodeCursor
FNDA:13,(anonymous_3)
FNDA:2,(anonymous_4)
DA:14,2
DA:16,2
DA:17,2
DA:25,0
DA:29,5
DA:30,5
DA:34,2
DA:35,2
DA:36,2
DA:37,2
DA:38,0
DA:39,0
DA:41,2
DA:45,2
DA:50,13
DA:56,13
DA:57,0
DA:60,13
DA:61,13
DA:62,13
DA:67,13
DA:68,13
DA:69,13
DA:70,13
DA:71,13
DA:72,13
DA:73,13
DA:75,13
DA:78,13
DA:79,3
DA:80,1
DA:82,2
DA:84,12
DA:85,4
DA:86,1
DA:88,3
DA:92,3
DA:93,1
DA:95,2
DA:97,10
DA:98,1
DA:99,0
DA:101,1
DA:104,10
DA:105,4
DA:106,1
DA:111,3
DA:112,3
DA:113,3
DA:114,3
DA:115,3
DA:116,0
DA:118,3
DA:119,3
DA:120,3
DA:122,3
DA:123,3
DA:126,9
DA:127,2
DA:128,2
DA:133,2
DA:143,2
DA:144,2
DA:145,1
DA:158,2
DA:159,2
DA:160,2
DA:170,7
DA:171,2
DA:172,2
DA:173,2
DA:175,0
DA:176,0
DA:182,5
DA:187,5
DA:188,5
DA:189,13
DA:201,13
DA:202,13
DA:203,0
DA:204,0
DA:210,5
LF:82
LH:72
BRDA:29,0,0,5
BRDA:29,0,1,0
BRDA:37,1,0,0
BRDA:37,1,1,2
BRDA:37,2,0,2
BRDA:37,2,1,0
BRDA:38,3,0,0
BRDA:38,3,1,0
BRDA:56,4,0,0
BRDA:56,4,1,13
BRDA:61,5,0,13
BRDA:61,5,1,8
BRDA:64,6,0,13
BRDA:64,6,1,0
BRDA:67,7,0,13
BRDA:67,7,1,10
BRDA:68,8,0,13
BRDA:68,8,1,9
BRDA:69,9,0,13
BRDA:69,9,1,12
BRDA:70,10,0,13
BRDA:70,10,1,9
BRDA:71,11,0,13
BRDA:71,11,1,10
BRDA:72,12,0,13
BRDA:72,12,1,11
BRDA:73,13,0,13
BRDA:73,13,1,11
BRDA:78,14,0,3
BRDA:78,14,1,10
BRDA:79,15,0,1
BRDA:79,15,1,2
BRDA:79,16,0,3
BRDA:79,16,1,3
BRDA:84,17,0,4
BRDA:84,17,1,8
BRDA:85,18,0,1
BRDA:85,18,1,3
BRDA:92,19,0,1
BRDA:92,19,1,2
BRDA:97,20,0,1
BRDA:97,20,1,9
BRDA:98,21,0,0
BRDA:98,21,1,1
BRDA:98,22,0,1
BRDA:98,22,1,1
BRDA:104,23,0,4
BRDA:104,23,1,6
BRDA:104,24,0,10
BRDA:104,24,1,6
BRDA:105,25,0,1
BRDA:105,25,1,3
BRDA:105,26,0,4
BRDA:105,26,1,4
BRDA:115,27,0,0
BRDA:115,27,1,3
BRDA:119,28,0,3
BRDA:119,28,1,0
BRDA:126,29,0,2
BRDA:126,29,1,7
BRDA:147,30,0,1
BRDA:147,30,1,0
BRDA:148,31,0,1
BRDA:148,31,1,0
BRDA:149,32,0,1
BRDA:149,32,1,0
BRDA:150,33,0,1
BRDA:150,33,1,0
BRDA:151,34,0,1
BRDA:151,34,1,0
BRDA:152,35,0,1
BRDA:152,35,1,0
BRDA:153,36,0,1
BRDA:153,36,1,0
BRDA:154,37,0,1
BRDA:154,37,1,0
BRDA:170,38,0,2
BRDA:170,38,1,5
BRDA:172,39,0,2
BRDA:172,39,1,0
BRDA:188,40,0,0
BRDA:188,40,1,5
BRDA:191,41,0,2
BRDA:191,41,1,0
BRDA:192,42,0,2
BRDA:192,42,1,0
BRDA:193,43,0,2
BRDA:193,43,1,0
BRDA:194,44,0,2
BRDA:194,44,1,0
BRDA:195,45,0,2
BRDA:195,45,1,1
BRDA:196,46,0,2
BRDA:196,46,1,0
BRDA:197,47,0,2
BRDA:197,47,1,1
BRDA:202,48,0,0
BRDA:202,48,1,13
BRF:98
BRH:72
end_of_record
TN:
SF:lib\route-logic\calculations.ts
FN:13,(anonymous_0)
FN:45,(anonymous_1)
FN:50,(anonymous_2)
FN:72,(anonymous_3)
FNF:4
FNH:4
FNDA:7,(anonymous_0)
FNDA:5,(anonymous_1)
FNDA:1,(anonymous_2)
FNDA:5,(anonymous_3)
DA:9,3
DA:14,7
DA:20,7
DA:21,0
DA:24,7
DA:25,7
DA:27,7
DA:28,3
DA:29,3
DA:30,1
DA:32,2
DA:33,2
DA:37,2
DA:39,0
DA:41,2
DA:45,4
DA:47,5
DA:51,1
DA:56,4
DA:67,3
DA:73,5
DA:79,5
DA:80,1
DA:83,4
DA:85,4
DA:92,3
LF:26
LH:24
BRDA:20,0,0,0
BRDA:20,0,1,7
BRDA:27,1,0,3
BRDA:27,1,1,4
BRDA:29,2,0,1
BRDA:29,2,1,2
BRDA:29,3,0,3
BRDA:29,3,1,2
BRDA:37,4,0,0
BRDA:37,4,1,2
BRDA:79,5,0,1
BRDA:79,5,1,4
BRF:12
BRH:10
end_of_record
TN:
SF:lib\route-logic\cycle-config.ts
FN:8,normalizeCalendar
FN:19,(anonymous_1)
FN:71,(anonymous_2)
FN:82,(anonymous_3)
FNF:4
FNH:3
FNDA:17,normalizeCalendar
FNDA:6,(anonymous_1)
FNDA:13,(anonymous_2)
FNDA:0,(anonymous_3)
DA:9,17
DA:12,5
DA:15,5
DA:20,6
DA:26,6
DA:27,2
DA:30,4
DA:32,4
DA:33,1
DA:48,3
DA:67,5
DA:72,13
DA:78,13
DA:79,1
DA:82,12
DA:83,12
DA:84,2
DA:94,10
DA:96,10
DA:100,10
DA:106,13
DA:107,1
DA:112,9
DA:113,1
DA:118,8
DA:119,1
DA:128,7
DA:129,4
DA:130,1
DA:136,6
DA:137,3
DA:138,3
DA:139,1
DA:145,5
DA:146,2
DA:147,2
DA:148,1
DA:156,4
DA:158,4
DA:171,13
DA:173,3
DA:181,3
DA:186,3
DA:203,3
DA:224,1
DA:227,1
DA:234,1
DA:251,1
LF:48
LH:48
BRDA:9,0,0,5
BRDA:9,0,1,12
BRDA:26,1,0,2
BRDA:26,1,1,4
BRDA:32,2,0,1
BRDA:32,2,1,3
BRDA:54,3,0,3
BRDA:54,3,1,0
BRDA:56,4,0,3
BRDA:56,4,1,0
BRDA:78,5,0,1
BRDA:78,5,1,12
BRDA:83,6,0,2
BRDA:83,6,1,10
BRDA:83,7,0,12
BRDA:83,7,1,12
BRDA:83,7,2,12
BRDA:100,8,0,4
BRDA:100,8,1,6
BRDA:106,9,0,1
BRDA:106,9,1,12
BRDA:106,10,0,13
BRDA:106,10,1,9
BRDA:112,11,0,1
BRDA:112,11,1,8
BRDA:112,12,0,9
BRDA:112,12,1,9
BRDA:118,13,0,1
BRDA:118,13,1,7
BRDA:118,14,0,8
BRDA:118,14,1,8
BRDA:128,15,0,4
BRDA:128,15,1,3
BRDA:129,16,0,1
BRDA:129,16,1,3
BRDA:129,17,0,4
BRDA:129,17,1,3
BRDA:136,18,0,3
BRDA:136,18,1,3
BRDA:136,19,0,6
BRDA:136,19,1,3
BRDA:138,20,0,1
BRDA:138,20,1,2
BRDA:138,21,0,3
BRDA:138,21,1,3
BRDA:138,21,2,3
BRDA:145,22,0,2
BRDA:145,22,1,3
BRDA:145,23,0,5
BRDA:145,23,1,2
BRDA:147,24,0,1
BRDA:147,24,1,1
BRDA:147,25,0,2
BRDA:147,25,1,2
BRDA:147,25,2,2
BRDA:162,26,0,1
BRDA:162,26,1,3
BRDA:162,27,0,4
BRDA:162,27,1,1
BRDA:165,28,0,1
BRDA:165,28,1,3
BRDA:165,29,0,13
BRDA:165,29,1,1
BRDA:168,30,0,4
BRDA:168,30,1,0
BRDA:171,31,0,3
BRDA:171,31,1,10
BRDA:177,32,0,3
BRDA:177,32,1,3
BRDA:177,32,2,0
BRDA:209,33,0,3
BRDA:209,33,1,0
BRDA:213,34,0,3
BRDA:213,34,1,0
BRDA:229,35,0,1
BRDA:229,35,1,1
BRDA:258,36,0,1
BRDA:258,36,1,0
BRDA:260,37,0,1
BRDA:260,37,1,0
BRF:80
BRH:72
end_of_record
TN:
SF:lib\route-logic\dashboard-stats.ts
FN:24,(anonymous_0)
FNF:1
FNH:1
FNDA:8,(anonymous_0)
DA:21,3
DA:25,8
DA:31,8
DA:32,0
DA:35,8
DA:37,8
DA:38,8
DA:39,8
DA:40,8
DA:41,4
DA:42,4
DA:43,1
DA:45,3
DA:49,7
DA:58,7
DA:60,7
DA:61,7
DA:62,7
DA:63,7
DA:64,6
DA:65,4
DA:66,4
DA:67,4
DA:69,2
DA:70,2
DA:71,1
DA:72,2
DA:73,2
DA:75,1
DA:80,7
LF:30
LH:29
BRDA:31,0,0,0
BRDA:31,0,1,8
BRDA:40,1,0,4
BRDA:40,1,1,4
BRDA:42,2,0,1
BRDA:42,2,1,3
BRDA:42,3,0,4
BRDA:42,3,1,3
BRDA:42,3,2,3
BRDA:63,4,0,6
BRDA:63,4,1,1
BRDA:64,5,0,4
BRDA:64,5,1,2
BRDA:65,6,0,4
BRDA:65,6,1,0
BRDA:66,7,0,4
BRDA:66,7,1,0
BRDA:67,8,0,4
BRDA:67,8,1,0
BRDA:71,9,0,1
BRDA:71,9,1,0
BRDA:72,10,0,2
BRDA:72,10,1,0
BRDA:73,11,0,2
BRDA:73,11,1,0
BRDA:84,12,0,6
BRDA:84,12,1,1
BRF:27
BRH:20
end_of_record
TN:
SF:lib\route-logic\dues-recommendation.ts
FN:22,(anonymous_0)
FNF:1
FNH:1
FNDA:7,(anonymous_0)
DA:7,1
DA:18,1
DA:23,7
DA:29,7
DA:30,0
DA:33,7
DA:35,7
DA:36,7
DA:37,7
DA:38,7
DA:39,2
DA:40,2
DA:41,1
DA:46,1
DA:49,6
DA:50,6
DA:51,6
DA:52,2
DA:53,2
DA:54,1
DA:59,1
DA:62,5
DA:63,5
DA:64,7
DA:65,7
DA:66,2
DA:67,2
DA:68,2
DA:69,2
DA:70,1
DA:75,1
DA:78,4
DA:84,4
LF:33
LH:32
BRDA:29,0,0,0
BRDA:29,0,1,7
BRDA:38,1,0,2
BRDA:38,1,1,5
BRDA:40,2,0,1
BRDA:40,2,1,1
BRDA:40,3,0,2
BRDA:40,3,1,2
BRDA:40,3,2,2
BRDA:51,4,0,2
BRDA:51,4,1,4
BRDA:53,5,0,1
BRDA:53,5,1,1
BRDA:53,6,0,2
BRDA:53,6,1,2
BRDA:53,6,2,1
BRDA:65,7,0,2
BRDA:65,7,1,5
BRDA:69,8,0,1
BRDA:69,8,1,1
BRDA:69,9,0,2
BRDA:69,9,1,2
BRDA:69,9,2,1
BRF:23
BRH:22
end_of_record
TN:
SF:lib\route-logic\email-config.ts
FN:19,(anonymous_0)
FN:56,(anonymous_1)
FNF:2
FNH:2
FNDA:4,(anonymous_0)
FNDA:7,(anonymous_1)
DA:15,2
DA:20,4
DA:26,4
DA:27,0
DA:30,4
DA:32,4
DA:33,1
DA:39,3
DA:51,2
DA:57,7
DA:63,7
DA:64,0
DA:67,7
DA:69,7
DA:71,7
DA:72,5
DA:75,5
DA:80,5
DA:81,5
DA:84,5
DA:90,5
DA:100,5
DA:109,2
DA:110,1
DA:113,1
DA:115,1
DA:123,1
DA:133,1
DA:145,2
DA:148,2
LF:30
LH:28
BRDA:26,0,0,0
BRDA:26,0,1,4
BRDA:32,1,0,1
BRDA:32,1,1,3
BRDA:63,2,0,0
BRDA:63,2,1,7
BRDA:71,3,0,5
BRDA:71,3,1,2
BRDA:73,4,0,5
BRDA:73,4,1,0
BRDA:73,4,2,0
BRDA:80,5,0,5
BRDA:80,5,1,0
BRDA:109,6,0,1
BRDA:109,6,1,1
BRDA:118,7,0,1
BRDA:118,7,1,0
BRF:17
BRH:11
end_of_record
TN:
SF:lib\route-logic\events.ts
FN:17,(anonymous_0)
FN:32,(anonymous_1)
FN:40,(anonymous_2)
FN:46,(anonymous_3)
FN:54,(anonymous_4)
FN:64,(anonymous_5)
FN:68,(anonymous_6)
FN:78,(anonymous_7)
FN:81,(anonymous_8)
FNF:9
FNH:9
FNDA:5,(anonymous_0)
FNDA:5,(anonymous_1)
FNDA:1,(anonymous_2)
FNDA:4,(anonymous_3)
FNDA:5,(anonymous_4)
FNDA:13,(anonymous_5)
FNDA:4,(anonymous_6)
FNDA:4,(anonymous_7)
FNDA:13,(anonymous_8)
DA:13,3
DA:18,5
DA:24,5
DA:25,1
DA:31,4
DA:34,5
DA:41,1
DA:48,4
DA:53,4
DA:54,5
DA:61,4
DA:64,13
DA:68,4
DA:70,4
DA:77,4
DA:78,4
DA:81,4
DA:82,13
DA:84,13
DA:86,13
DA:87,13
DA:100,4
LF:22
LH:22
BRDA:24,0,0,1
BRDA:24,0,1,4
BRDA:42,1,0,1
BRDA:42,1,1,0
BRDA:54,2,0,5
BRDA:54,2,1,0
BRDA:54,3,0,5
BRDA:54,3,1,0
BRDA:64,4,0,13
BRDA:64,4,1,0
BRDA:82,5,0,13
BRDA:82,5,1,0
BRDA:84,6,0,13
BRDA:84,6,1,13
BRDA:84,6,2,0
BRDA:86,7,0,13
BRDA:86,7,1,0
BRDA:92,8,0,13
BRDA:92,8,1,2
BRDA:96,9,0,13
BRDA:96,9,1,8
BRF:21
BRH:14
end_of_record
TN:
SF:lib\route-logic\families.ts
FN:20,(anonymous_0)
FN:62,(anonymous_1)
FN:89,(anonymous_2)
FN:113,(anonymous_3)
FN:135,(anonymous_4)
FN:175,(anonymous_5)
FNF:6
FNH:5
FNDA:9,(anonymous_0)
FNDA:6,(anonymous_1)
FNDA:0,(anonymous_2)
FNDA:8,(anonymous_3)
FNDA:8,(anonymous_4)
FNDA:8,(anonymous_5)
DA:17,4
DA:21,9
DA:27,9
DA:28,2
DA:31,7
DA:32,7
DA:33,7
DA:38,7
DA:39,7
DA:40,5
DA:41,5
DA:43,7
DA:45,9
DA:46,9
DA:51,2
DA:52,2
DA:53,1
DA:55,1
DA:61,6
DA:62,6
DA:63,6
DA:69,6
DA:71,6
DA:72,5
DA:73,5
DA:74,5
DA:75,2
DA:76,2
DA:77,2
DA:78,2
DA:85,1
DA:90,0
DA:97,6
DA:98,0
DA:113,8
DA:114,6
DA:125,6
DA:126,6
DA:127,5
DA:130,6
DA:135,6
DA:136,8
DA:143,8
DA:144,2
DA:145,2
DA:146,2
DA:147,2
DA:149,8
DA:154,6
DA:155,9
DA:170,4
DA:176,8
DA:182,8
DA:183,2
DA:209,6
DA:211,6
DA:212,6
DA:213,1
DA:220,5
DA:221,5
DA:222,5
DA:223,4
DA:224,1
DA:230,1
DA:231,1
DA:242,3
DA:274,3
DA:284,3
LF:68
LH:66
BRDA:27,0,0,2
BRDA:27,0,1,7
BRDA:39,1,0,5
BRDA:39,1,1,2
BRDA:41,2,0,5
BRDA:41,2,1,0
BRDA:43,3,0,5
BRDA:43,3,1,2
BRDA:46,4,0,2
BRDA:46,4,1,7
BRDA:52,5,0,1
BRDA:52,5,1,1
BRDA:71,6,0,5
BRDA:71,6,1,1
BRDA:74,7,0,2
BRDA:74,7,1,3
BRDA:77,8,0,2
BRDA:77,8,1,0
BRDA:79,9,0,2
BRDA:79,9,1,0
BRDA:91,10,0,0
BRDA:91,10,1,0
BRDA:97,11,0,0
BRDA:97,11,1,6
BRDA:98,12,0,0
BRDA:98,12,1,0
BRDA:138,13,0,8
BRDA:138,13,1,0
BRDA:139,14,0,8
BRDA:139,14,1,1
BRDA:140,15,0,8
BRDA:140,15,1,8
BRDA:141,16,0,8
BRDA:141,16,1,3
BRDA:143,17,0,2
BRDA:143,17,1,6
BRDA:154,18,0,5
BRDA:154,18,1,1
BRDA:182,19,0,2
BRDA:182,19,1,6
BRDA:212,20,0,1
BRDA:212,20,1,5
BRDA:212,21,0,6
BRDA:212,21,1,5
BRDA:223,22,0,1
BRDA:223,22,1,3
BRDA:235,23,0,1
BRDA:235,23,1,1
BRDA:236,24,0,1
BRDA:236,24,1,0
BRDA:245,25,0,3
BRDA:245,25,1,3
BRDA:247,26,0,8
BRDA:247,26,1,1
BRDA:248,27,0,8
BRDA:248,27,1,3
BRDA:249,28,0,8
BRDA:249,28,1,3
BRDA:250,29,0,8
BRDA:250,29,1,3
BRDA:251,30,0,8
BRDA:251,30,1,3
BRDA:252,31,0,8
BRDA:252,31,1,3
BRDA:253,32,0,8
BRDA:253,32,1,3
BRDA:254,33,0,8
BRDA:254,33,1,3
BRDA:255,34,0,8
BRDA:255,34,1,3
BRDA:256,35,0,8
BRDA:256,35,1,3
BRDA:257,36,0,8
BRDA:257,36,1,3
BRDA:258,37,0,8
BRDA:258,37,1,3
BRDA:259,38,0,8
BRDA:259,38,1,3
BRDA:260,39,0,8
BRDA:260,39,1,3
BRDA:261,40,0,8
BRDA:261,40,1,3
BRDA:264,41,0,0
BRDA:264,41,1,3
BRDA:264,42,0,8
BRDA:264,42,1,0
BRDA:264,42,2,0
BRDA:268,43,0,0
BRDA:268,43,1,3
BRDA:268,44,0,8
BRDA:268,44,1,0
BRDA:268,44,2,0
BRF:92
BRH:76
end_of_record
TN:
SF:lib\route-logic\import.ts
FN:38,parseCSV
FN:48,(anonymous_1)
FN:54,(anonymous_2)
FN:57,(anonymous_3)
FN:109,parseXlsx
FN:122,(anonymous_5)
FN:127,(anonymous_6)
FN:133,(anonymous_7)
FN:142,xlsxCellToString
FN:150,(anonymous_9)
FN:159,normalizeColumnName
FN:169,parseDate
FN:190,parseMoneyAmount
FN:201,escapeRegex
FN:206,findFamilyByNameOrEmail
FN:244,(anonymous_15)
FN:312,(anonymous_16)
FN:314,(anonymous_17)
FN:428,importFamilies
FN:436,(anonymous_19)
FN:442,(anonymous_20)
FN:455,(anonymous_21)
FN:553,importMembers
FN:561,(anonymous_23)
FN:633,importPayments
FN:643,(anonymous_25)
FN:764,importLifecycleEvents
FN:774,(anonymous_27)
FNF:28
FNH:28
FNDA:89,parseCSV
FNDA:40670,(anonymous_1)
FNDA:20183,(anonymous_2)
FNDA:20184,(anonymous_3)
FNDA:7,parseXlsx
FNDA:77,(anonymous_5)
FNDA:12,(anonymous_6)
FNDA:6,(anonymous_7)
FNDA:160,xlsxCellToString
FNDA:2,(anonymous_9)
FNDA:1266,normalizeColumnName
FNDA:105,parseDate
FNDA:46,parseMoneyAmount
FNDA:58,escapeRegex
FNDA:39,findFamilyByNameOrEmail
FNDA:102,(anonymous_15)
FNDA:390,(anonymous_16)
FNDA:390,(anonymous_17)
FNDA:21,importFamilies
FNDA:422,(anonymous_19)
FNDA:21,(anonymous_20)
FNDA:30,(anonymous_21)
FNDA:14,importMembers
FNDA:110,(anonymous_23)
FNDA:25,importPayments
FNDA:214,(anonymous_25)
FNDA:22,importLifecycleEvents
FNDA:128,(anonymous_27)
DA:12,9
DA:41,89
DA:43,89
DA:44,89
DA:45,89
DA:46,89
DA:48,89
DA:51,40670
DA:52,40670
DA:54,89
DA:55,20183
DA:57,20184
DA:58,20183
DA:61,89
DA:62,395986
DA:63,395986
DA:64,60
DA:66,9
DA:67,3
DA:68,3
DA:70,6
DA:73,51
DA:75,60
DA:77,395926
DA:78,6
DA:79,6
DA:81,395920
DA:82,20487
DA:83,20487
DA:85,375433
DA:87,1
DA:88,1
DA:89,1
DA:91,375432
DA:92,20099
DA:93,20099
DA:95,355333
DA:98,89
DA:100,89
DA:101,88
DA:102,88
DA:103,88
DA:112,7
DA:117,7
DA:118,7
DA:120,6
DA:121,6
DA:122,6
DA:123,77
DA:126,6
DA:127,6
DA:128,12
DA:129,6
DA:130,6
DA:131,77
DA:133,6
DA:136,6
DA:143,160
DA:144,127
DA:145,126
DA:146,3
DA:147,3
DA:148,2
DA:149,1
DA:150,2
DA:155,123
DA:160,1266
DA:170,105
DA:171,81
DA:172,81
DA:173,81
DA:174,74
DA:175,74
DA:176,74
DA:177,74
DA:178,73
DA:179,73
DA:182,8
DA:183,8
DA:184,2
DA:185,2
DA:186,1
DA:191,46
DA:192,46
DA:193,45
DA:194,41
DA:195,41
DA:196,41
DA:202,58
DA:207,39
DA:209,39
DA:210,39
DA:211,39
DA:216,39
DA:217,1
DA:222,1
DA:224,38
DA:225,37
DA:229,37
DA:231,10
DA:232,1
DA:234,9
DA:237,9
DA:238,9
DA:240,9
DA:245,102
DA:249,102
DA:250,3
DA:253,99
DA:254,99
DA:255,99
DA:260,99
DA:261,102
DA:263,102
DA:264,2
DA:267,97
DA:268,1
DA:274,96
DA:275,96
DA:276,1
DA:279,95
DA:280,1
DA:283,94
DA:284,94
DA:285,2
DA:291,92
DA:293,102
DA:296,102
DA:300,102
DA:301,1
DA:307,91
DA:308,2
DA:312,390
DA:313,89
DA:314,89
DA:315,390
DA:322,89
DA:323,10
DA:324,1
DA:326,9
DA:327,1
DA:332,8
DA:333,8
DA:334,1
DA:336,7
DA:337,6
DA:338,1
DA:340,5
DA:345,5
DA:346,2
DA:348,3
DA:350,79
DA:351,1
DA:354,82
DA:355,82
DA:356,82
DA:358,82
DA:361,82
DA:363,102
DA:365,21
DA:366,21
DA:368,14
DA:369,14
DA:371,25
DA:381,25
DA:383,22
DA:393,22
DA:399,82
DA:416,82
DA:436,21
DA:437,422
DA:438,422
DA:442,21
DA:443,21
DA:446,21
DA:454,21
DA:455,21
DA:456,30
DA:457,30
DA:458,30
DA:462,21
DA:463,23
DA:464,23
DA:465,23
DA:466,23
DA:467,1
DA:468,1
DA:471,22
DA:472,22
DA:473,2
DA:474,2
DA:478,20
DA:479,20
DA:480,20
DA:482,23
DA:483,6
DA:484,1
DA:485,5
DA:486,4
DA:490,1
DA:492,14
DA:493,4
DA:494,4
DA:495,2
DA:496,2
DA:497,1
DA:499,1
DA:509,20
DA:513,20
DA:514,2
DA:515,2
DA:518,18
DA:546,17
DA:548,1
DA:561,14
DA:562,110
DA:563,110
DA:566,14
DA:567,14
DA:568,14
DA:569,14
DA:570,14
DA:571,14
DA:572,1
DA:573,1
DA:580,13
DA:581,2
DA:583,11
DA:584,11
DA:585,11
DA:587,11
DA:588,8
DA:589,8
DA:590,5
DA:592,3
DA:593,3
DA:595,3
DA:596,2
DA:597,1
DA:598,1
DA:600,1
DA:601,1
DA:602,1
DA:603,1
DA:606,1
DA:607,1
DA:609,5
DA:612,7
DA:626,6
DA:628,1
DA:643,25
DA:644,214
DA:645,214
DA:648,25
DA:649,29
DA:650,29
DA:651,29
DA:652,29
DA:653,29
DA:654,1
DA:655,1
DA:658,28
DA:659,28
DA:660,1
DA:661,1
DA:665,27
DA:666,1
DA:668,26
DA:669,26
DA:670,26
DA:672,26
DA:673,20
DA:674,20
DA:675,17
DA:677,3
DA:678,3
DA:680,6
DA:681,5
DA:682,1
DA:683,1
DA:685,4
DA:686,4
DA:687,2
DA:688,2
DA:691,1
DA:692,1
DA:694,19
DA:697,20
DA:699,20
DA:700,1
DA:701,1
DA:702,1
DA:703,1
DA:706,19
DA:709,19
DA:710,19
DA:711,19
DA:712,7
DA:713,2
DA:714,2
DA:716,5
DA:721,5
DA:722,4
DA:723,4
DA:725,1
DA:728,13
DA:729,13
DA:730,13
DA:731,5
DA:732,5
DA:733,5
DA:734,2
DA:735,2
DA:737,3
DA:738,3
DA:739,2
DA:740,2
DA:744,9
DA:757,8
DA:759,1
DA:774,22
DA:775,128
DA:776,128
DA:779,22
DA:780,22
DA:781,22
DA:782,22
DA:783,22
DA:784,1
DA:785,1
DA:788,21
DA:789,21
DA:790,1
DA:791,1
DA:794,20
DA:795,20
DA:797,20
DA:798,14
DA:799,14
DA:800,2
DA:801,2
DA:803,12
DA:805,6
DA:809,6
DA:810,2
DA:813,2
DA:815,4
DA:817,16
DA:818,1
DA:819,1
DA:823,15
DA:824,1
DA:826,14
DA:827,14
DA:828,14
DA:830,14
DA:831,11
DA:832,11
DA:833,8
DA:835,3
DA:836,3
DA:838,3
DA:839,2
DA:840,1
DA:841,1
DA:843,1
DA:844,1
DA:845,1
DA:846,1
DA:849,1
DA:850,1
DA:852,8
DA:855,9
DA:857,9
DA:858,1
DA:859,1
DA:860,1
DA:861,1
DA:864,8
DA:867,8
DA:868,8
DA:869,8
DA:870,3
DA:871,1
DA:872,1
DA:874,2
DA:879,2
DA:880,1
DA:881,1
DA:883,1
DA:886,6
DA:897,5
DA:899,1
LF:393
LH:393
BRDA:41,0,0,1
BRDA:41,0,1,88
BRDA:57,1,0,20183
BRDA:57,1,1,0
BRDA:63,2,0,60
BRDA:63,2,1,395926
BRDA:64,3,0,9
BRDA:64,3,1,51
BRDA:66,4,0,3
BRDA:66,4,1,6
BRDA:77,5,0,6
BRDA:77,5,1,395920
BRDA:77,6,0,395926
BRDA:77,6,1,6
BRDA:81,7,0,20487
BRDA:81,7,1,375433
BRDA:85,8,0,1
BRDA:85,8,1,375432
BRDA:88,9,0,0
BRDA:88,9,1,1
BRDA:91,10,0,20099
BRDA:91,10,1,355333
BRDA:98,11,0,83
BRDA:98,11,1,6
BRDA:98,12,0,89
BRDA:98,12,1,8
BRDA:100,13,0,1
BRDA:100,13,1,88
BRDA:112,14,0,7
BRDA:112,14,1,0
BRDA:118,15,0,1
BRDA:118,15,1,6
BRDA:128,16,0,6
BRDA:128,16,1,6
BRDA:133,17,0,6
BRDA:133,17,1,0
BRDA:143,18,0,33
BRDA:143,18,1,127
BRDA:144,19,0,1
BRDA:144,19,1,126
BRDA:145,20,0,3
BRDA:145,20,1,123
BRDA:147,21,0,1
BRDA:147,21,1,2
BRDA:147,22,0,1
BRDA:147,22,1,0
BRDA:148,23,0,1
BRDA:148,23,1,1
BRDA:149,24,0,1
BRDA:149,24,1,0
BRDA:149,25,0,1
BRDA:149,25,1,1
BRDA:150,26,0,2
BRDA:150,26,1,0
BRDA:170,27,0,24
BRDA:170,27,1,81
BRDA:170,28,0,105
BRDA:170,28,1,81
BRDA:173,29,0,74
BRDA:173,29,1,7
BRDA:177,30,0,73
BRDA:177,30,1,1
BRDA:177,31,0,74
BRDA:177,31,1,74
BRDA:177,31,2,73
BRDA:177,31,3,73
BRDA:179,32,0,0
BRDA:179,32,1,73
BRDA:183,33,0,6
BRDA:183,33,1,2
BRDA:185,34,0,1
BRDA:185,34,1,1
BRDA:185,35,0,2
BRDA:185,35,1,2
BRDA:192,36,0,1
BRDA:192,36,1,45
BRDA:193,37,0,4
BRDA:193,37,1,41
BRDA:195,38,0,0
BRDA:195,38,1,41
BRDA:195,39,0,41
BRDA:195,39,1,41
BRDA:207,40,0,0
BRDA:207,40,1,39
BRDA:207,41,0,39
BRDA:207,41,1,1
BRDA:216,42,0,1
BRDA:216,42,1,38
BRDA:216,43,0,39
BRDA:216,43,1,38
BRDA:222,44,0,1
BRDA:222,44,1,0
BRDA:224,45,0,37
BRDA:224,45,1,1
BRDA:229,46,0,28
BRDA:229,46,1,9
BRDA:231,47,0,1
BRDA:231,47,1,9
BRDA:249,48,0,3
BRDA:249,48,1,99
BRDA:260,49,0,99
BRDA:260,49,1,89
BRDA:261,50,0,102
BRDA:261,50,1,92
BRDA:263,51,0,2
BRDA:263,51,1,100
BRDA:267,52,0,1
BRDA:267,52,1,96
BRDA:275,53,0,1
BRDA:275,53,1,95
BRDA:279,54,0,1
BRDA:279,54,1,94
BRDA:284,55,0,2
BRDA:284,55,1,92
BRDA:291,56,0,92
BRDA:291,56,1,0
BRDA:293,57,0,102
BRDA:293,57,1,85
BRDA:296,58,0,7
BRDA:296,58,1,85
BRDA:300,59,0,1
BRDA:300,59,1,101
BRDA:307,60,0,2
BRDA:307,60,1,89
BRDA:322,61,0,10
BRDA:322,61,1,79
BRDA:323,62,0,1
BRDA:323,62,1,9
BRDA:326,63,0,1
BRDA:326,63,1,8
BRDA:333,64,0,1
BRDA:333,64,1,7
BRDA:336,65,0,6
BRDA:336,65,1,1
BRDA:337,66,0,1
BRDA:337,66,1,5
BRDA:345,67,0,2
BRDA:345,67,1,3
BRDA:350,68,0,1
BRDA:350,68,1,78
BRDA:363,69,0,21
BRDA:363,69,1,14
BRDA:363,69,2,25
BRDA:363,69,3,22
BRDA:363,69,4,0
BRDA:368,70,0,14
BRDA:368,70,1,12
BRDA:378,71,0,25
BRDA:378,71,1,24
BRDA:390,72,0,22
BRDA:390,72,1,21
BRDA:410,73,0,82
BRDA:410,73,1,78
BRDA:411,74,0,102
BRDA:411,74,1,79
BRDA:438,75,0,113
BRDA:438,75,1,309
BRDA:438,76,0,113
BRDA:438,76,1,50
BRDA:457,77,0,30
BRDA:457,77,1,0
BRDA:466,78,0,1
BRDA:466,78,1,22
BRDA:472,79,0,2
BRDA:472,79,1,20
BRDA:480,80,0,20
BRDA:480,80,1,13
BRDA:482,81,0,6
BRDA:482,81,1,14
BRDA:483,82,0,1
BRDA:483,82,1,5
BRDA:485,83,0,4
BRDA:485,83,1,1
BRDA:492,84,0,4
BRDA:492,84,1,10
BRDA:494,85,0,2
BRDA:494,85,1,2
BRDA:496,86,0,1
BRDA:496,86,1,1
BRDA:513,87,0,2
BRDA:513,87,1,18
BRDA:521,88,0,18
BRDA:521,88,1,18
BRDA:523,89,0,23
BRDA:523,89,1,18
BRDA:524,90,0,23
BRDA:524,90,1,18
BRDA:525,91,0,23
BRDA:525,91,1,18
BRDA:526,92,0,23
BRDA:526,92,1,18
BRDA:527,93,0,23
BRDA:527,93,1,18
BRDA:528,94,0,23
BRDA:528,94,1,18
BRDA:529,95,0,23
BRDA:529,95,1,12
BRDA:530,96,0,23
BRDA:530,96,1,18
BRDA:531,97,0,23
BRDA:531,97,1,18
BRDA:531,97,2,18
BRDA:532,98,0,23
BRDA:532,98,1,18
BRDA:532,98,2,18
BRDA:533,99,0,23
BRDA:533,99,1,18
BRDA:534,100,0,23
BRDA:534,100,1,18
BRDA:535,101,0,23
BRDA:535,101,1,18
BRDA:536,102,0,23
BRDA:536,102,1,18
BRDA:537,103,0,23
BRDA:537,103,1,18
BRDA:538,104,0,23
BRDA:538,104,1,17
BRDA:540,105,0,3
BRDA:540,105,1,15
BRDA:540,106,0,23
BRDA:540,106,1,6
BRDA:548,107,0,1
BRDA:548,107,1,0
BRDA:563,108,0,48
BRDA:563,108,1,62
BRDA:563,109,0,48
BRDA:563,109,1,2
BRDA:571,110,0,1
BRDA:571,110,1,13
BRDA:571,111,0,14
BRDA:571,111,1,13
BRDA:580,112,0,2
BRDA:580,112,1,11
BRDA:587,113,0,8
BRDA:587,113,1,3
BRDA:587,114,0,11
BRDA:587,114,1,9
BRDA:587,114,2,2
BRDA:589,115,0,5
BRDA:589,115,1,3
BRDA:595,116,0,2
BRDA:595,116,1,1
BRDA:596,117,0,1
BRDA:596,117,1,1
BRDA:601,118,0,1
BRDA:601,118,1,0
BRDA:617,119,0,7
BRDA:617,119,1,7
BRDA:618,120,0,14
BRDA:618,120,1,7
BRDA:619,121,0,14
BRDA:619,121,1,2
BRDA:620,122,0,14
BRDA:620,122,1,3
BRDA:621,123,0,14
BRDA:621,123,1,7
BRDA:622,124,0,14
BRDA:622,124,1,7
BRDA:623,125,0,14
BRDA:623,125,1,7
BRDA:628,126,0,1
BRDA:628,126,1,0
BRDA:645,127,0,105
BRDA:645,127,1,109
BRDA:645,128,0,105
BRDA:645,128,1,1
BRDA:653,129,0,1
BRDA:653,129,1,28
BRDA:659,130,0,1
BRDA:659,130,1,27
BRDA:665,131,0,1
BRDA:665,131,1,26
BRDA:672,132,0,20
BRDA:672,132,1,6
BRDA:672,133,0,26
BRDA:672,133,1,21
BRDA:672,133,2,1
BRDA:674,134,0,17
BRDA:674,134,1,3
BRDA:680,135,0,5
BRDA:680,135,1,1
BRDA:681,136,0,1
BRDA:681,136,1,4
BRDA:686,137,0,2
BRDA:686,137,1,2
BRDA:699,138,0,1
BRDA:699,138,1,19
BRDA:701,139,0,1
BRDA:701,139,1,0
BRDA:701,140,0,1
BRDA:701,140,1,1
BRDA:701,140,2,0
BRDA:711,141,0,7
BRDA:711,141,1,12
BRDA:712,142,0,2
BRDA:712,142,1,5
BRDA:721,143,0,4
BRDA:721,143,1,1
BRDA:730,144,0,5
BRDA:730,144,1,8
BRDA:733,145,0,2
BRDA:733,145,1,3
BRDA:733,146,0,5
BRDA:733,146,1,3
BRDA:738,147,0,2
BRDA:738,147,1,1
BRDA:747,148,0,9
BRDA:747,148,1,7
BRDA:751,149,0,29
BRDA:751,149,1,4
BRDA:752,150,0,29
BRDA:752,150,1,5
BRDA:753,151,0,29
BRDA:753,151,1,9
BRDA:754,152,0,1
BRDA:754,152,1,8
BRDA:759,153,0,1
BRDA:759,153,1,0
BRDA:776,154,0,73
BRDA:776,154,1,55
BRDA:776,155,0,73
BRDA:776,155,1,0
BRDA:783,156,0,1
BRDA:783,156,1,21
BRDA:789,157,0,1
BRDA:789,157,1,20
BRDA:797,158,0,14
BRDA:797,158,1,6
BRDA:799,159,0,2
BRDA:799,159,1,12
BRDA:809,160,0,2
BRDA:809,160,1,4
BRDA:815,161,0,4
BRDA:815,161,1,0
BRDA:817,162,0,1
BRDA:817,162,1,15
BRDA:817,163,0,16
BRDA:817,163,1,16
BRDA:823,164,0,1
BRDA:823,164,1,14
BRDA:830,165,0,11
BRDA:830,165,1,3
BRDA:830,166,0,14
BRDA:830,166,1,12
BRDA:830,166,2,1
BRDA:832,167,0,8
BRDA:832,167,1,3
BRDA:838,168,0,2
BRDA:838,168,1,1
BRDA:839,169,0,1
BRDA:839,169,1,1
BRDA:844,170,0,1
BRDA:844,170,1,0
BRDA:857,171,0,1
BRDA:857,171,1,8
BRDA:859,172,0,1
BRDA:859,172,1,0
BRDA:859,173,0,1
BRDA:859,173,1,1
BRDA:859,173,2,0
BRDA:869,174,0,3
BRDA:869,174,1,5
BRDA:870,175,0,1
BRDA:870,175,1,2
BRDA:879,176,0,1
BRDA:879,176,1,1
BRDA:889,177,0,6
BRDA:889,177,1,4
BRDA:894,178,0,22
BRDA:894,178,1,6
BRDA:899,179,0,1
BRDA:899,179,1,0
BRF:372
BRH:346
end_of_record
TN:
SF:lib\route-logic\lifecycle-event-types.ts
FN:15,(anonymous_0)
FN:26,(anonymous_1)
FN:41,(anonymous_2)
FNF:3
FNH:3
FNDA:5,(anonymous_0)
FNDA:3,(anonymous_1)
FNDA:6,(anonymous_2)
DA:8,3
DA:11,3
DA:16,5
DA:22,5
DA:23,2
DA:26,3
DA:28,3
DA:31,3
DA:36,3
DA:42,6
DA:48,6
DA:49,2
DA:52,4
DA:55,4
DA:59,4
DA:60,1
DA:63,3
DA:70,3
DA:80,3
LF:19
LH:19
BRDA:22,0,0,2
BRDA:22,0,1,3
BRDA:48,1,0,2
BRDA:48,1,1,4
BRDA:59,2,0,1
BRDA:59,2,1,3
BRF:6
BRH:6
end_of_record
TN:
SF:lib\route-logic\notifications.ts
FN:32,visibilityFilter
FN:39,isReadForUser
FN:43,(anonymous_2)
FN:46,countUnreadNotifications
FN:76,(anonymous_4)
FN:98,(anonymous_5)
FN:128,(anonymous_6)
FN:148,(anonymous_7)
FNF:8
FNH:7
FNDA:11,visibilityFilter
FNDA:9,isReadForUser
FNDA:0,(anonymous_2)
FNDA:4,countUnreadNotifications
FNDA:5,(anonymous_4)
FNDA:9,(anonymous_5)
FNDA:9,(anonymous_6)
FNDA:1,(anonymous_7)
DA:25,3
DA:27,3
DA:33,11
DA:40,9
DA:42,1
DA:43,9
DA:51,4
DA:52,4
DA:54,4
DA:60,4
DA:65,4
DA:66,0
DA:69,4
DA:72,3
DA:77,5
DA:83,5
DA:84,1
DA:87,4
DA:88,4
DA:89,4
DA:90,4
DA:91,0
DA:93,4
DA:98,9
DA:110,4
DA:115,4
DA:119,3
DA:124,3
DA:129,9
DA:135,9
DA:136,2
DA:139,7
DA:140,7
DA:141,7
DA:143,7
DA:144,2
DA:147,5
DA:148,1
DA:151,5
DA:154,5
DA:159,5
DA:164,5
DA:165,0
DA:167,5
DA:171,5
LF:45
LH:42
BRDA:40,0,0,8
BRDA:40,0,1,1
BRDA:42,1,0,1
BRDA:42,1,1,0
BRDA:65,2,0,0
BRDA:65,2,1,4
BRDA:83,3,0,1
BRDA:83,3,1,4
BRDA:90,4,0,0
BRDA:90,4,1,4
BRDA:95,5,0,4
BRDA:95,5,1,2
BRDA:102,6,0,9
BRDA:102,6,1,0
BRDA:103,7,0,9
BRDA:103,7,1,3
BRDA:107,8,0,9
BRDA:107,8,1,5
BRDA:135,9,0,2
BRDA:135,9,1,7
BRDA:143,10,0,2
BRDA:143,10,1,5
BRDA:143,11,0,7
BRDA:143,11,1,3
BRDA:147,12,0,1
BRDA:147,12,1,4
BRDA:164,13,0,0
BRDA:164,13,1,5
BRF:28
BRH:23
end_of_record
TN:
SF:lib\route-logic\org-members.ts
FN:14,(anonymous_0)
FN:26,(anonymous_1)
FN:35,(anonymous_2)
FN:54,(anonymous_3)
FN:62,(anonymous_4)
FN:88,(anonymous_5)
FN:178,(anonymous_6)
FN:232,(anonymous_7)
FNF:8
FNH:7
FNDA:4,(anonymous_0)
FNDA:4,(anonymous_1)
FNDA:4,(anonymous_2)
FNDA:9,(anonymous_3)
FNDA:7,(anonymous_4)
FNDA:9,(anonymous_5)
FNDA:5,(anonymous_6)
FNDA:0,(anonymous_7)
DA:10,2
DA:15,4
DA:21,4
DA:22,0
DA:25,4
DA:28,4
DA:37,4
DA:50,4
DA:52,4
DA:54,9
DA:62,7
DA:77,2
DA:83,2
DA:89,9
DA:95,9
DA:96,0
DA:99,9
DA:100,1
DA:103,8
DA:107,8
DA:109,8
DA:110,0
DA:113,8
DA:114,1
DA:117,7
DA:118,2
DA:122,2
DA:123,0
DA:127,7
DA:128,7
DA:129,7
DA:138,7
DA:139,2
DA:143,2
DA:144,1
DA:145,1
DA:146,1
DA:156,6
DA:166,6
DA:170,2
DA:173,2
DA:179,5
DA:185,5
DA:186,0
DA:189,5
DA:193,5
DA:195,4
DA:196,1
DA:199,3
DA:200,1
DA:202,2
DA:203,1
DA:207,1
DA:208,0
DA:218,2
DA:219,2
DA:221,5
DA:223,2
DA:224,1
DA:228,1
DA:232,1
DA:236,0
DA:238,1
DA:249,1
DA:254,1
DA:264,1
LF:66
LH:59
BRDA:21,0,0,0
BRDA:21,0,1,4
BRDA:50,1,0,4
BRDA:50,1,1,4
BRDA:56,2,0,9
BRDA:56,2,1,0
BRDA:57,3,0,9
BRDA:57,3,1,0
BRDA:58,4,0,9
BRDA:58,4,1,0
BRDA:66,5,0,7
BRDA:66,5,1,0
BRDA:95,6,0,0
BRDA:95,6,1,9
BRDA:99,7,0,1
BRDA:99,7,1,8
BRDA:99,8,0,9
BRDA:99,8,1,2
BRDA:107,9,0,0
BRDA:107,9,1,8
BRDA:109,10,0,0
BRDA:109,10,1,8
BRDA:109,11,0,8
BRDA:109,11,1,3
BRDA:113,12,0,1
BRDA:113,12,1,7
BRDA:117,13,0,2
BRDA:117,13,1,5
BRDA:117,14,0,7
BRDA:117,14,1,2
BRDA:122,15,0,0
BRDA:122,15,1,2
BRDA:138,16,0,2
BRDA:138,16,1,5
BRDA:138,17,0,7
BRDA:138,17,1,2
BRDA:143,18,0,1
BRDA:143,18,1,1
BRDA:185,19,0,0
BRDA:185,19,1,5
BRDA:193,20,0,1
BRDA:193,20,1,4
BRDA:195,21,0,1
BRDA:195,21,1,3
BRDA:199,22,0,1
BRDA:199,22,1,2
BRDA:199,23,0,3
BRDA:199,23,1,2
BRDA:202,24,0,1
BRDA:202,24,1,1
BRDA:207,25,0,0
BRDA:207,25,1,1
BRDA:219,26,0,1
BRDA:219,26,1,1
BRDA:223,27,0,1
BRDA:223,27,1,1
BRDA:228,28,0,1
BRDA:228,28,1,0
BRDA:228,29,0,1
BRDA:228,29,1,1
BRF:60
BRH:48
end_of_record
TN:
SF:lib\route-logic\organizations.ts
FN:16,(anonymous_0)
FN:27,(anonymous_1)
FN:44,(anonymous_2)
FN:45,(anonymous_3)
FN:65,(anonymous_4)
FN:107,(anonymous_5)
FNF:6
FNH:6
FNDA:5,(anonymous_0)
FNDA:4,(anonymous_1)
FNDA:9,(anonymous_2)
FNDA:9,(anonymous_3)
FNDA:4,(anonymous_4)
FNDA:6,(anonymous_5)
DA:13,3
DA:17,5
DA:23,5
DA:24,1
DA:27,4
DA:29,4
DA:37,4
DA:41,4
DA:44,9
DA:45,9
DA:61,3
DA:66,4
DA:72,4
DA:73,2
DA:76,2
DA:78,2
DA:82,2
DA:83,1
DA:86,1
DA:88,1
DA:89,1
DA:96,1
DA:103,3
DA:108,6
DA:114,6
DA:115,2
DA:118,4
DA:120,4
DA:126,6
DA:127,6
DA:128,6
DA:129,1
DA:130,1
DA:133,4
DA:139,4
DA:145,4
DA:154,4
LF:37
LH:37
BRDA:23,0,0,1
BRDA:23,0,1,4
BRDA:51,1,0,4
BRDA:51,1,1,0
BRDA:72,2,0,2
BRDA:72,2,1,2
BRDA:82,3,0,1
BRDA:82,3,1,1
BRDA:114,4,0,2
BRDA:114,4,1,4
BRDA:120,5,0,4
BRDA:120,5,1,0
BRF:12
BRH:10
end_of_record
TN:
SF:lib\route-logic\payment-plans.ts
FN:16,(anonymous_0)
FN:28,(anonymous_1)
FN:38,(anonymous_2)
FN:55,(anonymous_3)
FN:79,(anonymous_4)
FNF:5
FNH:5
FNDA:3,(anonymous_0)
FNDA:3,(anonymous_1)
FNDA:3,(anonymous_2)
FNDA:3,(anonymous_3)
FNDA:4,(anonymous_4)
DA:9,3
DA:12,3
DA:17,3
DA:23,3
DA:24,0
DA:28,3
DA:30,3
DA:34,3
DA:35,1
DA:38,3
DA:39,2
DA:40,2
DA:43,2
DA:44,3
DA:45,3
DA:46,3
DA:47,3
DA:55,2
DA:56,3
DA:57,3
DA:69,2
DA:74,3
DA:80,4
DA:86,4
DA:87,1
DA:90,3
DA:93,3
DA:94,3
DA:95,2
DA:99,2
DA:100,2
DA:103,3
DA:110,3
DA:120,3
LF:34
LH:33
BRDA:23,0,0,0
BRDA:23,0,1,3
BRDA:34,1,0,1
BRDA:34,1,1,2
BRDA:44,2,0,3
BRDA:44,2,1,0
BRDA:45,3,0,0
BRDA:45,3,1,3
BRDA:45,4,0,3
BRDA:45,4,1,3
BRDA:46,5,0,2
BRDA:46,5,1,1
BRDA:56,6,0,3
BRDA:56,6,1,1
BRDA:58,7,0,3
BRDA:58,7,1,0
BRDA:86,8,0,1
BRDA:86,8,1,3
BRDA:94,9,0,2
BRDA:94,9,1,1
BRDA:99,10,0,2
BRDA:99,10,1,0
BRDA:100,11,0,2
BRDA:100,11,1,0
BRF:24
BRH:18
end_of_record
TN:
SF:lib\route-logic\payments.ts
FN:37,(anonymous_0)
FN:85,(anonymous_1)
FN:117,(anonymous_2)
FNF:3
FNH:3
FNDA:13,(anonymous_0)
FNDA:8,(anonymous_1)
FNDA:1,(anonymous_2)
DA:15,4
DA:17,4
DA:32,4
DA:38,13
DA:44,13
DA:45,1
DA:48,12
DA:49,12
DA:50,1
DA:53,1
DA:57,12
DA:58,2
DA:62,2
DA:63,1
DA:65,11
DA:66,11
DA:68,11
DA:69,3
DA:70,3
DA:71,3
DA:73,0
DA:74,3
DA:82,8
DA:83,13
DA:85,13
DA:86,8
DA:97,13
DA:99,13
DA:100,3
DA:101,3
DA:102,3
DA:103,2
DA:104,2
DA:105,2
DA:106,2
DA:113,5
DA:118,1
DA:129,8
LF:38
LH:37
BRDA:44,0,0,1
BRDA:44,0,1,12
BRDA:49,1,0,1
BRDA:49,1,1,11
BRDA:57,2,0,2
BRDA:57,2,1,10
BRDA:62,3,0,1
BRDA:62,3,1,1
BRDA:65,4,0,1
BRDA:65,4,1,10
BRDA:66,5,0,1
BRDA:66,5,1,10
BRDA:68,6,0,3
BRDA:68,6,1,8
BRDA:70,7,0,3
BRDA:70,7,1,0
BRDA:73,8,0,0
BRDA:73,8,1,0
BRDA:82,9,0,8
BRDA:82,9,1,5
BRDA:83,10,0,3
BRDA:83,10,1,5
BRDA:99,11,0,3
BRDA:99,11,1,5
BRDA:102,12,0,2
BRDA:102,12,1,1
BRDA:105,13,0,2
BRDA:105,13,1,0
BRDA:107,14,0,2
BRDA:107,14,1,0
BRDA:119,15,0,1
BRDA:119,15,1,0
BRDA:129,16,0,3
BRDA:129,16,1,5
BRF:34
BRH:28
end_of_record
TN:
SF:lib\route-logic\search.ts
FN:36,escapeRegex
FN:46,(anonymous_1)
FN:110,(anonymous_2)
FN:112,(anonymous_3)
FN:114,(anonymous_4)
FN:116,(anonymous_5)
FN:122,(anonymous_6)
FN:132,(anonymous_7)
FN:140,(anonymous_8)
FN:155,(anonymous_9)
FN:156,(anonymous_10)
FNF:11
FNH:8
FNDA:5,escapeRegex
FNDA:6,(anonymous_1)
FNDA:0,(anonymous_2)
FNDA:0,(anonymous_3)
FNDA:1,(anonymous_4)
FNDA:1,(anonymous_5)
FNDA:1,(anonymous_6)
FNDA:4,(anonymous_7)
FNDA:0,(anonymous_8)
FNDA:1,(anonymous_9)
FNDA:1,(anonymous_10)
DA:29,2
DA:30,2
DA:32,2
DA:37,5
DA:40,2
DA:42,2
DA:48,6
DA:49,6
DA:53,6
DA:54,1
DA:57,5
DA:58,5
DA:59,5
DA:60,5
DA:62,5
DA:109,5
DA:110,0
DA:112,0
DA:113,5
DA:114,1
DA:116,1
DA:117,5
DA:120,5
DA:121,5
DA:122,1
DA:124,1
DA:129,1
DA:132,5
DA:140,5
DA:141,0
DA:142,0
DA:145,0
DA:154,5
DA:155,1
DA:157,1
DA:158,1
DA:159,1
DA:160,1
DA:161,1
DA:162,1
DA:171,5
DA:175,5
LF:42
LH:37
BRDA:48,0,0,0
BRDA:48,0,1,6
BRDA:53,1,0,1
BRDA:53,1,1,5
BRDA:91,2,0,4
BRDA:91,2,1,1
BRDA:91,3,0,5
BRDA:91,3,1,4
BRDA:121,4,0,1
BRDA:121,4,1,4
BRDA:129,5,0,1
BRDA:129,5,1,0
BRDA:136,6,0,4
BRDA:136,6,1,4
BRDA:136,6,2,0
BRDA:141,7,0,0
BRDA:141,7,1,0
BRDA:142,8,0,0
BRDA:142,8,1,0
BRDA:142,8,2,0
BRDA:149,9,0,0
BRDA:149,9,1,0
BRDA:150,10,0,0
BRDA:150,10,1,0
BRDA:155,11,0,1
BRDA:155,11,1,1
BRDA:157,12,0,1
BRDA:157,12,1,0
BRDA:158,13,0,1
BRDA:158,13,1,0
BRDA:159,14,0,0
BRDA:159,14,1,1
BRDA:160,15,0,1
BRDA:160,15,1,0
BRDA:165,16,0,1
BRDA:165,16,1,0
BRDA:166,17,0,1
BRDA:166,17,1,0
BRDA:167,18,0,1
BRDA:167,18,1,0
BRF:40
BRH:21
end_of_record
TN:
SF:lib\route-logic\send-file-email.ts
FN:25,isSafeMime
FN:28,(anonymous_1)
FN:35,(anonymous_2)
FNF:3
FNH:3
FNDA:6,isSafeMime
FNDA:26,(anonymous_1)
FNDA:10,(anonymous_2)
DA:9,4
DA:10,4
DA:12,4
DA:26,6
DA:27,6
DA:28,26
DA:31,4
DA:36,10
DA:42,10
DA:43,1
DA:46,9
DA:47,9
DA:48,9
DA:49,10
DA:50,10
DA:51,10
DA:52,10
DA:54,10
DA:55,2
DA:58,7
DA:59,1
DA:62,6
DA:63,2
DA:73,4
DA:74,0
DA:77,4
DA:79,4
DA:80,1
DA:86,3
DA:87,3
DA:88,1
DA:91,2
DA:97,2
DA:105,2
DA:106,2
DA:108,2
DA:131,2
LF:37
LH:36
BRDA:26,0,0,0
BRDA:26,0,1,6
BRDA:28,1,0,26
BRDA:28,1,1,22
BRDA:42,2,0,1
BRDA:42,2,1,9
BRDA:48,3,0,9
BRDA:48,3,1,0
BRDA:49,4,0,10
BRDA:49,4,1,6
BRDA:50,5,0,10
BRDA:50,5,1,6
BRDA:54,6,0,2
BRDA:54,6,1,8
BRDA:58,7,0,1
BRDA:58,7,1,6
BRDA:62,8,0,2
BRDA:62,8,1,4
BRDA:67,9,0,2
BRDA:67,9,1,0
BRDA:73,10,0,0
BRDA:73,10,1,4
BRDA:73,11,0,4
BRDA:73,11,1,4
BRDA:79,12,0,1
BRDA:79,12,1,3
BRDA:87,13,0,1
BRDA:87,13,1,2
BRDA:124,14,0,2
BRDA:124,14,1,0
BRDA:126,15,0,10
BRDA:126,15,1,0
BRF:32
BRH:26
end_of_record
TN:
SF:lib\route-logic\statements.ts
FN:31,(anonymous_0)
FN:64,(anonymous_1)
FN:94,(anonymous_2)
FN:118,(anonymous_3)
FN:173,(anonymous_4)
FNF:5
FNH:5
FNDA:8,(anonymous_0)
FNDA:5,(anonymous_1)
FNDA:1,(anonymous_2)
FNDA:10,(anonymous_3)
FNDA:1,(anonymous_4)
DA:17,5
DA:23,5
DA:26,5
DA:32,8
DA:38,8
DA:39,0
DA:42,8
DA:43,8
DA:44,2
DA:48,2
DA:49,1
DA:51,7
DA:52,2
DA:53,2
DA:54,2
DA:56,0
DA:57,2
DA:61,5
DA:62,8
DA:64,8
DA:65,5
DA:74,8
DA:76,8
DA:77,3
DA:78,3
DA:79,3
DA:80,1
DA:81,1
DA:82,1
DA:83,1
DA:90,2
DA:95,1
DA:102,5
DA:113,5
DA:119,10
DA:125,10
DA:126,2
DA:129,8
DA:131,8
DA:132,8
DA:134,7
DA:139,7
DA:141,7
DA:161,7
DA:162,4
DA:167,4
DA:173,3
DA:174,1
DA:176,3
DA:178,3
DA:179,3
DA:188,2
DA:190,1
DA:191,1
DA:197,1
DA:198,1
DA:203,1
DA:206,0
LF:58
LH:55
BRDA:38,0,0,0
BRDA:38,0,1,8
BRDA:43,1,0,2
BRDA:43,1,1,6
BRDA:48,2,0,1
BRDA:48,2,1,1
BRDA:51,3,0,2
BRDA:51,3,1,5
BRDA:53,4,0,2
BRDA:53,4,1,0
BRDA:56,5,0,0
BRDA:56,5,1,0
BRDA:61,6,0,5
BRDA:61,6,1,2
BRDA:62,7,0,3
BRDA:62,7,1,2
BRDA:76,8,0,3
BRDA:76,8,1,2
BRDA:79,9,0,1
BRDA:79,9,1,2
BRDA:82,10,0,1
BRDA:82,10,1,0
BRDA:84,11,0,1
BRDA:84,11,1,0
BRDA:96,12,0,1
BRDA:96,12,1,0
BRDA:102,13,0,3
BRDA:102,13,1,2
BRDA:125,14,0,2
BRDA:125,14,1,8
BRDA:132,15,0,1
BRDA:132,15,1,7
BRDA:161,16,0,4
BRDA:161,16,1,3
BRDA:167,17,0,4
BRDA:167,17,1,0
BRDA:190,18,0,1
BRDA:190,18,1,0
BRDA:197,19,0,1
BRDA:197,19,1,0
BRDA:203,20,0,1
BRDA:203,20,1,0
BRF:42
BRH:31
end_of_record
TN:
SF:lib\route-logic\tasks.ts
FN:21,assertRelatedScoped
FN:69,(anonymous_1)
FN:135,(anonymous_2)
FN:153,(anonymous_3)
FN:176,(anonymous_4)
FNF:5
FNH:5
FNDA:12,assertRelatedScoped
FNDA:15,(anonymous_1)
FNDA:10,(anonymous_2)
FNDA:1,(anonymous_3)
FNDA:9,(anonymous_4)
DA:10,5
DA:12,5
DA:13,5
DA:29,12
DA:30,4
DA:31,0
DA:33,4
DA:37,4
DA:39,11
DA:40,2
DA:41,1
DA:43,1
DA:47,1
DA:49,9
DA:50,3
DA:51,0
DA:53,3
DA:57,3
DA:59,6
DA:65,5
DA:70,15
DA:76,15
DA:77,0
DA:80,15
DA:81,15
DA:82,15
DA:83,15
DA:84,15
DA:85,15
DA:87,15
DA:88,15
DA:89,5
DA:90,3
DA:92,2
DA:94,12
DA:95,3
DA:96,1
DA:98,2
DA:100,11
DA:101,1
DA:104,1
DA:105,0
DA:107,1
DA:109,11
DA:110,1
DA:113,1
DA:114,1
DA:116,0
DA:119,10
DA:120,4
DA:121,4
DA:122,4
DA:123,1
DA:124,3
DA:125,2
DA:126,2
DA:128,1
DA:135,10
DA:137,10
DA:154,1
DA:160,10
DA:171,5
DA:177,9
DA:183,9
DA:184,2
DA:187,7
DA:192,7
DA:193,3
DA:196,4
DA:210,4
DA:220,4
LF:71
LH:66
BRDA:29,0,0,4
BRDA:29,0,1,8
BRDA:30,1,0,0
BRDA:30,1,1,4
BRDA:37,2,0,1
BRDA:37,2,1,3
BRDA:39,3,0,2
BRDA:39,3,1,9
BRDA:40,4,0,1
BRDA:40,4,1,1
BRDA:47,5,0,1
BRDA:47,5,1,0
BRDA:49,6,0,3
BRDA:49,6,1,6
BRDA:50,7,0,0
BRDA:50,7,1,3
BRDA:57,8,0,3
BRDA:57,8,1,0
BRDA:76,9,0,0
BRDA:76,9,1,15
BRDA:88,10,0,5
BRDA:88,10,1,10
BRDA:89,11,0,3
BRDA:89,11,1,2
BRDA:94,12,0,3
BRDA:94,12,1,9
BRDA:95,13,0,1
BRDA:95,13,1,2
BRDA:100,14,0,1
BRDA:100,14,1,10
BRDA:104,15,0,0
BRDA:104,15,1,1
BRDA:109,16,0,1
BRDA:109,16,1,10
BRDA:113,17,0,1
BRDA:113,17,1,0
BRDA:119,18,0,4
BRDA:119,18,1,6
BRDA:119,19,0,10
BRDA:119,19,1,9
BRDA:119,19,2,7
BRDA:122,20,0,1
BRDA:122,20,1,3
BRDA:124,21,0,2
BRDA:124,21,1,1
BRDA:155,22,0,1
BRDA:155,22,1,0
BRDA:183,23,0,2
BRDA:183,23,1,7
BRDA:188,24,0,7
BRDA:188,24,1,6
BRDA:189,25,0,9
BRDA:189,25,1,6
BRDA:190,26,0,9
BRDA:190,26,1,5
BRDA:192,27,0,3
BRDA:192,27,1,4
BRDA:202,28,0,4
BRDA:202,28,1,1
BRDA:203,29,0,9
BRDA:203,29,1,0
BRDA:204,30,0,9
BRDA:204,30,1,3
BRDA:205,31,0,9
BRDA:205,31,1,4
BRDA:206,32,0,9
BRDA:206,32,1,4
BRF:67
BRH:58
end_of_record
TN:
SF:lib\route-logic\tax-receipts.ts
FN:41,(anonymous_0)
FN:59,(anonymous_1)
FN:106,(anonymous_2)
FN:124,(anonymous_3)
FN:125,(anonymous_4)
FNF:5
FNH:4
FNDA:4,(anonymous_0)
FNDA:3,(anonymous_1)
FNDA:3,(anonymous_2)
FNDA:3,(anonymous_3)
FNDA:0,(anonymous_4)
DA:30,3
DA:32,3
DA:36,3
DA:42,4
DA:48,4
DA:49,1
DA:52,3
DA:53,3
DA:58,3
DA:59,3
DA:61,3
DA:69,3
DA:70,0
DA:73,3
DA:77,3
DA:78,4
DA:79,4
DA:80,4
DA:81,4
DA:82,4
DA:83,3
DA:84,3
DA:86,4
DA:87,4
DA:95,3
DA:96,3
DA:99,3
DA:100,6
DA:101,6
DA:105,3
DA:107,3
DA:108,3
DA:109,3
DA:124,3
DA:125,0
DA:127,3
LF:36
LH:34
BRDA:48,0,0,1
BRDA:48,0,1,3
BRDA:69,1,0,0
BRDA:69,1,1,3
BRDA:79,2,0,0
BRDA:79,2,1,4
BRDA:82,3,0,3
BRDA:82,3,1,1
BRDA:89,4,0,4
BRDA:89,4,1,0
BRDA:91,5,0,4
BRDA:91,5,1,4
BRDA:101,6,0,3
BRDA:101,6,1,3
BRDA:108,7,0,0
BRDA:108,7,1,3
BRDA:108,8,0,3
BRDA:108,8,1,3
BRDA:111,9,0,3
BRDA:111,9,1,0
BRDA:113,10,0,3
BRDA:113,10,1,3
BRDA:114,11,0,3
BRDA:114,11,1,3
BRDA:115,12,0,3
BRDA:115,12,1,3
BRDA:116,13,0,3
BRDA:116,13,1,3
BRDA:118,14,0,3
BRDA:118,14,1,0
BRF:30
BRH:24
end_of_record
TN:
SF:lib\route-logic\trash.ts
FN:25,(anonymous_0)
FNF:1
FNH:1
FNDA:3,(anonymous_0)
DA:14,2
DA:16,2
DA:20,2
DA:26,3
DA:32,3
DA:33,1
DA:36,2
DA:39,2
LF:8
LH:8
BRDA:32,0,0,1
BRDA:32,0,1,2
BRDA:37,1,0,2
BRDA:37,1,1,2
BRF:4
BRH:4
end_of_record
TN:
SF:lib\route-logic\user.ts
FN:22,(anonymous_0)
FN:59,(anonymous_1)
FNF:2
FNH:2
FNDA:3,(anonymous_0)
FNDA:3,(anonymous_1)
DA:17,2
DA:19,2
DA:23,3
DA:29,3
DA:30,1
DA:33,2
DA:42,2
DA:43,2
DA:55,2
DA:60,3
DA:66,3
DA:67,0
DA:70,3
DA:71,3
DA:73,3
DA:74,1
DA:77,2
DA:84,2
DA:86,2
DA:95,2
LF:20
LH:19
BRDA:29,0,0,1
BRDA:29,0,1,2
BRDA:42,1,0,0
BRDA:42,1,1,2
BRDA:45,2,0,2
BRDA:45,2,1,0
BRDA:46,3,0,3
BRDA:46,3,1,0
BRDA:47,4,0,3
BRDA:47,4,1,2
BRDA:49,5,0,3
BRDA:49,5,1,0
BRDA:66,6,0,0
BRDA:66,6,1,3
BRDA:71,7,0,2
BRDA:71,7,1,1
BRDA:73,8,0,1
BRDA:73,8,1,2
BRDA:84,9,0,0
BRDA:84,9,1,2
BRF:20
BRH:14
end_of_record
TN:
SF:lib\route-logic\admin\invite-requests.ts
FN:20,(anonymous_0)
FN:35,(anonymous_1)
FN:39,(anonymous_2)
FN:50,(anonymous_3)
FN:77,(anonymous_4)
FN:86,(anonymous_5)
FNF:6
FNH:4
FNDA:6,(anonymous_0)
FNDA:4,(anonymous_1)
FNDA:0,(anonymous_2)
FNDA:8,(anonymous_3)
FNDA:10,(anonymous_4)
FNDA:0,(anonymous_5)
DA:10,4
DA:17,4
DA:21,6
DA:25,6
DA:26,2
DA:29,4
DA:30,4
DA:31,4
DA:32,2
DA:35,4
DA:36,4
DA:40,0
DA:46,4
DA:48,6
DA:50,8
DA:74,4
DA:78,10
DA:82,10
DA:83,1
DA:86,9
DA:87,9
DA:88,0
DA:90,9
DA:91,3
DA:93,6
DA:94,6
DA:95,1
DA:98,5
DA:99,5
DA:101,5
DA:102,10
DA:104,10
DA:105,1
DA:106,1
DA:107,1
DA:108,1
DA:109,1
DA:110,1
DA:111,1
DA:112,1
DA:115,4
DA:116,1
DA:122,3
DA:123,3
DA:125,3
DA:126,3
DA:127,3
DA:128,3
DA:129,3
DA:130,3
DA:131,3
DA:133,3
DA:135,3
DA:136,3
DA:137,2
DA:159,1
DA:162,3
LF:57
LH:55
BRDA:25,0,0,2
BRDA:25,0,1,4
BRDA:31,1,0,2
BRDA:31,1,1,2
BRDA:31,2,0,4
BRDA:31,2,1,2
BRDA:41,3,0,0
BRDA:41,3,1,0
BRDA:46,4,0,4
BRDA:46,4,1,4
BRDA:56,5,0,8
BRDA:56,5,1,7
BRDA:57,6,0,1
BRDA:57,6,1,7
BRDA:58,7,0,8
BRDA:58,7,1,7
BRDA:59,8,0,8
BRDA:59,8,1,7
BRDA:60,9,0,8
BRDA:60,9,1,8
BRDA:62,10,0,8
BRDA:62,10,1,8
BRDA:82,11,0,1
BRDA:82,11,1,9
BRDA:87,12,0,0
BRDA:87,12,1,9
BRDA:87,13,0,9
BRDA:87,13,1,9
BRDA:87,13,2,9
BRDA:90,14,0,3
BRDA:90,14,1,6
BRDA:90,15,0,9
BRDA:90,15,1,6
BRDA:94,16,0,1
BRDA:94,16,1,5
BRDA:99,17,0,0
BRDA:99,17,1,5
BRDA:101,18,0,5
BRDA:101,18,1,5
BRDA:104,19,0,1
BRDA:104,19,1,9
BRDA:106,20,0,1
BRDA:106,20,1,0
BRDA:115,21,0,1
BRDA:115,21,1,3
BRDA:136,22,0,2
BRDA:136,22,1,1
BRF:47
BRH:42
end_of_record
TN:
SF:lib\route-logic\auth\invite.ts
FN:23,(anonymous_0)
FN:129,(anonymous_1)
FN:168,(anonymous_2)
FN:177,(anonymous_3)
FN:187,(anonymous_4)
FN:286,(anonymous_5)
FNF:6
FNH:6
FNDA:19,(anonymous_0)
FNDA:10,(anonymous_1)
FNDA:14,(anonymous_2)
FNDA:1,(anonymous_3)
FNDA:3,(anonymous_4)
FNDA:8,(anonymous_5)
DA:16,5
DA:18,5
DA:24,19
DA:30,19
DA:31,3
DA:34,16
DA:35,16
DA:36,2
DA:39,14
DA:40,14
DA:41,4
DA:45,4
DA:46,2
DA:50,12
DA:56,12
DA:57,12
DA:59,12
DA:68,12
DA:77,12
DA:79,19
DA:83,12
DA:84,19
DA:86,19
DA:90,19
DA:91,1
DA:112,12
DA:126,5
DA:130,10
DA:131,10
DA:133,7
DA:137,7
DA:138,1
DA:141,6
DA:148,6
DA:149,5
DA:150,3
DA:152,2
DA:154,2
DA:165,5
DA:169,14
DA:170,14
DA:171,1
DA:177,13
DA:178,13
DA:179,1
DA:181,12
DA:182,12
DA:183,2
DA:187,3
DA:191,10
DA:193,10
DA:194,10
DA:195,7
DA:196,7
DA:198,7
DA:201,7
DA:202,2
DA:203,2
DA:204,2
DA:205,1
DA:210,1
DA:212,5
DA:213,5
DA:214,1
DA:216,4
DA:217,4
DA:218,0
DA:223,4
DA:224,4
DA:225,4
DA:226,1
DA:234,3
DA:235,3
DA:236,3
DA:238,3
DA:241,4
DA:245,4
DA:246,1
DA:249,3
DA:255,3
DA:257,3
DA:265,3
DA:272,3
DA:282,5
DA:287,8
DA:293,8
DA:294,2
DA:297,6
DA:298,6
DA:299,3
DA:302,3
DA:306,3
DA:307,1
DA:309,2
DA:311,2
DA:321,2
LF:96
LH:95
BRDA:30,0,0,3
BRDA:30,0,1,16
BRDA:35,1,0,2
BRDA:35,1,1,14
BRDA:35,2,0,16
BRDA:35,2,1,2
BRDA:40,3,0,4
BRDA:40,3,1,10
BRDA:45,4,0,2
BRDA:45,4,1,2
BRDA:77,5,0,12
BRDA:77,5,1,12
BRDA:83,6,0,12
BRDA:83,6,1,0
BRDA:84,7,0,19
BRDA:84,7,1,0
BRDA:84,7,2,0
BRDA:90,8,0,1
BRDA:90,8,1,18
BRDA:131,9,0,3
BRDA:131,9,1,7
BRDA:137,10,0,1
BRDA:137,10,1,6
BRDA:148,11,0,1
BRDA:148,11,1,5
BRDA:149,12,0,2
BRDA:149,12,1,3
BRDA:150,13,0,1
BRDA:150,13,1,2
BRDA:158,14,0,2
BRDA:158,14,1,0
BRDA:170,15,0,1
BRDA:170,15,1,13
BRDA:178,16,0,1
BRDA:178,16,1,12
BRDA:178,17,0,13
BRDA:178,17,1,12
BRDA:178,17,2,12
BRDA:182,18,0,2
BRDA:182,18,1,10
BRDA:194,19,0,3
BRDA:194,19,1,7
BRDA:195,20,0,0
BRDA:195,20,1,7
BRDA:196,21,0,0
BRDA:196,21,1,7
BRDA:201,22,0,2
BRDA:201,22,1,5
BRDA:203,23,0,0
BRDA:203,23,1,2
BRDA:204,24,0,1
BRDA:204,24,1,1
BRDA:212,25,0,5
BRDA:212,25,1,0
BRDA:213,26,0,1
BRDA:213,26,1,4
BRDA:213,27,0,5
BRDA:213,27,1,5
BRDA:213,27,2,4
BRDA:217,28,0,0
BRDA:217,28,1,4
BRDA:220,29,0,0
BRDA:220,29,1,0
BRDA:225,30,0,1
BRDA:225,30,1,3
BRDA:245,31,0,1
BRDA:245,31,1,3
BRDA:293,32,0,2
BRDA:293,32,1,6
BRDA:298,33,0,3
BRDA:298,33,1,3
BRDA:298,34,0,6
BRDA:298,34,1,4
BRDA:306,35,0,1
BRDA:306,35,1,2
BRF:75
BRH:64
end_of_record
TN:
SF:lib\route-logic\auth\precheck-2fa.ts
FN:38,(anonymous_0)
FNF:1
FNH:1
FNDA:6,(anonymous_0)
DA:24,3
DA:32,3
DA:34,3
DA:39,6
DA:43,6
DA:44,1
DA:46,5
DA:52,5
DA:53,1
DA:56,4
DA:62,4
DA:63,6
DA:65,4
DA:66,1
DA:69,3
LF:15
LH:15
BRDA:43,0,0,1
BRDA:43,0,1,5
BRDA:52,1,0,1
BRDA:52,1,1,4
BRDA:62,2,0,4
BRDA:62,2,1,1
BRDA:65,3,0,1
BRDA:65,3,1,3
BRDA:65,4,0,4
BRDA:65,4,1,3
BRF:10
BRH:10
end_of_record
TN:
SF:lib\route-logic\auth\request-invite.ts
FN:19,(anonymous_0)
FN:25,(anonymous_1)
FNF:2
FNH:1
FNDA:10,(anonymous_0)
FNDA:0,(anonymous_1)
DA:5,3
DA:16,3
DA:20,10
DA:21,10
DA:22,1
DA:25,9
DA:26,9
DA:27,1
DA:30,8
DA:31,10
DA:32,10
DA:34,10
DA:35,1
DA:37,7
DA:38,1
DA:43,6
DA:49,6
DA:51,1
DA:56,5
DA:57,5
DA:58,1
DA:64,4
DA:68,4
DA:69,1
DA:70,1
DA:71,1
DA:72,1
DA:74,1
DA:77,3
DA:79,3
LF:30
LH:30
BRDA:21,0,0,1
BRDA:21,0,1,9
BRDA:26,1,0,1
BRDA:26,1,1,8
BRDA:26,2,0,9
BRDA:26,2,1,9
BRDA:26,2,2,9
BRDA:30,3,0,7
BRDA:30,3,1,1
BRDA:31,4,0,7
BRDA:31,4,1,1
BRDA:32,5,0,4
BRDA:32,5,1,4
BRDA:34,6,0,1
BRDA:34,6,1,9
BRDA:34,7,0,10
BRDA:34,7,1,7
BRDA:34,7,2,7
BRDA:37,8,0,1
BRDA:37,8,1,6
BRDA:37,9,0,7
BRDA:37,9,1,6
BRDA:49,10,0,1
BRDA:49,10,1,5
BRDA:57,11,0,1
BRDA:57,11,1,4
BRDA:68,12,0,1
BRDA:68,12,1,3
BRDA:69,13,0,1
BRDA:69,13,1,0
BRF:30
BRH:29
end_of_record
TN:
SF:lib\route-logic\auth\reset-password.ts
FN:27,hashToken
FN:39,(anonymous_1)
FN:121,(anonymous_2)
FN:179,(anonymous_3)
FNF:4
FNH:4
FNDA:9,hashToken
FNDA:5,(anonymous_1)
FNDA:5,(anonymous_2)
FNDA:2,(anonymous_3)
DA:12,3
DA:14,3
DA:28,9
DA:35,3
DA:40,5
DA:41,5
DA:42,1
DA:45,4
DA:51,4
DA:53,4
DA:54,4
DA:56,2
DA:58,2
DA:59,2
DA:62,2
DA:68,2
DA:77,2
DA:83,5
DA:84,1
DA:85,1
DA:86,1
DA:102,1
DA:104,1
DA:107,0
DA:110,2
DA:117,3
DA:122,5
DA:123,5
DA:124,0
DA:129,5
DA:131,5
DA:133,0
DA:134,5
DA:135,3
DA:137,3
DA:143,3
DA:144,3
DA:149,3
DA:150,1
DA:154,2
DA:159,2
DA:167,2
DA:175,3
DA:180,2
DA:182,2
DA:194,1
DA:195,1
DA:197,1
LF:48
LH:45
BRDA:41,0,0,1
BRDA:41,0,1,4
BRDA:51,1,0,0
BRDA:51,1,1,4
BRDA:54,2,0,2
BRDA:54,2,1,2
BRDA:77,3,0,2
BRDA:77,3,1,2
BRDA:83,4,0,1
BRDA:83,4,1,1
BRDA:102,5,0,1
BRDA:102,5,1,0
BRDA:123,6,0,0
BRDA:123,6,1,5
BRDA:131,7,0,5
BRDA:131,7,1,0
BRDA:133,8,0,0
BRDA:133,8,1,0
BRDA:134,9,0,2
BRDA:134,9,1,3
BRDA:135,10,0,0
BRDA:135,10,1,3
BRDA:149,11,0,1
BRDA:149,11,1,2
BRDA:182,12,0,2
BRDA:182,12,1,1
BRDA:194,13,0,1
BRDA:194,13,1,0
BRDA:194,14,0,1
BRDA:194,14,1,1
BRDA:194,14,2,1
BRF:31
BRH:23
end_of_record
TN:
SF:lib\route-logic\auth\signup.ts
FN:25,(anonymous_0)
FN:59,(anonymous_1)
FNF:2
FNH:2
FNDA:4,(anonymous_0)
FNDA:9,(anonymous_1)
DA:11,4
DA:13,4
DA:21,4
DA:26,4
DA:35,4
DA:40,2
DA:42,2
DA:50,4
DA:55,4
DA:60,9
DA:61,9
DA:62,2
DA:65,7
DA:69,7
DA:70,6
DA:71,6
DA:72,1
DA:75,5
DA:76,5
DA:77,1
DA:80,4
DA:81,4
DA:82,1
DA:88,3
DA:89,3
DA:91,3
DA:92,3
DA:94,1
DA:97,3
DA:98,3
DA:99,3
DA:100,3
DA:102,3
DA:111,3
LF:34
LH:34
BRDA:35,0,0,2
BRDA:35,0,1,2
BRDA:36,1,0,4
BRDA:36,1,1,3
BRDA:36,1,2,3
BRDA:36,1,3,3
BRDA:61,2,0,2
BRDA:61,2,1,7
BRDA:69,3,0,1
BRDA:69,3,1,6
BRDA:70,4,0,0
BRDA:70,4,1,6
BRDA:71,5,0,1
BRDA:71,5,1,5
BRDA:71,6,0,6
BRDA:71,6,1,3
BRDA:76,7,0,1
BRDA:76,7,1,4
BRDA:81,8,0,1
BRDA:81,8,1,3
BRF:20
BRH:19
end_of_record
TN:
SF:lib\route-logic\email-config\test.ts
FN:13,(anonymous_0)
FNF:1
FNH:1
FNDA:8,(anonymous_0)
DA:9,2
DA:14,8
DA:20,8
DA:21,1
DA:24,7
DA:26,7
DA:27,1
DA:33,6
DA:34,6
DA:35,1
DA:38,5
DA:46,5
DA:69,5
LF:13
LH:13
BRDA:20,0,0,1
BRDA:20,0,1,7
BRDA:26,1,0,1
BRDA:26,1,1,6
BRDA:34,2,0,1
BRDA:34,2,1,5
BRF:6
BRH:6
end_of_record
TN:
SF:lib\route-logic\families\[id].ts
FN:22,(anonymous_0)
FN:50,(anonymous_1)
FN:55,(anonymous_2)
FN:93,(anonymous_3)
FN:98,(anonymous_4)
FN:107,(anonymous_5)
FN:113,(anonymous_6)
FN:121,(anonymous_7)
FN:129,(anonymous_8)
FN:137,(anonymous_9)
FN:143,(anonymous_10)
FN:151,(anonymous_11)
FN:184,(anonymous_12)
FN:263,(anonymous_13)
FNF:14
FNH:14
FNDA:12,(anonymous_0)
FNDA:3,(anonymous_1)
FNDA:11,(anonymous_2)
FNDA:7,(anonymous_3)
FNDA:7,(anonymous_4)
FNDA:3,(anonymous_5)
FNDA:7,(anonymous_6)
FNDA:2,(anonymous_7)
FNDA:7,(anonymous_8)
FNDA:2,(anonymous_9)
FNDA:7,(anonymous_10)
FNDA:1,(anonymous_11)
FNDA:17,(anonymous_12)
FNDA:6,(anonymous_13)
DA:18,6
DA:23,12
DA:29,12
DA:30,2
DA:33,10
DA:38,10
DA:39,10
DA:41,10
DA:43,10
DA:49,10
DA:50,3
DA:52,3
DA:55,3
DA:56,11
DA:57,11
DA:58,11
DA:59,11
DA:60,11
DA:62,3
DA:63,3
DA:64,3
DA:65,3
DA:66,3
DA:67,3
DA:88,7
DA:89,7
DA:92,7
DA:95,7
DA:100,7
DA:108,3
DA:115,7
DA:122,2
DA:131,7
DA:138,2
DA:145,7
DA:152,1
DA:160,7
DA:178,6
DA:185,17
DA:191,17
DA:192,2
DA:195,15
DA:201,15
DA:202,4
DA:206,11
DA:207,3
DA:211,3
DA:218,8
DA:219,5
DA:220,3
DA:222,2
DA:226,2
DA:227,1
DA:231,4
DA:236,4
DA:238,4
DA:248,4
DA:258,6
DA:264,6
DA:270,6
DA:271,2
DA:274,4
DA:280,4
DA:281,4
DA:283,2
LF:65
LH:65
BRDA:29,0,0,2
BRDA:29,0,1,10
BRDA:39,1,0,0
BRDA:39,1,1,10
BRDA:49,2,0,3
BRDA:49,2,1,7
BRDA:56,3,0,0
BRDA:56,3,1,11
BRDA:109,4,0,3
BRDA:109,4,1,0
BRDA:123,5,0,2
BRDA:123,5,1,0
BRDA:139,6,0,2
BRDA:139,6,1,0
BRDA:153,7,0,1
BRDA:153,7,1,0
BRDA:191,8,0,2
BRDA:191,8,1,15
BRDA:201,9,0,4
BRDA:201,9,1,11
BRDA:206,10,0,3
BRDA:206,10,1,8
BRDA:211,11,0,3
BRDA:211,11,1,0
BRDA:218,12,0,5
BRDA:218,12,1,3
BRDA:219,13,0,3
BRDA:219,13,1,2
BRDA:226,14,0,1
BRDA:226,14,1,1
BRDA:236,15,0,0
BRDA:236,15,1,4
BRDA:270,16,0,2
BRDA:270,16,1,4
BRDA:281,17,0,2
BRDA:281,17,1,2
BRF:36
BRH:28
end_of_record
TN:
SF:lib\route-logic\families\balances.ts
FN:36,(anonymous_0)
FN:51,(anonymous_1)
FN:111,(anonymous_2)
FN:120,(anonymous_3)
FNF:4
FNH:4
FNDA:3,(anonymous_0)
FNDA:2,(anonymous_1)
FNDA:6,(anonymous_2)
FNDA:3,(anonymous_3)
DA:30,2
DA:32,2
DA:37,3
DA:43,3
DA:44,1
DA:47,2
DA:51,2
DA:53,2
DA:57,2
DA:58,2
DA:61,2
DA:64,2
DA:65,3
DA:79,2
DA:111,2
DA:112,6
DA:113,6
DA:114,6
DA:116,2
DA:117,2
DA:118,2
DA:120,2
DA:121,3
DA:122,3
DA:123,3
DA:124,3
DA:125,3
DA:126,3
DA:127,3
DA:128,3
DA:138,2
LF:31
LH:31
BRDA:43,0,0,1
BRDA:43,0,1,2
BRDA:65,1,0,3
BRDA:65,1,1,0
BRDA:113,2,0,4
BRDA:113,2,1,0
BRDA:122,3,0,3
BRDA:122,3,1,0
BRDA:123,4,0,3
BRDA:123,4,1,0
BRDA:123,5,0,3
BRDA:123,5,1,0
BRDA:124,6,0,3
BRDA:124,6,1,1
BRDA:125,7,0,3
BRDA:125,7,1,1
BRDA:126,8,0,3
BRDA:126,8,1,3
BRF:18
BRH:13
end_of_record
TN:
SF:lib\route-logic\families\bulk.ts
FN:46,(anonymous_0)
FN:56,(anonymous_1)
FNF:2
FNH:2
FNDA:9,(anonymous_0)
FNDA:7,(anonymous_1)
DA:25,4
DA:27,4
DA:41,4
DA:47,9
DA:51,9
DA:52,2
DA:55,7
DA:56,7
DA:57,7
DA:59,7
DA:71,2
DA:72,2
DA:73,2
DA:74,2
DA:75,2
DA:76,1
DA:78,1
DA:82,1
DA:85,2
DA:97,2
DA:100,5
DA:101,4
DA:104,4
DA:108,4
DA:109,1
DA:112,3
DA:115,3
DA:127,3
DA:131,1
DA:134,1
DA:146,1
LF:31
LH:31
BRDA:51,0,0,2
BRDA:51,0,1,7
BRDA:59,1,0,2
BRDA:59,1,1,5
BRDA:76,2,0,1
BRDA:76,2,1,0
BRDA:93,3,0,1
BRDA:93,3,1,1
BRDA:100,4,0,4
BRDA:100,4,1,1
BRDA:101,5,0,4
BRDA:101,5,1,0
BRDA:108,6,0,1
BRDA:108,6,1,3
BRDA:123,7,0,3
BRDA:123,7,1,0
BRDA:127,8,0,3
BRDA:127,8,1,0
BRDA:142,9,0,1
BRDA:142,9,1,0
BRDA:146,10,0,1
BRDA:146,10,1,0
BRF:22
BRH:16
end_of_record
TN:
SF:lib\route-logic\families\[id]\charge-saved-card.ts
FN:20,getStripe
FN:46,(anonymous_1)
FNF:2
FNH:2
FNDA:14,getStripe
FNDA:22,(anonymous_1)
DA:16,7
DA:21,14
DA:22,14
DA:23,1
DA:25,13
DA:31,7
DA:40,7
DA:47,22
DA:48,22
DA:49,22
DA:52,22
DA:58,22
DA:59,2
DA:62,20
DA:72,20
DA:73,20
DA:74,20
DA:76,20
DA:77,2
DA:83,18
DA:84,18
DA:85,1
DA:88,17
DA:93,17
DA:94,2
DA:100,15
DA:105,2
DA:110,2
DA:111,1
DA:115,14
DA:116,14
DA:117,14
DA:123,14
DA:124,22
DA:134,22
DA:135,22
DA:157,11
DA:159,11
DA:160,1
DA:161,1
DA:170,1
DA:184,10
DA:192,10
DA:197,4
DA:210,4
DA:225,6
DA:231,22
DA:232,22
DA:235,6
DA:239,6
DA:260,22
DA:261,1
DA:265,6
DA:266,6
DA:267,6
DA:268,6
DA:270,2
DA:271,1
DA:279,1
DA:283,1
DA:284,1
DA:294,1
DA:295,1
DA:299,6
DA:300,2
DA:312,2
DA:325,2
DA:334,4
DA:342,4
DA:343,4
DA:344,2
DA:345,2
DA:347,2
DA:354,2
DA:355,1
DA:356,1
DA:357,1
DA:358,1
DA:359,1
DA:361,1
DA:372,1
DA:373,1
DA:376,2
DA:377,2
DA:385,4
DA:386,4
DA:387,4
DA:398,2
DA:399,22
DA:408,4
DA:430,4
DA:438,3
DA:440,3
DA:441,3
DA:451,1
DA:454,3
LF:96
LH:96
BRDA:22,0,0,1
BRDA:22,0,1,13
BRDA:58,1,0,2
BRDA:58,1,1,20
BRDA:76,2,0,2
BRDA:76,2,1,18
BRDA:84,3,0,1
BRDA:84,3,1,17
BRDA:93,4,0,2
BRDA:93,4,1,15
BRDA:93,5,0,17
BRDA:93,5,1,16
BRDA:100,6,0,2
BRDA:100,6,1,13
BRDA:110,7,0,1
BRDA:110,7,1,1
BRDA:123,8,0,7
BRDA:123,8,1,7
BRDA:148,9,0,22
BRDA:148,9,1,1
BRDA:159,10,0,1
BRDA:159,10,1,10
BRDA:173,11,0,0
BRDA:173,11,1,1
BRDA:192,12,0,4
BRDA:192,12,1,6
BRDA:225,13,0,3
BRDA:225,13,1,3
BRDA:244,14,0,6
BRDA:244,14,1,6
BRDA:245,15,0,22
BRDA:245,15,1,1
BRDA:252,16,0,22
BRDA:252,16,1,6
BRDA:257,17,0,22
BRDA:257,17,1,6
BRDA:260,18,0,1
BRDA:260,18,1,21
BRDA:270,19,0,1
BRDA:270,19,1,1
BRDA:279,20,0,1
BRDA:279,20,1,0
BRDA:299,21,0,2
BRDA:299,21,1,4
BRDA:343,22,0,2
BRDA:343,22,1,2
BRDA:344,23,0,1
BRDA:344,23,1,1
BRDA:354,24,0,1
BRDA:354,24,1,1
BRDA:369,25,0,1
BRDA:369,25,1,1
BRDA:369,26,0,1
BRDA:369,26,1,0
BRDA:387,27,0,2
BRDA:387,27,1,2
BRDA:398,28,0,2
BRDA:398,28,1,0
BRDA:399,29,0,4
BRDA:399,29,1,18
BRDA:416,30,0,4
BRDA:416,30,1,3
BRDA:444,31,0,3
BRDA:444,31,1,0
BRDA:444,32,0,3
BRDA:444,32,1,0
BRDA:458,33,0,3
BRDA:458,33,1,3
BRF:68
BRH:62
end_of_record
TN:
SF:lib\route-logic\families\[id]\lifecycle-events.ts
FN:15,(anonymous_0)
FN:31,(anonymous_1)
FN:39,(anonymous_2)
FN:55,(anonymous_3)
FN:130,(anonymous_4)
FNF:5
FNH:4
FNDA:7,(anonymous_0)
FNDA:3,(anonymous_1)
FNDA:0,(anonymous_2)
FNDA:8,(anonymous_3)
FNDA:1,(anonymous_4)
DA:10,4
DA:16,7
DA:22,7
DA:23,3
DA:26,4
DA:27,4
DA:28,4
DA:29,1
DA:31,3
DA:33,3
DA:40,0
DA:45,3
DA:49,4
DA:56,8
DA:62,8
DA:63,1
DA:66,7
DA:67,7
DA:69,7
DA:70,7
DA:71,0
DA:74,7
DA:75,7
DA:76,7
DA:77,4
DA:81,4
DA:82,2
DA:84,2
DA:93,5
DA:94,5
DA:97,5
DA:98,8
DA:99,1
DA:105,4
DA:115,4
DA:130,4
DA:131,1
DA:134,4
LF:38
LH:36
BRDA:22,0,0,3
BRDA:22,0,1,4
BRDA:28,1,0,1
BRDA:28,1,1,3
BRDA:41,2,0,0
BRDA:41,2,1,0
BRDA:62,3,0,1
BRDA:62,3,1,7
BRDA:70,4,0,0
BRDA:70,4,1,7
BRDA:76,5,0,4
BRDA:76,5,1,3
BRDA:81,6,0,2
BRDA:81,6,1,2
BRDA:98,7,0,1
BRDA:98,7,1,7
BRDA:111,8,0,4
BRDA:111,8,1,4
BRF:18
BRH:15
end_of_record
TN:
SF:lib\route-logic\families\[id]\members.ts
FN:22,(anonymous_0)
FN:39,(anonymous_1)
FN:51,(anonymous_2)
FN:68,(anonymous_3)
FNF:4
FNH:4
FNDA:6,(anonymous_0)
FNDA:4,(anonymous_1)
FNDA:3,(anonymous_2)
FNDA:5,(anonymous_3)
DA:18,4
DA:23,6
DA:29,6
DA:30,2
DA:33,4
DA:34,4
DA:35,4
DA:36,0
DA:38,4
DA:39,4
DA:41,4
DA:49,4
DA:52,3
DA:53,3
DA:54,3
DA:55,3
DA:56,3
DA:58,6
DA:62,4
DA:69,5
DA:75,5
DA:76,1
DA:79,4
DA:84,4
DA:86,4
DA:87,4
DA:88,0
DA:91,4
DA:92,4
DA:93,3
DA:94,3
DA:97,4
DA:98,4
DA:99,4
DA:102,4
DA:130,4
DA:146,4
DA:151,5
DA:152,4
DA:156,4
DA:157,1
DA:158,1
DA:164,1
DA:165,1
DA:166,1
DA:167,1
DA:168,1
DA:169,1
DA:174,0
DA:178,4
DA:179,2
DA:180,2
DA:186,2
DA:187,1
DA:188,1
DA:197,1
DA:198,1
DA:199,1
DA:204,0
DA:209,4
LF:60
LH:56
BRDA:29,0,0,2
BRDA:29,0,1,4
BRDA:35,1,0,0
BRDA:35,1,1,4
BRDA:49,2,0,2
BRDA:49,2,1,2
BRDA:52,3,0,0
BRDA:52,3,1,3
BRDA:75,4,0,1
BRDA:75,4,1,4
BRDA:87,5,0,0
BRDA:87,5,1,4
BRDA:92,6,0,3
BRDA:92,6,1,1
BRDA:92,7,0,4
BRDA:92,7,1,3
BRDA:98,8,0,4
BRDA:98,8,1,0
BRDA:98,9,0,4
BRDA:98,9,1,4
BRDA:105,10,0,4
BRDA:105,10,1,4
BRDA:107,11,0,5
BRDA:107,11,1,4
BRDA:109,12,0,5
BRDA:109,12,1,0
BRDA:110,13,0,5
BRDA:110,13,1,0
BRDA:111,14,0,5
BRDA:111,14,1,4
BRDA:112,15,0,5
BRDA:112,15,1,4
BRDA:113,16,0,5
BRDA:113,16,1,4
BRDA:114,17,0,5
BRDA:114,17,1,4
BRDA:115,18,0,5
BRDA:115,18,1,4
BRDA:116,19,0,5
BRDA:116,19,1,4
BRDA:117,20,0,5
BRDA:117,20,1,4
BRDA:118,21,0,5
BRDA:118,21,1,4
BRDA:119,22,0,5
BRDA:119,22,1,4
BRDA:120,23,0,5
BRDA:120,23,1,4
BRDA:121,24,0,5
BRDA:121,24,1,4
BRDA:122,25,0,5
BRDA:122,25,1,4
BRDA:123,26,0,5
BRDA:123,26,1,0
BRDA:140,27,0,4
BRDA:140,27,1,0
BRDA:146,28,0,4
BRDA:146,28,1,2
BRDA:146,28,2,2
BRDA:146,28,3,2
BRDA:151,29,0,4
BRDA:151,29,1,1
BRDA:151,30,0,5
BRDA:151,30,1,2
BRDA:151,30,2,2
BRDA:156,31,0,1
BRDA:156,31,1,3
BRDA:156,32,0,4
BRDA:156,32,1,2
BRDA:164,33,0,1
BRDA:164,33,1,0
BRDA:166,34,0,1
BRDA:166,34,1,0
BRDA:178,35,0,2
BRDA:178,35,1,2
BRDA:178,36,0,4
BRDA:178,36,1,4
BRDA:178,36,2,4
BRDA:186,37,0,1
BRDA:186,37,1,1
BRF:80
BRH:70
end_of_record
TN:
SF:lib\route-logic\families\[id]\payments.ts
FN:18,(anonymous_0)
FN:36,(anonymous_1)
FN:45,(anonymous_2)
FN:90,(anonymous_3)
FNF:4
FNH:4
FNDA:6,(anonymous_0)
FNDA:4,(anonymous_1)
FNDA:1,(anonymous_2)
FNDA:6,(anonymous_3)
DA:13,5
DA:19,6
DA:25,6
DA:26,2
DA:29,4
DA:34,4
DA:35,4
DA:36,4
DA:38,4
DA:46,1
DA:51,4
DA:55,5
DA:84,5
DA:91,6
DA:97,6
DA:98,1
DA:101,5
DA:110,5
DA:114,5
DA:119,5
DA:120,4
DA:125,4
DA:128,3
DA:130,6
DA:133,3
DA:134,6
DA:135,1
DA:143,2
DA:153,6
DA:154,2
DA:155,2
DA:157,2
DA:159,2
DA:175,2
LF:34
LH:34
BRDA:25,0,0,2
BRDA:25,0,1,4
BRDA:35,1,0,0
BRDA:35,1,1,4
BRDA:47,2,0,1
BRDA:47,2,1,0
BRDA:97,3,0,1
BRDA:97,3,1,5
BRDA:114,4,0,0
BRDA:114,4,1,5
BRDA:119,5,0,4
BRDA:119,5,1,1
BRDA:125,6,0,2
BRDA:125,6,1,2
BRDA:128,7,0,3
BRDA:128,7,1,0
BRDA:134,8,0,1
BRDA:134,8,1,5
BRDA:149,9,0,2
BRDA:149,9,1,0
BRDA:153,10,0,2
BRDA:153,10,1,4
BRDA:154,11,0,0
BRDA:154,11,1,2
BRDA:154,12,0,2
BRDA:154,12,1,0
BRDA:155,13,0,1
BRDA:155,13,1,1
BRDA:155,14,0,2
BRDA:155,14,1,2
BRF:30
BRH:23
end_of_record
TN:
SF:lib\route-logic\families\[id]\saved-payment-methods.ts
FN:16,publicSavedPaymentMethod
FN:23,getStripe
FN:40,(anonymous_2)
FN:58,(anonymous_3)
FN:81,(anonymous_4)
FN:94,(anonymous_5)
FN:220,(anonymous_6)
FNF:7
FNH:7
FNDA:6,publicSavedPaymentMethod
FNDA:16,getStripe
FNDA:8,(anonymous_2)
FNDA:4,(anonymous_3)
FNDA:22,(anonymous_4)
FNDA:1,(anonymous_5)
FNDA:10,(anonymous_6)
DA:11,6
DA:17,6
DA:18,6
DA:19,6
DA:20,6
DA:24,16
DA:25,16
DA:26,1
DA:28,15
DA:35,6
DA:41,8
DA:47,8
DA:48,3
DA:51,5
DA:53,5
DA:54,5
DA:55,1
DA:58,4
DA:60,4
DA:71,4
DA:76,6
DA:82,22
DA:84,22
DA:90,22
DA:91,1
DA:94,21
DA:95,21
DA:96,1
DA:98,20
DA:100,20
DA:101,1
DA:103,19
DA:104,2
DA:107,17
DA:108,17
DA:109,1
DA:112,16
DA:114,16
DA:115,2
DA:120,13
DA:121,13
DA:122,13
DA:123,12
DA:124,1
DA:127,11
DA:130,22
DA:131,2
DA:136,9
DA:137,22
DA:138,22
DA:139,1
DA:144,8
DA:145,1
DA:147,7
DA:149,1
DA:150,1
DA:157,7
DA:159,7
DA:160,1
DA:163,6
DA:164,5
DA:170,6
DA:176,6
DA:177,4
DA:178,4
DA:179,4
DA:180,4
DA:183,2
DA:196,2
DA:210,2
DA:215,6
DA:221,10
DA:223,10
DA:229,10
DA:230,1
DA:233,9
DA:235,9
DA:236,5
DA:238,4
DA:239,1
DA:242,3
DA:243,3
DA:244,1
DA:247,2
DA:256,2
DA:257,1
DA:260,1
DA:270,1
LF:88
LH:88
BRDA:17,0,0,6
BRDA:17,0,1,0
BRDA:25,1,0,1
BRDA:25,1,1,15
BRDA:47,2,0,3
BRDA:47,2,1,5
BRDA:54,3,0,1
BRDA:54,3,1,4
BRDA:90,4,0,1
BRDA:90,4,1,21
BRDA:95,5,0,1
BRDA:95,5,1,20
BRDA:95,6,0,21
BRDA:95,6,1,20
BRDA:95,6,2,20
BRDA:100,7,0,1
BRDA:100,7,1,19
BRDA:103,8,0,2
BRDA:103,8,1,17
BRDA:108,9,0,1
BRDA:108,9,1,16
BRDA:114,10,0,2
BRDA:114,10,1,14
BRDA:114,11,0,16
BRDA:114,11,1,13
BRDA:123,12,0,1
BRDA:123,12,1,11
BRDA:127,13,0,11
BRDA:127,13,1,0
BRDA:130,14,0,2
BRDA:130,14,1,20
BRDA:138,15,0,1
BRDA:138,15,1,21
BRDA:138,16,0,22
BRDA:138,16,1,9
BRDA:144,17,0,1
BRDA:144,17,1,7
BRDA:144,18,0,8
BRDA:144,18,1,8
BRDA:159,19,0,1
BRDA:159,19,1,6
BRDA:163,20,0,5
BRDA:163,20,1,1
BRDA:176,21,0,4
BRDA:176,21,1,2
BRDA:177,22,0,4
BRDA:177,22,1,1
BRDA:190,23,0,2
BRDA:190,23,1,0
BRDA:191,24,0,22
BRDA:191,24,1,0
BRDA:229,25,0,1
BRDA:229,25,1,9
BRDA:235,26,0,5
BRDA:235,26,1,4
BRDA:238,27,0,1
BRDA:238,27,1,3
BRDA:243,28,0,1
BRDA:243,28,1,2
BRDA:256,29,0,1
BRDA:256,29,1,1
BRF:61
BRH:57
end_of_record
TN:
SF:lib\route-logic\families\[id]\sub-families.ts
FN:14,(anonymous_0)
FN:31,(anonymous_1)
FN:36,(anonymous_2)
FN:46,(anonymous_3)
FNF:4
FNH:4
FNDA:8,(anonymous_0)
FNDA:6,(anonymous_1)
FNDA:1,(anonymous_2)
FNDA:2,(anonymous_3)
DA:7,3
DA:10,3
DA:15,8
DA:21,8
DA:22,2
DA:25,6
DA:26,6
DA:27,6
DA:28,1
DA:31,5
DA:33,6
DA:37,1
DA:43,5
DA:44,5
DA:47,2
DA:48,2
DA:49,2
DA:50,2
DA:51,2
DA:52,2
DA:55,8
LF:21
LH:21
BRDA:21,0,0,2
BRDA:21,0,1,6
BRDA:27,1,0,1
BRDA:27,1,1,5
BRDA:38,2,0,1
BRDA:38,2,1,0
BRDA:44,3,0,4
BRDA:44,3,1,1
BRF:8
BRH:7
end_of_record
TN:
SF:lib\route-logic\families\[id]\withdrawals.ts
FN:16,(anonymous_0)
FN:34,(anonymous_1)
FN:42,(anonymous_2)
FN:69,(anonymous_3)
FNF:4
FNH:3
FNDA:7,(anonymous_0)
FNDA:3,(anonymous_1)
FNDA:0,(anonymous_2)
FNDA:6,(anonymous_3)
DA:11,5
DA:17,7
DA:23,7
DA:24,3
DA:27,4
DA:32,4
DA:33,4
DA:34,3
DA:36,3
DA:43,0
DA:50,3
DA:54,5
DA:63,5
DA:70,6
DA:76,6
DA:77,2
DA:80,4
DA:88,4
DA:92,4
DA:94,3
DA:103,3
DA:117,3
LF:22
LH:21
BRDA:23,0,0,3
BRDA:23,0,1,4
BRDA:33,1,0,1
BRDA:33,1,1,3
BRDA:44,2,0,0
BRDA:44,2,1,0
BRDA:76,3,0,2
BRDA:76,3,1,4
BRDA:92,4,0,1
BRDA:92,4,1,3
BRF:10
BRH:8
end_of_record
TN:
SF:lib\route-logic\families\[id]\members\[memberId].ts
FN:28,(anonymous_0)
FN:227,(anonymous_1)
FNF:2
FNH:2
FNDA:18,(anonymous_0)
FNDA:5,(anonymous_1)
DA:22,5
DA:29,18
DA:35,18
DA:36,2
DA:39,16
DA:40,1
DA:43,15
DA:44,15
DA:49,15
DA:52,15
DA:53,15
DA:54,9
DA:55,9
DA:57,1
DA:63,15
DA:64,15
DA:65,14
DA:66,14
DA:68,1
DA:73,15
DA:79,15
DA:80,14
DA:82,15
DA:83,13
DA:85,15
DA:86,13
DA:90,15
DA:91,2
DA:93,15
DA:94,2
DA:97,15
DA:98,1
DA:100,15
DA:101,1
DA:103,15
DA:104,2
DA:106,15
DA:107,2
DA:109,15
DA:110,1
DA:112,15
DA:113,1
DA:115,15
DA:116,2
DA:118,15
DA:119,1
DA:122,15
DA:123,2
DA:125,15
DA:126,2
DA:128,15
DA:129,1
DA:131,15
DA:132,1
DA:136,15
DA:142,14
DA:143,2
DA:151,12
DA:157,18
DA:158,10
DA:162,10
DA:163,5
DA:164,5
DA:170,4
DA:171,3
DA:172,3
DA:173,3
DA:174,3
DA:175,3
DA:180,1
DA:184,10
DA:185,5
DA:186,5
DA:192,5
DA:193,5
DA:194,5
DA:203,4
DA:204,4
DA:205,4
DA:210,1
DA:217,12
DA:222,5
DA:228,5
DA:234,5
DA:235,1
DA:238,4
DA:239,4
DA:241,4
DA:246,4
DA:247,2
DA:250,2
DA:255,2
LF:92
LH:92
BRDA:35,0,0,2
BRDA:35,0,1,16
BRDA:39,1,0,1
BRDA:39,1,1,15
BRDA:53,2,0,9
BRDA:53,2,1,6
BRDA:53,3,0,15
BRDA:53,3,1,6
BRDA:64,4,0,14
BRDA:64,4,1,1
BRDA:64,5,0,15
BRDA:64,5,1,14
BRDA:79,6,0,14
BRDA:79,6,1,1
BRDA:79,7,0,15
BRDA:79,7,1,14
BRDA:82,8,0,13
BRDA:82,8,1,2
BRDA:82,9,0,15
BRDA:82,9,1,13
BRDA:82,9,2,2
BRDA:85,10,0,13
BRDA:85,10,1,2
BRDA:90,11,0,2
BRDA:90,11,1,13
BRDA:93,12,0,2
BRDA:93,12,1,13
BRDA:97,13,0,1
BRDA:97,13,1,14
BRDA:98,14,0,1
BRDA:98,14,1,0
BRDA:100,15,0,1
BRDA:100,15,1,14
BRDA:101,16,0,1
BRDA:101,16,1,0
BRDA:103,17,0,2
BRDA:103,17,1,13
BRDA:104,18,0,2
BRDA:104,18,1,0
BRDA:106,19,0,2
BRDA:106,19,1,13
BRDA:107,20,0,2
BRDA:107,20,1,0
BRDA:109,21,0,1
BRDA:109,21,1,14
BRDA:110,22,0,1
BRDA:110,22,1,0
BRDA:112,23,0,1
BRDA:112,23,1,14
BRDA:113,24,0,1
BRDA:113,24,1,0
BRDA:115,25,0,2
BRDA:115,25,1,13
BRDA:116,26,0,2
BRDA:116,26,1,0
BRDA:118,27,0,1
BRDA:118,27,1,14
BRDA:119,28,0,1
BRDA:119,28,1,0
BRDA:122,29,0,2
BRDA:122,29,1,13
BRDA:123,30,0,2
BRDA:123,30,1,0
BRDA:125,31,0,2
BRDA:125,31,1,13
BRDA:126,32,0,2
BRDA:126,32,1,0
BRDA:128,33,0,1
BRDA:128,33,1,14
BRDA:129,34,0,1
BRDA:129,34,1,0
BRDA:131,35,0,1
BRDA:131,35,1,14
BRDA:132,36,0,1
BRDA:132,36,1,0
BRDA:142,37,0,2
BRDA:142,37,1,12
BRDA:151,38,0,12
BRDA:151,38,1,9
BRDA:151,38,2,9
BRDA:151,38,3,9
BRDA:151,38,4,9
BRDA:157,39,0,10
BRDA:157,39,1,8
BRDA:157,40,0,18
BRDA:157,40,1,4
BRDA:157,40,2,3
BRDA:162,41,0,5
BRDA:162,41,1,5
BRDA:162,42,0,10
BRDA:162,42,1,8
BRDA:170,43,0,3
BRDA:170,43,1,1
BRDA:172,44,0,3
BRDA:172,44,1,0
BRDA:184,45,0,5
BRDA:184,45,1,5
BRDA:184,46,0,10
BRDA:184,46,1,9
BRDA:184,46,2,9
BRDA:192,47,0,5
BRDA:192,47,1,0
BRDA:234,48,0,1
BRDA:234,48,1,4
BRDA:246,49,0,2
BRDA:246,49,1,2
BRF:106
BRH:92
end_of_record
TN:
SF:lib\route-logic\families\[id]\members\[memberId]\convert-to-family.ts
FN:17,(anonymous_0)
FN:30,(anonymous_1)
FNF:2
FNH:2
FNDA:15,(anonymous_0)
FNDA:1,(anonymous_1)
DA:12,5
DA:18,15
DA:24,15
DA:25,2
DA:28,13
DA:29,13
DA:30,13
DA:31,13
DA:32,1
DA:34,12
DA:36,12
DA:37,4
DA:40,8
DA:45,8
DA:46,2
DA:48,6
DA:49,1
DA:52,5
DA:53,5
DA:54,1
DA:58,4
DA:62,15
DA:63,15
DA:64,1
DA:71,3
DA:74,3
DA:75,3
DA:76,3
DA:77,2
DA:78,2
DA:84,2
DA:85,1
DA:86,1
DA:89,0
DA:94,3
DA:95,15
DA:102,15
DA:107,15
DA:147,3
DA:148,2
DA:159,3
DA:160,3
DA:161,3
DA:163,3
DA:177,3
LF:45
LH:44
BRDA:24,0,0,2
BRDA:24,0,1,13
BRDA:31,1,0,1
BRDA:31,1,1,12
BRDA:31,2,0,13
BRDA:31,2,1,12
BRDA:31,2,2,12
BRDA:36,3,0,4
BRDA:36,3,1,8
BRDA:45,4,0,2
BRDA:45,4,1,6
BRDA:48,5,0,1
BRDA:48,5,1,5
BRDA:53,6,0,1
BRDA:53,6,1,4
BRDA:58,7,0,2
BRDA:58,7,1,2
BRDA:63,8,0,1
BRDA:63,8,1,14
BRDA:76,9,0,2
BRDA:76,9,1,1
BRDA:84,10,0,1
BRDA:84,10,1,1
BRDA:86,11,0,1
BRDA:86,11,1,0
BRDA:94,12,0,3
BRDA:94,12,1,3
BRDA:94,13,0,2
BRDA:94,13,1,1
BRDA:95,14,0,2
BRDA:95,14,1,1
BRDA:95,15,0,15
BRDA:95,15,1,2
BRDA:96,16,0,2
BRDA:96,16,1,0
BRDA:102,17,0,2
BRDA:102,17,1,1
BRDA:103,18,0,2
BRDA:103,18,1,2
BRDA:104,19,0,1
BRDA:104,19,1,1
BRDA:111,20,0,15
BRDA:111,20,1,3
BRDA:112,21,0,15
BRDA:112,21,1,3
BRDA:112,21,2,3
BRDA:113,22,0,15
BRDA:113,22,1,3
BRDA:114,23,0,15
BRDA:114,23,1,3
BRDA:115,24,0,15
BRDA:115,24,1,3
BRDA:116,25,0,15
BRDA:116,25,1,3
BRDA:117,26,0,15
BRDA:117,26,1,3
BRDA:119,27,0,2
BRDA:119,27,1,1
BRDA:121,28,0,2
BRDA:121,28,1,2
BRDA:124,29,0,2
BRDA:124,29,1,1
BRDA:125,30,0,2
BRDA:125,30,1,2
BRDA:126,31,0,2
BRDA:126,31,1,2
BRDA:127,32,0,2
BRDA:127,32,1,2
BRDA:129,33,0,1
BRDA:129,33,1,0
BRDA:130,34,0,1
BRDA:130,34,1,1
BRDA:131,35,0,1
BRDA:131,35,1,1
BRDA:132,36,0,1
BRDA:132,36,1,1
BRDA:134,37,0,1
BRDA:134,37,1,1
BRDA:138,38,0,15
BRDA:138,38,1,2
BRDA:139,39,0,15
BRDA:139,39,1,2
BRDA:147,40,0,2
BRDA:147,40,1,1
BRDA:147,41,0,3
BRDA:147,41,1,1
BRDA:152,42,0,2
BRDA:152,42,1,2
BRDA:154,43,0,1
BRDA:154,43,1,1
BRF:90
BRH:87
end_of_record
TN:
SF:lib\route-logic\families\[id]\withdrawals\[withdrawalId].ts
FN:25,(anonymous_0)
FN:86,(anonymous_1)
FNF:2
FNH:2
FNDA:8,(anonymous_0)
FNDA:4,(anonymous_1)
DA:9,4
DA:19,4
DA:26,8
DA:32,8
DA:33,2
DA:36,6
DA:37,6
DA:43,6
DA:47,6
DA:49,6
DA:50,5
DA:53,1
DA:62,1
DA:64,1
DA:74,1
DA:81,4
DA:87,4
DA:93,4
DA:94,1
DA:97,3
DA:98,3
DA:104,3
DA:108,3
DA:112,3
DA:121,3
DA:123,2
DA:133,2
LF:27
LH:27
BRDA:32,0,0,2
BRDA:32,0,1,6
BRDA:47,1,0,0
BRDA:47,1,1,6
BRDA:49,2,0,5
BRDA:49,2,1,1
BRDA:62,3,0,0
BRDA:62,3,1,1
BRDA:93,4,0,1
BRDA:93,4,1,3
BRDA:108,5,0,0
BRDA:108,5,1,3
BRDA:121,6,0,1
BRDA:121,6,1,2
BRF:14
BRH:11
end_of_record
TN:
SF:lib\route-logic\family-members\all.ts
FN:22,(anonymous_0)
FN:72,(anonymous_1)
FNF:2
FNH:2
FNDA:12,(anonymous_0)
FNDA:4,(anonymous_1)
DA:18,5
DA:23,12
DA:29,12
DA:30,3
DA:33,9
DA:34,9
DA:35,9
DA:36,9
DA:37,9
DA:38,5
DA:39,5
DA:41,9
DA:43,12
DA:48,12
DA:51,12
DA:52,5
DA:53,5
DA:54,3
DA:55,2
DA:57,1
DA:60,3
DA:66,3
DA:67,3
DA:68,2
DA:69,2
DA:72,4
DA:74,4
DA:85,7
DA:86,7
DA:87,11
DA:88,11
DA:89,11
DA:98,7
DA:99,12
LF:34
LH:34
BRDA:29,0,0,3
BRDA:29,0,1,9
BRDA:37,1,0,5
BRDA:37,1,1,4
BRDA:39,2,0,5
BRDA:39,2,1,0
BRDA:39,3,0,5
BRDA:39,3,1,5
BRDA:41,4,0,5
BRDA:41,4,1,4
BRDA:51,5,0,5
BRDA:51,5,1,4
BRDA:53,6,0,3
BRDA:53,6,1,2
BRDA:54,7,0,2
BRDA:54,7,1,1
BRDA:54,8,0,3
BRDA:54,8,1,1
BRDA:67,9,0,2
BRDA:67,9,1,1
BRDA:69,10,0,2
BRDA:69,10,1,0
BRDA:88,11,0,7
BRDA:88,11,1,4
BRDA:98,12,0,3
BRDA:98,12,1,4
BRF:26
BRH:24
end_of_record
TN:
SF:lib\route-logic\jobs\cycle-rollover.ts
FN:13,sanitizeJobErrors
FN:16,(anonymous_1)
FN:44,(anonymous_2)
FN:81,(anonymous_3)
FN:101,(anonymous_4)
FN:105,(anonymous_5)
FN:108,(anonymous_6)
FN:141,(anonymous_7)
FNF:8
FNH:7
FNDA:8,sanitizeJobErrors
FNDA:0,(anonymous_1)
FNDA:13,(anonymous_2)
FNDA:8,(anonymous_3)
FNDA:3,(anonymous_4)
FNDA:3,(anonymous_5)
FNDA:3,(anonymous_6)
FNDA:1,(anonymous_7)
DA:11,5
DA:14,8
DA:15,8
DA:16,1
DA:41,5
DA:45,13
DA:49,13
DA:50,2
DA:61,11
DA:62,11
DA:63,11
DA:64,2
DA:73,9
DA:80,9
DA:81,9
DA:91,8
DA:101,8
DA:102,8
DA:105,8
DA:107,8
DA:108,8
DA:112,8
DA:113,8
DA:114,8
DA:115,8
DA:117,8
DA:118,2
DA:119,2
DA:120,2
DA:121,1
DA:122,1
DA:124,1
DA:125,1
DA:126,1
DA:130,8
DA:141,1
DA:153,8
DA:164,1
DA:169,1
DA:170,1
DA:172,9
DA:178,5
LF:42
LH:42
BRDA:15,0,0,7
BRDA:15,0,1,1
BRDA:18,1,0,0
BRDA:18,1,1,0
BRDA:49,2,0,2
BRDA:49,2,1,11
BRDA:63,3,0,2
BRDA:63,3,1,9
BRDA:125,4,0,1
BRDA:125,4,1,0
BRDA:167,5,0,1
BRDA:167,5,1,0
BRF:12
BRH:8
end_of_record
TN:
SF:lib\route-logic\jobs\generate-monthly-statements.ts
FN:33,(anonymous_0)
FN:75,(anonymous_1)
FN:93,(anonymous_2)
FNF:3
FNH:2
FNDA:11,(anonymous_0)
FNDA:1,(anonymous_1)
FNDA:0,(anonymous_2)
DA:9,4
DA:10,4
DA:30,4
DA:34,11
DA:38,11
DA:39,2
DA:42,9
DA:51,9
DA:52,9
DA:53,9
DA:54,9
DA:55,2
DA:64,7
DA:65,7
DA:66,7
DA:76,1
DA:81,1
DA:82,1
DA:85,6
DA:86,6
DA:88,1
DA:89,1
DA:90,1
DA:92,7
DA:93,7
DA:100,4
LF:26
LH:26
BRDA:38,0,0,2
BRDA:38,0,1,9
BRDA:52,1,0,9
BRDA:52,1,1,0
BRDA:54,2,0,2
BRDA:54,2,1,7
BRDA:81,3,0,0
BRDA:81,3,1,1
BRDA:81,4,0,1
BRDA:81,4,1,1
BRDA:85,5,0,6
BRDA:85,5,1,0
BRDA:92,6,0,7
BRDA:92,6,1,0
BRF:14
BRH:10
end_of_record
TN:
SF:lib\route-logic\jobs\process-recurring-payments.ts
FN:22,(anonymous_0)
FN:66,(anonymous_1)
FN:78,(anonymous_2)
FN:95,(anonymous_3)
FNF:4
FNH:2
FNDA:11,(anonymous_0)
FNDA:17,(anonymous_1)
FNDA:0,(anonymous_2)
FNDA:0,(anonymous_3)
DA:8,5
DA:9,5
DA:19,5
DA:23,11
DA:27,11
DA:28,2
DA:31,9
DA:32,9
DA:33,9
DA:45,9
DA:46,9
DA:47,9
DA:48,9
DA:49,2
DA:60,7
DA:61,7
DA:62,7
DA:67,17
DA:68,17
DA:69,17
DA:77,1
DA:78,1
DA:79,1
DA:85,5
DA:86,5
DA:90,2
DA:91,2
DA:92,2
DA:94,7
DA:95,7
DA:101,5
LF:31
LH:31
BRDA:27,0,0,2
BRDA:27,0,1,9
BRDA:46,1,0,9
BRDA:46,1,1,0
BRDA:48,2,0,2
BRDA:48,2,1,7
BRDA:77,3,0,1
BRDA:77,3,1,0
BRDA:85,4,0,5
BRDA:85,4,1,0
BRDA:94,5,0,7
BRDA:94,5,1,0
BRF:12
BRH:8
end_of_record
TN:
SF:lib\route-logic\jobs\send-monthly-statements.ts
FN:30,(anonymous_0)
FN:71,(anonymous_1)
FN:90,(anonymous_2)
FN:103,(anonymous_3)
FNF:4
FNH:2
FNDA:10,(anonymous_0)
FNDA:1,(anonymous_1)
FNDA:0,(anonymous_2)
FNDA:0,(anonymous_3)
DA:8,3
DA:9,3
DA:27,3
DA:31,10
DA:35,10
DA:36,1
DA:39,9
DA:40,9
DA:41,9
DA:48,9
DA:49,9
DA:50,9
DA:51,9
DA:52,2
DA:61,7
DA:62,7
DA:63,7
DA:72,1
DA:77,1
DA:79,1
DA:80,1
DA:81,1
DA:89,1
DA:90,0
DA:91,0
DA:95,6
DA:96,6
DA:98,1
DA:99,1
DA:100,1
DA:102,7
DA:103,7
DA:109,3
LF:33
LH:31
BRDA:35,0,0,1
BRDA:35,0,1,9
BRDA:49,1,0,9
BRDA:49,1,1,0
BRDA:51,2,0,2
BRDA:51,2,1,7
BRDA:77,3,0,0
BRDA:77,3,1,1
BRDA:77,4,0,1
BRDA:77,4,1,1
BRDA:89,5,0,0
BRDA:89,5,1,1
BRDA:95,6,0,6
BRDA:95,6,1,0
BRDA:102,7,0,7
BRDA:102,7,1,0
BRF:16
BRH:11
end_of_record
TN:
SF:lib\route-logic\jobs\wedding-converter.ts
FN:12,sanitizeJobErrors
FN:15,(anonymous_1)
FN:39,(anonymous_2)
FN:60,(anonymous_3)
FN:75,runJob
FNF:5
FNH:5
FNDA:9,sanitizeJobErrors
FNDA:1,(anonymous_1)
FNDA:13,(anonymous_2)
FNDA:10,(anonymous_3)
FNDA:10,runJob
DA:10,3
DA:13,9
DA:14,9
DA:15,1
DA:36,3
DA:40,13
DA:44,13
DA:45,2
DA:56,11
DA:57,11
DA:60,10
DA:63,11
DA:64,1
DA:71,10
DA:76,10
DA:83,10
DA:84,10
DA:89,9
DA:90,9
DA:91,9
DA:92,9
DA:94,9
DA:95,3
DA:96,3
DA:97,3
DA:98,1
DA:99,1
DA:101,2
DA:102,2
DA:103,2
DA:107,9
DA:120,9
DA:129,1
DA:134,1
DA:135,1
DA:143,3
LF:36
LH:36
BRDA:14,0,0,8
BRDA:14,0,1,1
BRDA:17,1,0,1
BRDA:17,1,1,0
BRDA:44,2,0,2
BRDA:44,2,1,11
BRDA:63,3,0,1
BRDA:63,3,1,10
BRDA:102,4,0,2
BRDA:102,4,1,0
BRDA:132,5,0,1
BRDA:132,5,1,0
BRDA:136,6,0,1
BRDA:136,6,1,1
BRF:14
BRH:11
end_of_record
TN:
SF:lib\route-logic\lifecycle-event-types\[id].ts
FN:14,(anonymous_0)
FN:45,(anonymous_1)
FN:92,(anonymous_2)
FNF:3
FNH:3
FNDA:7,(anonymous_0)
FNDA:3,(anonymous_1)
FNDA:5,(anonymous_2)
DA:9,5
DA:15,7
DA:21,7
DA:22,3
DA:25,4
DA:30,4
DA:31,2
DA:34,2
DA:39,5
DA:46,3
DA:52,3
DA:53,1
DA:56,2
DA:58,2
DA:59,2
DA:60,2
DA:62,2
DA:68,2
DA:69,0
DA:72,2
DA:82,2
DA:87,5
DA:93,5
DA:99,5
DA:100,1
DA:103,4
DA:107,4
DA:108,2
DA:111,2
DA:116,2
DA:117,0
DA:120,2
LF:32
LH:30
BRDA:21,0,0,3
BRDA:21,0,1,4
BRDA:30,1,0,2
BRDA:30,1,1,2
BRDA:52,2,0,1
BRDA:52,2,1,2
BRDA:59,3,0,2
BRDA:59,3,1,0
BRDA:60,4,0,2
BRDA:60,4,1,0
BRDA:68,5,0,0
BRDA:68,5,1,2
BRDA:99,6,0,1
BRDA:99,6,1,4
BRDA:107,7,0,2
BRDA:107,7,1,2
BRDA:116,8,0,0
BRDA:116,8,1,2
BRF:18
BRH:14
end_of_record
TN:
SF:lib\route-logic\members\[memberId]\balance.ts
FN:12,(anonymous_0)
FNF:1
FNH:1
FNDA:8,(anonymous_0)
DA:5,3
DA:7,3
DA:13,8
DA:19,8
DA:20,1
DA:23,7
DA:24,7
DA:28,7
DA:29,2
DA:32,5
DA:33,5
DA:34,5
DA:35,5
DA:36,3
DA:37,3
DA:38,1
DA:40,2
DA:41,2
DA:42,1
DA:46,3
DA:52,3
LF:21
LH:21
BRDA:19,0,0,1
BRDA:19,0,1,7
BRDA:28,1,0,2
BRDA:28,1,1,5
BRDA:35,2,0,3
BRDA:35,2,1,2
BRDA:37,3,0,1
BRDA:37,3,1,2
BRDA:41,4,0,1
BRDA:41,4,1,1
BRDA:41,5,0,2
BRDA:41,5,1,1
BRF:12
BRH:12
end_of_record
TN:
SF:lib\route-logic\members\[memberId]\payments.ts
FN:15,(anonymous_0)
FN:47,(anonymous_1)
FN:56,(anonymous_2)
FNF:3
FNH:2
FNDA:6,(anonymous_0)
FNDA:3,(anonymous_1)
FNDA:0,(anonymous_2)
DA:8,3
DA:10,3
DA:16,6
DA:22,6
DA:23,1
DA:26,5
DA:27,5
DA:31,5
DA:32,1
DA:35,4
DA:36,4
DA:38,4
DA:39,4
DA:40,2
DA:41,2
DA:42,1
DA:44,1
DA:47,3
DA:49,3
DA:57,0
DA:63,3
LF:21
LH:20
BRDA:22,0,0,1
BRDA:22,0,1,5
BRDA:31,1,0,1
BRDA:31,1,1,4
BRDA:39,2,0,2
BRDA:39,2,1,2
BRDA:41,3,0,1
BRDA:41,3,1,1
BRDA:58,4,0,0
BRDA:58,4,1,0
BRF:10
BRH:8
end_of_record
TN:
SF:lib\route-logic\members\[memberId]\statements.ts
FN:18,(anonymous_0)
FN:39,(anonymous_1)
FN:44,(anonymous_2)
FN:61,(anonymous_3)
FN:85,(anonymous_4)
FN:98,(anonymous_5)
FN:100,(anonymous_6)
FN:109,(anonymous_7)
FN:143,(anonymous_8)
FNF:9
FNH:8
FNDA:7,(anonymous_0)
FNDA:3,(anonymous_1)
FNDA:0,(anonymous_2)
FNDA:5,(anonymous_3)
FNDA:4,(anonymous_4)
FNDA:5,(anonymous_5)
FNDA:4,(anonymous_6)
FNDA:2,(anonymous_7)
FNDA:2,(anonymous_8)
DA:11,4
DA:13,4
DA:19,7
DA:25,7
DA:26,2
DA:29,5
DA:31,5
DA:35,5
DA:36,2
DA:39,3
DA:41,3
DA:45,0
DA:51,3
DA:55,4
DA:62,5
DA:68,5
DA:69,0
DA:72,5
DA:73,5
DA:75,5
DA:77,5
DA:78,5
DA:79,1
DA:82,4
DA:83,4
DA:85,4
DA:87,4
DA:98,5
DA:100,4
DA:102,4
DA:109,4
DA:110,2
DA:111,2
DA:114,4
DA:115,4
DA:117,4
DA:123,4
DA:124,1
DA:138,1
DA:141,3
DA:144,2
DA:149,3
DA:151,3
DA:152,3
DA:167,2
DA:169,1
DA:170,1
DA:176,1
DA:177,1
DA:191,1
DA:194,0
LF:51
LH:48
BRDA:25,0,0,2
BRDA:25,0,1,5
BRDA:35,1,0,2
BRDA:35,1,1,3
BRDA:46,2,0,0
BRDA:46,2,1,0
BRDA:68,3,0,0
BRDA:68,3,1,5
BRDA:78,4,0,1
BRDA:78,4,1,4
BRDA:110,5,0,2
BRDA:110,5,1,0
BRDA:111,6,0,2
BRDA:111,6,1,0
BRDA:111,7,0,2
BRDA:111,7,1,2
BRDA:123,8,0,1
BRDA:123,8,1,3
BRDA:138,9,0,1
BRDA:138,9,1,0
BRDA:169,10,0,1
BRDA:169,10,1,0
BRDA:176,11,0,1
BRDA:176,11,1,0
BRDA:191,12,0,1
BRDA:191,12,1,0
BRF:26
BRH:17
end_of_record
TN:
SF:lib\route-logic\organizations\automation.ts
FN:58,(anonymous_0)
FN:68,(anonymous_1)
FN:114,(anonymous_2)
FNF:3
FNH:3
FNDA:12,(anonymous_0)
FNDA:4,(anonymous_1)
FNDA:12,(anonymous_2)
DA:45,4
DA:47,4
DA:58,4
DA:59,12
DA:60,10
DA:61,10
DA:64,4
DA:69,4
DA:75,4
DA:76,1
DA:79,3
DA:84,3
DA:85,3
DA:109,4
DA:115,12
DA:121,12
DA:122,2
DA:125,10
DA:126,10
DA:127,10
DA:128,10
DA:129,10
DA:130,10
DA:131,10
DA:132,10
DA:133,10
DA:135,10
DA:145,2
DA:150,8
DA:151,5
DA:152,5
DA:153,0
DA:155,5
DA:156,5
DA:157,4
DA:158,4
DA:159,1
DA:162,4
DA:164,7
DA:165,6
DA:166,6
DA:167,1
DA:169,5
DA:170,5
DA:171,4
DA:172,4
DA:173,2
DA:176,3
DA:178,4
DA:179,2
DA:180,2
DA:181,0
DA:183,2
DA:184,2
DA:185,2
DA:186,2
DA:187,1
DA:190,1
DA:192,3
DA:193,2
DA:195,3
DA:196,2
DA:198,3
DA:199,1
DA:202,3
DA:204,1
DA:205,1
DA:207,3
DA:209,1
DA:210,1
DA:213,3
DA:223,3
DA:225,3
DA:244,3
LF:74
LH:72
BRDA:59,0,0,2
BRDA:59,0,1,10
BRDA:59,1,0,12
BRDA:59,1,1,10
BRDA:61,2,0,10
BRDA:61,2,1,0
BRDA:75,3,0,1
BRDA:75,3,1,3
BRDA:84,4,0,0
BRDA:84,4,1,3
BRDA:87,5,0,2
BRDA:87,5,1,1
BRDA:90,6,0,2
BRDA:90,6,1,1
BRDA:93,7,0,0
BRDA:93,7,1,3
BRDA:99,8,0,0
BRDA:99,8,1,3
BRDA:101,9,0,3
BRDA:101,9,1,0
BRDA:103,10,0,3
BRDA:103,10,1,0
BRDA:121,11,0,2
BRDA:121,11,1,10
BRDA:135,12,0,2
BRDA:135,12,1,8
BRDA:136,13,0,10
BRDA:136,13,1,5
BRDA:136,13,2,3
BRDA:136,13,3,2
BRDA:136,13,4,2
BRDA:136,13,5,2
BRDA:136,13,6,2
BRDA:136,13,7,2
BRDA:150,14,0,5
BRDA:150,14,1,3
BRDA:152,15,0,0
BRDA:152,15,1,5
BRDA:152,16,0,5
BRDA:152,16,1,4
BRDA:152,16,2,4
BRDA:156,17,0,4
BRDA:156,17,1,1
BRDA:158,18,0,1
BRDA:158,18,1,3
BRDA:164,19,0,6
BRDA:164,19,1,1
BRDA:166,20,0,1
BRDA:166,20,1,5
BRDA:166,21,0,6
BRDA:166,21,1,5
BRDA:166,21,2,5
BRDA:170,22,0,4
BRDA:170,22,1,1
BRDA:172,23,0,2
BRDA:172,23,1,2
BRDA:178,24,0,2
BRDA:178,24,1,2
BRDA:180,25,0,0
BRDA:180,25,1,2
BRDA:180,26,0,2
BRDA:180,26,1,2
BRDA:180,26,2,2
BRDA:184,27,0,2
BRDA:184,27,1,0
BRDA:186,28,0,1
BRDA:186,28,1,1
BRDA:192,29,0,2
BRDA:192,29,1,1
BRDA:195,30,0,2
BRDA:195,30,1,1
BRDA:198,31,0,1
BRDA:198,31,1,2
BRDA:200,32,0,1
BRDA:200,32,1,0
BRDA:202,33,0,1
BRDA:202,33,1,2
BRDA:207,34,0,1
BRDA:207,34,1,2
BRDA:223,35,0,0
BRDA:223,35,1,3
BRDA:246,36,0,2
BRDA:246,36,1,1
BRDA:249,37,0,2
BRDA:249,37,1,1
BRDA:252,38,0,1
BRDA:252,38,1,2
BRDA:258,39,0,2
BRDA:258,39,1,1
BRDA:260,40,0,3
BRDA:260,40,1,0
BRDA:262,41,0,3
BRDA:262,41,1,0
BRF:93
BRH:80
end_of_record
TN:
SF:lib\route-logic\organizations\branding.ts
FN:30,(anonymous_0)
FN:76,(anonymous_1)
FN:155,(anonymous_2)
FNF:3
FNH:3
FNDA:4,(anonymous_0)
FNDA:7,(anonymous_1)
FNDA:3,(anonymous_2)
DA:18,4
DA:20,4
DA:27,4
DA:31,4
DA:37,4
DA:38,1
DA:41,3
DA:44,3
DA:48,3
DA:51,4
DA:55,4
DA:66,4
DA:67,4
DA:71,4
DA:77,7
DA:83,7
DA:84,2
DA:87,5
DA:88,5
DA:89,5
DA:91,5
DA:92,1
DA:95,4
DA:96,1
DA:97,1
DA:98,0
DA:99,0
DA:101,1
DA:102,1
DA:103,0
DA:105,1
DA:106,1
DA:110,4
DA:111,4
DA:112,4
DA:113,1
DA:115,3
DA:118,3
DA:124,3
DA:126,3
DA:139,3
DA:151,4
DA:156,3
DA:162,3
DA:163,0
DA:166,3
DA:177,3
DA:179,3
DA:188,3
LF:49
LH:45
BRDA:37,0,0,1
BRDA:37,0,1,3
BRDA:44,1,0,0
BRDA:44,1,1,3
BRDA:48,2,0,0
BRDA:48,2,1,3
BRDA:51,3,0,1
BRDA:51,3,1,2
BRDA:52,4,0,1
BRDA:52,4,1,1
BRDA:59,5,0,4
BRDA:59,5,1,2
BRDA:61,6,0,4
BRDA:61,6,1,3
BRDA:62,7,0,4
BRDA:62,7,1,3
BRDA:83,8,0,2
BRDA:83,8,1,5
BRDA:91,9,0,1
BRDA:91,9,1,4
BRDA:91,10,0,5
BRDA:91,10,1,4
BRDA:95,11,0,1
BRDA:95,11,1,3
BRDA:97,12,0,0
BRDA:97,12,1,1
BRDA:97,13,0,1
BRDA:97,13,1,1
BRDA:102,14,0,0
BRDA:102,14,1,1
BRDA:110,15,0,4
BRDA:110,15,1,0
BRDA:112,16,0,1
BRDA:112,16,1,3
BRDA:112,17,0,4
BRDA:112,17,1,4
BRDA:112,17,2,1
BRDA:124,18,0,0
BRDA:124,18,1,3
BRDA:142,19,0,3
BRDA:142,19,1,2
BRDA:143,20,0,7
BRDA:143,20,1,2
BRDA:144,21,0,7
BRDA:144,21,1,0
BRDA:162,22,0,0
BRDA:162,22,1,3
BRDA:177,23,0,0
BRDA:177,23,1,3
BRF:49
BRH:40
end_of_record
TN:
SF:lib\route-logic\organizations\current.ts
FN:26,(anonymous_0)
FN:89,(anonymous_1)
FNF:2
FNH:2
FNDA:3,(anonymous_0)
FNDA:4,(anonymous_1)
DA:21,2
DA:23,2
DA:27,3
DA:33,3
DA:34,1
DA:37,2
DA:46,2
DA:48,2
DA:63,2
DA:84,2
DA:90,4
DA:96,4
DA:97,1
DA:100,3
DA:101,3
DA:102,3
DA:104,3
DA:105,1
DA:108,2
DA:115,2
DA:117,2
DA:127,2
LF:22
LH:22
BRDA:33,0,0,1
BRDA:33,0,1,2
BRDA:46,1,0,0
BRDA:46,1,1,2
BRDA:51,2,0,2
BRDA:51,2,1,0
BRDA:52,3,0,3
BRDA:52,3,1,0
BRDA:53,4,0,3
BRDA:53,4,1,0
BRDA:54,5,0,3
BRDA:54,5,1,0
BRDA:96,6,0,1
BRDA:96,6,1,3
BRDA:101,7,0,0
BRDA:101,7,1,3
BRDA:102,8,0,2
BRDA:102,8,1,1
BRDA:104,9,0,1
BRDA:104,9,1,2
BRDA:115,10,0,0
BRDA:115,10,1,2
BRDA:129,11,0,2
BRDA:129,11,1,0
BRDA:130,12,0,4
BRDA:130,12,1,0
BRF:26
BRH:17
end_of_record
TN:
SF:lib\route-logic\organizations\letterhead.ts
FN:80,normalizeLetterhead
FN:94,(anonymous_1)
FN:118,(anonymous_2)
FNF:3
FNH:3
FNDA:4,normalizeLetterhead
FNDA:4,(anonymous_1)
FNDA:6,(anonymous_2)
DA:24,3
DA:29,3
DA:30,3
DA:32,3
DA:64,3
DA:81,4
DA:82,4
DA:83,4
DA:84,52
DA:85,52
DA:87,4
DA:90,3
DA:95,4
DA:101,4
DA:102,1
DA:105,3
DA:108,3
DA:109,3
DA:113,3
DA:119,6
DA:125,6
DA:126,1
DA:132,5
DA:133,5
DA:134,5
DA:135,65
DA:136,5
DA:137,5
DA:141,5
DA:142,4
DA:145,1
DA:153,1
DA:155,1
DA:165,1
LF:34
LH:34
BRDA:81,0,0,4
BRDA:81,0,1,0
BRDA:81,1,0,4
BRDA:81,1,1,4
BRDA:85,2,0,52
BRDA:85,2,1,0
BRDA:101,3,0,1
BRDA:101,3,1,3
BRDA:108,4,0,0
BRDA:108,4,1,3
BRDA:125,5,0,1
BRDA:125,5,1,5
BRDA:135,6,0,5
BRDA:135,6,1,60
BRDA:136,7,0,5
BRDA:136,7,1,0
BRDA:141,8,0,4
BRDA:141,8,1,1
BRDA:153,9,0,0
BRDA:153,9,1,1
BRF:20
BRH:15
end_of_record
TN:
SF:lib\route-logic\organizations\branding\logo.ts
FN:25,(anonymous_0)
FNF:1
FNH:1
FNDA:6,(anonymous_0)
DA:18,2
DA:20,2
DA:22,2
DA:26,6
DA:32,6
DA:33,0
DA:36,6
DA:40,6
DA:41,6
DA:42,3
DA:45,3
DA:46,3
DA:47,1
DA:50,2
DA:51,2
DA:53,2
LF:16
LH:15
BRDA:32,0,0,0
BRDA:32,0,1,6
BRDA:40,1,0,6
BRDA:40,1,1,3
BRDA:41,2,0,3
BRDA:41,2,1,3
BRDA:46,3,0,1
BRDA:46,3,1,2
BRF:8
BRH:7
end_of_record
TN:
SF:lib\route-logic\payment-plans\[id].ts
FN:14,(anonymous_0)
FN:42,(anonymous_1)
FN:89,(anonymous_2)
FNF:3
FNH:3
FNDA:7,(anonymous_0)
FNDA:8,(anonymous_1)
FNDA:7,(anonymous_2)
DA:9,4
DA:15,7
DA:21,7
DA:22,3
DA:25,4
DA:27,4
DA:28,1
DA:31,3
DA:36,4
DA:43,8
DA:49,8
DA:50,1
DA:53,7
DA:54,4
DA:57,3
DA:59,3
DA:65,3
DA:66,1
DA:69,2
DA:79,2
DA:84,4
DA:90,7
DA:96,7
DA:97,1
DA:101,6
DA:105,6
DA:106,0
DA:115,6
DA:125,6
DA:126,4
DA:136,2
DA:141,2
DA:142,0
DA:145,2
LF:34
LH:32
BRDA:21,0,0,3
BRDA:21,0,1,4
BRDA:27,1,0,1
BRDA:27,1,1,3
BRDA:49,2,0,1
BRDA:49,2,1,7
BRDA:53,3,0,4
BRDA:53,3,1,3
BRDA:65,4,0,1
BRDA:65,4,1,2
BRDA:96,5,0,1
BRDA:96,5,1,6
BRDA:105,6,0,0
BRDA:105,6,1,6
BRDA:125,7,0,4
BRDA:125,7,1,2
BRDA:125,8,0,6
BRDA:125,8,1,3
BRDA:141,9,0,0
BRDA:141,9,1,2
BRF:20
BRH:18
end_of_record
TN:
SF:lib\route-logic\recurring-payments\process.ts
FN:18,getStripe
FN:35,(anonymous_1)
FN:182,(anonymous_2)
FN:193,(anonymous_3)
FN:277,(anonymous_4)
FN:377,(anonymous_5)
FN:390,(anonymous_6)
FN:418,(anonymous_7)
FN:440,(anonymous_8)
FNF:9
FNH:6
FNDA:10,getStripe
FNDA:15,(anonymous_1)
FNDA:0,(anonymous_2)
FNDA:0,(anonymous_3)
FNDA:0,(anonymous_4)
FNDA:12,(anonymous_5)
FNDA:9,(anonymous_6)
FNDA:5,(anonymous_7)
FNDA:1,(anonymous_8)
DA:14,6
DA:19,10
DA:20,10
DA:21,1
DA:23,9
DA:31,6
DA:36,15
DA:40,15
DA:41,1
DA:44,14
DA:45,14
DA:50,14
DA:53,14
DA:55,15
DA:56,15
DA:57,15
DA:59,15
DA:60,15
DA:61,16
DA:66,16
DA:68,16
DA:78,16
DA:80,13
DA:83,13
DA:84,13
DA:86,13
DA:87,1
DA:93,1
DA:94,1
DA:97,12
DA:104,12
DA:105,1
DA:111,1
DA:112,1
DA:119,11
DA:120,11
DA:121,11
DA:130,11
DA:132,1
DA:138,10
DA:139,10
DA:148,10
DA:150,10
DA:151,10
DA:179,1
DA:183,1
DA:185,8
DA:187,8
DA:188,1
DA:190,1
DA:194,1
DA:200,1
DA:209,1
DA:210,1
DA:224,7
DA:232,7
DA:233,7
DA:234,6
DA:235,6
DA:236,6
DA:261,2
DA:262,1
DA:274,1
DA:278,1
DA:300,1
DA:308,1
DA:309,1
DA:314,6
DA:322,13
DA:331,2
DA:332,2
DA:333,2
DA:340,2
DA:341,2
DA:351,2
DA:355,13
DA:356,2
DA:359,14
DA:360,3
DA:371,11
DA:378,12
DA:386,6
DA:391,9
DA:397,9
DA:398,1
DA:401,8
DA:402,8
DA:403,8
DA:405,8
DA:406,8
DA:407,6
DA:408,2
DA:410,4
DA:411,4
DA:412,1
DA:414,3
DA:416,5
DA:418,5
DA:423,5
DA:441,1
DA:449,5
LF:101
LH:101
BRDA:20,0,0,1
BRDA:20,0,1,9
BRDA:40,1,0,1
BRDA:40,1,1,14
BRDA:66,2,0,2
BRDA:66,2,1,14
BRDA:78,3,0,3
BRDA:78,3,1,13
BRDA:86,4,0,1
BRDA:86,4,1,12
BRDA:86,5,0,13
BRDA:86,5,1,12
BRDA:86,5,2,12
BRDA:86,5,3,12
BRDA:89,6,0,1
BRDA:89,6,1,1
BRDA:104,7,0,1
BRDA:104,7,1,11
BRDA:107,8,0,1
BRDA:107,8,1,0
BRDA:130,9,0,1
BRDA:130,9,1,10
BRDA:167,10,0,10
BRDA:167,10,1,0
BRDA:169,11,0,13
BRDA:169,11,1,0
BRDA:187,12,0,1
BRDA:187,12,1,7
BRDA:196,13,0,1
BRDA:196,13,1,0
BRDA:201,14,0,1
BRDA:201,14,1,0
BRDA:233,15,0,6
BRDA:233,15,1,1
BRDA:252,16,0,6
BRDA:252,16,1,6
BRDA:258,17,0,6
BRDA:258,17,1,6
BRDA:261,18,0,1
BRDA:261,18,1,1
BRDA:302,19,0,1
BRDA:302,19,1,0
BRDA:305,20,0,1
BRDA:305,20,1,0
BRDA:316,21,0,6
BRDA:316,21,1,0
BRDA:335,22,0,2
BRDA:335,22,1,0
BRDA:342,23,0,2
BRDA:342,23,1,0
BRDA:355,24,0,11
BRDA:355,24,1,2
BRDA:359,25,0,3
BRDA:359,25,1,11
BRDA:359,26,0,14
BRDA:359,26,1,9
BRDA:378,27,0,6
BRDA:378,27,1,6
BRDA:397,28,0,1
BRDA:397,28,1,8
BRDA:406,29,0,6
BRDA:406,29,1,2
BRDA:407,30,0,2
BRDA:407,30,1,4
BRDA:411,31,0,1
BRDA:411,31,1,3
BRDA:416,32,0,4
BRDA:416,32,1,1
BRDA:442,33,0,1
BRDA:442,33,1,0
BRF:70
BRH:59
end_of_record
TN:
SF:lib\route-logic\reports\meta.ts
FN:18,(anonymous_0)
FNF:1
FNH:1
FNDA:4,(anonymous_0)
DA:13,2
DA:19,4
DA:25,4
DA:26,1
DA:29,3
LF:5
LH:5
BRDA:25,0,0,1
BRDA:25,0,1,3
BRF:2
BRH:2
end_of_record
TN:
SF:lib\route-logic\reports\pl.ts
FN:18,(anonymous_0)
FN:80,(anonymous_1)
FN:94,(anonymous_2)
FN:100,(anonymous_3)
FN:113,(anonymous_4)
FN:122,(anonymous_5)
FN:123,(anonymous_6)
FN:127,(anonymous_7)
FN:138,(anonymous_8)
FN:149,(anonymous_9)
FNF:10
FNH:8
FNDA:10,(anonymous_0)
FNDA:2,(anonymous_1)
FNDA:0,(anonymous_2)
FNDA:2,(anonymous_3)
FNDA:0,(anonymous_4)
FNDA:8,(anonymous_5)
FNDA:4,(anonymous_6)
FNDA:8,(anonymous_7)
FNDA:4,(anonymous_8)
FNDA:18,(anonymous_9)
DA:11,3
DA:14,3
DA:19,10
DA:25,10
DA:26,2
DA:29,8
DA:30,8
DA:31,8
DA:32,8
DA:35,8
DA:36,8
DA:37,8
DA:38,3
DA:39,3
DA:40,1
DA:42,2
DA:43,2
DA:44,1
DA:49,1
DA:52,1
DA:53,3
DA:54,5
DA:55,2
DA:56,1
DA:61,1
DA:62,1
DA:63,1
DA:64,1
DA:65,0
DA:67,1
DA:68,1
DA:70,1
DA:71,1
DA:73,3
DA:79,2
DA:82,2
DA:95,0
DA:102,2
DA:114,0
DA:122,8
DA:123,4
DA:124,2
DA:127,8
DA:138,4
DA:149,2
DA:150,18
DA:153,2
LF:47
LH:44
BRDA:25,0,0,2
BRDA:25,0,1,8
BRDA:37,1,0,3
BRDA:37,1,1,5
BRDA:39,2,0,1
BRDA:39,2,1,2
BRDA:43,3,0,1
BRDA:43,3,1,1
BRDA:43,4,0,2
BRDA:43,4,1,1
BRDA:54,5,0,2
BRDA:54,5,1,3
BRDA:54,6,0,5
BRDA:54,6,1,3
BRDA:55,7,0,1
BRDA:55,7,1,1
BRDA:55,8,0,2
BRDA:55,8,1,2
BRDA:64,9,0,0
BRDA:64,9,1,1
BRDA:67,10,0,1
BRDA:67,10,1,0
BRDA:96,11,0,0
BRDA:96,11,1,0
BRDA:115,12,0,0
BRDA:115,12,1,0
BRDA:131,13,0,8
BRDA:131,13,1,0
BRDA:132,14,0,8
BRDA:132,14,1,0
BRDA:134,15,0,8
BRDA:134,15,1,6
BRDA:142,16,0,4
BRDA:142,16,1,0
BRDA:143,17,0,4
BRDA:143,17,1,4
BRDA:145,18,0,4
BRDA:145,18,1,4
BRF:38
BRH:29
end_of_record
TN:
SF:lib\route-logic\reports\run.ts
FN:22,(anonymous_0)
FNF:1
FNH:1
FNDA:6,(anonymous_0)
DA:17,3
DA:23,6
[...]
DA:56,44
DA:57,1
DA:58,1
DA:61,43
DA:62,43
DA:63,1
DA:66,42
DA:69,42
DA:70,42
DA:72,1
DA:73,1
DA:76,41
DA:77,41
DA:84,41
DA:85,41
DA:92,2
DA:94,1
DA:96,1
DA:99,39
DA:101,8
DA:102,8
DA:103,7
DA:106,3
DA:107,3
DA:108,3
DA:111,6
DA:112,6
DA:113,6
DA:116,7
DA:117,7
DA:118,7
DA:121,2
DA:122,2
DA:123,2
DA:126,3
DA:127,3
DA:128,3
DA:131,3
DA:132,3
DA:133,3
DA:136,4
DA:137,4
DA:138,4
DA:143,3
DA:146,38
DA:148,2
DA:153,2
DA:159,2
DA:168,8
DA:171,8
DA:181,8
DA:186,7
DA:198,6
DA:199,8
DA:200,8
DA:201,8
DA:204,2
DA:206,4
DA:207,4
DA:208,4
DA:210,4
DA:229,9
DA:231,9
DA:232,9
DA:234,1
DA:236,8
DA:237,9
DA:238,9
DA:239,4
DA:240,2
DA:241,2
DA:242,2
DA:244,4
DA:246,8
DA:247,8
DA:249,8
DA:253,3
DA:254,3
DA:258,3
DA:259,3
DA:260,2
DA:265,1
DA:267,2
DA:271,2
DA:276,2
DA:278,2
DA:279,2
DA:280,3
DA:282,2
DA:289,3
DA:290,3
DA:294,2
DA:296,2
DA:314,2
DA:326,2
DA:336,6
DA:337,6
DA:340,6
DA:341,6
DA:342,5
DA:347,1
DA:349,5
DA:351,5
DA:356,5
DA:358,5
DA:370,6
DA:375,1
DA:376,1
DA:377,4
DA:378,3
DA:379,3
DA:381,1
DA:393,3
DA:394,3
DA:397,3
DA:398,3
DA:399,2
DA:404,1
DA:406,2
DA:408,2
DA:413,2
DA:415,2
DA:428,4
DA:429,4
DA:432,4
DA:433,4
DA:434,3
DA:439,1
DA:441,3
DA:443,3
DA:448,3
DA:450,3
DA:459,3
DA:460,3
DA:461,3
DA:463,2
DA:468,2
DA:470,1
DA:474,1
DA:476,1
DA:477,3
DA:478,1
DA:492,1
DA:510,7
DA:511,7
DA:512,7
DA:521,6
DA:529,6
DA:531,3
DA:535,3
DA:543,3
DA:552,7
DA:553,7
DA:556,3
DA:565,3
DA:567,7
DA:568,7
DA:582,1
DA:589,2
DA:590,2
DA:591,2
DA:597,1
DA:598,1
DA:603,1
DA:605,1
DA:609,1
DA:611,1
DA:612,2
DA:613,2
DA:614,1
DA:628,1
DA:639,6
DA:640,6
LF:179
LH:179
BRDA:40,0,0,5
BRDA:40,0,1,1
BRDA:56,1,0,1
BRDA:56,1,1,43
BRDA:56,2,0,44
BRDA:56,2,1,43
BRDA:62,3,0,1
BRDA:62,3,1,42
BRDA:92,4,0,1
BRDA:92,4,1,1
BRDA:99,5,0,39
BRDA:99,5,1,3
BRDA:99,5,2,6
BRDA:99,5,3,7
BRDA:99,5,4,2
BRDA:99,5,5,3
BRDA:99,5,6,3
BRDA:99,5,7,4
BRDA:99,5,8,3
BRDA:168,6,0,8
BRDA:168,6,1,0
BRDA:171,7,0,0
BRDA:171,7,1,8
BRDA:186,8,0,1
BRDA:186,8,1,6
BRDA:198,9,0,6
BRDA:198,9,1,0
BRDA:199,10,0,8
BRDA:199,10,1,0
BRDA:200,11,0,8
BRDA:200,11,1,4
BRDA:201,12,0,2
BRDA:201,12,1,6
BRDA:229,13,0,0
BRDA:229,13,1,9
BRDA:236,14,0,8
BRDA:236,14,1,4
BRDA:236,15,0,9
BRDA:236,15,1,0
BRDA:237,16,0,9
BRDA:237,16,1,4
BRDA:238,17,0,4
BRDA:238,17,1,5
BRDA:239,18,0,2
BRDA:239,18,1,2
BRDA:241,19,0,2
BRDA:241,19,1,0
BRDA:246,20,0,8
BRDA:246,20,1,0
BRDA:253,21,0,3
BRDA:253,21,1,0
BRDA:254,22,0,0
BRDA:254,22,1,3
BRDA:254,23,0,3
BRDA:254,23,1,3
BRDA:261,24,0,2
BRDA:261,24,1,0
BRDA:263,25,0,0
BRDA:263,25,1,0
BRDA:267,26,0,0
BRDA:267,26,1,2
BRDA:276,27,0,0
BRDA:276,27,1,2
BRDA:279,28,0,2
BRDA:279,28,1,0
BRDA:282,29,0,2
BRDA:282,29,1,0
BRDA:294,30,0,0
BRDA:294,30,1,2
BRDA:300,31,0,2
BRDA:300,31,1,0
BRDA:301,32,0,3
BRDA:301,32,1,2
BRDA:302,33,0,0
BRDA:302,33,1,2
BRDA:303,34,0,0
BRDA:303,34,1,2
BRDA:306,35,0,3
BRDA:306,35,1,0
BRDA:329,36,0,2
BRDA:329,36,1,0
BRDA:329,37,0,3
BRDA:329,37,1,2
BRDA:336,38,0,6
BRDA:336,38,1,0
BRDA:337,39,0,0
BRDA:337,39,1,6
BRDA:337,40,0,6
BRDA:337,40,1,6
BRDA:343,41,0,5
BRDA:343,41,1,0
BRDA:345,42,0,0
BRDA:345,42,1,0
BRDA:349,43,0,0
BRDA:349,43,1,5
BRDA:356,44,0,0
BRDA:356,44,1,5
BRDA:358,45,0,5
BRDA:358,45,1,0
BRDA:370,46,0,1
BRDA:370,46,1,4
BRDA:375,47,0,1
BRDA:375,47,1,0
BRDA:377,48,0,3
BRDA:377,48,1,1
BRDA:378,49,0,3
BRDA:378,49,1,0
BRDA:393,50,0,3
BRDA:393,50,1,0
BRDA:394,51,0,0
BRDA:394,51,1,3
BRDA:394,52,0,3
BRDA:394,52,1,3
BRDA:400,53,0,2
BRDA:400,53,1,0
BRDA:402,54,0,0
BRDA:402,54,1,0
BRDA:406,55,0,0
BRDA:406,55,1,2
BRDA:413,56,0,0
BRDA:413,56,1,2
BRDA:418,57,0,2
BRDA:418,57,1,0
BRDA:428,58,0,4
BRDA:428,58,1,0
BRDA:429,59,0,0
BRDA:429,59,1,4
BRDA:429,60,0,4
BRDA:429,60,1,4
BRDA:435,61,0,3
BRDA:435,61,1,0
BRDA:437,62,0,0
BRDA:437,62,1,0
BRDA:441,63,0,0
BRDA:441,63,1,3
BRDA:448,64,0,0
BRDA:448,64,1,3
BRDA:450,65,0,3
BRDA:450,65,1,0
BRDA:459,66,0,3
BRDA:459,66,1,1
BRDA:460,67,0,3
BRDA:460,67,1,1
BRDA:461,68,0,1
BRDA:461,68,1,2
BRDA:461,69,0,3
BRDA:461,69,1,2
BRDA:468,70,0,1
BRDA:468,70,1,1
BRDA:474,71,0,0
BRDA:474,71,1,1
BRDA:476,72,0,1
BRDA:476,72,1,0
BRDA:476,73,0,3
BRDA:476,73,1,0
BRDA:482,74,0,1
BRDA:482,74,1,0
BRDA:483,75,0,3
BRDA:483,75,1,0
BRDA:485,76,0,3
BRDA:485,76,1,0
BRDA:494,77,0,1
BRDA:494,77,1,0
BRDA:495,78,0,3
BRDA:495,78,1,0
BRDA:510,79,0,7
BRDA:510,79,1,1
BRDA:511,80,0,7
BRDA:511,80,1,1
BRDA:512,81,0,1
BRDA:512,81,1,6
BRDA:512,82,0,7
BRDA:512,82,1,6
BRDA:529,83,0,3
BRDA:529,83,1,3
BRDA:535,84,0,0
BRDA:535,84,1,3
BRDA:543,85,0,3
BRDA:543,85,1,0
BRDA:565,86,0,3
BRDA:565,86,1,0
BRDA:565,87,0,7
BRDA:565,87,1,0
BRDA:582,88,0,0
BRDA:582,88,1,1
BRDA:589,89,0,2
BRDA:589,89,1,2
BRDA:589,89,2,1
BRDA:590,90,0,2
BRDA:590,90,1,2
BRDA:590,90,2,1
BRDA:591,91,0,1
BRDA:591,91,1,1
BRDA:591,92,0,2
BRDA:591,92,1,1
BRDA:603,93,0,0
BRDA:603,93,1,1
BRDA:609,94,0,0
BRDA:609,94,1,1
BRDA:611,95,0,1
BRDA:611,95,1,0
BRDA:612,96,0,2
BRDA:612,96,1,1
BRDA:612,97,0,2
BRDA:612,97,1,1
BRDA:618,98,0,1
BRDA:618,98,1,0
BRDA:621,99,0,2
BRDA:621,99,1,0
BRDA:630,100,0,1
BRDA:630,100,1,0
BRF:211
BRH:143
end_of_record
TN:
SF:lib\route-logic\tasks\[id].ts
FN:18,(anonymous_0)
FN:67,(anonymous_1)
FN:150,(anonymous_2)
FNF:3
FNH:3
FNDA:6,(anonymous_0)
FNDA:11,(anonymous_1)
FNDA:4,(anonymous_2)
DA:10,5
DA:13,5
DA:19,6
DA:25,6
DA:26,2
DA:29,4
DA:34,4
DA:51,4
DA:52,2
DA:61,5
DA:68,11
DA:74,11
DA:75,1
DA:78,10
DA:84,10
DA:85,3
DA:91,7
DA:96,3
DA:101,3
DA:102,2
DA:106,5
DA:110,5
DA:111,4
DA:113,5
DA:114,1
DA:117,5
DA:139,5
DA:140,4
DA:145,5
DA:151,4
DA:157,4
DA:158,1
DA:161,3
DA:166,3
DA:167,3
DA:168,3
LF:36
LH:36
BRDA:25,0,0,2
BRDA:25,0,1,4
BRDA:51,1,0,2
BRDA:51,1,1,2
BRDA:74,2,0,1
BRDA:74,2,1,10
BRDA:84,3,0,3
BRDA:84,3,1,7
BRDA:91,4,0,3
BRDA:91,4,1,4
BRDA:92,5,0,7
BRDA:92,5,1,5
BRDA:92,5,2,5
BRDA:97,6,0,3
BRDA:97,6,1,1
BRDA:98,7,0,3
BRDA:98,7,1,3
BRDA:99,8,0,3
BRDA:99,8,1,2
BRDA:101,9,0,2
BRDA:101,9,1,1
BRDA:110,10,0,4
BRDA:110,10,1,1
BRDA:110,11,0,5
BRDA:110,11,1,4
BRDA:113,12,0,1
BRDA:113,12,1,4
BRDA:113,13,0,5
BRDA:113,13,1,5
BRDA:113,13,2,1
BRDA:139,14,0,1
BRDA:139,14,1,4
BRDA:157,15,0,1
BRDA:157,15,1,3
BRDA:167,16,0,0
BRDA:167,16,1,3
BRF:36
BRH:35
end_of_record
TN:
SF:lib\route-logic\tasks\send-due-date-emails.ts
FN:19,(anonymous_0)
FN:41,(anonymous_1)
FN:158,(anonymous_2)
FNF:3
FNH:2
FNDA:7,(anonymous_0)
FNDA:5,(anonymous_1)
FNDA:0,(anonymous_2)
DA:12,4
DA:15,4
DA:20,7
DA:26,7
DA:27,2
DA:30,5
DA:31,5
DA:32,0
DA:38,5
DA:39,5
DA:41,7
DA:43,5
DA:65,5
DA:67,5
DA:68,0
DA:77,5
DA:78,5
DA:79,0
DA:82,5
DA:90,5
DA:96,5
DA:97,14
DA:98,14
DA:108,14
DA:110,12
DA:111,14
DA:112,2
DA:116,2
DA:117,2
DA:118,2
DA:121,10
DA:122,10
DA:123,7
DA:125,10
DA:126,1
DA:127,1
DA:130,10
DA:132,14
DA:152,14
DA:153,9
DA:155,1
DA:159,1
DA:160,1
DA:161,1
DA:167,5
LF:45
LH:42
BRDA:26,0,0,2
BRDA:26,0,1,5
BRDA:31,1,0,0
BRDA:31,1,1,5
BRDA:67,2,0,0
BRDA:67,2,1,5
BRDA:78,3,0,0
BRDA:78,3,1,5
BRDA:108,4,0,2
BRDA:108,4,1,12
BRDA:110,5,0,12
BRDA:110,5,1,0
BRDA:111,6,0,2
BRDA:111,6,1,12
BRDA:111,7,0,14
BRDA:111,7,1,12
BRDA:122,8,0,7
BRDA:122,8,1,3
BRDA:122,9,0,10
BRDA:122,9,1,7
BRDA:122,9,2,7
BRDA:125,10,0,1
BRDA:125,10,1,9
BRDA:125,11,0,10
BRDA:125,11,1,1
BRDA:130,12,0,10
BRDA:130,12,1,0
BRDA:141,13,0,6
BRDA:141,13,1,4
BRDA:144,14,0,7
BRDA:144,14,1,3
BRDA:145,15,0,6
BRDA:145,15,1,4
BRDA:162,16,0,1
BRDA:162,16,1,0
BRF:35
BRH:29
end_of_record
TN:
SF:lib\route-logic\tax-receipts\email.ts
FN:19,(anonymous_0)
FN:30,(anonymous_1)
FN:46,(anonymous_2)
FN:103,(anonymous_3)
FN:116,(anonymous_4)
FN:117,(anonymous_5)
FN:154,(anonymous_6)
FNF:7
FNH:7
FNDA:14,(anonymous_0)
FNDA:1,(anonymous_1)
FNDA:1,(anonymous_2)
FNDA:4,(anonymous_3)
FNDA:2,(anonymous_4)
FNDA:1,(anonymous_5)
FNDA:3,(anonymous_6)
DA:13,5
DA:15,5
DA:20,14
DA:26,14
DA:27,2
DA:30,12
DA:31,12
DA:32,1
DA:34,11
DA:35,11
DA:36,11
DA:37,2
DA:39,9
DA:40,1
DA:43,8
DA:47,1
DA:50,8
DA:54,8
DA:55,2
DA:66,6
DA:70,6
DA:71,1
DA:77,5
DA:79,5
DA:103,5
DA:105,5
DA:114,5
DA:115,2
DA:116,2
DA:117,1
DA:118,2
DA:119,1
DA:121,1
DA:124,4
DA:125,4
DA:126,4
DA:130,4
DA:131,8
DA:135,4
DA:136,1
DA:147,3
DA:154,3
DA:158,3
DA:165,3
DA:166,1
DA:172,2
LF:46
LH:46
BRDA:26,0,0,2
BRDA:26,0,1,12
BRDA:31,1,0,1
BRDA:31,1,1,11
BRDA:31,2,0,12
BRDA:31,2,1,11
BRDA:31,2,2,11
BRDA:36,3,0,2
BRDA:36,3,1,9
BRDA:36,4,0,11
BRDA:36,4,1,9
BRDA:36,4,2,9
BRDA:39,5,0,1
BRDA:39,5,1,8
BRDA:39,6,0,9
BRDA:39,6,1,4
BRDA:54,7,0,2
BRDA:54,7,1,6
BRDA:70,8,0,1
BRDA:70,8,1,5
BRDA:114,9,0,2
BRDA:114,9,1,3
BRDA:114,10,0,5
BRDA:114,10,1,2
BRDA:116,11,0,2
BRDA:116,11,1,2
BRDA:118,12,0,1
BRDA:118,12,1,1
BRDA:131,13,0,3
BRDA:131,13,1,5
BRDA:135,14,0,1
BRDA:135,14,1,3
BRDA:165,15,0,1
BRDA:165,15,1,2
BRF:34
BRH:34
end_of_record
TN:
SF:lib\route-logic\tax-receipts\zip.ts
FN:27,(anonymous_0)
FN:52,(anonymous_1)
FN:99,(anonymous_2)
FN:100,(anonymous_3)
FN:108,entryProvider
FN:142,(anonymous_5)
FN:143,(anonymous_6)
FNF:7
FNH:6
FNDA:9,(anonymous_0)
FNDA:6,(anonymous_1)
FNDA:7,(anonymous_2)
FNDA:7,(anonymous_3)
FNDA:5,entryProvider
FNDA:0,(anonymous_5)
FNDA:5,(anonymous_6)
DA:20,4
DA:21,4
DA:23,4
DA:28,9
DA:34,9
DA:35,3
DA:38,6
DA:39,6
DA:40,6
DA:41,0
DA:44,6
DA:46,6
DA:47,6
DA:48,0
DA:51,6
DA:52,6
DA:54,6
DA:62,6
DA:63,1
DA:69,5
DA:70,5
DA:71,32
DA:72,32
DA:73,32
DA:74,32
DA:75,32
DA:76,7
DA:77,7
DA:79,32
DA:80,32
DA:88,5
DA:89,5
DA:92,5
DA:93,58
DA:94,58
DA:98,5
DA:99,7
DA:100,7
DA:102,5
DA:103,0
DA:106,5
DA:109,5
DA:110,5
DA:111,7
DA:112,7
DA:129,7
DA:130,7
DA:131,7
DA:132,7
DA:133,1
DA:134,1
DA:136,7
DA:137,7
DA:141,5
DA:144,5
DA:145,5
DA:146,40
DA:148,5
DA:150,0
DA:155,5
LF:60
LH:56
BRDA:34,0,0,3
BRDA:34,0,1,6
BRDA:40,1,0,0
BRDA:40,1,1,6
BRDA:40,2,0,6
BRDA:40,2,1,6
BRDA:40,2,2,6
BRDA:47,3,0,0
BRDA:47,3,1,6
BRDA:62,4,0,1
BRDA:62,4,1,5
BRDA:72,5,0,0
BRDA:72,5,1,32
BRDA:75,6,0,7
BRDA:75,6,1,25
BRDA:82,7,0,32
BRDA:82,7,1,0
BRDA:84,8,0,32
BRDA:84,8,1,30
BRDA:94,9,0,7
BRDA:94,9,1,51
BRDA:100,10,0,7
BRDA:100,10,1,7
BRDA:102,11,0,0
BRDA:102,11,1,5
BRDA:111,12,0,0
BRDA:111,12,1,7
BRDA:114,13,0,7
BRDA:114,13,1,0
BRDA:117,14,0,7
BRDA:117,14,1,0
BRDA:120,15,0,7
BRDA:120,15,1,0
BRDA:121,16,0,7
BRDA:121,16,1,7
BRDA:122,17,0,7
BRDA:122,17,1,7
BRDA:123,18,0,7
BRDA:123,18,1,7
BRDA:124,19,0,7
BRDA:124,19,1,7
BRDA:129,20,0,7
BRDA:129,20,1,0
BRF:43
BRH:33
end_of_record
TN:
SF:lib\route-logic\tax-receipts\[familyId]\pdf.ts
FN:27,(anonymous_0)
FN:55,(anonymous_1)
FN:70,(anonymous_2)
FN:76,(anonymous_3)
FN:78,(anonymous_4)
FNF:5
FNH:5
FNDA:6,(anonymous_0)
FNDA:4,(anonymous_1)
FNDA:14,(anonymous_2)
FNDA:14,(anonymous_3)
FNDA:14,(anonymous_4)
DA:20,4
DA:22,4
DA:28,6
DA:34,6
DA:35,2
DA:38,4
DA:40,4
DA:41,4
DA:42,4
DA:43,0
DA:45,4
DA:47,4
DA:48,4
DA:50,4
DA:57,4
DA:66,4
DA:67,4
DA:69,4
DA:70,14
DA:76,14
DA:78,14
DA:79,4
DA:80,1
DA:86,3
DA:104,3
DA:105,6
LF:26
LH:25
BRDA:34,0,0,2
BRDA:34,0,1,4
BRDA:42,1,0,0
BRDA:42,1,1,4
BRDA:66,2,0,0
BRDA:66,2,1,4
BRDA:67,3,0,0
BRDA:67,3,1,4
BRDA:72,4,0,14
BRDA:72,4,1,0
BRDA:74,5,0,14
BRDA:74,5,1,13
BRDA:79,6,0,1
BRDA:79,6,1,3
BRDA:88,7,0,3
BRDA:88,7,1,0
BRDA:91,8,0,6
BRDA:91,8,1,0
BRDA:94,9,0,6
BRDA:94,9,1,0
BRDA:95,10,0,6
BRDA:95,10,1,3
BRDA:96,11,0,6
BRDA:96,11,1,3
BRDA:97,12,0,6
BRDA:97,12,1,3
BRDA:98,13,0,6
BRDA:98,13,1,3
BRDA:104,14,0,3
BRDA:104,14,1,0
BRF:30
BRH:22
end_of_record
TN:
SF:lib\route-logic\tax-receipts\email\worker.ts
FN:37,POST
FN:60,(anonymous_1)
FN:190,(anonymous_2)
FN:194,(anonymous_3)
FN:218,(anonymous_4)
FN:231,(anonymous_5)
FN:274,(anonymous_6)
FN:289,(anonymous_7)
FN:291,(anonymous_8)
FN:299,(anonymous_9)
FN:306,(anonymous_10)
FNF:11
FNH:4
FNDA:20,POST
FNDA:0,(anonymous_1)
FNDA:0,(anonymous_2)
FNDA:0,(anonymous_3)
FNDA:0,(anonymous_4)
FNDA:2,(anonymous_5)
FNDA:0,(anonymous_6)
FNDA:2,(anonymous_7)
FNDA:0,(anonymous_8)
FNDA:0,(anonymous_9)
FNDA:2,(anonymous_10)
DA:31,4
DA:35,4
DA:38,20
DA:39,20
DA:40,20
DA:42,20
DA:46,20
DA:47,1
DA:50,19
DA:52,19
DA:53,19
DA:54,19
DA:55,16
DA:56,16
DA:57,16
DA:60,19
DA:61,19
DA:62,20
DA:63,3
DA:66,16
DA:67,3
DA:68,3
DA:69,3
DA:70,3
DA:71,3
DA:72,1
DA:77,2
DA:80,15
DA:81,15
DA:82,15
DA:83,2
DA:89,13
DA:90,3
DA:93,10
DA:94,10
DA:95,10
DA:96,10
DA:99,10
DA:103,10
DA:104,1
DA:105,1
DA:106,1
DA:107,1
DA:108,1
DA:111,9
DA:112,9
DA:113,1
DA:114,1
DA:115,1
DA:116,1
DA:117,1
DA:120,8
DA:129,8
DA:140,8
DA:141,0
DA:143,8
DA:144,20
DA:145,20
DA:147,20
DA:153,20
DA:154,20
DA:155,20
DA:159,20
DA:161,20
DA:162,20
DA:163,13
DA:170,12
DA:171,10
DA:173,2
DA:174,2
DA:175,2
DA:182,12
DA:185,1
DA:186,1
DA:187,1
DA:193,1
DA:194,1
DA:199,1
DA:205,1
DA:221,1
DA:226,1
DA:228,8
DA:231,7
DA:236,7
DA:237,7
DA:238,7
DA:239,2
DA:241,7
DA:242,5
DA:243,5
DA:246,7
DA:259,7
DA:263,2
DA:264,2
DA:265,2
DA:266,1
DA:273,2
DA:274,2
DA:275,2
DA:276,2
DA:290,2
DA:291,0
DA:292,0
DA:300,0
DA:306,2
DA:309,7
DA:318,1
DA:319,1
LF:108
LH:104
BRDA:40,0,0,0
BRDA:40,0,1,20
BRDA:46,1,0,1
BRDA:46,1,1,19
BRDA:54,2,0,16
BRDA:54,2,1,3
BRDA:56,3,0,0
BRDA:56,3,1,16
BRDA:61,4,0,19
BRDA:61,4,1,0
BRDA:62,5,0,3
BRDA:62,5,1,17
BRDA:62,6,0,20
BRDA:62,6,1,16
BRDA:66,7,0,3
BRDA:66,7,1,13
BRDA:70,8,0,3
BRDA:70,8,1,1
BRDA:71,9,0,1
BRDA:71,9,1,2
BRDA:71,10,0,3
BRDA:71,10,1,2
BRDA:81,11,0,0
BRDA:81,11,1,15
BRDA:82,12,0,2
BRDA:82,12,1,13
BRDA:89,13,0,3
BRDA:89,13,1,10
BRDA:89,14,0,13
BRDA:89,14,1,10
BRDA:93,15,0,10
BRDA:93,15,1,0
BRDA:95,16,0,10
BRDA:95,16,1,10
BRDA:103,17,0,1
BRDA:103,17,1,9
BRDA:112,18,0,1
BRDA:112,18,1,8
BRDA:140,19,0,0
BRDA:140,19,1,8
BRDA:143,20,0,8
BRDA:143,20,1,0
BRDA:170,21,0,10
BRDA:170,21,1,2
BRDA:174,22,0,2
BRDA:174,22,1,0
BRDA:178,23,0,2
BRDA:178,23,1,0
BRDA:186,24,0,1
BRDA:186,24,1,0
BRDA:193,25,0,1
BRDA:193,25,1,0
BRDA:193,26,0,1
BRDA:193,26,1,0
BRDA:196,27,0,0
BRDA:196,27,1,0
BRDA:201,28,0,0
BRDA:201,28,1,1
BRDA:203,29,0,1
BRDA:203,29,1,0
BRDA:213,30,0,1
BRDA:213,30,1,0
BRDA:233,31,0,2
BRDA:233,31,1,0
BRDA:238,32,0,2
BRDA:238,32,1,5
BRDA:241,33,0,5
BRDA:241,33,1,2
BRDA:254,34,0,7
BRDA:254,34,1,2
BRDA:255,35,0,20
BRDA:255,35,1,5
BRDA:259,36,0,2
BRDA:259,36,1,5
BRDA:264,37,0,2
BRDA:264,37,1,1
BRDA:265,38,0,1
BRDA:265,38,1,1
BRDA:280,39,0,1
BRDA:280,39,1,1
BRDA:281,40,0,2
BRDA:281,40,1,2
BRDA:290,41,0,0
BRDA:290,41,1,2
BRDA:310,42,0,2
BRDA:310,42,1,5
BRDA:311,43,0,20
BRDA:311,43,1,0
BRDA:312,44,0,20
BRDA:312,44,1,0
BRDA:313,45,0,20
BRDA:313,45,1,0
BRDA:322,46,0,1
BRDA:322,46,1,1
BRF:94
BRH:72
end_of_record
TN:
SF:lib\route-logic\trash\purge-all.ts
FN:17,(anonymous_0)
FN:29,(anonymous_1)
FNF:2
FNH:2
FNDA:3,(anonymous_0)
FNDA:30,(anonymous_1)
DA:11,1
DA:13,1
DA:18,3
DA:24,3
DA:25,0
DA:28,3
DA:29,30
DA:30,3
LF:8
LH:7
BRDA:24,0,0,0
BRDA:24,0,1,3
BRDA:32,1,0,0
BRDA:32,1,1,3
BRF:4
BRH:2
end_of_record
TN:
SF:lib\route-logic\trash\[kind]\[id].ts
FN:19,(anonymous_0)
FN:55,(anonymous_1)
FNF:2
FNH:2
FNDA:8,(anonymous_0)
FNDA:5,(anonymous_1)
DA:12,4
DA:14,4
DA:20,8
DA:26,8
DA:27,2
DA:30,6
DA:31,6
DA:33,6
DA:34,4
DA:41,2
DA:42,2
DA:43,1
DA:46,1
DA:50,4
DA:56,5
DA:62,5
DA:63,1
DA:66,4
DA:67,4
DA:69,4
DA:70,2
DA:77,2
DA:78,2
DA:79,1
DA:82,1
LF:25
LH:25
BRDA:26,0,0,2
BRDA:26,0,1,6
BRDA:33,1,0,4
BRDA:33,1,1,2
BRDA:42,2,0,1
BRDA:42,2,1,1
BRDA:62,3,0,1
BRDA:62,3,1,4
BRDA:69,4,0,2
BRDA:69,4,1,2
BRDA:78,5,0,1
BRDA:78,5,1,1
BRF:12
BRH:12
end_of_record
TN:
SF:lib\route-logic\trash\[kind]\[id]\restore.ts
FN:19,(anonymous_0)
FNF:1
FNH:1
FNDA:14,(anonymous_0)
DA:12,5
DA:14,5
DA:20,14
DA:26,14
DA:27,2
DA:30,12
DA:31,12
DA:33,12
DA:34,6
DA:42,6
DA:43,6
DA:47,2
DA:48,1
DA:55,1
DA:56,1
DA:58,0
DA:60,4
DA:61,2
DA:64,2
LF:19
LH:18
BRDA:26,0,0,2
BRDA:26,0,1,12
BRDA:33,1,0,6
BRDA:33,1,1,6
BRDA:47,2,0,1
BRDA:47,2,1,1
BRDA:55,3,0,1
BRDA:55,3,1,0
BRDA:60,4,0,2
BRDA:60,4,1,2
BRF:10
BRH:9
end_of_record
TN:
SF:lib\route-logic\user\2fa.ts
FN:44,(anonymous_0)
FNF:1
FNH:1
FNDA:20,(anonymous_0)
DA:23,4
DA:40,4
DA:45,20
DA:51,20
DA:52,1
DA:55,19
DA:58,19
DA:60,19
DA:61,13
DA:62,1
DA:68,12
DA:69,12
DA:71,1
DA:77,11
DA:78,11
DA:79,11
DA:80,9
DA:91,9
DA:93,11
DA:94,2
DA:101,2
DA:104,9
DA:105,9
DA:107,9
DA:115,9
DA:119,6
DA:120,0
DA:122,6
DA:123,6
DA:124,1
DA:132,1
DA:145,5
DA:146,5
DA:147,5
DA:148,4
DA:149,4
DA:150,4
DA:151,4
DA:152,3
DA:163,3
DA:166,0
DA:169,5
DA:170,2
DA:172,2
DA:173,1
DA:175,1
DA:177,1
DA:181,1
DA:182,1
DA:187,5
DA:188,1
DA:196,1
DA:199,4
DA:200,4
DA:201,4
DA:202,4
DA:204,4
DA:212,4
LF:58
LH:56
BRDA:51,0,0,1
BRDA:51,0,1,19
BRDA:58,1,0,0
BRDA:58,1,1,19
BRDA:60,2,0,13
BRDA:60,2,1,6
BRDA:61,3,0,1
BRDA:61,3,1,12
BRDA:79,4,0,9
BRDA:79,4,1,2
BRDA:93,5,0,2
BRDA:93,5,1,9
BRDA:119,6,0,0
BRDA:119,6,1,6
BRDA:123,7,0,1
BRDA:123,7,1,5
BRDA:147,8,0,4
BRDA:147,8,1,1
BRDA:147,9,0,5
BRDA:147,9,1,4
BRDA:151,10,0,3
BRDA:151,10,1,1
BRDA:169,11,0,2
BRDA:169,11,1,3
BRDA:169,12,0,5
BRDA:169,12,1,2
BRDA:172,13,0,1
BRDA:172,13,1,1
BRDA:175,14,0,1
BRDA:175,14,1,0
BRDA:181,15,0,1
BRDA:181,15,1,0
BRDA:187,16,0,1
BRDA:187,16,1,4
BRF:34
BRH:30
end_of_record
TN:
SF:lib\route-logic\user\password.ts
FN:24,(anonymous_0)
FNF:1
FNH:1
FNDA:9,(anonymous_0)
DA:20,4
DA:25,9
DA:31,9
DA:32,2
DA:35,7
DA:36,3
DA:42,4
DA:43,4
DA:44,1
DA:47,3
DA:48,3
DA:49,1
DA:56,1
DA:59,2
DA:60,2
DA:61,2
DA:63,2
DA:71,2
LF:18
LH:18
BRDA:31,0,0,2
BRDA:31,0,1,7
BRDA:35,1,0,3
BRDA:35,1,1,4
BRDA:43,2,0,1
BRDA:43,2,1,3
BRDA:43,3,0,4
BRDA:43,3,1,4
BRDA:48,4,0,1
BRDA:48,4,1,2
BRF:10
BRH:10
end_of_record
TN:
SF:lib\route-logic\user\preferences.ts
FN:31,(anonymous_0)
FN:37,(anonymous_1)
FN:47,(anonymous_2)
FN:61,normalize
FN:109,(anonymous_4)
FN:132,(anonymous_5)
FNF:6
FNH:6
FNDA:1,(anonymous_0)
FNDA:2,(anonymous_1)
FNDA:1,(anonymous_2)
FNDA:5,normalize
FNDA:5,(anonymous_4)
FNDA:6,(anonymous_5)
DA:23,2
DA:25,2
DA:26,2
DA:27,2
DA:29,2
DA:31,1
DA:35,2
DA:37,2
DA:41,2
DA:45,2
DA:47,1
DA:51,2
DA:62,5
DA:68,5
DA:69,5
DA:70,5
DA:71,1
DA:72,1
DA:73,1
DA:74,1
DA:75,1
DA:76,2
DA:77,2
DA:79,1
DA:84,5
DA:85,5
DA:86,5
DA:87,1
DA:88,1
DA:89,1
DA:90,1
DA:91,1
DA:92,1
DA:93,2
DA:94,2
DA:95,2
DA:96,2
DA:97,2
DA:99,1
DA:103,5
DA:106,2
DA:110,5
DA:116,5
DA:117,2
DA:120,3
DA:121,3
DA:122,5
DA:123,5
DA:124,5
DA:128,2
DA:133,6
DA:139,6
DA:140,1
DA:143,5
DA:148,5
DA:149,1
DA:150,1
DA:152,1
DA:153,1
DA:154,1
DA:155,1
DA:157,1
DA:160,1
DA:161,1
DA:162,1
DA:163,1
DA:165,1
DA:169,5
DA:170,4
DA:173,1
DA:181,1
LF:71
LH:71
BRDA:62,0,0,5
BRDA:62,0,1,0
BRDA:62,1,0,5
BRDA:62,1,1,5
BRDA:70,2,0,1
BRDA:70,2,1,4
BRDA:70,3,0,5
BRDA:70,3,1,1
BRDA:70,3,2,1
BRDA:72,4,0,0
BRDA:72,4,1,1
BRDA:73,5,0,0
BRDA:73,5,1,1
BRDA:73,6,0,1
BRDA:73,6,1,1
BRDA:73,6,2,1
BRDA:76,7,0,0
BRDA:76,7,1,2
BRDA:86,8,0,1
BRDA:86,8,1,4
BRDA:86,9,0,5
BRDA:86,9,1,1
BRDA:86,9,2,1
BRDA:88,10,0,0
BRDA:88,10,1,1
BRDA:89,11,0,0
BRDA:89,11,1,1
BRDA:93,12,0,0
BRDA:93,12,1,2
BRDA:93,13,0,2
BRDA:93,13,1,2
BRDA:94,14,0,0
BRDA:94,14,1,2
BRDA:97,15,0,0
BRDA:97,15,1,2
BRDA:116,16,0,2
BRDA:116,16,1,3
BRDA:139,17,0,1
BRDA:139,17,1,5
BRDA:148,18,0,1
BRDA:148,18,1,4
BRDA:148,19,0,5
BRDA:148,19,1,4
BRDA:152,20,0,1
BRDA:152,20,1,0
BRDA:160,21,0,1
BRDA:160,21,1,0
BRDA:169,22,0,4
BRDA:169,22,1,1
BRF:49
BRH:38
end_of_record
TN:
SF:lib\route-logic\user\2fa\setup.ts
FN:48,(anonymous_0)
FN:179,(anonymous_1)
FN:202,(anonymous_2)
FNF:3
FNH:3
FNDA:22,(anonymous_0)
FNDA:160,(anonymous_1)
FNDA:16,(anonymous_2)
DA:31,3
DA:44,3
DA:52,22
DA:58,22
DA:59,1
DA:62,21
DA:65,21
DA:70,21
DA:71,1
DA:73,20
DA:74,20
DA:75,2
DA:83,2
DA:89,18
DA:90,5
DA:91,5
DA:92,2
DA:114,3
DA:115,3
DA:116,3
DA:117,2
DA:118,2
DA:119,2
DA:120,2
DA:121,2
DA:132,2
DA:135,0
DA:138,3
DA:140,1
DA:147,1
DA:148,1
DA:150,1
DA:152,1
DA:156,1
DA:157,1
DA:159,1
DA:164,3
DA:165,0
DA:173,0
DA:177,16
DA:178,16
DA:179,160
DA:185,16
DA:186,16
DA:187,16
DA:188,15
DA:190,1
DA:191,1
DA:192,1
DA:195,16
DA:199,16
DA:201,16
DA:202,16
DA:203,16
DA:204,16
DA:207,16
DA:211,16
DA:214,16
DA:219,16
DA:220,16
DA:222,16
DA:230,16
DA:236,16
LF:63
LH:60
BRDA:58,0,0,1
BRDA:58,0,1,21
BRDA:65,1,0,0
BRDA:65,1,1,21
BRDA:70,2,0,1
BRDA:70,2,1,20
BRDA:74,3,0,2
BRDA:74,3,1,18
BRDA:77,4,0,0
BRDA:77,4,1,2
BRDA:89,5,0,5
BRDA:89,5,1,13
BRDA:91,6,0,2
BRDA:91,6,1,3
BRDA:116,7,0,2
BRDA:116,7,1,1
BRDA:116,8,0,3
BRDA:116,8,1,2
BRDA:120,9,0,2
BRDA:120,9,1,0
BRDA:138,10,0,1
BRDA:138,10,1,2
BRDA:138,11,0,3
BRDA:138,11,1,1
BRDA:147,12,0,1
BRDA:147,12,1,0
BRDA:150,13,0,1
BRDA:150,13,1,0
BRDA:156,14,0,1
BRDA:156,14,1,0
BRDA:164,15,0,0
BRDA:164,15,1,3
BRDA:187,16,0,15
BRDA:187,16,1,1
BRDA:191,17,0,1
BRDA:191,17,1,0
BRDA:191,18,0,1
BRDA:191,18,1,1
BRDA:195,19,0,16
BRDA:195,19,1,0
BRDA:201,20,0,16
BRDA:201,20,1,16
BRDA:203,21,0,16
BRDA:203,21,1,0
BRDA:207,22,0,16
BRDA:207,22,1,0
BRF:46
BRH:35
end_of_record
