{"total": {"lines":{"total":262,"covered":248,"skipped":0,"pct":94.65},"statements":{"total":333,"covered":295,"skipped":0,"pct":88.58},"functions":{"total":55,"covered":54,"skipped":0,"pct":98.18},"branches":{"total":279,"covered":234,"skipped":0,"pct":83.87},"branchesTrue":{"total":0,"covered":0,"skipped":0,"pct":100}}
,"C:\\Users\\jgoldberger\\Desktop\\KASA\\lib\\import-templates.ts": {"lines":{"total":39,"covered":39,"skipped":0,"pct":100},"functions":{"total":10,"covered":10,"skipped":0,"pct":100},"statements":{"total":45,"covered":45,"skipped":0,"pct":100},"branches":{"total":27,"covered":26,"skipped":0,"pct":96.29}}
,"C:\\Users\\jgoldberger\\Desktop\\KASA\\lib\\client\\export.ts": {"lines":{"total":60,"covered":55,"skipped":0,"pct":91.66},"functions":{"total":15,"covered":15,"skipped":0,"pct":100},"statements":{"total":73,"covered":66,"skipped":0,"pct":90.41},"branches":{"total":47,"covered":43,"skipped":0,"pct":91.48}}
,"C:\\Users\\jgoldberger\\Desktop\\KASA\\lib\\client\\useDataFilters.ts": {"lines":{"total":163,"covered":154,"skipped":0,"pct":94.47},"functions":{"total":30,"covered":29,"skipped":0,"pct":96.66},"statements":{"total":215,"covered":184,"skipped":0,"pct":85.58},"branches":{"total":205,"covered":165,"skipped":0,"pct":80.48}}
}
