TN:
SF:lib\import-templates.ts
FN:52,getImportColumns
FN:54,(anonymous_1)
FN:129,configureImportWorksheet
FN:130,(anonymous_3)
FN:136,(anonymous_4)
FN:167,setImportTemplateExcelLoader
FN:171,loadExcelJs
FN:178,createImportTemplateBuffer
FN:195,downloadXlsxBlob
FN:218,downloadImportTemplate
FNF:10
FNH:10
FNDA:13,getImportColumns
FNDA:28,(anonymous_1)
FNDA:7,configureImportWorksheet
FNDA:57,(anonymous_3)
FNDA:57,(anonymous_4)
FNDA:6,setImportTemplateExcelLoader
FNDA:6,loadExcelJs
FNDA:6,createImportTemplateBuffer
FNDA:6,downloadXlsxBlob
FNDA:5,downloadImportTemplate
DA:53,13
DA:54,28
DA:57,2
DA:110,2
DA:130,57
DA:136,7
DA:137,57
DA:138,57
DA:139,47
DA:140,42
DA:141,57
DA:142,8
DA:146,7
DA:147,7
DA:148,7
DA:149,7
DA:168,6
DA:172,6
DA:173,5
DA:174,5
DA:182,6
DA:183,6
DA:184,6
DA:185,6
DA:187,6
DA:191,6
DA:192,6
DA:196,6
DA:199,6
DA:200,6
DA:201,6
DA:202,6
DA:203,6
DA:204,6
DA:205,6
DA:206,6
DA:222,5
DA:223,5
DA:226,5
LF:39
LH:39
BRDA:52,0,0,13
BRDA:54,1,0,4
BRDA:54,1,1,9
BRDA:133,2,0,57
BRDA:133,2,1,30
BRDA:133,3,0,10
BRDA:133,3,1,20
BRDA:133,4,0,7
BRDA:133,4,1,13
BRDA:133,5,0,20
BRDA:133,5,1,15
BRDA:138,6,0,10
BRDA:138,6,1,47
BRDA:139,7,0,5
BRDA:139,7,1,42
BRDA:140,8,0,2
BRDA:140,8,1,40
BRDA:141,9,0,8
BRDA:141,9,1,49
BRDA:172,10,0,1
BRDA:172,10,1,5
BRDA:174,11,0,5
BRDA:174,11,1,0
BRDA:180,12,0,6
BRDA:220,13,0,5
BRDA:223,14,0,1
BRDA:223,14,1,4
BRF:27
BRH:26
end_of_record
TN:
SF:lib\client\export.ts
FN:25,downloadBlob
FN:33,(anonymous_1)
FN:36,formatCellForCsv
FN:43,csvEscape
FN:53,exportToCsv
FN:54,(anonymous_5)
FN:56,(anonymous_6)
FN:56,(anonymous_7)
FN:65,exportToXlsx
FN:76,(anonymous_9)
FN:88,(anonymous_10)
FN:91,(anonymous_11)
FN:119,withExt
FN:131,reactNodeToText
FN:148,todayStamp
FNF:15
FNH:15
FNDA:5,downloadBlob
FNDA:5,(anonymous_1)
FNDA:6,formatCellForCsv
FNDA:12,csvEscape
FNDA:2,exportToCsv
FNDA:6,(anonymous_5)
FNDA:2,(anonymous_6)
FNDA:6,(anonymous_7)
FNDA:3,exportToXlsx
FNDA:5,(anonymous_9)
FNDA:5,(anonymous_10)
FNDA:8,(anonymous_11)
FNDA:5,withExt
FNDA:18,reactNodeToText
FNDA:1,todayStamp
DA:1,2
DA:26,5
DA:27,5
DA:28,5
DA:29,5
DA:30,5
DA:31,5
DA:32,5
DA:33,5
DA:37,6
DA:38,5
DA:39,3
DA:40,2
DA:45,12
DA:46,2
DA:48,10
DA:54,6
DA:55,2
DA:56,6
DA:59,2
DA:60,2
DA:70,3
DA:71,0
DA:72,0
DA:73,0
DA:74,0
DA:76,5
DA:78,0
DA:79,2
DA:80,2
DA:81,4
DA:82,4
DA:84,2
DA:88,3
DA:89,5
DA:90,5
DA:91,5
DA:92,8
DA:94,8
DA:99,8
DA:101,5
DA:105,3
DA:106,3
DA:108,3
DA:109,3
DA:120,5
DA:121,5
DA:122,3
DA:132,18
DA:133,16
DA:134,3
DA:135,2
DA:142,1
DA:143,1
DA:145,1
DA:149,1
DA:150,1
DA:151,1
DA:152,1
DA:153,1
LF:60
LH:55
BRDA:37,0,0,1
BRDA:37,0,1,5
BRDA:37,1,0,6
BRDA:37,1,1,5
BRDA:38,2,0,2
BRDA:38,2,1,3
BRDA:38,3,0,1
BRDA:38,3,1,1
BRDA:39,4,0,1
BRDA:39,4,1,2
BRDA:39,5,0,3
BRDA:39,5,1,3
BRDA:45,6,0,2
BRDA:45,6,1,10
BRDA:70,7,0,3
BRDA:70,7,1,0
BRDA:82,8,0,1
BRDA:82,8,1,3
BRDA:89,9,0,0
BRDA:89,9,1,5
BRDA:90,10,0,5
BRDA:90,10,1,0
BRDA:94,11,0,1
BRDA:94,11,1,7
BRDA:96,12,0,0
BRDA:96,12,1,7
BRDA:96,13,0,7
BRDA:96,13,1,7
BRDA:99,14,0,2
BRDA:99,14,1,6
BRDA:121,15,0,2
BRDA:121,15,1,3
BRDA:132,16,0,2
BRDA:132,16,1,16
BRDA:132,17,0,18
BRDA:132,17,1,17
BRDA:132,17,2,17
BRDA:133,18,0,13
BRDA:133,18,1,3
BRDA:133,19,0,16
BRDA:133,19,1,4
BRDA:134,20,0,1
BRDA:134,20,1,2
BRDA:135,21,0,1
BRDA:135,21,1,1
BRDA:135,22,0,2
BRDA:135,22,1,2
BRF:47
BRH:43
end_of_record
TN:
SF:lib\client\useDataFilters.ts
FN:106,getRowText
FN:120,getRowValue
FN:133,rawToText
FN:140,toNumber
FN:146,toDateMs
FN:153,dateOnlyMs
FN:162,colLabel
FN:170,matchValue
FN:230,displayValue
FN:263,isEmpty
FN:288,useDataFilters
FN:296,(anonymous_11)
FN:296,(anonymous_12)
FN:301,(anonymous_13)
FN:320,(anonymous_14)
FN:321,(anonymous_15)
FN:326,(anonymous_16)
FN:327,(anonymous_17)
FN:339,(anonymous_18)
FN:345,(anonymous_19)
FN:349,(anonymous_20)
FN:352,(anonymous_21)
FN:352,(anonymous_22)
FN:355,(anonymous_23)
FN:359,(anonymous_24)
FN:364,(anonymous_25)
FN:372,(anonymous_26)
FN:379,(anonymous_27)
FN:383,(anonymous_28)
FN:389,(anonymous_29)
FNF:30
FNH:29
FNDA:24,getRowText
FNDA:40,getRowValue
FNDA:33,rawToText
FNDA:10,toNumber
FNDA:9,toDateMs
FNDA:12,dateOnlyMs
FNDA:20,colLabel
FNDA:34,matchValue
FNDA:20,displayValue
FNDA:20,isEmpty
FNDA:32,useDataFilters
FNDA:11,(anonymous_11)
FNDA:34,(anonymous_12)
FNDA:11,(anonymous_13)
FNDA:4,(anonymous_14)
FNDA:2,(anonymous_15)
FNDA:24,(anonymous_16)
FNDA:24,(anonymous_17)
FNDA:1,(anonymous_18)
FNDA:13,(anonymous_19)
FNDA:0,(anonymous_20)
FNDA:6,(anonymous_21)
FNDA:24,(anonymous_22)
FNDA:32,(anonymous_23)
FNDA:34,(anonymous_24)
FNDA:86,(anonymous_25)
FNDA:32,(anonymous_26)
FNDA:1,(anonymous_27)
FNDA:54,(anonymous_28)
FNDA:1,(anonymous_29)
DA:1,1
DA:107,24
DA:108,18
DA:110,6
DA:111,0
DA:113,6
DA:114,6
DA:116,0
DA:124,40
DA:125,8
DA:126,4
DA:127,4
DA:129,0
DA:134,33
DA:135,33
DA:136,33
DA:137,33
DA:141,10
DA:142,10
DA:143,10
DA:147,9
DA:148,9
DA:149,9
DA:150,9
DA:154,12
DA:155,9
DA:156,9
DA:157,7
DA:158,4
DA:159,7
DA:163,20
DA:171,34
DA:173,4
DA:174,4
DA:175,4
DA:178,2
DA:179,2
DA:182,3
DA:183,3
DA:186,4
DA:187,4
DA:188,4
DA:191,6
DA:192,6
DA:193,6
DA:194,6
DA:195,4
DA:196,3
DA:199,2
DA:200,2
DA:201,2
DA:202,2
DA:203,2
DA:204,2
DA:205,2
DA:208,7
DA:209,7
DA:210,7
DA:211,5
DA:212,5
DA:213,5
DA:214,3
DA:215,1
DA:218,6
DA:219,6
DA:220,6
DA:221,2
DA:222,2
DA:223,0
DA:226,0
DA:231,20
DA:233,2
DA:235,1
DA:237,2
DA:241,2
DA:243,4
DA:244,3
DA:245,1
DA:246,0
DA:249,2
DA:251,4
DA:252,2
DA:253,2
DA:254,0
DA:257,3
DA:259,0
DA:264,20
DA:266,3
DA:268,1
DA:270,2
DA:272,1
DA:274,5
DA:276,1
DA:278,4
DA:280,3
DA:282,0
DA:293,32
DA:294,32
DA:296,34
DA:297,32
DA:298,32
DA:301,32
DA:302,11
DA:303,11
DA:304,34
DA:305,34
DA:306,9
DA:307,6
DA:308,6
DA:310,3
DA:311,34
DA:312,34
DA:313,6
DA:314,6
DA:315,6
DA:316,4
DA:317,4
DA:319,3
DA:320,4
DA:321,2
DA:323,11
DA:326,32
DA:327,24
DA:328,24
DA:329,24
DA:330,6
DA:331,6
DA:332,6
DA:334,18
DA:335,18
DA:339,32
DA:340,1
DA:341,1
DA:345,32
DA:346,13
DA:347,5
DA:348,3
DA:349,3
DA:352,24
DA:355,32
DA:356,32
DA:357,32
DA:358,32
DA:359,17
DA:360,34
DA:361,6
DA:363,31
DA:364,86
DA:365,34
DA:366,34
DA:368,14
DA:372,32
DA:373,32
DA:374,32
DA:375,3
DA:379,1
DA:382,32
DA:383,54
DA:384,20
DA:385,20
DA:389,1
DA:392,32
DA:395,32
LF:163
LH:154
BRDA:107,0,0,18
BRDA:107,0,1,6
BRDA:110,1,0,0
BRDA:110,1,1,6
BRDA:124,2,0,32
BRDA:124,2,1,8
BRDA:125,3,0,4
BRDA:125,3,1,4
BRDA:134,4,0,0
BRDA:134,4,1,33
BRDA:135,5,0,0
BRDA:135,5,1,33
BRDA:135,6,0,0
BRDA:135,6,1,0
BRDA:136,7,0,0
BRDA:136,7,1,33
BRDA:136,8,0,0
BRDA:136,8,1,0
BRDA:141,9,0,0
BRDA:141,9,1,10
BRDA:141,10,0,10
BRDA:141,10,1,10
BRDA:142,11,0,10
BRDA:142,11,1,0
BRDA:143,12,0,10
BRDA:143,12,1,0
BRDA:147,13,0,0
BRDA:147,13,1,9
BRDA:147,14,0,9
BRDA:147,14,1,9
BRDA:148,15,0,0
BRDA:148,15,1,9
BRDA:148,16,0,0
BRDA:148,16,1,0
BRDA:150,17,0,2
BRDA:150,17,1,7
BRDA:154,18,0,3
BRDA:154,18,1,9
BRDA:156,19,0,2
BRDA:156,19,1,7
BRDA:157,20,0,3
BRDA:157,20,1,4
BRDA:164,21,0,20
BRDA:164,21,1,20
BRDA:164,21,2,8
BRDA:166,22,0,1
BRDA:166,22,1,7
BRDA:171,23,0,4
BRDA:171,23,1,2
BRDA:171,23,2,3
BRDA:171,23,3,4
BRDA:171,23,4,6
BRDA:171,23,5,2
BRDA:171,23,6,7
BRDA:171,23,7,6
BRDA:171,23,8,0
BRDA:174,24,0,0
BRDA:174,24,1,4
BRDA:178,25,0,0
BRDA:178,25,1,2
BRDA:182,26,0,0
BRDA:182,26,1,3
BRDA:186,27,0,0
BRDA:186,27,1,4
BRDA:188,28,0,4
BRDA:188,28,1,4
BRDA:191,29,0,0
BRDA:191,29,1,6
BRDA:191,30,0,6
BRDA:191,30,1,2
BRDA:193,31,0,0
BRDA:193,31,1,6
BRDA:194,32,0,2
BRDA:194,32,1,4
BRDA:194,33,0,6
BRDA:194,33,1,4
BRDA:195,34,0,1
BRDA:195,34,1,3
BRDA:195,35,0,4
BRDA:195,35,1,3
BRDA:199,36,0,0
BRDA:199,36,1,2
BRDA:202,37,0,0
BRDA:202,37,1,2
BRDA:202,38,0,2
BRDA:202,38,1,2
BRDA:208,39,0,0
BRDA:208,39,1,7
BRDA:208,40,0,7
BRDA:208,40,1,3
BRDA:210,41,0,2
BRDA:210,41,1,5
BRDA:213,42,0,2
BRDA:213,42,1,3
BRDA:213,43,0,5
BRDA:213,43,1,2
BRDA:214,44,0,2
BRDA:214,44,1,1
BRDA:214,45,0,3
BRDA:214,45,1,3
BRDA:218,46,0,0
BRDA:218,46,1,6
BRDA:220,47,0,4
BRDA:220,47,1,2
BRDA:222,48,0,2
BRDA:222,48,1,0
BRDA:231,49,0,2
BRDA:231,49,1,1
BRDA:231,49,2,2
BRDA:231,49,3,2
BRDA:231,49,4,4
BRDA:231,49,5,2
BRDA:231,49,6,4
BRDA:231,49,7,3
BRDA:231,49,8,0
BRDA:237,50,0,1
BRDA:237,50,1,1
BRDA:241,51,0,0
BRDA:241,51,1,2
BRDA:243,52,0,1
BRDA:243,52,1,3
BRDA:243,53,0,4
BRDA:243,53,1,3
BRDA:244,54,0,2
BRDA:244,54,1,1
BRDA:245,55,0,1
BRDA:245,55,1,0
BRDA:249,56,0,2
BRDA:249,56,1,0
BRDA:251,57,0,2
BRDA:251,57,1,2
BRDA:251,58,0,4
BRDA:251,58,1,2
BRDA:252,59,0,0
BRDA:252,59,1,2
BRDA:253,60,0,2
BRDA:253,60,1,0
BRDA:257,61,0,0
BRDA:257,61,1,3
BRDA:257,62,0,2
BRDA:257,62,1,1
BRDA:264,63,0,3
BRDA:264,63,1,1
BRDA:264,63,2,2
BRDA:264,63,3,1
BRDA:264,63,4,5
BRDA:264,63,5,1
BRDA:264,63,6,4
BRDA:264,63,7,3
BRDA:264,63,8,0
BRDA:274,64,0,5
BRDA:274,64,1,1
BRDA:278,65,0,4
BRDA:278,65,1,2
BRDA:291,66,0,32
BRDA:298,67,0,32
BRDA:298,67,1,22
BRDA:305,68,0,25
BRDA:305,68,1,9
BRDA:305,69,0,34
BRDA:305,69,1,27
BRDA:306,70,0,6
BRDA:306,70,1,3
BRDA:306,71,0,9
BRDA:306,71,1,6
BRDA:310,72,0,3
BRDA:310,72,1,3
BRDA:313,73,0,0
BRDA:313,73,1,6
BRDA:315,74,0,2
BRDA:315,74,1,4
BRDA:315,75,0,6
BRDA:315,75,1,6
BRDA:317,76,0,4
BRDA:317,76,1,0
BRDA:329,77,0,6
BRDA:329,77,1,18
BRDA:329,78,0,24
BRDA:329,78,1,20
BRDA:330,79,0,0
BRDA:330,79,1,6
BRDA:346,80,0,8
BRDA:346,80,1,5
BRDA:347,81,0,3
BRDA:347,81,1,2
BRDA:347,82,0,5
BRDA:347,82,1,3
BRDA:358,83,0,15
BRDA:358,83,1,17
BRDA:358,84,0,32
BRDA:358,84,1,29
BRDA:360,85,0,6
BRDA:360,85,1,28
BRDA:360,86,0,34
BRDA:360,86,1,6
BRDA:361,87,0,3
BRDA:361,87,1,3
BRDA:365,88,0,0
BRDA:365,88,1,34
BRDA:366,89,0,17
BRDA:366,89,1,17
BRDA:374,90,0,3
BRDA:374,90,1,29
BRDA:384,91,0,0
BRDA:384,91,1,20
BRF:205
BRH:165
end_of_record
